[2023-04-19T03:34:04.140+0000] {processor.py:153} INFO - Started process (PID=29605) to work on /home/airflow/.local/lib/python3.7/site-packages/airflow/example_dags/example_datasets.py
[2023-04-19T03:34:04.141+0000] {processor.py:743} INFO - Processing file /home/airflow/.local/lib/python3.7/site-packages/airflow/example_dags/example_datasets.py for tasks to queue
[2023-04-19T03:34:04.142+0000] {logging_mixin.py:137} INFO - [2023-04-19T03:34:04.142+0000] {dagbag.py:532} INFO - Filling up the DagBag from /home/airflow/.local/lib/python3.7/site-packages/airflow/example_dags/example_datasets.py
[2023-04-19T03:34:04.175+0000] {processor.py:753} INFO - DAG(s) dict_keys(['dataset_produces_1', 'dataset_consumes_1_never_scheduled', 'dataset_produces_2', 'dataset_consumes_1_and_2', 'dataset_consumes_unknown_never_scheduled', 'dataset_consumes_1']) retrieved from /home/airflow/.local/lib/python3.7/site-packages/airflow/example_dags/example_datasets.py
[2023-04-19T03:34:04.259+0000] {logging_mixin.py:137} INFO - [2023-04-19T03:34:04.259+0000] {dag.py:2705} INFO - Sync 6 DAGs
[2023-04-19T03:34:04.332+0000] {logging_mixin.py:137} INFO - [2023-04-19T03:34:04.329+0000] {dag.py:3456} INFO - Setting next_dagrun for dataset_consumes_1 to None, run_after=None
[2023-04-19T03:34:04.342+0000] {logging_mixin.py:137} INFO - [2023-04-19T03:34:04.341+0000] {dag.py:3456} INFO - Setting next_dagrun for dataset_consumes_1_and_2 to None, run_after=None
[2023-04-19T03:34:04.347+0000] {logging_mixin.py:137} INFO - [2023-04-19T03:34:04.346+0000] {dag.py:3456} INFO - Setting next_dagrun for dataset_consumes_1_never_scheduled to None, run_after=None
[2023-04-19T03:34:04.350+0000] {logging_mixin.py:137} INFO - [2023-04-19T03:34:04.349+0000] {dag.py:3456} INFO - Setting next_dagrun for dataset_consumes_unknown_never_scheduled to None, run_after=None
[2023-04-19T03:34:04.364+0000] {logging_mixin.py:137} INFO - [2023-04-19T03:34:04.363+0000] {dag.py:3456} INFO - Setting next_dagrun for dataset_produces_1 to 2023-04-18T00:00:00+00:00, run_after=2023-04-19T00:00:00+00:00
[2023-04-19T03:34:04.368+0000] {logging_mixin.py:137} INFO - [2023-04-19T03:34:04.368+0000] {dag.py:3456} INFO - Setting next_dagrun for dataset_produces_2 to None, run_after=None
[2023-04-19T03:34:04.437+0000] {processor.py:175} INFO - Processing /home/airflow/.local/lib/python3.7/site-packages/airflow/example_dags/example_datasets.py took 0.302 seconds
[2023-04-19T03:34:34.974+0000] {processor.py:153} INFO - Started process (PID=29656) to work on /home/airflow/.local/lib/python3.7/site-packages/airflow/example_dags/example_datasets.py
[2023-04-19T03:34:34.976+0000] {processor.py:743} INFO - Processing file /home/airflow/.local/lib/python3.7/site-packages/airflow/example_dags/example_datasets.py for tasks to queue
[2023-04-19T03:34:34.977+0000] {logging_mixin.py:137} INFO - [2023-04-19T03:34:34.977+0000] {dagbag.py:532} INFO - Filling up the DagBag from /home/airflow/.local/lib/python3.7/site-packages/airflow/example_dags/example_datasets.py
[2023-04-19T03:34:35.012+0000] {processor.py:753} INFO - DAG(s) dict_keys(['dataset_consumes_unknown_never_scheduled', 'dataset_consumes_1', 'dataset_consumes_1_never_scheduled', 'dataset_consumes_1_and_2', 'dataset_produces_1', 'dataset_produces_2']) retrieved from /home/airflow/.local/lib/python3.7/site-packages/airflow/example_dags/example_datasets.py
[2023-04-19T03:34:35.074+0000] {logging_mixin.py:137} INFO - [2023-04-19T03:34:35.073+0000] {dag.py:2705} INFO - Sync 6 DAGs
[2023-04-19T03:34:35.119+0000] {logging_mixin.py:137} INFO - [2023-04-19T03:34:35.118+0000] {dag.py:3456} INFO - Setting next_dagrun for dataset_consumes_1 to None, run_after=None
[2023-04-19T03:34:35.124+0000] {logging_mixin.py:137} INFO - [2023-04-19T03:34:35.124+0000] {dag.py:3456} INFO - Setting next_dagrun for dataset_consumes_1_and_2 to None, run_after=None
[2023-04-19T03:34:35.126+0000] {logging_mixin.py:137} INFO - [2023-04-19T03:34:35.126+0000] {dag.py:3456} INFO - Setting next_dagrun for dataset_consumes_1_never_scheduled to None, run_after=None
[2023-04-19T03:34:35.128+0000] {logging_mixin.py:137} INFO - [2023-04-19T03:34:35.128+0000] {dag.py:3456} INFO - Setting next_dagrun for dataset_consumes_unknown_never_scheduled to None, run_after=None
[2023-04-19T03:34:35.133+0000] {logging_mixin.py:137} INFO - [2023-04-19T03:34:35.133+0000] {dag.py:3456} INFO - Setting next_dagrun for dataset_produces_1 to 2023-04-18T00:00:00+00:00, run_after=2023-04-19T00:00:00+00:00
[2023-04-19T03:34:35.135+0000] {logging_mixin.py:137} INFO - [2023-04-19T03:34:35.134+0000] {dag.py:3456} INFO - Setting next_dagrun for dataset_produces_2 to None, run_after=None
[2023-04-19T03:34:35.193+0000] {processor.py:175} INFO - Processing /home/airflow/.local/lib/python3.7/site-packages/airflow/example_dags/example_datasets.py took 0.225 seconds
[2023-04-19T03:35:05.835+0000] {processor.py:153} INFO - Started process (PID=29707) to work on /home/airflow/.local/lib/python3.7/site-packages/airflow/example_dags/example_datasets.py
[2023-04-19T03:35:05.836+0000] {processor.py:743} INFO - Processing file /home/airflow/.local/lib/python3.7/site-packages/airflow/example_dags/example_datasets.py for tasks to queue
[2023-04-19T03:35:05.837+0000] {logging_mixin.py:137} INFO - [2023-04-19T03:35:05.836+0000] {dagbag.py:532} INFO - Filling up the DagBag from /home/airflow/.local/lib/python3.7/site-packages/airflow/example_dags/example_datasets.py
[2023-04-19T03:35:05.869+0000] {processor.py:753} INFO - DAG(s) dict_keys(['dataset_produces_1', 'dataset_consumes_1', 'dataset_produces_2', 'dataset_consumes_1_never_scheduled', 'dataset_consumes_unknown_never_scheduled', 'dataset_consumes_1_and_2']) retrieved from /home/airflow/.local/lib/python3.7/site-packages/airflow/example_dags/example_datasets.py
[2023-04-19T03:35:05.943+0000] {logging_mixin.py:137} INFO - [2023-04-19T03:35:05.943+0000] {dag.py:2705} INFO - Sync 6 DAGs
[2023-04-19T03:35:05.997+0000] {logging_mixin.py:137} INFO - [2023-04-19T03:35:05.996+0000] {dag.py:3456} INFO - Setting next_dagrun for dataset_consumes_1 to None, run_after=None
[2023-04-19T03:35:06.003+0000] {logging_mixin.py:137} INFO - [2023-04-19T03:35:06.003+0000] {dag.py:3456} INFO - Setting next_dagrun for dataset_consumes_1_and_2 to None, run_after=None
[2023-04-19T03:35:06.006+0000] {logging_mixin.py:137} INFO - [2023-04-19T03:35:06.005+0000] {dag.py:3456} INFO - Setting next_dagrun for dataset_consumes_1_never_scheduled to None, run_after=None
[2023-04-19T03:35:06.008+0000] {logging_mixin.py:137} INFO - [2023-04-19T03:35:06.008+0000] {dag.py:3456} INFO - Setting next_dagrun for dataset_consumes_unknown_never_scheduled to None, run_after=None
[2023-04-19T03:35:06.013+0000] {logging_mixin.py:137} INFO - [2023-04-19T03:35:06.013+0000] {dag.py:3456} INFO - Setting next_dagrun for dataset_produces_1 to 2023-04-18T00:00:00+00:00, run_after=2023-04-19T00:00:00+00:00
[2023-04-19T03:35:06.015+0000] {logging_mixin.py:137} INFO - [2023-04-19T03:35:06.015+0000] {dag.py:3456} INFO - Setting next_dagrun for dataset_produces_2 to None, run_after=None
[2023-04-19T03:35:06.086+0000] {processor.py:175} INFO - Processing /home/airflow/.local/lib/python3.7/site-packages/airflow/example_dags/example_datasets.py took 0.255 seconds
[2023-04-19T03:35:36.276+0000] {processor.py:153} INFO - Started process (PID=29758) to work on /home/airflow/.local/lib/python3.7/site-packages/airflow/example_dags/example_datasets.py
[2023-04-19T03:35:36.277+0000] {processor.py:743} INFO - Processing file /home/airflow/.local/lib/python3.7/site-packages/airflow/example_dags/example_datasets.py for tasks to queue
[2023-04-19T03:35:36.278+0000] {logging_mixin.py:137} INFO - [2023-04-19T03:35:36.278+0000] {dagbag.py:532} INFO - Filling up the DagBag from /home/airflow/.local/lib/python3.7/site-packages/airflow/example_dags/example_datasets.py
[2023-04-19T03:35:36.300+0000] {processor.py:753} INFO - DAG(s) dict_keys(['dataset_consumes_unknown_never_scheduled', 'dataset_produces_1', 'dataset_consumes_1_and_2', 'dataset_consumes_1_never_scheduled', 'dataset_produces_2', 'dataset_consumes_1']) retrieved from /home/airflow/.local/lib/python3.7/site-packages/airflow/example_dags/example_datasets.py
[2023-04-19T03:35:36.364+0000] {logging_mixin.py:137} INFO - [2023-04-19T03:35:36.364+0000] {dag.py:2705} INFO - Sync 6 DAGs
[2023-04-19T03:35:36.409+0000] {logging_mixin.py:137} INFO - [2023-04-19T03:35:36.409+0000] {dag.py:3456} INFO - Setting next_dagrun for dataset_consumes_1 to None, run_after=None
[2023-04-19T03:35:36.414+0000] {logging_mixin.py:137} INFO - [2023-04-19T03:35:36.414+0000] {dag.py:3456} INFO - Setting next_dagrun for dataset_consumes_1_and_2 to None, run_after=None
[2023-04-19T03:35:36.417+0000] {logging_mixin.py:137} INFO - [2023-04-19T03:35:36.416+0000] {dag.py:3456} INFO - Setting next_dagrun for dataset_consumes_1_never_scheduled to None, run_after=None
[2023-04-19T03:35:36.419+0000] {logging_mixin.py:137} INFO - [2023-04-19T03:35:36.418+0000] {dag.py:3456} INFO - Setting next_dagrun for dataset_consumes_unknown_never_scheduled to None, run_after=None
[2023-04-19T03:35:36.424+0000] {logging_mixin.py:137} INFO - [2023-04-19T03:35:36.424+0000] {dag.py:3456} INFO - Setting next_dagrun for dataset_produces_1 to 2023-04-18T00:00:00+00:00, run_after=2023-04-19T00:00:00+00:00
[2023-04-19T03:35:36.426+0000] {logging_mixin.py:137} INFO - [2023-04-19T03:35:36.426+0000] {dag.py:3456} INFO - Setting next_dagrun for dataset_produces_2 to None, run_after=None
[2023-04-19T03:35:36.482+0000] {processor.py:175} INFO - Processing /home/airflow/.local/lib/python3.7/site-packages/airflow/example_dags/example_datasets.py took 0.210 seconds
[2023-04-19T03:36:06.627+0000] {processor.py:153} INFO - Started process (PID=29809) to work on /home/airflow/.local/lib/python3.7/site-packages/airflow/example_dags/example_datasets.py
[2023-04-19T03:36:06.628+0000] {processor.py:743} INFO - Processing file /home/airflow/.local/lib/python3.7/site-packages/airflow/example_dags/example_datasets.py for tasks to queue
[2023-04-19T03:36:06.629+0000] {logging_mixin.py:137} INFO - [2023-04-19T03:36:06.629+0000] {dagbag.py:532} INFO - Filling up the DagBag from /home/airflow/.local/lib/python3.7/site-packages/airflow/example_dags/example_datasets.py
[2023-04-19T03:36:06.657+0000] {processor.py:753} INFO - DAG(s) dict_keys(['dataset_consumes_1', 'dataset_produces_2', 'dataset_consumes_1_and_2', 'dataset_consumes_unknown_never_scheduled', 'dataset_consumes_1_never_scheduled', 'dataset_produces_1']) retrieved from /home/airflow/.local/lib/python3.7/site-packages/airflow/example_dags/example_datasets.py
[2023-04-19T03:36:06.739+0000] {logging_mixin.py:137} INFO - [2023-04-19T03:36:06.739+0000] {dag.py:2705} INFO - Sync 6 DAGs
[2023-04-19T03:36:06.795+0000] {logging_mixin.py:137} INFO - [2023-04-19T03:36:06.794+0000] {dag.py:3456} INFO - Setting next_dagrun for dataset_consumes_1 to None, run_after=None
[2023-04-19T03:36:06.801+0000] {logging_mixin.py:137} INFO - [2023-04-19T03:36:06.800+0000] {dag.py:3456} INFO - Setting next_dagrun for dataset_consumes_1_and_2 to None, run_after=None
[2023-04-19T03:36:06.803+0000] {logging_mixin.py:137} INFO - [2023-04-19T03:36:06.803+0000] {dag.py:3456} INFO - Setting next_dagrun for dataset_consumes_1_never_scheduled to None, run_after=None
[2023-04-19T03:36:06.805+0000] {logging_mixin.py:137} INFO - [2023-04-19T03:36:06.805+0000] {dag.py:3456} INFO - Setting next_dagrun for dataset_consumes_unknown_never_scheduled to None, run_after=None
[2023-04-19T03:36:06.810+0000] {logging_mixin.py:137} INFO - [2023-04-19T03:36:06.810+0000] {dag.py:3456} INFO - Setting next_dagrun for dataset_produces_1 to 2023-04-18T00:00:00+00:00, run_after=2023-04-19T00:00:00+00:00
[2023-04-19T03:36:06.812+0000] {logging_mixin.py:137} INFO - [2023-04-19T03:36:06.812+0000] {dag.py:3456} INFO - Setting next_dagrun for dataset_produces_2 to None, run_after=None
[2023-04-19T03:36:06.872+0000] {processor.py:175} INFO - Processing /home/airflow/.local/lib/python3.7/site-packages/airflow/example_dags/example_datasets.py took 0.249 seconds
[2023-04-19T03:36:38.752+0000] {processor.py:153} INFO - Started process (PID=29860) to work on /home/airflow/.local/lib/python3.7/site-packages/airflow/example_dags/example_datasets.py
[2023-04-19T03:36:39.011+0000] {processor.py:743} INFO - Processing file /home/airflow/.local/lib/python3.7/site-packages/airflow/example_dags/example_datasets.py for tasks to queue
[2023-04-19T03:36:39.013+0000] {logging_mixin.py:137} INFO - [2023-04-19T03:36:39.012+0000] {dagbag.py:532} INFO - Filling up the DagBag from /home/airflow/.local/lib/python3.7/site-packages/airflow/example_dags/example_datasets.py
[2023-04-19T03:36:39.055+0000] {processor.py:753} INFO - DAG(s) dict_keys(['dataset_produces_1', 'dataset_consumes_1_never_scheduled', 'dataset_consumes_unknown_never_scheduled', 'dataset_produces_2', 'dataset_consumes_1_and_2', 'dataset_consumes_1']) retrieved from /home/airflow/.local/lib/python3.7/site-packages/airflow/example_dags/example_datasets.py
[2023-04-19T03:36:39.111+0000] {logging_mixin.py:137} INFO - [2023-04-19T03:36:39.111+0000] {dag.py:2705} INFO - Sync 6 DAGs
[2023-04-19T03:36:39.145+0000] {logging_mixin.py:137} INFO - [2023-04-19T03:36:39.145+0000] {dag.py:3456} INFO - Setting next_dagrun for dataset_consumes_1 to None, run_after=None
[2023-04-19T03:36:39.150+0000] {logging_mixin.py:137} INFO - [2023-04-19T03:36:39.150+0000] {dag.py:3456} INFO - Setting next_dagrun for dataset_consumes_1_and_2 to None, run_after=None
[2023-04-19T03:36:39.151+0000] {logging_mixin.py:137} INFO - [2023-04-19T03:36:39.151+0000] {dag.py:3456} INFO - Setting next_dagrun for dataset_consumes_1_never_scheduled to None, run_after=None
[2023-04-19T03:36:39.153+0000] {logging_mixin.py:137} INFO - [2023-04-19T03:36:39.153+0000] {dag.py:3456} INFO - Setting next_dagrun for dataset_consumes_unknown_never_scheduled to None, run_after=None
[2023-04-19T03:36:39.156+0000] {logging_mixin.py:137} INFO - [2023-04-19T03:36:39.156+0000] {dag.py:3456} INFO - Setting next_dagrun for dataset_produces_1 to 2023-04-18T00:00:00+00:00, run_after=2023-04-19T00:00:00+00:00
[2023-04-19T03:36:39.158+0000] {logging_mixin.py:137} INFO - [2023-04-19T03:36:39.158+0000] {dag.py:3456} INFO - Setting next_dagrun for dataset_produces_2 to None, run_after=None
[2023-04-19T03:36:39.343+0000] {processor.py:175} INFO - Processing /home/airflow/.local/lib/python3.7/site-packages/airflow/example_dags/example_datasets.py took 0.601 seconds
[2023-04-19T03:37:10.050+0000] {processor.py:153} INFO - Started process (PID=29911) to work on /home/airflow/.local/lib/python3.7/site-packages/airflow/example_dags/example_datasets.py
[2023-04-19T03:37:10.052+0000] {processor.py:743} INFO - Processing file /home/airflow/.local/lib/python3.7/site-packages/airflow/example_dags/example_datasets.py for tasks to queue
[2023-04-19T03:37:10.053+0000] {logging_mixin.py:137} INFO - [2023-04-19T03:37:10.053+0000] {dagbag.py:532} INFO - Filling up the DagBag from /home/airflow/.local/lib/python3.7/site-packages/airflow/example_dags/example_datasets.py
[2023-04-19T03:37:10.072+0000] {processor.py:753} INFO - DAG(s) dict_keys(['dataset_consumes_1', 'dataset_consumes_1_and_2', 'dataset_consumes_unknown_never_scheduled', 'dataset_consumes_1_never_scheduled', 'dataset_produces_1', 'dataset_produces_2']) retrieved from /home/airflow/.local/lib/python3.7/site-packages/airflow/example_dags/example_datasets.py
[2023-04-19T03:37:10.127+0000] {logging_mixin.py:137} INFO - [2023-04-19T03:37:10.127+0000] {dag.py:2705} INFO - Sync 6 DAGs
[2023-04-19T03:37:10.161+0000] {logging_mixin.py:137} INFO - [2023-04-19T03:37:10.161+0000] {dag.py:3456} INFO - Setting next_dagrun for dataset_consumes_1 to None, run_after=None
[2023-04-19T03:37:10.166+0000] {logging_mixin.py:137} INFO - [2023-04-19T03:37:10.165+0000] {dag.py:3456} INFO - Setting next_dagrun for dataset_consumes_1_and_2 to None, run_after=None
[2023-04-19T03:37:10.167+0000] {logging_mixin.py:137} INFO - [2023-04-19T03:37:10.167+0000] {dag.py:3456} INFO - Setting next_dagrun for dataset_consumes_1_never_scheduled to None, run_after=None
[2023-04-19T03:37:10.169+0000] {logging_mixin.py:137} INFO - [2023-04-19T03:37:10.169+0000] {dag.py:3456} INFO - Setting next_dagrun for dataset_consumes_unknown_never_scheduled to None, run_after=None
[2023-04-19T03:37:10.173+0000] {logging_mixin.py:137} INFO - [2023-04-19T03:37:10.172+0000] {dag.py:3456} INFO - Setting next_dagrun for dataset_produces_1 to 2023-04-18T00:00:00+00:00, run_after=2023-04-19T00:00:00+00:00
[2023-04-19T03:37:10.174+0000] {logging_mixin.py:137} INFO - [2023-04-19T03:37:10.174+0000] {dag.py:3456} INFO - Setting next_dagrun for dataset_produces_2 to None, run_after=None
[2023-04-19T03:37:10.236+0000] {processor.py:175} INFO - Processing /home/airflow/.local/lib/python3.7/site-packages/airflow/example_dags/example_datasets.py took 0.190 seconds
[2023-04-19T03:37:40.327+0000] {processor.py:153} INFO - Started process (PID=29962) to work on /home/airflow/.local/lib/python3.7/site-packages/airflow/example_dags/example_datasets.py
[2023-04-19T03:37:40.338+0000] {processor.py:743} INFO - Processing file /home/airflow/.local/lib/python3.7/site-packages/airflow/example_dags/example_datasets.py for tasks to queue
[2023-04-19T03:37:40.339+0000] {logging_mixin.py:137} INFO - [2023-04-19T03:37:40.339+0000] {dagbag.py:532} INFO - Filling up the DagBag from /home/airflow/.local/lib/python3.7/site-packages/airflow/example_dags/example_datasets.py
[2023-04-19T03:37:40.359+0000] {processor.py:753} INFO - DAG(s) dict_keys(['dataset_consumes_1_never_scheduled', 'dataset_produces_2', 'dataset_produces_1', 'dataset_consumes_1', 'dataset_consumes_unknown_never_scheduled', 'dataset_consumes_1_and_2']) retrieved from /home/airflow/.local/lib/python3.7/site-packages/airflow/example_dags/example_datasets.py
[2023-04-19T03:37:40.423+0000] {logging_mixin.py:137} INFO - [2023-04-19T03:37:40.422+0000] {dag.py:2705} INFO - Sync 6 DAGs
[2023-04-19T03:37:40.463+0000] {logging_mixin.py:137} INFO - [2023-04-19T03:37:40.463+0000] {dag.py:3456} INFO - Setting next_dagrun for dataset_consumes_1 to None, run_after=None
[2023-04-19T03:37:40.468+0000] {logging_mixin.py:137} INFO - [2023-04-19T03:37:40.468+0000] {dag.py:3456} INFO - Setting next_dagrun for dataset_consumes_1_and_2 to None, run_after=None
[2023-04-19T03:37:40.470+0000] {logging_mixin.py:137} INFO - [2023-04-19T03:37:40.470+0000] {dag.py:3456} INFO - Setting next_dagrun for dataset_consumes_1_never_scheduled to None, run_after=None
[2023-04-19T03:37:40.472+0000] {logging_mixin.py:137} INFO - [2023-04-19T03:37:40.472+0000] {dag.py:3456} INFO - Setting next_dagrun for dataset_consumes_unknown_never_scheduled to None, run_after=None
[2023-04-19T03:37:40.476+0000] {logging_mixin.py:137} INFO - [2023-04-19T03:37:40.475+0000] {dag.py:3456} INFO - Setting next_dagrun for dataset_produces_1 to 2023-04-18T00:00:00+00:00, run_after=2023-04-19T00:00:00+00:00
[2023-04-19T03:37:40.477+0000] {logging_mixin.py:137} INFO - [2023-04-19T03:37:40.477+0000] {dag.py:3456} INFO - Setting next_dagrun for dataset_produces_2 to None, run_after=None
[2023-04-19T03:37:40.531+0000] {processor.py:175} INFO - Processing /home/airflow/.local/lib/python3.7/site-packages/airflow/example_dags/example_datasets.py took 0.207 seconds
[2023-04-19T03:38:11.036+0000] {processor.py:153} INFO - Started process (PID=30013) to work on /home/airflow/.local/lib/python3.7/site-packages/airflow/example_dags/example_datasets.py
[2023-04-19T03:38:11.048+0000] {processor.py:743} INFO - Processing file /home/airflow/.local/lib/python3.7/site-packages/airflow/example_dags/example_datasets.py for tasks to queue
[2023-04-19T03:38:11.050+0000] {logging_mixin.py:137} INFO - [2023-04-19T03:38:11.049+0000] {dagbag.py:532} INFO - Filling up the DagBag from /home/airflow/.local/lib/python3.7/site-packages/airflow/example_dags/example_datasets.py
[2023-04-19T03:38:11.092+0000] {processor.py:753} INFO - DAG(s) dict_keys(['dataset_consumes_unknown_never_scheduled', 'dataset_consumes_1_and_2', 'dataset_consumes_1_never_scheduled', 'dataset_consumes_1', 'dataset_produces_2', 'dataset_produces_1']) retrieved from /home/airflow/.local/lib/python3.7/site-packages/airflow/example_dags/example_datasets.py
[2023-04-19T03:38:11.149+0000] {logging_mixin.py:137} INFO - [2023-04-19T03:38:11.149+0000] {dag.py:2705} INFO - Sync 6 DAGs
[2023-04-19T03:38:11.185+0000] {logging_mixin.py:137} INFO - [2023-04-19T03:38:11.185+0000] {dag.py:3456} INFO - Setting next_dagrun for dataset_consumes_1 to None, run_after=None
[2023-04-19T03:38:11.190+0000] {logging_mixin.py:137} INFO - [2023-04-19T03:38:11.189+0000] {dag.py:3456} INFO - Setting next_dagrun for dataset_consumes_1_and_2 to None, run_after=None
[2023-04-19T03:38:11.191+0000] {logging_mixin.py:137} INFO - [2023-04-19T03:38:11.191+0000] {dag.py:3456} INFO - Setting next_dagrun for dataset_consumes_1_never_scheduled to None, run_after=None
[2023-04-19T03:38:11.193+0000] {logging_mixin.py:137} INFO - [2023-04-19T03:38:11.193+0000] {dag.py:3456} INFO - Setting next_dagrun for dataset_consumes_unknown_never_scheduled to None, run_after=None
[2023-04-19T03:38:11.197+0000] {logging_mixin.py:137} INFO - [2023-04-19T03:38:11.197+0000] {dag.py:3456} INFO - Setting next_dagrun for dataset_produces_1 to 2023-04-18T00:00:00+00:00, run_after=2023-04-19T00:00:00+00:00
[2023-04-19T03:38:11.199+0000] {logging_mixin.py:137} INFO - [2023-04-19T03:38:11.199+0000] {dag.py:3456} INFO - Setting next_dagrun for dataset_produces_2 to None, run_after=None
[2023-04-19T03:38:11.251+0000] {processor.py:175} INFO - Processing /home/airflow/.local/lib/python3.7/site-packages/airflow/example_dags/example_datasets.py took 0.223 seconds
[2023-04-19T03:38:41.362+0000] {processor.py:153} INFO - Started process (PID=30064) to work on /home/airflow/.local/lib/python3.7/site-packages/airflow/example_dags/example_datasets.py
[2023-04-19T03:38:41.374+0000] {processor.py:743} INFO - Processing file /home/airflow/.local/lib/python3.7/site-packages/airflow/example_dags/example_datasets.py for tasks to queue
[2023-04-19T03:38:41.376+0000] {logging_mixin.py:137} INFO - [2023-04-19T03:38:41.375+0000] {dagbag.py:532} INFO - Filling up the DagBag from /home/airflow/.local/lib/python3.7/site-packages/airflow/example_dags/example_datasets.py
[2023-04-19T03:38:41.419+0000] {processor.py:753} INFO - DAG(s) dict_keys(['dataset_produces_2', 'dataset_consumes_1_and_2', 'dataset_consumes_unknown_never_scheduled', 'dataset_consumes_1', 'dataset_produces_1', 'dataset_consumes_1_never_scheduled']) retrieved from /home/airflow/.local/lib/python3.7/site-packages/airflow/example_dags/example_datasets.py
[2023-04-19T03:38:41.482+0000] {logging_mixin.py:137} INFO - [2023-04-19T03:38:41.481+0000] {dag.py:2705} INFO - Sync 6 DAGs
[2023-04-19T03:38:41.514+0000] {logging_mixin.py:137} INFO - [2023-04-19T03:38:41.514+0000] {dag.py:3456} INFO - Setting next_dagrun for dataset_consumes_1 to None, run_after=None
[2023-04-19T03:38:41.519+0000] {logging_mixin.py:137} INFO - [2023-04-19T03:38:41.518+0000] {dag.py:3456} INFO - Setting next_dagrun for dataset_consumes_1_and_2 to None, run_after=None
[2023-04-19T03:38:41.520+0000] {logging_mixin.py:137} INFO - [2023-04-19T03:38:41.520+0000] {dag.py:3456} INFO - Setting next_dagrun for dataset_consumes_1_never_scheduled to None, run_after=None
[2023-04-19T03:38:41.522+0000] {logging_mixin.py:137} INFO - [2023-04-19T03:38:41.522+0000] {dag.py:3456} INFO - Setting next_dagrun for dataset_consumes_unknown_never_scheduled to None, run_after=None
[2023-04-19T03:38:41.525+0000] {logging_mixin.py:137} INFO - [2023-04-19T03:38:41.525+0000] {dag.py:3456} INFO - Setting next_dagrun for dataset_produces_1 to 2023-04-18T00:00:00+00:00, run_after=2023-04-19T00:00:00+00:00
[2023-04-19T03:38:41.527+0000] {logging_mixin.py:137} INFO - [2023-04-19T03:38:41.527+0000] {dag.py:3456} INFO - Setting next_dagrun for dataset_produces_2 to None, run_after=None
[2023-04-19T03:38:41.579+0000] {processor.py:175} INFO - Processing /home/airflow/.local/lib/python3.7/site-packages/airflow/example_dags/example_datasets.py took 0.222 seconds
[2023-04-19T03:39:12.093+0000] {processor.py:153} INFO - Started process (PID=30115) to work on /home/airflow/.local/lib/python3.7/site-packages/airflow/example_dags/example_datasets.py
[2023-04-19T03:39:12.105+0000] {processor.py:743} INFO - Processing file /home/airflow/.local/lib/python3.7/site-packages/airflow/example_dags/example_datasets.py for tasks to queue
[2023-04-19T03:39:12.106+0000] {logging_mixin.py:137} INFO - [2023-04-19T03:39:12.106+0000] {dagbag.py:532} INFO - Filling up the DagBag from /home/airflow/.local/lib/python3.7/site-packages/airflow/example_dags/example_datasets.py
[2023-04-19T03:39:12.148+0000] {processor.py:753} INFO - DAG(s) dict_keys(['dataset_consumes_1_never_scheduled', 'dataset_consumes_1', 'dataset_consumes_unknown_never_scheduled', 'dataset_consumes_1_and_2', 'dataset_produces_2', 'dataset_produces_1']) retrieved from /home/airflow/.local/lib/python3.7/site-packages/airflow/example_dags/example_datasets.py
[2023-04-19T03:39:12.212+0000] {logging_mixin.py:137} INFO - [2023-04-19T03:39:12.212+0000] {dag.py:2705} INFO - Sync 6 DAGs
[2023-04-19T03:39:12.255+0000] {logging_mixin.py:137} INFO - [2023-04-19T03:39:12.255+0000] {dag.py:3456} INFO - Setting next_dagrun for dataset_consumes_1 to None, run_after=None
[2023-04-19T03:39:12.262+0000] {logging_mixin.py:137} INFO - [2023-04-19T03:39:12.261+0000] {dag.py:3456} INFO - Setting next_dagrun for dataset_consumes_1_and_2 to None, run_after=None
[2023-04-19T03:39:12.266+0000] {logging_mixin.py:137} INFO - [2023-04-19T03:39:12.265+0000] {dag.py:3456} INFO - Setting next_dagrun for dataset_consumes_1_never_scheduled to None, run_after=None
[2023-04-19T03:39:12.269+0000] {logging_mixin.py:137} INFO - [2023-04-19T03:39:12.269+0000] {dag.py:3456} INFO - Setting next_dagrun for dataset_consumes_unknown_never_scheduled to None, run_after=None
[2023-04-19T03:39:12.281+0000] {logging_mixin.py:137} INFO - [2023-04-19T03:39:12.281+0000] {dag.py:3456} INFO - Setting next_dagrun for dataset_produces_1 to 2023-04-18T00:00:00+00:00, run_after=2023-04-19T00:00:00+00:00
[2023-04-19T03:39:12.284+0000] {logging_mixin.py:137} INFO - [2023-04-19T03:39:12.284+0000] {dag.py:3456} INFO - Setting next_dagrun for dataset_produces_2 to None, run_after=None
[2023-04-19T03:39:12.368+0000] {processor.py:175} INFO - Processing /home/airflow/.local/lib/python3.7/site-packages/airflow/example_dags/example_datasets.py took 0.280 seconds
[2023-04-19T03:39:42.418+0000] {processor.py:153} INFO - Started process (PID=30167) to work on /home/airflow/.local/lib/python3.7/site-packages/airflow/example_dags/example_datasets.py
[2023-04-19T03:39:42.419+0000] {processor.py:743} INFO - Processing file /home/airflow/.local/lib/python3.7/site-packages/airflow/example_dags/example_datasets.py for tasks to queue
[2023-04-19T03:39:42.420+0000] {logging_mixin.py:137} INFO - [2023-04-19T03:39:42.420+0000] {dagbag.py:532} INFO - Filling up the DagBag from /home/airflow/.local/lib/python3.7/site-packages/airflow/example_dags/example_datasets.py
[2023-04-19T03:39:42.453+0000] {processor.py:753} INFO - DAG(s) dict_keys(['dataset_consumes_1', 'dataset_produces_2', 'dataset_consumes_1_and_2', 'dataset_produces_1', 'dataset_consumes_1_never_scheduled', 'dataset_consumes_unknown_never_scheduled']) retrieved from /home/airflow/.local/lib/python3.7/site-packages/airflow/example_dags/example_datasets.py
[2023-04-19T03:39:42.527+0000] {logging_mixin.py:137} INFO - [2023-04-19T03:39:42.527+0000] {dag.py:2705} INFO - Sync 6 DAGs
[2023-04-19T03:39:42.573+0000] {logging_mixin.py:137} INFO - [2023-04-19T03:39:42.573+0000] {dag.py:3456} INFO - Setting next_dagrun for dataset_consumes_1 to None, run_after=None
[2023-04-19T03:39:42.579+0000] {logging_mixin.py:137} INFO - [2023-04-19T03:39:42.579+0000] {dag.py:3456} INFO - Setting next_dagrun for dataset_consumes_1_and_2 to None, run_after=None
[2023-04-19T03:39:42.582+0000] {logging_mixin.py:137} INFO - [2023-04-19T03:39:42.581+0000] {dag.py:3456} INFO - Setting next_dagrun for dataset_consumes_1_never_scheduled to None, run_after=None
[2023-04-19T03:39:42.584+0000] {logging_mixin.py:137} INFO - [2023-04-19T03:39:42.584+0000] {dag.py:3456} INFO - Setting next_dagrun for dataset_consumes_unknown_never_scheduled to None, run_after=None
[2023-04-19T03:39:42.591+0000] {logging_mixin.py:137} INFO - [2023-04-19T03:39:42.590+0000] {dag.py:3456} INFO - Setting next_dagrun for dataset_produces_1 to 2023-04-18T00:00:00+00:00, run_after=2023-04-19T00:00:00+00:00
[2023-04-19T03:39:42.593+0000] {logging_mixin.py:137} INFO - [2023-04-19T03:39:42.593+0000] {dag.py:3456} INFO - Setting next_dagrun for dataset_produces_2 to None, run_after=None
[2023-04-19T03:39:42.671+0000] {processor.py:175} INFO - Processing /home/airflow/.local/lib/python3.7/site-packages/airflow/example_dags/example_datasets.py took 0.256 seconds
[2023-04-19T03:40:12.714+0000] {processor.py:153} INFO - Started process (PID=30218) to work on /home/airflow/.local/lib/python3.7/site-packages/airflow/example_dags/example_datasets.py
[2023-04-19T03:40:12.716+0000] {processor.py:743} INFO - Processing file /home/airflow/.local/lib/python3.7/site-packages/airflow/example_dags/example_datasets.py for tasks to queue
[2023-04-19T03:40:12.717+0000] {logging_mixin.py:137} INFO - [2023-04-19T03:40:12.717+0000] {dagbag.py:532} INFO - Filling up the DagBag from /home/airflow/.local/lib/python3.7/site-packages/airflow/example_dags/example_datasets.py
[2023-04-19T03:40:12.751+0000] {processor.py:753} INFO - DAG(s) dict_keys(['dataset_consumes_1', 'dataset_produces_1', 'dataset_produces_2', 'dataset_consumes_unknown_never_scheduled', 'dataset_consumes_1_never_scheduled', 'dataset_consumes_1_and_2']) retrieved from /home/airflow/.local/lib/python3.7/site-packages/airflow/example_dags/example_datasets.py
[2023-04-19T03:40:12.802+0000] {logging_mixin.py:137} INFO - [2023-04-19T03:40:12.801+0000] {dag.py:2705} INFO - Sync 6 DAGs
[2023-04-19T03:40:12.833+0000] {logging_mixin.py:137} INFO - [2023-04-19T03:40:12.833+0000] {dag.py:3456} INFO - Setting next_dagrun for dataset_consumes_1 to None, run_after=None
[2023-04-19T03:40:12.837+0000] {logging_mixin.py:137} INFO - [2023-04-19T03:40:12.837+0000] {dag.py:3456} INFO - Setting next_dagrun for dataset_consumes_1_and_2 to None, run_after=None
[2023-04-19T03:40:12.839+0000] {logging_mixin.py:137} INFO - [2023-04-19T03:40:12.839+0000] {dag.py:3456} INFO - Setting next_dagrun for dataset_consumes_1_never_scheduled to None, run_after=None
[2023-04-19T03:40:12.840+0000] {logging_mixin.py:137} INFO - [2023-04-19T03:40:12.840+0000] {dag.py:3456} INFO - Setting next_dagrun for dataset_consumes_unknown_never_scheduled to None, run_after=None
[2023-04-19T03:40:12.843+0000] {logging_mixin.py:137} INFO - [2023-04-19T03:40:12.843+0000] {dag.py:3456} INFO - Setting next_dagrun for dataset_produces_1 to 2023-04-18T00:00:00+00:00, run_after=2023-04-19T00:00:00+00:00
[2023-04-19T03:40:12.845+0000] {logging_mixin.py:137} INFO - [2023-04-19T03:40:12.845+0000] {dag.py:3456} INFO - Setting next_dagrun for dataset_produces_2 to None, run_after=None
[2023-04-19T03:40:12.895+0000] {processor.py:175} INFO - Processing /home/airflow/.local/lib/python3.7/site-packages/airflow/example_dags/example_datasets.py took 0.187 seconds
[2023-04-19T03:40:42.931+0000] {processor.py:153} INFO - Started process (PID=30269) to work on /home/airflow/.local/lib/python3.7/site-packages/airflow/example_dags/example_datasets.py
[2023-04-19T03:40:42.932+0000] {processor.py:743} INFO - Processing file /home/airflow/.local/lib/python3.7/site-packages/airflow/example_dags/example_datasets.py for tasks to queue
[2023-04-19T03:40:42.932+0000] {logging_mixin.py:137} INFO - [2023-04-19T03:40:42.932+0000] {dagbag.py:532} INFO - Filling up the DagBag from /home/airflow/.local/lib/python3.7/site-packages/airflow/example_dags/example_datasets.py
[2023-04-19T03:40:42.952+0000] {processor.py:753} INFO - DAG(s) dict_keys(['dataset_produces_2', 'dataset_produces_1', 'dataset_consumes_unknown_never_scheduled', 'dataset_consumes_1_never_scheduled', 'dataset_consumes_1', 'dataset_consumes_1_and_2']) retrieved from /home/airflow/.local/lib/python3.7/site-packages/airflow/example_dags/example_datasets.py
[2023-04-19T03:40:43.002+0000] {logging_mixin.py:137} INFO - [2023-04-19T03:40:43.002+0000] {dag.py:2705} INFO - Sync 6 DAGs
[2023-04-19T03:40:43.036+0000] {logging_mixin.py:137} INFO - [2023-04-19T03:40:43.036+0000] {dag.py:3456} INFO - Setting next_dagrun for dataset_consumes_1 to None, run_after=None
[2023-04-19T03:40:43.041+0000] {logging_mixin.py:137} INFO - [2023-04-19T03:40:43.041+0000] {dag.py:3456} INFO - Setting next_dagrun for dataset_consumes_1_and_2 to None, run_after=None
[2023-04-19T03:40:43.044+0000] {logging_mixin.py:137} INFO - [2023-04-19T03:40:43.043+0000] {dag.py:3456} INFO - Setting next_dagrun for dataset_consumes_1_never_scheduled to None, run_after=None
[2023-04-19T03:40:43.045+0000] {logging_mixin.py:137} INFO - [2023-04-19T03:40:43.045+0000] {dag.py:3456} INFO - Setting next_dagrun for dataset_consumes_unknown_never_scheduled to None, run_after=None
[2023-04-19T03:40:43.050+0000] {logging_mixin.py:137} INFO - [2023-04-19T03:40:43.050+0000] {dag.py:3456} INFO - Setting next_dagrun for dataset_produces_1 to 2023-04-18T00:00:00+00:00, run_after=2023-04-19T00:00:00+00:00
[2023-04-19T03:40:43.052+0000] {logging_mixin.py:137} INFO - [2023-04-19T03:40:43.052+0000] {dag.py:3456} INFO - Setting next_dagrun for dataset_produces_2 to None, run_after=None
[2023-04-19T03:40:43.109+0000] {processor.py:175} INFO - Processing /home/airflow/.local/lib/python3.7/site-packages/airflow/example_dags/example_datasets.py took 0.182 seconds
