[2023-04-19T03:34:06.896+0000] {processor.py:153} INFO - Started process (PID=29626) to work on /home/airflow/.local/lib/python3.7/site-packages/airflow/example_dags/example_short_circuit_operator.py
[2023-04-19T03:34:06.897+0000] {processor.py:743} INFO - Processing file /home/airflow/.local/lib/python3.7/site-packages/airflow/example_dags/example_short_circuit_operator.py for tasks to queue
[2023-04-19T03:34:06.897+0000] {logging_mixin.py:137} INFO - [2023-04-19T03:34:06.897+0000] {dagbag.py:532} INFO - Filling up the DagBag from /home/airflow/.local/lib/python3.7/site-packages/airflow/example_dags/example_short_circuit_operator.py
[2023-04-19T03:34:06.920+0000] {processor.py:753} INFO - DAG(s) dict_keys(['example_short_circuit_operator']) retrieved from /home/airflow/.local/lib/python3.7/site-packages/airflow/example_dags/example_short_circuit_operator.py
[2023-04-19T03:34:06.958+0000] {logging_mixin.py:137} INFO - [2023-04-19T03:34:06.958+0000] {dag.py:2705} INFO - Sync 1 DAGs
[2023-04-19T03:34:07.002+0000] {logging_mixin.py:137} INFO - [2023-04-19T03:34:07.001+0000] {dag.py:3456} INFO - Setting next_dagrun for example_short_circuit_operator to 2023-04-18T03:34:07.001477+00:00, run_after=2023-04-19T03:34:07.001477+00:00
[2023-04-19T03:34:07.033+0000] {processor.py:175} INFO - Processing /home/airflow/.local/lib/python3.7/site-packages/airflow/example_dags/example_short_circuit_operator.py took 0.141 seconds
[2023-04-19T03:34:37.524+0000] {processor.py:153} INFO - Started process (PID=29677) to work on /home/airflow/.local/lib/python3.7/site-packages/airflow/example_dags/example_short_circuit_operator.py
[2023-04-19T03:34:37.525+0000] {processor.py:743} INFO - Processing file /home/airflow/.local/lib/python3.7/site-packages/airflow/example_dags/example_short_circuit_operator.py for tasks to queue
[2023-04-19T03:34:37.526+0000] {logging_mixin.py:137} INFO - [2023-04-19T03:34:37.526+0000] {dagbag.py:532} INFO - Filling up the DagBag from /home/airflow/.local/lib/python3.7/site-packages/airflow/example_dags/example_short_circuit_operator.py
[2023-04-19T03:34:37.554+0000] {processor.py:753} INFO - DAG(s) dict_keys(['example_short_circuit_operator']) retrieved from /home/airflow/.local/lib/python3.7/site-packages/airflow/example_dags/example_short_circuit_operator.py
[2023-04-19T03:34:37.604+0000] {logging_mixin.py:137} INFO - [2023-04-19T03:34:37.604+0000] {dag.py:2705} INFO - Sync 1 DAGs
[2023-04-19T03:34:37.661+0000] {logging_mixin.py:137} INFO - [2023-04-19T03:34:37.661+0000] {dag.py:3456} INFO - Setting next_dagrun for example_short_circuit_operator to 2023-04-18T03:34:37.660886+00:00, run_after=2023-04-19T03:34:37.660886+00:00
[2023-04-19T03:34:37.699+0000] {processor.py:175} INFO - Processing /home/airflow/.local/lib/python3.7/site-packages/airflow/example_dags/example_short_circuit_operator.py took 0.179 seconds
[2023-04-19T03:35:07.920+0000] {processor.py:153} INFO - Started process (PID=29728) to work on /home/airflow/.local/lib/python3.7/site-packages/airflow/example_dags/example_short_circuit_operator.py
[2023-04-19T03:35:07.921+0000] {processor.py:743} INFO - Processing file /home/airflow/.local/lib/python3.7/site-packages/airflow/example_dags/example_short_circuit_operator.py for tasks to queue
[2023-04-19T03:35:07.922+0000] {logging_mixin.py:137} INFO - [2023-04-19T03:35:07.922+0000] {dagbag.py:532} INFO - Filling up the DagBag from /home/airflow/.local/lib/python3.7/site-packages/airflow/example_dags/example_short_circuit_operator.py
[2023-04-19T03:35:07.942+0000] {processor.py:753} INFO - DAG(s) dict_keys(['example_short_circuit_operator']) retrieved from /home/airflow/.local/lib/python3.7/site-packages/airflow/example_dags/example_short_circuit_operator.py
[2023-04-19T03:35:07.988+0000] {logging_mixin.py:137} INFO - [2023-04-19T03:35:07.988+0000] {dag.py:2705} INFO - Sync 1 DAGs
[2023-04-19T03:35:08.040+0000] {logging_mixin.py:137} INFO - [2023-04-19T03:35:08.040+0000] {dag.py:3456} INFO - Setting next_dagrun for example_short_circuit_operator to 2023-04-18T03:35:08.039635+00:00, run_after=2023-04-19T03:35:08.039635+00:00
[2023-04-19T03:35:08.072+0000] {processor.py:175} INFO - Processing /home/airflow/.local/lib/python3.7/site-packages/airflow/example_dags/example_short_circuit_operator.py took 0.157 seconds
[2023-04-19T03:35:38.491+0000] {processor.py:153} INFO - Started process (PID=29779) to work on /home/airflow/.local/lib/python3.7/site-packages/airflow/example_dags/example_short_circuit_operator.py
[2023-04-19T03:35:38.493+0000] {processor.py:743} INFO - Processing file /home/airflow/.local/lib/python3.7/site-packages/airflow/example_dags/example_short_circuit_operator.py for tasks to queue
[2023-04-19T03:35:38.494+0000] {logging_mixin.py:137} INFO - [2023-04-19T03:35:38.494+0000] {dagbag.py:532} INFO - Filling up the DagBag from /home/airflow/.local/lib/python3.7/site-packages/airflow/example_dags/example_short_circuit_operator.py
[2023-04-19T03:35:38.521+0000] {processor.py:753} INFO - DAG(s) dict_keys(['example_short_circuit_operator']) retrieved from /home/airflow/.local/lib/python3.7/site-packages/airflow/example_dags/example_short_circuit_operator.py
[2023-04-19T03:35:38.565+0000] {logging_mixin.py:137} INFO - [2023-04-19T03:35:38.565+0000] {dag.py:2705} INFO - Sync 1 DAGs
[2023-04-19T03:35:38.619+0000] {logging_mixin.py:137} INFO - [2023-04-19T03:35:38.619+0000] {dag.py:3456} INFO - Setting next_dagrun for example_short_circuit_operator to 2023-04-18T03:35:38.618965+00:00, run_after=2023-04-19T03:35:38.618965+00:00
[2023-04-19T03:35:38.654+0000] {processor.py:175} INFO - Processing /home/airflow/.local/lib/python3.7/site-packages/airflow/example_dags/example_short_circuit_operator.py took 0.166 seconds
[2023-04-19T03:36:08.763+0000] {processor.py:153} INFO - Started process (PID=29830) to work on /home/airflow/.local/lib/python3.7/site-packages/airflow/example_dags/example_short_circuit_operator.py
[2023-04-19T03:36:08.764+0000] {processor.py:743} INFO - Processing file /home/airflow/.local/lib/python3.7/site-packages/airflow/example_dags/example_short_circuit_operator.py for tasks to queue
[2023-04-19T03:36:08.765+0000] {logging_mixin.py:137} INFO - [2023-04-19T03:36:08.765+0000] {dagbag.py:532} INFO - Filling up the DagBag from /home/airflow/.local/lib/python3.7/site-packages/airflow/example_dags/example_short_circuit_operator.py
[2023-04-19T03:36:08.793+0000] {processor.py:753} INFO - DAG(s) dict_keys(['example_short_circuit_operator']) retrieved from /home/airflow/.local/lib/python3.7/site-packages/airflow/example_dags/example_short_circuit_operator.py
[2023-04-19T03:36:08.848+0000] {logging_mixin.py:137} INFO - [2023-04-19T03:36:08.848+0000] {dag.py:2705} INFO - Sync 1 DAGs
[2023-04-19T03:36:08.899+0000] {logging_mixin.py:137} INFO - [2023-04-19T03:36:08.899+0000] {dag.py:3456} INFO - Setting next_dagrun for example_short_circuit_operator to 2023-04-18T03:36:08.899296+00:00, run_after=2023-04-19T03:36:08.899296+00:00
[2023-04-19T03:36:08.932+0000] {processor.py:175} INFO - Processing /home/airflow/.local/lib/python3.7/site-packages/airflow/example_dags/example_short_circuit_operator.py took 0.174 seconds
[2023-04-19T03:36:41.684+0000] {processor.py:153} INFO - Started process (PID=29881) to work on /home/airflow/.local/lib/python3.7/site-packages/airflow/example_dags/example_short_circuit_operator.py
[2023-04-19T03:36:41.685+0000] {processor.py:743} INFO - Processing file /home/airflow/.local/lib/python3.7/site-packages/airflow/example_dags/example_short_circuit_operator.py for tasks to queue
[2023-04-19T03:36:41.686+0000] {logging_mixin.py:137} INFO - [2023-04-19T03:36:41.686+0000] {dagbag.py:532} INFO - Filling up the DagBag from /home/airflow/.local/lib/python3.7/site-packages/airflow/example_dags/example_short_circuit_operator.py
[2023-04-19T03:36:41.708+0000] {processor.py:753} INFO - DAG(s) dict_keys(['example_short_circuit_operator']) retrieved from /home/airflow/.local/lib/python3.7/site-packages/airflow/example_dags/example_short_circuit_operator.py
[2023-04-19T03:36:41.747+0000] {logging_mixin.py:137} INFO - [2023-04-19T03:36:41.747+0000] {dag.py:2705} INFO - Sync 1 DAGs
[2023-04-19T03:36:41.790+0000] {logging_mixin.py:137} INFO - [2023-04-19T03:36:41.790+0000] {dag.py:3456} INFO - Setting next_dagrun for example_short_circuit_operator to 2023-04-18T03:36:41.790025+00:00, run_after=2023-04-19T03:36:41.790025+00:00
[2023-04-19T03:36:41.822+0000] {processor.py:175} INFO - Processing /home/airflow/.local/lib/python3.7/site-packages/airflow/example_dags/example_short_circuit_operator.py took 0.141 seconds
[2023-04-19T03:37:12.664+0000] {processor.py:153} INFO - Started process (PID=29932) to work on /home/airflow/.local/lib/python3.7/site-packages/airflow/example_dags/example_short_circuit_operator.py
[2023-04-19T03:37:12.685+0000] {processor.py:743} INFO - Processing file /home/airflow/.local/lib/python3.7/site-packages/airflow/example_dags/example_short_circuit_operator.py for tasks to queue
[2023-04-19T03:37:12.687+0000] {logging_mixin.py:137} INFO - [2023-04-19T03:37:12.687+0000] {dagbag.py:532} INFO - Filling up the DagBag from /home/airflow/.local/lib/python3.7/site-packages/airflow/example_dags/example_short_circuit_operator.py
[2023-04-19T03:37:12.707+0000] {processor.py:753} INFO - DAG(s) dict_keys(['example_short_circuit_operator']) retrieved from /home/airflow/.local/lib/python3.7/site-packages/airflow/example_dags/example_short_circuit_operator.py
[2023-04-19T03:37:12.742+0000] {logging_mixin.py:137} INFO - [2023-04-19T03:37:12.742+0000] {dag.py:2705} INFO - Sync 1 DAGs
[2023-04-19T03:37:12.776+0000] {logging_mixin.py:137} INFO - [2023-04-19T03:37:12.775+0000] {dag.py:3456} INFO - Setting next_dagrun for example_short_circuit_operator to 2023-04-18T03:37:12.775733+00:00, run_after=2023-04-19T03:37:12.775733+00:00
[2023-04-19T03:37:12.916+0000] {processor.py:175} INFO - Processing /home/airflow/.local/lib/python3.7/site-packages/airflow/example_dags/example_short_circuit_operator.py took 0.256 seconds
[2023-04-19T03:37:42.963+0000] {processor.py:153} INFO - Started process (PID=29983) to work on /home/airflow/.local/lib/python3.7/site-packages/airflow/example_dags/example_short_circuit_operator.py
[2023-04-19T03:37:42.964+0000] {processor.py:743} INFO - Processing file /home/airflow/.local/lib/python3.7/site-packages/airflow/example_dags/example_short_circuit_operator.py for tasks to queue
[2023-04-19T03:37:42.965+0000] {logging_mixin.py:137} INFO - [2023-04-19T03:37:42.965+0000] {dagbag.py:532} INFO - Filling up the DagBag from /home/airflow/.local/lib/python3.7/site-packages/airflow/example_dags/example_short_circuit_operator.py
[2023-04-19T03:37:42.990+0000] {processor.py:753} INFO - DAG(s) dict_keys(['example_short_circuit_operator']) retrieved from /home/airflow/.local/lib/python3.7/site-packages/airflow/example_dags/example_short_circuit_operator.py
[2023-04-19T03:37:43.042+0000] {logging_mixin.py:137} INFO - [2023-04-19T03:37:43.041+0000] {dag.py:2705} INFO - Sync 1 DAGs
[2023-04-19T03:37:43.097+0000] {logging_mixin.py:137} INFO - [2023-04-19T03:37:43.097+0000] {dag.py:3456} INFO - Setting next_dagrun for example_short_circuit_operator to 2023-04-18T03:37:43.097037+00:00, run_after=2023-04-19T03:37:43.097037+00:00
[2023-04-19T03:37:43.127+0000] {processor.py:175} INFO - Processing /home/airflow/.local/lib/python3.7/site-packages/airflow/example_dags/example_short_circuit_operator.py took 0.168 seconds
[2023-04-19T03:38:13.304+0000] {processor.py:153} INFO - Started process (PID=30034) to work on /home/airflow/.local/lib/python3.7/site-packages/airflow/example_dags/example_short_circuit_operator.py
[2023-04-19T03:38:13.305+0000] {processor.py:743} INFO - Processing file /home/airflow/.local/lib/python3.7/site-packages/airflow/example_dags/example_short_circuit_operator.py for tasks to queue
[2023-04-19T03:38:13.305+0000] {logging_mixin.py:137} INFO - [2023-04-19T03:38:13.305+0000] {dagbag.py:532} INFO - Filling up the DagBag from /home/airflow/.local/lib/python3.7/site-packages/airflow/example_dags/example_short_circuit_operator.py
[2023-04-19T03:38:13.325+0000] {processor.py:753} INFO - DAG(s) dict_keys(['example_short_circuit_operator']) retrieved from /home/airflow/.local/lib/python3.7/site-packages/airflow/example_dags/example_short_circuit_operator.py
[2023-04-19T03:38:13.364+0000] {logging_mixin.py:137} INFO - [2023-04-19T03:38:13.364+0000] {dag.py:2705} INFO - Sync 1 DAGs
[2023-04-19T03:38:13.404+0000] {logging_mixin.py:137} INFO - [2023-04-19T03:38:13.404+0000] {dag.py:3456} INFO - Setting next_dagrun for example_short_circuit_operator to 2023-04-18T03:38:13.404033+00:00, run_after=2023-04-19T03:38:13.404033+00:00
[2023-04-19T03:38:13.433+0000] {processor.py:175} INFO - Processing /home/airflow/.local/lib/python3.7/site-packages/airflow/example_dags/example_short_circuit_operator.py took 0.133 seconds
[2023-04-19T03:38:43.660+0000] {processor.py:153} INFO - Started process (PID=30085) to work on /home/airflow/.local/lib/python3.7/site-packages/airflow/example_dags/example_short_circuit_operator.py
[2023-04-19T03:38:43.661+0000] {processor.py:743} INFO - Processing file /home/airflow/.local/lib/python3.7/site-packages/airflow/example_dags/example_short_circuit_operator.py for tasks to queue
[2023-04-19T03:38:43.663+0000] {logging_mixin.py:137} INFO - [2023-04-19T03:38:43.662+0000] {dagbag.py:532} INFO - Filling up the DagBag from /home/airflow/.local/lib/python3.7/site-packages/airflow/example_dags/example_short_circuit_operator.py
[2023-04-19T03:38:43.699+0000] {processor.py:753} INFO - DAG(s) dict_keys(['example_short_circuit_operator']) retrieved from /home/airflow/.local/lib/python3.7/site-packages/airflow/example_dags/example_short_circuit_operator.py
[2023-04-19T03:38:43.735+0000] {logging_mixin.py:137} INFO - [2023-04-19T03:38:43.735+0000] {dag.py:2705} INFO - Sync 1 DAGs
[2023-04-19T03:38:43.769+0000] {logging_mixin.py:137} INFO - [2023-04-19T03:38:43.768+0000] {dag.py:3456} INFO - Setting next_dagrun for example_short_circuit_operator to 2023-04-18T03:38:43.768542+00:00, run_after=2023-04-19T03:38:43.768542+00:00
[2023-04-19T03:38:43.794+0000] {processor.py:175} INFO - Processing /home/airflow/.local/lib/python3.7/site-packages/airflow/example_dags/example_short_circuit_operator.py took 0.143 seconds
[2023-04-19T03:39:14.026+0000] {processor.py:153} INFO - Started process (PID=30136) to work on /home/airflow/.local/lib/python3.7/site-packages/airflow/example_dags/example_short_circuit_operator.py
[2023-04-19T03:39:14.027+0000] {processor.py:743} INFO - Processing file /home/airflow/.local/lib/python3.7/site-packages/airflow/example_dags/example_short_circuit_operator.py for tasks to queue
[2023-04-19T03:39:14.027+0000] {logging_mixin.py:137} INFO - [2023-04-19T03:39:14.027+0000] {dagbag.py:532} INFO - Filling up the DagBag from /home/airflow/.local/lib/python3.7/site-packages/airflow/example_dags/example_short_circuit_operator.py
[2023-04-19T03:39:14.045+0000] {processor.py:753} INFO - DAG(s) dict_keys(['example_short_circuit_operator']) retrieved from /home/airflow/.local/lib/python3.7/site-packages/airflow/example_dags/example_short_circuit_operator.py
[2023-04-19T03:39:14.082+0000] {logging_mixin.py:137} INFO - [2023-04-19T03:39:14.082+0000] {dag.py:2705} INFO - Sync 1 DAGs
[2023-04-19T03:39:14.120+0000] {logging_mixin.py:137} INFO - [2023-04-19T03:39:14.120+0000] {dag.py:3456} INFO - Setting next_dagrun for example_short_circuit_operator to 2023-04-18T03:39:14.120236+00:00, run_after=2023-04-19T03:39:14.120236+00:00
[2023-04-19T03:39:14.149+0000] {processor.py:175} INFO - Processing /home/airflow/.local/lib/python3.7/site-packages/airflow/example_dags/example_short_circuit_operator.py took 0.128 seconds
[2023-04-19T03:39:45.068+0000] {processor.py:153} INFO - Started process (PID=30187) to work on /home/airflow/.local/lib/python3.7/site-packages/airflow/example_dags/example_short_circuit_operator.py
[2023-04-19T03:39:45.069+0000] {processor.py:743} INFO - Processing file /home/airflow/.local/lib/python3.7/site-packages/airflow/example_dags/example_short_circuit_operator.py for tasks to queue
[2023-04-19T03:39:45.070+0000] {logging_mixin.py:137} INFO - [2023-04-19T03:39:45.070+0000] {dagbag.py:532} INFO - Filling up the DagBag from /home/airflow/.local/lib/python3.7/site-packages/airflow/example_dags/example_short_circuit_operator.py
[2023-04-19T03:39:45.091+0000] {processor.py:753} INFO - DAG(s) dict_keys(['example_short_circuit_operator']) retrieved from /home/airflow/.local/lib/python3.7/site-packages/airflow/example_dags/example_short_circuit_operator.py
[2023-04-19T03:39:45.129+0000] {logging_mixin.py:137} INFO - [2023-04-19T03:39:45.129+0000] {dag.py:2705} INFO - Sync 1 DAGs
[2023-04-19T03:39:45.170+0000] {logging_mixin.py:137} INFO - [2023-04-19T03:39:45.169+0000] {dag.py:3456} INFO - Setting next_dagrun for example_short_circuit_operator to 2023-04-18T03:39:45.169377+00:00, run_after=2023-04-19T03:39:45.169377+00:00
[2023-04-19T03:39:45.200+0000] {processor.py:175} INFO - Processing /home/airflow/.local/lib/python3.7/site-packages/airflow/example_dags/example_short_circuit_operator.py took 0.136 seconds
[2023-04-19T03:40:15.846+0000] {processor.py:153} INFO - Started process (PID=30238) to work on /home/airflow/.local/lib/python3.7/site-packages/airflow/example_dags/example_short_circuit_operator.py
[2023-04-19T03:40:15.847+0000] {processor.py:743} INFO - Processing file /home/airflow/.local/lib/python3.7/site-packages/airflow/example_dags/example_short_circuit_operator.py for tasks to queue
[2023-04-19T03:40:15.848+0000] {logging_mixin.py:137} INFO - [2023-04-19T03:40:15.847+0000] {dagbag.py:532} INFO - Filling up the DagBag from /home/airflow/.local/lib/python3.7/site-packages/airflow/example_dags/example_short_circuit_operator.py
[2023-04-19T03:40:15.869+0000] {processor.py:753} INFO - DAG(s) dict_keys(['example_short_circuit_operator']) retrieved from /home/airflow/.local/lib/python3.7/site-packages/airflow/example_dags/example_short_circuit_operator.py
[2023-04-19T03:40:15.908+0000] {logging_mixin.py:137} INFO - [2023-04-19T03:40:15.908+0000] {dag.py:2705} INFO - Sync 1 DAGs
[2023-04-19T03:40:15.949+0000] {logging_mixin.py:137} INFO - [2023-04-19T03:40:15.949+0000] {dag.py:3456} INFO - Setting next_dagrun for example_short_circuit_operator to 2023-04-18T03:40:15.949076+00:00, run_after=2023-04-19T03:40:15.949076+00:00
[2023-04-19T03:40:15.979+0000] {processor.py:175} INFO - Processing /home/airflow/.local/lib/python3.7/site-packages/airflow/example_dags/example_short_circuit_operator.py took 0.136 seconds
