[2023-04-19T03:34:02.313+0000] {processor.py:153} INFO - Started process (PID=29595) to work on /home/airflow/.local/lib/python3.7/site-packages/airflow/example_dags/example_trigger_controller_dag.py
[2023-04-19T03:34:02.314+0000] {processor.py:743} INFO - Processing file /home/airflow/.local/lib/python3.7/site-packages/airflow/example_dags/example_trigger_controller_dag.py for tasks to queue
[2023-04-19T03:34:02.316+0000] {logging_mixin.py:137} INFO - [2023-04-19T03:34:02.314+0000] {dagbag.py:532} INFO - Filling up the DagBag from /home/airflow/.local/lib/python3.7/site-packages/airflow/example_dags/example_trigger_controller_dag.py
[2023-04-19T03:34:02.337+0000] {processor.py:753} INFO - DAG(s) dict_keys(['example_trigger_controller_dag']) retrieved from /home/airflow/.local/lib/python3.7/site-packages/airflow/example_dags/example_trigger_controller_dag.py
[2023-04-19T03:34:02.383+0000] {logging_mixin.py:137} INFO - [2023-04-19T03:34:02.383+0000] {dag.py:2705} INFO - Sync 1 DAGs
[2023-04-19T03:34:02.443+0000] {logging_mixin.py:137} INFO - [2023-04-19T03:34:02.443+0000] {dag.py:3456} INFO - Setting next_dagrun for example_trigger_controller_dag to 2021-01-01T00:00:00+00:00, run_after=2021-01-01T00:00:00+00:00
[2023-04-19T03:34:02.491+0000] {processor.py:175} INFO - Processing /home/airflow/.local/lib/python3.7/site-packages/airflow/example_dags/example_trigger_controller_dag.py took 0.183 seconds
[2023-04-19T03:34:32.964+0000] {processor.py:153} INFO - Started process (PID=29646) to work on /home/airflow/.local/lib/python3.7/site-packages/airflow/example_dags/example_trigger_controller_dag.py
[2023-04-19T03:34:32.965+0000] {processor.py:743} INFO - Processing file /home/airflow/.local/lib/python3.7/site-packages/airflow/example_dags/example_trigger_controller_dag.py for tasks to queue
[2023-04-19T03:34:32.967+0000] {logging_mixin.py:137} INFO - [2023-04-19T03:34:32.966+0000] {dagbag.py:532} INFO - Filling up the DagBag from /home/airflow/.local/lib/python3.7/site-packages/airflow/example_dags/example_trigger_controller_dag.py
[2023-04-19T03:34:32.990+0000] {processor.py:753} INFO - DAG(s) dict_keys(['example_trigger_controller_dag']) retrieved from /home/airflow/.local/lib/python3.7/site-packages/airflow/example_dags/example_trigger_controller_dag.py
[2023-04-19T03:34:33.028+0000] {logging_mixin.py:137} INFO - [2023-04-19T03:34:33.028+0000] {dag.py:2705} INFO - Sync 1 DAGs
[2023-04-19T03:34:33.069+0000] {logging_mixin.py:137} INFO - [2023-04-19T03:34:33.068+0000] {dag.py:3456} INFO - Setting next_dagrun for example_trigger_controller_dag to 2021-01-01T00:00:00+00:00, run_after=2021-01-01T00:00:00+00:00
[2023-04-19T03:34:33.100+0000] {processor.py:175} INFO - Processing /home/airflow/.local/lib/python3.7/site-packages/airflow/example_dags/example_trigger_controller_dag.py took 0.143 seconds
[2023-04-19T03:35:03.691+0000] {processor.py:153} INFO - Started process (PID=29697) to work on /home/airflow/.local/lib/python3.7/site-packages/airflow/example_dags/example_trigger_controller_dag.py
[2023-04-19T03:35:03.692+0000] {processor.py:743} INFO - Processing file /home/airflow/.local/lib/python3.7/site-packages/airflow/example_dags/example_trigger_controller_dag.py for tasks to queue
[2023-04-19T03:35:03.693+0000] {logging_mixin.py:137} INFO - [2023-04-19T03:35:03.693+0000] {dagbag.py:532} INFO - Filling up the DagBag from /home/airflow/.local/lib/python3.7/site-packages/airflow/example_dags/example_trigger_controller_dag.py
[2023-04-19T03:35:03.710+0000] {processor.py:753} INFO - DAG(s) dict_keys(['example_trigger_controller_dag']) retrieved from /home/airflow/.local/lib/python3.7/site-packages/airflow/example_dags/example_trigger_controller_dag.py
[2023-04-19T03:35:03.747+0000] {logging_mixin.py:137} INFO - [2023-04-19T03:35:03.747+0000] {dag.py:2705} INFO - Sync 1 DAGs
[2023-04-19T03:35:03.793+0000] {logging_mixin.py:137} INFO - [2023-04-19T03:35:03.793+0000] {dag.py:3456} INFO - Setting next_dagrun for example_trigger_controller_dag to 2021-01-01T00:00:00+00:00, run_after=2021-01-01T00:00:00+00:00
[2023-04-19T03:35:03.838+0000] {processor.py:175} INFO - Processing /home/airflow/.local/lib/python3.7/site-packages/airflow/example_dags/example_trigger_controller_dag.py took 0.152 seconds
[2023-04-19T03:35:34.003+0000] {processor.py:153} INFO - Started process (PID=29748) to work on /home/airflow/.local/lib/python3.7/site-packages/airflow/example_dags/example_trigger_controller_dag.py
[2023-04-19T03:35:34.004+0000] {processor.py:743} INFO - Processing file /home/airflow/.local/lib/python3.7/site-packages/airflow/example_dags/example_trigger_controller_dag.py for tasks to queue
[2023-04-19T03:35:34.006+0000] {logging_mixin.py:137} INFO - [2023-04-19T03:35:34.005+0000] {dagbag.py:532} INFO - Filling up the DagBag from /home/airflow/.local/lib/python3.7/site-packages/airflow/example_dags/example_trigger_controller_dag.py
[2023-04-19T03:35:34.037+0000] {processor.py:753} INFO - DAG(s) dict_keys(['example_trigger_controller_dag']) retrieved from /home/airflow/.local/lib/python3.7/site-packages/airflow/example_dags/example_trigger_controller_dag.py
[2023-04-19T03:35:34.071+0000] {logging_mixin.py:137} INFO - [2023-04-19T03:35:34.070+0000] {dag.py:2705} INFO - Sync 1 DAGs
[2023-04-19T03:35:34.114+0000] {logging_mixin.py:137} INFO - [2023-04-19T03:35:34.114+0000] {dag.py:3456} INFO - Setting next_dagrun for example_trigger_controller_dag to 2021-01-01T00:00:00+00:00, run_after=2021-01-01T00:00:00+00:00
[2023-04-19T03:35:34.151+0000] {processor.py:175} INFO - Processing /home/airflow/.local/lib/python3.7/site-packages/airflow/example_dags/example_trigger_controller_dag.py took 0.152 seconds
[2023-04-19T03:36:04.450+0000] {processor.py:153} INFO - Started process (PID=29799) to work on /home/airflow/.local/lib/python3.7/site-packages/airflow/example_dags/example_trigger_controller_dag.py
[2023-04-19T03:36:04.452+0000] {processor.py:743} INFO - Processing file /home/airflow/.local/lib/python3.7/site-packages/airflow/example_dags/example_trigger_controller_dag.py for tasks to queue
[2023-04-19T03:36:04.453+0000] {logging_mixin.py:137} INFO - [2023-04-19T03:36:04.452+0000] {dagbag.py:532} INFO - Filling up the DagBag from /home/airflow/.local/lib/python3.7/site-packages/airflow/example_dags/example_trigger_controller_dag.py
[2023-04-19T03:36:04.471+0000] {processor.py:753} INFO - DAG(s) dict_keys(['example_trigger_controller_dag']) retrieved from /home/airflow/.local/lib/python3.7/site-packages/airflow/example_dags/example_trigger_controller_dag.py
[2023-04-19T03:36:04.509+0000] {logging_mixin.py:137} INFO - [2023-04-19T03:36:04.509+0000] {dag.py:2705} INFO - Sync 1 DAGs
[2023-04-19T03:36:04.550+0000] {logging_mixin.py:137} INFO - [2023-04-19T03:36:04.550+0000] {dag.py:3456} INFO - Setting next_dagrun for example_trigger_controller_dag to 2021-01-01T00:00:00+00:00, run_after=2021-01-01T00:00:00+00:00
[2023-04-19T03:36:04.581+0000] {processor.py:175} INFO - Processing /home/airflow/.local/lib/python3.7/site-packages/airflow/example_dags/example_trigger_controller_dag.py took 0.135 seconds
[2023-04-19T03:36:34.750+0000] {processor.py:153} INFO - Started process (PID=29850) to work on /home/airflow/.local/lib/python3.7/site-packages/airflow/example_dags/example_trigger_controller_dag.py
[2023-04-19T03:36:34.975+0000] {processor.py:743} INFO - Processing file /home/airflow/.local/lib/python3.7/site-packages/airflow/example_dags/example_trigger_controller_dag.py for tasks to queue
[2023-04-19T03:36:34.977+0000] {logging_mixin.py:137} INFO - [2023-04-19T03:36:34.976+0000] {dagbag.py:532} INFO - Filling up the DagBag from /home/airflow/.local/lib/python3.7/site-packages/airflow/example_dags/example_trigger_controller_dag.py
[2023-04-19T03:36:35.979+0000] {processor.py:753} INFO - DAG(s) dict_keys(['example_trigger_controller_dag']) retrieved from /home/airflow/.local/lib/python3.7/site-packages/airflow/example_dags/example_trigger_controller_dag.py
[2023-04-19T03:36:36.068+0000] {logging_mixin.py:137} INFO - [2023-04-19T03:36:36.067+0000] {dag.py:2705} INFO - Sync 1 DAGs
[2023-04-19T03:36:36.130+0000] {logging_mixin.py:137} INFO - [2023-04-19T03:36:36.130+0000] {dag.py:3456} INFO - Setting next_dagrun for example_trigger_controller_dag to 2021-01-01T00:00:00+00:00, run_after=2021-01-01T00:00:00+00:00
[2023-04-19T03:36:36.276+0000] {processor.py:175} INFO - Processing /home/airflow/.local/lib/python3.7/site-packages/airflow/example_dags/example_trigger_controller_dag.py took 1.532 seconds
[2023-04-19T03:37:06.870+0000] {processor.py:153} INFO - Started process (PID=29901) to work on /home/airflow/.local/lib/python3.7/site-packages/airflow/example_dags/example_trigger_controller_dag.py
[2023-04-19T03:37:06.874+0000] {processor.py:743} INFO - Processing file /home/airflow/.local/lib/python3.7/site-packages/airflow/example_dags/example_trigger_controller_dag.py for tasks to queue
[2023-04-19T03:37:06.876+0000] {logging_mixin.py:137} INFO - [2023-04-19T03:37:06.875+0000] {dagbag.py:532} INFO - Filling up the DagBag from /home/airflow/.local/lib/python3.7/site-packages/airflow/example_dags/example_trigger_controller_dag.py
[2023-04-19T03:37:06.901+0000] {processor.py:753} INFO - DAG(s) dict_keys(['example_trigger_controller_dag']) retrieved from /home/airflow/.local/lib/python3.7/site-packages/airflow/example_dags/example_trigger_controller_dag.py
[2023-04-19T03:37:06.938+0000] {logging_mixin.py:137} INFO - [2023-04-19T03:37:06.937+0000] {dag.py:2705} INFO - Sync 1 DAGs
[2023-04-19T03:37:06.974+0000] {logging_mixin.py:137} INFO - [2023-04-19T03:37:06.974+0000] {dag.py:3456} INFO - Setting next_dagrun for example_trigger_controller_dag to 2021-01-01T00:00:00+00:00, run_after=2021-01-01T00:00:00+00:00
[2023-04-19T03:37:07.018+0000] {processor.py:175} INFO - Processing /home/airflow/.local/lib/python3.7/site-packages/airflow/example_dags/example_trigger_controller_dag.py took 0.155 seconds
[2023-04-19T03:37:37.218+0000] {processor.py:153} INFO - Started process (PID=29952) to work on /home/airflow/.local/lib/python3.7/site-packages/airflow/example_dags/example_trigger_controller_dag.py
[2023-04-19T03:37:37.219+0000] {processor.py:743} INFO - Processing file /home/airflow/.local/lib/python3.7/site-packages/airflow/example_dags/example_trigger_controller_dag.py for tasks to queue
[2023-04-19T03:37:37.220+0000] {logging_mixin.py:137} INFO - [2023-04-19T03:37:37.220+0000] {dagbag.py:532} INFO - Filling up the DagBag from /home/airflow/.local/lib/python3.7/site-packages/airflow/example_dags/example_trigger_controller_dag.py
[2023-04-19T03:37:37.248+0000] {processor.py:753} INFO - DAG(s) dict_keys(['example_trigger_controller_dag']) retrieved from /home/airflow/.local/lib/python3.7/site-packages/airflow/example_dags/example_trigger_controller_dag.py
[2023-04-19T03:37:37.285+0000] {logging_mixin.py:137} INFO - [2023-04-19T03:37:37.285+0000] {dag.py:2705} INFO - Sync 1 DAGs
[2023-04-19T03:37:37.326+0000] {logging_mixin.py:137} INFO - [2023-04-19T03:37:37.326+0000] {dag.py:3456} INFO - Setting next_dagrun for example_trigger_controller_dag to 2021-01-01T00:00:00+00:00, run_after=2021-01-01T00:00:00+00:00
[2023-04-19T03:37:37.372+0000] {processor.py:175} INFO - Processing /home/airflow/.local/lib/python3.7/site-packages/airflow/example_dags/example_trigger_controller_dag.py took 0.162 seconds
[2023-04-19T03:38:08.045+0000] {processor.py:153} INFO - Started process (PID=30003) to work on /home/airflow/.local/lib/python3.7/site-packages/airflow/example_dags/example_trigger_controller_dag.py
[2023-04-19T03:38:08.047+0000] {processor.py:743} INFO - Processing file /home/airflow/.local/lib/python3.7/site-packages/airflow/example_dags/example_trigger_controller_dag.py for tasks to queue
[2023-04-19T03:38:08.048+0000] {logging_mixin.py:137} INFO - [2023-04-19T03:38:08.048+0000] {dagbag.py:532} INFO - Filling up the DagBag from /home/airflow/.local/lib/python3.7/site-packages/airflow/example_dags/example_trigger_controller_dag.py
[2023-04-19T03:38:08.073+0000] {processor.py:753} INFO - DAG(s) dict_keys(['example_trigger_controller_dag']) retrieved from /home/airflow/.local/lib/python3.7/site-packages/airflow/example_dags/example_trigger_controller_dag.py
[2023-04-19T03:38:08.167+0000] {logging_mixin.py:137} INFO - [2023-04-19T03:38:08.166+0000] {dag.py:2705} INFO - Sync 1 DAGs
[2023-04-19T03:38:08.202+0000] {logging_mixin.py:137} INFO - [2023-04-19T03:38:08.202+0000] {dag.py:3456} INFO - Setting next_dagrun for example_trigger_controller_dag to 2021-01-01T00:00:00+00:00, run_after=2021-01-01T00:00:00+00:00
[2023-04-19T03:38:08.231+0000] {processor.py:175} INFO - Processing /home/airflow/.local/lib/python3.7/site-packages/airflow/example_dags/example_trigger_controller_dag.py took 0.192 seconds
[2023-04-19T03:38:38.601+0000] {processor.py:153} INFO - Started process (PID=30054) to work on /home/airflow/.local/lib/python3.7/site-packages/airflow/example_dags/example_trigger_controller_dag.py
[2023-04-19T03:38:38.608+0000] {processor.py:743} INFO - Processing file /home/airflow/.local/lib/python3.7/site-packages/airflow/example_dags/example_trigger_controller_dag.py for tasks to queue
[2023-04-19T03:38:38.609+0000] {logging_mixin.py:137} INFO - [2023-04-19T03:38:38.609+0000] {dagbag.py:532} INFO - Filling up the DagBag from /home/airflow/.local/lib/python3.7/site-packages/airflow/example_dags/example_trigger_controller_dag.py
[2023-04-19T03:38:38.628+0000] {processor.py:753} INFO - DAG(s) dict_keys(['example_trigger_controller_dag']) retrieved from /home/airflow/.local/lib/python3.7/site-packages/airflow/example_dags/example_trigger_controller_dag.py
[2023-04-19T03:38:38.663+0000] {logging_mixin.py:137} INFO - [2023-04-19T03:38:38.663+0000] {dag.py:2705} INFO - Sync 1 DAGs
[2023-04-19T03:38:38.711+0000] {logging_mixin.py:137} INFO - [2023-04-19T03:38:38.711+0000] {dag.py:3456} INFO - Setting next_dagrun for example_trigger_controller_dag to 2021-01-01T00:00:00+00:00, run_after=2021-01-01T00:00:00+00:00
[2023-04-19T03:38:38.742+0000] {processor.py:175} INFO - Processing /home/airflow/.local/lib/python3.7/site-packages/airflow/example_dags/example_trigger_controller_dag.py took 0.146 seconds
[2023-04-19T03:39:08.809+0000] {processor.py:153} INFO - Started process (PID=30105) to work on /home/airflow/.local/lib/python3.7/site-packages/airflow/example_dags/example_trigger_controller_dag.py
[2023-04-19T03:39:08.811+0000] {processor.py:743} INFO - Processing file /home/airflow/.local/lib/python3.7/site-packages/airflow/example_dags/example_trigger_controller_dag.py for tasks to queue
[2023-04-19T03:39:08.812+0000] {logging_mixin.py:137} INFO - [2023-04-19T03:39:08.812+0000] {dagbag.py:532} INFO - Filling up the DagBag from /home/airflow/.local/lib/python3.7/site-packages/airflow/example_dags/example_trigger_controller_dag.py
[2023-04-19T03:39:08.841+0000] {processor.py:753} INFO - DAG(s) dict_keys(['example_trigger_controller_dag']) retrieved from /home/airflow/.local/lib/python3.7/site-packages/airflow/example_dags/example_trigger_controller_dag.py
[2023-04-19T03:39:08.906+0000] {logging_mixin.py:137} INFO - [2023-04-19T03:39:08.905+0000] {dag.py:2705} INFO - Sync 1 DAGs
[2023-04-19T03:39:08.957+0000] {logging_mixin.py:137} INFO - [2023-04-19T03:39:08.957+0000] {dag.py:3456} INFO - Setting next_dagrun for example_trigger_controller_dag to 2021-01-01T00:00:00+00:00, run_after=2021-01-01T00:00:00+00:00
[2023-04-19T03:39:08.990+0000] {processor.py:175} INFO - Processing /home/airflow/.local/lib/python3.7/site-packages/airflow/example_dags/example_trigger_controller_dag.py took 0.187 seconds
[2023-04-19T03:39:39.086+0000] {processor.py:153} INFO - Started process (PID=30156) to work on /home/airflow/.local/lib/python3.7/site-packages/airflow/example_dags/example_trigger_controller_dag.py
[2023-04-19T03:39:39.088+0000] {processor.py:743} INFO - Processing file /home/airflow/.local/lib/python3.7/site-packages/airflow/example_dags/example_trigger_controller_dag.py for tasks to queue
[2023-04-19T03:39:39.089+0000] {logging_mixin.py:137} INFO - [2023-04-19T03:39:39.089+0000] {dagbag.py:532} INFO - Filling up the DagBag from /home/airflow/.local/lib/python3.7/site-packages/airflow/example_dags/example_trigger_controller_dag.py
[2023-04-19T03:39:39.117+0000] {processor.py:753} INFO - DAG(s) dict_keys(['example_trigger_controller_dag']) retrieved from /home/airflow/.local/lib/python3.7/site-packages/airflow/example_dags/example_trigger_controller_dag.py
[2023-04-19T03:39:39.154+0000] {logging_mixin.py:137} INFO - [2023-04-19T03:39:39.154+0000] {dag.py:2705} INFO - Sync 1 DAGs
[2023-04-19T03:39:39.198+0000] {logging_mixin.py:137} INFO - [2023-04-19T03:39:39.198+0000] {dag.py:3456} INFO - Setting next_dagrun for example_trigger_controller_dag to 2021-01-01T00:00:00+00:00, run_after=2021-01-01T00:00:00+00:00
[2023-04-19T03:39:39.232+0000] {processor.py:175} INFO - Processing /home/airflow/.local/lib/python3.7/site-packages/airflow/example_dags/example_trigger_controller_dag.py took 0.152 seconds
[2023-04-19T03:40:09.370+0000] {processor.py:153} INFO - Started process (PID=30207) to work on /home/airflow/.local/lib/python3.7/site-packages/airflow/example_dags/example_trigger_controller_dag.py
[2023-04-19T03:40:09.371+0000] {processor.py:743} INFO - Processing file /home/airflow/.local/lib/python3.7/site-packages/airflow/example_dags/example_trigger_controller_dag.py for tasks to queue
[2023-04-19T03:40:09.373+0000] {logging_mixin.py:137} INFO - [2023-04-19T03:40:09.372+0000] {dagbag.py:532} INFO - Filling up the DagBag from /home/airflow/.local/lib/python3.7/site-packages/airflow/example_dags/example_trigger_controller_dag.py
[2023-04-19T03:40:09.395+0000] {processor.py:753} INFO - DAG(s) dict_keys(['example_trigger_controller_dag']) retrieved from /home/airflow/.local/lib/python3.7/site-packages/airflow/example_dags/example_trigger_controller_dag.py
[2023-04-19T03:40:09.430+0000] {logging_mixin.py:137} INFO - [2023-04-19T03:40:09.430+0000] {dag.py:2705} INFO - Sync 1 DAGs
[2023-04-19T03:40:09.465+0000] {logging_mixin.py:137} INFO - [2023-04-19T03:40:09.465+0000] {dag.py:3456} INFO - Setting next_dagrun for example_trigger_controller_dag to 2021-01-01T00:00:00+00:00, run_after=2021-01-01T00:00:00+00:00
[2023-04-19T03:40:09.491+0000] {processor.py:175} INFO - Processing /home/airflow/.local/lib/python3.7/site-packages/airflow/example_dags/example_trigger_controller_dag.py took 0.127 seconds
[2023-04-19T03:40:39.861+0000] {processor.py:153} INFO - Started process (PID=30258) to work on /home/airflow/.local/lib/python3.7/site-packages/airflow/example_dags/example_trigger_controller_dag.py
[2023-04-19T03:40:39.862+0000] {processor.py:743} INFO - Processing file /home/airflow/.local/lib/python3.7/site-packages/airflow/example_dags/example_trigger_controller_dag.py for tasks to queue
[2023-04-19T03:40:39.863+0000] {logging_mixin.py:137} INFO - [2023-04-19T03:40:39.863+0000] {dagbag.py:532} INFO - Filling up the DagBag from /home/airflow/.local/lib/python3.7/site-packages/airflow/example_dags/example_trigger_controller_dag.py
[2023-04-19T03:40:39.889+0000] {processor.py:753} INFO - DAG(s) dict_keys(['example_trigger_controller_dag']) retrieved from /home/airflow/.local/lib/python3.7/site-packages/airflow/example_dags/example_trigger_controller_dag.py
[2023-04-19T03:40:39.922+0000] {logging_mixin.py:137} INFO - [2023-04-19T03:40:39.922+0000] {dag.py:2705} INFO - Sync 1 DAGs
[2023-04-19T03:40:39.955+0000] {logging_mixin.py:137} INFO - [2023-04-19T03:40:39.955+0000] {dag.py:3456} INFO - Setting next_dagrun for example_trigger_controller_dag to 2021-01-01T00:00:00+00:00, run_after=2021-01-01T00:00:00+00:00
[2023-04-19T03:40:39.980+0000] {processor.py:175} INFO - Processing /home/airflow/.local/lib/python3.7/site-packages/airflow/example_dags/example_trigger_controller_dag.py took 0.125 seconds
