[2023-04-19T03:34:03.986+0000] {processor.py:153} INFO - Started process (PID=29604) to work on /home/airflow/.local/lib/python3.7/site-packages/airflow/example_dags/example_branch_datetime_operator.py
[2023-04-19T03:34:03.987+0000] {processor.py:743} INFO - Processing file /home/airflow/.local/lib/python3.7/site-packages/airflow/example_dags/example_branch_datetime_operator.py for tasks to queue
[2023-04-19T03:34:03.989+0000] {logging_mixin.py:137} INFO - [2023-04-19T03:34:03.989+0000] {dagbag.py:532} INFO - Filling up the DagBag from /home/airflow/.local/lib/python3.7/site-packages/airflow/example_dags/example_branch_datetime_operator.py
[2023-04-19T03:34:04.030+0000] {processor.py:753} INFO - DAG(s) dict_keys(['example_branch_datetime_operator_3', 'example_branch_datetime_operator_2', 'example_branch_datetime_operator']) retrieved from /home/airflow/.local/lib/python3.7/site-packages/airflow/example_dags/example_branch_datetime_operator.py
[2023-04-19T03:34:04.100+0000] {logging_mixin.py:137} INFO - [2023-04-19T03:34:04.100+0000] {dag.py:2705} INFO - Sync 3 DAGs
[2023-04-19T03:34:04.151+0000] {logging_mixin.py:137} INFO - [2023-04-19T03:34:04.151+0000] {dag.py:3456} INFO - Setting next_dagrun for example_branch_datetime_operator to 2023-04-18T00:00:00+00:00, run_after=2023-04-19T00:00:00+00:00
[2023-04-19T03:34:04.159+0000] {logging_mixin.py:137} INFO - [2023-04-19T03:34:04.159+0000] {dag.py:3456} INFO - Setting next_dagrun for example_branch_datetime_operator_2 to 2023-04-18T00:00:00+00:00, run_after=2023-04-19T00:00:00+00:00
[2023-04-19T03:34:04.164+0000] {logging_mixin.py:137} INFO - [2023-04-19T03:34:04.163+0000] {dag.py:3456} INFO - Setting next_dagrun for example_branch_datetime_operator_3 to 2023-04-18T00:00:00+00:00, run_after=2023-04-19T00:00:00+00:00
[2023-04-19T03:34:04.197+0000] {processor.py:175} INFO - Processing /home/airflow/.local/lib/python3.7/site-packages/airflow/example_dags/example_branch_datetime_operator.py took 0.216 seconds
[2023-04-19T03:34:34.964+0000] {processor.py:153} INFO - Started process (PID=29655) to work on /home/airflow/.local/lib/python3.7/site-packages/airflow/example_dags/example_branch_datetime_operator.py
[2023-04-19T03:34:34.965+0000] {processor.py:743} INFO - Processing file /home/airflow/.local/lib/python3.7/site-packages/airflow/example_dags/example_branch_datetime_operator.py for tasks to queue
[2023-04-19T03:34:34.965+0000] {logging_mixin.py:137} INFO - [2023-04-19T03:34:34.965+0000] {dagbag.py:532} INFO - Filling up the DagBag from /home/airflow/.local/lib/python3.7/site-packages/airflow/example_dags/example_branch_datetime_operator.py
[2023-04-19T03:34:34.988+0000] {processor.py:753} INFO - DAG(s) dict_keys(['example_branch_datetime_operator_3', 'example_branch_datetime_operator', 'example_branch_datetime_operator_2']) retrieved from /home/airflow/.local/lib/python3.7/site-packages/airflow/example_dags/example_branch_datetime_operator.py
[2023-04-19T03:34:35.036+0000] {logging_mixin.py:137} INFO - [2023-04-19T03:34:35.036+0000] {dag.py:2705} INFO - Sync 3 DAGs
[2023-04-19T03:34:35.079+0000] {logging_mixin.py:137} INFO - [2023-04-19T03:34:35.079+0000] {dag.py:3456} INFO - Setting next_dagrun for example_branch_datetime_operator to 2023-04-18T00:00:00+00:00, run_after=2023-04-19T00:00:00+00:00
[2023-04-19T03:34:35.087+0000] {logging_mixin.py:137} INFO - [2023-04-19T03:34:35.087+0000] {dag.py:3456} INFO - Setting next_dagrun for example_branch_datetime_operator_2 to 2023-04-18T00:00:00+00:00, run_after=2023-04-19T00:00:00+00:00
[2023-04-19T03:34:35.092+0000] {logging_mixin.py:137} INFO - [2023-04-19T03:34:35.092+0000] {dag.py:3456} INFO - Setting next_dagrun for example_branch_datetime_operator_3 to 2023-04-18T00:00:00+00:00, run_after=2023-04-19T00:00:00+00:00
[2023-04-19T03:34:35.118+0000] {processor.py:175} INFO - Processing /home/airflow/.local/lib/python3.7/site-packages/airflow/example_dags/example_branch_datetime_operator.py took 0.158 seconds
[2023-04-19T03:35:05.828+0000] {processor.py:153} INFO - Started process (PID=29706) to work on /home/airflow/.local/lib/python3.7/site-packages/airflow/example_dags/example_branch_datetime_operator.py
[2023-04-19T03:35:05.829+0000] {processor.py:743} INFO - Processing file /home/airflow/.local/lib/python3.7/site-packages/airflow/example_dags/example_branch_datetime_operator.py for tasks to queue
[2023-04-19T03:35:05.830+0000] {logging_mixin.py:137} INFO - [2023-04-19T03:35:05.830+0000] {dagbag.py:532} INFO - Filling up the DagBag from /home/airflow/.local/lib/python3.7/site-packages/airflow/example_dags/example_branch_datetime_operator.py
[2023-04-19T03:35:05.862+0000] {processor.py:753} INFO - DAG(s) dict_keys(['example_branch_datetime_operator_3', 'example_branch_datetime_operator', 'example_branch_datetime_operator_2']) retrieved from /home/airflow/.local/lib/python3.7/site-packages/airflow/example_dags/example_branch_datetime_operator.py
[2023-04-19T03:35:05.915+0000] {logging_mixin.py:137} INFO - [2023-04-19T03:35:05.915+0000] {dag.py:2705} INFO - Sync 3 DAGs
[2023-04-19T03:35:05.971+0000] {logging_mixin.py:137} INFO - [2023-04-19T03:35:05.970+0000] {dag.py:3456} INFO - Setting next_dagrun for example_branch_datetime_operator to 2023-04-18T00:00:00+00:00, run_after=2023-04-19T00:00:00+00:00
[2023-04-19T03:35:05.981+0000] {logging_mixin.py:137} INFO - [2023-04-19T03:35:05.981+0000] {dag.py:3456} INFO - Setting next_dagrun for example_branch_datetime_operator_2 to 2023-04-18T00:00:00+00:00, run_after=2023-04-19T00:00:00+00:00
[2023-04-19T03:35:05.987+0000] {logging_mixin.py:137} INFO - [2023-04-19T03:35:05.986+0000] {dag.py:3456} INFO - Setting next_dagrun for example_branch_datetime_operator_3 to 2023-04-18T00:00:00+00:00, run_after=2023-04-19T00:00:00+00:00
[2023-04-19T03:35:06.021+0000] {processor.py:175} INFO - Processing /home/airflow/.local/lib/python3.7/site-packages/airflow/example_dags/example_branch_datetime_operator.py took 0.199 seconds
[2023-04-19T03:35:36.104+0000] {processor.py:153} INFO - Started process (PID=29757) to work on /home/airflow/.local/lib/python3.7/site-packages/airflow/example_dags/example_branch_datetime_operator.py
[2023-04-19T03:35:36.105+0000] {processor.py:743} INFO - Processing file /home/airflow/.local/lib/python3.7/site-packages/airflow/example_dags/example_branch_datetime_operator.py for tasks to queue
[2023-04-19T03:35:36.106+0000] {logging_mixin.py:137} INFO - [2023-04-19T03:35:36.106+0000] {dagbag.py:532} INFO - Filling up the DagBag from /home/airflow/.local/lib/python3.7/site-packages/airflow/example_dags/example_branch_datetime_operator.py
[2023-04-19T03:35:36.128+0000] {processor.py:753} INFO - DAG(s) dict_keys(['example_branch_datetime_operator_2', 'example_branch_datetime_operator_3', 'example_branch_datetime_operator']) retrieved from /home/airflow/.local/lib/python3.7/site-packages/airflow/example_dags/example_branch_datetime_operator.py
[2023-04-19T03:35:36.172+0000] {logging_mixin.py:137} INFO - [2023-04-19T03:35:36.172+0000] {dag.py:2705} INFO - Sync 3 DAGs
[2023-04-19T03:35:36.210+0000] {logging_mixin.py:137} INFO - [2023-04-19T03:35:36.210+0000] {dag.py:3456} INFO - Setting next_dagrun for example_branch_datetime_operator to 2023-04-18T00:00:00+00:00, run_after=2023-04-19T00:00:00+00:00
[2023-04-19T03:35:36.218+0000] {logging_mixin.py:137} INFO - [2023-04-19T03:35:36.218+0000] {dag.py:3456} INFO - Setting next_dagrun for example_branch_datetime_operator_2 to 2023-04-18T00:00:00+00:00, run_after=2023-04-19T00:00:00+00:00
[2023-04-19T03:35:36.222+0000] {logging_mixin.py:137} INFO - [2023-04-19T03:35:36.222+0000] {dag.py:3456} INFO - Setting next_dagrun for example_branch_datetime_operator_3 to 2023-04-18T00:00:00+00:00, run_after=2023-04-19T00:00:00+00:00
[2023-04-19T03:35:36.245+0000] {processor.py:175} INFO - Processing /home/airflow/.local/lib/python3.7/site-packages/airflow/example_dags/example_branch_datetime_operator.py took 0.145 seconds
[2023-04-19T03:36:06.617+0000] {processor.py:153} INFO - Started process (PID=29808) to work on /home/airflow/.local/lib/python3.7/site-packages/airflow/example_dags/example_branch_datetime_operator.py
[2023-04-19T03:36:06.619+0000] {processor.py:743} INFO - Processing file /home/airflow/.local/lib/python3.7/site-packages/airflow/example_dags/example_branch_datetime_operator.py for tasks to queue
[2023-04-19T03:36:06.620+0000] {logging_mixin.py:137} INFO - [2023-04-19T03:36:06.620+0000] {dagbag.py:532} INFO - Filling up the DagBag from /home/airflow/.local/lib/python3.7/site-packages/airflow/example_dags/example_branch_datetime_operator.py
[2023-04-19T03:36:06.652+0000] {processor.py:753} INFO - DAG(s) dict_keys(['example_branch_datetime_operator_3', 'example_branch_datetime_operator', 'example_branch_datetime_operator_2']) retrieved from /home/airflow/.local/lib/python3.7/site-packages/airflow/example_dags/example_branch_datetime_operator.py
[2023-04-19T03:36:06.712+0000] {logging_mixin.py:137} INFO - [2023-04-19T03:36:06.712+0000] {dag.py:2705} INFO - Sync 3 DAGs
[2023-04-19T03:36:06.772+0000] {logging_mixin.py:137} INFO - [2023-04-19T03:36:06.771+0000] {dag.py:3456} INFO - Setting next_dagrun for example_branch_datetime_operator to 2023-04-18T00:00:00+00:00, run_after=2023-04-19T00:00:00+00:00
[2023-04-19T03:36:06.781+0000] {logging_mixin.py:137} INFO - [2023-04-19T03:36:06.781+0000] {dag.py:3456} INFO - Setting next_dagrun for example_branch_datetime_operator_2 to 2023-04-18T00:00:00+00:00, run_after=2023-04-19T00:00:00+00:00
[2023-04-19T03:36:06.787+0000] {logging_mixin.py:137} INFO - [2023-04-19T03:36:06.787+0000] {dag.py:3456} INFO - Setting next_dagrun for example_branch_datetime_operator_3 to 2023-04-18T00:00:00+00:00, run_after=2023-04-19T00:00:00+00:00
[2023-04-19T03:36:06.813+0000] {processor.py:175} INFO - Processing /home/airflow/.local/lib/python3.7/site-packages/airflow/example_dags/example_branch_datetime_operator.py took 0.199 seconds
[2023-04-19T03:36:38.279+0000] {processor.py:153} INFO - Started process (PID=29859) to work on /home/airflow/.local/lib/python3.7/site-packages/airflow/example_dags/example_branch_datetime_operator.py
[2023-04-19T03:36:38.327+0000] {processor.py:743} INFO - Processing file /home/airflow/.local/lib/python3.7/site-packages/airflow/example_dags/example_branch_datetime_operator.py for tasks to queue
[2023-04-19T03:36:38.328+0000] {logging_mixin.py:137} INFO - [2023-04-19T03:36:38.328+0000] {dagbag.py:532} INFO - Filling up the DagBag from /home/airflow/.local/lib/python3.7/site-packages/airflow/example_dags/example_branch_datetime_operator.py
[2023-04-19T03:36:38.350+0000] {processor.py:753} INFO - DAG(s) dict_keys(['example_branch_datetime_operator', 'example_branch_datetime_operator_3', 'example_branch_datetime_operator_2']) retrieved from /home/airflow/.local/lib/python3.7/site-packages/airflow/example_dags/example_branch_datetime_operator.py
[2023-04-19T03:36:38.398+0000] {logging_mixin.py:137} INFO - [2023-04-19T03:36:38.398+0000] {dag.py:2705} INFO - Sync 3 DAGs
[2023-04-19T03:36:38.443+0000] {logging_mixin.py:137} INFO - [2023-04-19T03:36:38.443+0000] {dag.py:3456} INFO - Setting next_dagrun for example_branch_datetime_operator to 2023-04-18T00:00:00+00:00, run_after=2023-04-19T00:00:00+00:00
[2023-04-19T03:36:38.451+0000] {logging_mixin.py:137} INFO - [2023-04-19T03:36:38.450+0000] {dag.py:3456} INFO - Setting next_dagrun for example_branch_datetime_operator_2 to 2023-04-18T00:00:00+00:00, run_after=2023-04-19T00:00:00+00:00
[2023-04-19T03:36:38.454+0000] {logging_mixin.py:137} INFO - [2023-04-19T03:36:38.454+0000] {dag.py:3456} INFO - Setting next_dagrun for example_branch_datetime_operator_3 to 2023-04-18T00:00:00+00:00, run_after=2023-04-19T00:00:00+00:00
[2023-04-19T03:36:38.709+0000] {processor.py:175} INFO - Processing /home/airflow/.local/lib/python3.7/site-packages/airflow/example_dags/example_branch_datetime_operator.py took 0.434 seconds
[2023-04-19T03:37:09.035+0000] {processor.py:153} INFO - Started process (PID=29910) to work on /home/airflow/.local/lib/python3.7/site-packages/airflow/example_dags/example_branch_datetime_operator.py
[2023-04-19T03:37:09.040+0000] {processor.py:743} INFO - Processing file /home/airflow/.local/lib/python3.7/site-packages/airflow/example_dags/example_branch_datetime_operator.py for tasks to queue
[2023-04-19T03:37:09.041+0000] {logging_mixin.py:137} INFO - [2023-04-19T03:37:09.041+0000] {dagbag.py:532} INFO - Filling up the DagBag from /home/airflow/.local/lib/python3.7/site-packages/airflow/example_dags/example_branch_datetime_operator.py
[2023-04-19T03:37:09.064+0000] {processor.py:753} INFO - DAG(s) dict_keys(['example_branch_datetime_operator_3', 'example_branch_datetime_operator_2', 'example_branch_datetime_operator']) retrieved from /home/airflow/.local/lib/python3.7/site-packages/airflow/example_dags/example_branch_datetime_operator.py
[2023-04-19T03:37:09.109+0000] {logging_mixin.py:137} INFO - [2023-04-19T03:37:09.109+0000] {dag.py:2705} INFO - Sync 3 DAGs
[2023-04-19T03:37:09.151+0000] {logging_mixin.py:137} INFO - [2023-04-19T03:37:09.151+0000] {dag.py:3456} INFO - Setting next_dagrun for example_branch_datetime_operator to 2023-04-18T00:00:00+00:00, run_after=2023-04-19T00:00:00+00:00
[2023-04-19T03:37:09.157+0000] {logging_mixin.py:137} INFO - [2023-04-19T03:37:09.157+0000] {dag.py:3456} INFO - Setting next_dagrun for example_branch_datetime_operator_2 to 2023-04-18T00:00:00+00:00, run_after=2023-04-19T00:00:00+00:00
[2023-04-19T03:37:09.161+0000] {logging_mixin.py:137} INFO - [2023-04-19T03:37:09.160+0000] {dag.py:3456} INFO - Setting next_dagrun for example_branch_datetime_operator_3 to 2023-04-18T00:00:00+00:00, run_after=2023-04-19T00:00:00+00:00
[2023-04-19T03:37:09.196+0000] {processor.py:175} INFO - Processing /home/airflow/.local/lib/python3.7/site-packages/airflow/example_dags/example_branch_datetime_operator.py took 0.166 seconds
[2023-04-19T03:37:39.311+0000] {processor.py:153} INFO - Started process (PID=29961) to work on /home/airflow/.local/lib/python3.7/site-packages/airflow/example_dags/example_branch_datetime_operator.py
[2023-04-19T03:37:39.313+0000] {processor.py:743} INFO - Processing file /home/airflow/.local/lib/python3.7/site-packages/airflow/example_dags/example_branch_datetime_operator.py for tasks to queue
[2023-04-19T03:37:39.314+0000] {logging_mixin.py:137} INFO - [2023-04-19T03:37:39.314+0000] {dagbag.py:532} INFO - Filling up the DagBag from /home/airflow/.local/lib/python3.7/site-packages/airflow/example_dags/example_branch_datetime_operator.py
[2023-04-19T03:37:39.339+0000] {processor.py:753} INFO - DAG(s) dict_keys(['example_branch_datetime_operator_2', 'example_branch_datetime_operator_3', 'example_branch_datetime_operator']) retrieved from /home/airflow/.local/lib/python3.7/site-packages/airflow/example_dags/example_branch_datetime_operator.py
[2023-04-19T03:37:39.395+0000] {logging_mixin.py:137} INFO - [2023-04-19T03:37:39.395+0000] {dag.py:2705} INFO - Sync 3 DAGs
[2023-04-19T03:37:39.442+0000] {logging_mixin.py:137} INFO - [2023-04-19T03:37:39.442+0000] {dag.py:3456} INFO - Setting next_dagrun for example_branch_datetime_operator to 2023-04-18T00:00:00+00:00, run_after=2023-04-19T00:00:00+00:00
[2023-04-19T03:37:39.449+0000] {logging_mixin.py:137} INFO - [2023-04-19T03:37:39.449+0000] {dag.py:3456} INFO - Setting next_dagrun for example_branch_datetime_operator_2 to 2023-04-18T00:00:00+00:00, run_after=2023-04-19T00:00:00+00:00
[2023-04-19T03:37:39.453+0000] {logging_mixin.py:137} INFO - [2023-04-19T03:37:39.453+0000] {dag.py:3456} INFO - Setting next_dagrun for example_branch_datetime_operator_3 to 2023-04-18T00:00:00+00:00, run_after=2023-04-19T00:00:00+00:00
[2023-04-19T03:37:39.477+0000] {processor.py:175} INFO - Processing /home/airflow/.local/lib/python3.7/site-packages/airflow/example_dags/example_branch_datetime_operator.py took 0.170 seconds
[2023-04-19T03:38:09.940+0000] {processor.py:153} INFO - Started process (PID=30012) to work on /home/airflow/.local/lib/python3.7/site-packages/airflow/example_dags/example_branch_datetime_operator.py
[2023-04-19T03:38:09.941+0000] {processor.py:743} INFO - Processing file /home/airflow/.local/lib/python3.7/site-packages/airflow/example_dags/example_branch_datetime_operator.py for tasks to queue
[2023-04-19T03:38:09.942+0000] {logging_mixin.py:137} INFO - [2023-04-19T03:38:09.942+0000] {dagbag.py:532} INFO - Filling up the DagBag from /home/airflow/.local/lib/python3.7/site-packages/airflow/example_dags/example_branch_datetime_operator.py
[2023-04-19T03:38:09.963+0000] {processor.py:753} INFO - DAG(s) dict_keys(['example_branch_datetime_operator_3', 'example_branch_datetime_operator_2', 'example_branch_datetime_operator']) retrieved from /home/airflow/.local/lib/python3.7/site-packages/airflow/example_dags/example_branch_datetime_operator.py
[2023-04-19T03:38:10.008+0000] {logging_mixin.py:137} INFO - [2023-04-19T03:38:10.007+0000] {dag.py:2705} INFO - Sync 3 DAGs
[2023-04-19T03:38:10.045+0000] {logging_mixin.py:137} INFO - [2023-04-19T03:38:10.045+0000] {dag.py:3456} INFO - Setting next_dagrun for example_branch_datetime_operator to 2023-04-18T00:00:00+00:00, run_after=2023-04-19T00:00:00+00:00
[2023-04-19T03:38:10.051+0000] {logging_mixin.py:137} INFO - [2023-04-19T03:38:10.051+0000] {dag.py:3456} INFO - Setting next_dagrun for example_branch_datetime_operator_2 to 2023-04-18T00:00:00+00:00, run_after=2023-04-19T00:00:00+00:00
[2023-04-19T03:38:10.055+0000] {logging_mixin.py:137} INFO - [2023-04-19T03:38:10.055+0000] {dag.py:3456} INFO - Setting next_dagrun for example_branch_datetime_operator_3 to 2023-04-18T00:00:00+00:00, run_after=2023-04-19T00:00:00+00:00
[2023-04-19T03:38:10.075+0000] {processor.py:175} INFO - Processing /home/airflow/.local/lib/python3.7/site-packages/airflow/example_dags/example_branch_datetime_operator.py took 0.140 seconds
[2023-04-19T03:38:40.301+0000] {processor.py:153} INFO - Started process (PID=30063) to work on /home/airflow/.local/lib/python3.7/site-packages/airflow/example_dags/example_branch_datetime_operator.py
[2023-04-19T03:38:40.302+0000] {processor.py:743} INFO - Processing file /home/airflow/.local/lib/python3.7/site-packages/airflow/example_dags/example_branch_datetime_operator.py for tasks to queue
[2023-04-19T03:38:40.303+0000] {logging_mixin.py:137} INFO - [2023-04-19T03:38:40.303+0000] {dagbag.py:532} INFO - Filling up the DagBag from /home/airflow/.local/lib/python3.7/site-packages/airflow/example_dags/example_branch_datetime_operator.py
[2023-04-19T03:38:40.327+0000] {processor.py:753} INFO - DAG(s) dict_keys(['example_branch_datetime_operator', 'example_branch_datetime_operator_2', 'example_branch_datetime_operator_3']) retrieved from /home/airflow/.local/lib/python3.7/site-packages/airflow/example_dags/example_branch_datetime_operator.py
[2023-04-19T03:38:40.372+0000] {logging_mixin.py:137} INFO - [2023-04-19T03:38:40.372+0000] {dag.py:2705} INFO - Sync 3 DAGs
[2023-04-19T03:38:40.413+0000] {logging_mixin.py:137} INFO - [2023-04-19T03:38:40.413+0000] {dag.py:3456} INFO - Setting next_dagrun for example_branch_datetime_operator to 2023-04-18T00:00:00+00:00, run_after=2023-04-19T00:00:00+00:00
[2023-04-19T03:38:40.419+0000] {logging_mixin.py:137} INFO - [2023-04-19T03:38:40.419+0000] {dag.py:3456} INFO - Setting next_dagrun for example_branch_datetime_operator_2 to 2023-04-18T00:00:00+00:00, run_after=2023-04-19T00:00:00+00:00
[2023-04-19T03:38:40.423+0000] {logging_mixin.py:137} INFO - [2023-04-19T03:38:40.423+0000] {dag.py:3456} INFO - Setting next_dagrun for example_branch_datetime_operator_3 to 2023-04-18T00:00:00+00:00, run_after=2023-04-19T00:00:00+00:00
[2023-04-19T03:38:40.446+0000] {processor.py:175} INFO - Processing /home/airflow/.local/lib/python3.7/site-packages/airflow/example_dags/example_branch_datetime_operator.py took 0.149 seconds
[2023-04-19T03:39:10.872+0000] {processor.py:153} INFO - Started process (PID=30114) to work on /home/airflow/.local/lib/python3.7/site-packages/airflow/example_dags/example_branch_datetime_operator.py
[2023-04-19T03:39:10.874+0000] {processor.py:743} INFO - Processing file /home/airflow/.local/lib/python3.7/site-packages/airflow/example_dags/example_branch_datetime_operator.py for tasks to queue
[2023-04-19T03:39:10.875+0000] {logging_mixin.py:137} INFO - [2023-04-19T03:39:10.875+0000] {dagbag.py:532} INFO - Filling up the DagBag from /home/airflow/.local/lib/python3.7/site-packages/airflow/example_dags/example_branch_datetime_operator.py
[2023-04-19T03:39:10.925+0000] {processor.py:753} INFO - DAG(s) dict_keys(['example_branch_datetime_operator_3', 'example_branch_datetime_operator_2', 'example_branch_datetime_operator']) retrieved from /home/airflow/.local/lib/python3.7/site-packages/airflow/example_dags/example_branch_datetime_operator.py
[2023-04-19T03:39:10.996+0000] {logging_mixin.py:137} INFO - [2023-04-19T03:39:10.995+0000] {dag.py:2705} INFO - Sync 3 DAGs
[2023-04-19T03:39:11.052+0000] {logging_mixin.py:137} INFO - [2023-04-19T03:39:11.051+0000] {dag.py:3456} INFO - Setting next_dagrun for example_branch_datetime_operator to 2023-04-18T00:00:00+00:00, run_after=2023-04-19T00:00:00+00:00
[2023-04-19T03:39:11.061+0000] {logging_mixin.py:137} INFO - [2023-04-19T03:39:11.061+0000] {dag.py:3456} INFO - Setting next_dagrun for example_branch_datetime_operator_2 to 2023-04-18T00:00:00+00:00, run_after=2023-04-19T00:00:00+00:00
[2023-04-19T03:39:11.067+0000] {logging_mixin.py:137} INFO - [2023-04-19T03:39:11.067+0000] {dag.py:3456} INFO - Setting next_dagrun for example_branch_datetime_operator_3 to 2023-04-18T00:00:00+00:00, run_after=2023-04-19T00:00:00+00:00
[2023-04-19T03:39:11.097+0000] {processor.py:175} INFO - Processing /home/airflow/.local/lib/python3.7/site-packages/airflow/example_dags/example_branch_datetime_operator.py took 0.230 seconds
[2023-04-19T03:39:41.145+0000] {processor.py:153} INFO - Started process (PID=30165) to work on /home/airflow/.local/lib/python3.7/site-packages/airflow/example_dags/example_branch_datetime_operator.py
[2023-04-19T03:39:41.147+0000] {processor.py:743} INFO - Processing file /home/airflow/.local/lib/python3.7/site-packages/airflow/example_dags/example_branch_datetime_operator.py for tasks to queue
[2023-04-19T03:39:41.148+0000] {logging_mixin.py:137} INFO - [2023-04-19T03:39:41.148+0000] {dagbag.py:532} INFO - Filling up the DagBag from /home/airflow/.local/lib/python3.7/site-packages/airflow/example_dags/example_branch_datetime_operator.py
[2023-04-19T03:39:41.191+0000] {processor.py:753} INFO - DAG(s) dict_keys(['example_branch_datetime_operator_2', 'example_branch_datetime_operator', 'example_branch_datetime_operator_3']) retrieved from /home/airflow/.local/lib/python3.7/site-packages/airflow/example_dags/example_branch_datetime_operator.py
[2023-04-19T03:39:41.288+0000] {logging_mixin.py:137} INFO - [2023-04-19T03:39:41.288+0000] {dag.py:2705} INFO - Sync 3 DAGs
[2023-04-19T03:39:41.341+0000] {logging_mixin.py:137} INFO - [2023-04-19T03:39:41.340+0000] {dag.py:3456} INFO - Setting next_dagrun for example_branch_datetime_operator to 2023-04-18T00:00:00+00:00, run_after=2023-04-19T00:00:00+00:00
[2023-04-19T03:39:41.348+0000] {logging_mixin.py:137} INFO - [2023-04-19T03:39:41.348+0000] {dag.py:3456} INFO - Setting next_dagrun for example_branch_datetime_operator_2 to 2023-04-18T00:00:00+00:00, run_after=2023-04-19T00:00:00+00:00
[2023-04-19T03:39:41.352+0000] {logging_mixin.py:137} INFO - [2023-04-19T03:39:41.352+0000] {dag.py:3456} INFO - Setting next_dagrun for example_branch_datetime_operator_3 to 2023-04-18T00:00:00+00:00, run_after=2023-04-19T00:00:00+00:00
[2023-04-19T03:39:41.378+0000] {processor.py:175} INFO - Processing /home/airflow/.local/lib/python3.7/site-packages/airflow/example_dags/example_branch_datetime_operator.py took 0.239 seconds
[2023-04-19T03:40:11.532+0000] {processor.py:153} INFO - Started process (PID=30216) to work on /home/airflow/.local/lib/python3.7/site-packages/airflow/example_dags/example_branch_datetime_operator.py
[2023-04-19T03:40:11.533+0000] {processor.py:743} INFO - Processing file /home/airflow/.local/lib/python3.7/site-packages/airflow/example_dags/example_branch_datetime_operator.py for tasks to queue
[2023-04-19T03:40:11.534+0000] {logging_mixin.py:137} INFO - [2023-04-19T03:40:11.534+0000] {dagbag.py:532} INFO - Filling up the DagBag from /home/airflow/.local/lib/python3.7/site-packages/airflow/example_dags/example_branch_datetime_operator.py
[2023-04-19T03:40:11.575+0000] {processor.py:753} INFO - DAG(s) dict_keys(['example_branch_datetime_operator', 'example_branch_datetime_operator_3', 'example_branch_datetime_operator_2']) retrieved from /home/airflow/.local/lib/python3.7/site-packages/airflow/example_dags/example_branch_datetime_operator.py
[2023-04-19T03:40:11.615+0000] {logging_mixin.py:137} INFO - [2023-04-19T03:40:11.615+0000] {dag.py:2705} INFO - Sync 3 DAGs
[2023-04-19T03:40:11.650+0000] {logging_mixin.py:137} INFO - [2023-04-19T03:40:11.649+0000] {dag.py:3456} INFO - Setting next_dagrun for example_branch_datetime_operator to 2023-04-18T00:00:00+00:00, run_after=2023-04-19T00:00:00+00:00
[2023-04-19T03:40:11.656+0000] {logging_mixin.py:137} INFO - [2023-04-19T03:40:11.656+0000] {dag.py:3456} INFO - Setting next_dagrun for example_branch_datetime_operator_2 to 2023-04-18T00:00:00+00:00, run_after=2023-04-19T00:00:00+00:00
[2023-04-19T03:40:11.659+0000] {logging_mixin.py:137} INFO - [2023-04-19T03:40:11.659+0000] {dag.py:3456} INFO - Setting next_dagrun for example_branch_datetime_operator_3 to 2023-04-18T00:00:00+00:00, run_after=2023-04-19T00:00:00+00:00
[2023-04-19T03:40:11.693+0000] {processor.py:175} INFO - Processing /home/airflow/.local/lib/python3.7/site-packages/airflow/example_dags/example_branch_datetime_operator.py took 0.167 seconds
[2023-04-19T03:40:41.750+0000] {processor.py:153} INFO - Started process (PID=30267) to work on /home/airflow/.local/lib/python3.7/site-packages/airflow/example_dags/example_branch_datetime_operator.py
[2023-04-19T03:40:41.751+0000] {processor.py:743} INFO - Processing file /home/airflow/.local/lib/python3.7/site-packages/airflow/example_dags/example_branch_datetime_operator.py for tasks to queue
[2023-04-19T03:40:41.751+0000] {logging_mixin.py:137} INFO - [2023-04-19T03:40:41.751+0000] {dagbag.py:532} INFO - Filling up the DagBag from /home/airflow/.local/lib/python3.7/site-packages/airflow/example_dags/example_branch_datetime_operator.py
[2023-04-19T03:40:41.773+0000] {processor.py:753} INFO - DAG(s) dict_keys(['example_branch_datetime_operator', 'example_branch_datetime_operator_2', 'example_branch_datetime_operator_3']) retrieved from /home/airflow/.local/lib/python3.7/site-packages/airflow/example_dags/example_branch_datetime_operator.py
[2023-04-19T03:40:41.812+0000] {logging_mixin.py:137} INFO - [2023-04-19T03:40:41.812+0000] {dag.py:2705} INFO - Sync 3 DAGs
[2023-04-19T03:40:41.847+0000] {logging_mixin.py:137} INFO - [2023-04-19T03:40:41.847+0000] {dag.py:3456} INFO - Setting next_dagrun for example_branch_datetime_operator to 2023-04-18T00:00:00+00:00, run_after=2023-04-19T00:00:00+00:00
[2023-04-19T03:40:41.853+0000] {logging_mixin.py:137} INFO - [2023-04-19T03:40:41.853+0000] {dag.py:3456} INFO - Setting next_dagrun for example_branch_datetime_operator_2 to 2023-04-18T00:00:00+00:00, run_after=2023-04-19T00:00:00+00:00
[2023-04-19T03:40:41.857+0000] {logging_mixin.py:137} INFO - [2023-04-19T03:40:41.857+0000] {dag.py:3456} INFO - Setting next_dagrun for example_branch_datetime_operator_3 to 2023-04-18T00:00:00+00:00, run_after=2023-04-19T00:00:00+00:00
[2023-04-19T03:40:41.892+0000] {processor.py:175} INFO - Processing /home/airflow/.local/lib/python3.7/site-packages/airflow/example_dags/example_branch_datetime_operator.py took 0.146 seconds
