[2023-04-19T03:34:05.042+0000] {processor.py:153} INFO - Started process (PID=29611) to work on /home/airflow/.local/lib/python3.7/site-packages/airflow/example_dags/example_branch_python_dop_operator_3.py
[2023-04-19T03:34:05.043+0000] {processor.py:743} INFO - Processing file /home/airflow/.local/lib/python3.7/site-packages/airflow/example_dags/example_branch_python_dop_operator_3.py for tasks to queue
[2023-04-19T03:34:05.044+0000] {logging_mixin.py:137} INFO - [2023-04-19T03:34:05.043+0000] {dagbag.py:532} INFO - Filling up the DagBag from /home/airflow/.local/lib/python3.7/site-packages/airflow/example_dags/example_branch_python_dop_operator_3.py
[2023-04-19T03:34:05.078+0000] {processor.py:753} INFO - DAG(s) dict_keys(['example_branch_dop_operator_v3']) retrieved from /home/airflow/.local/lib/python3.7/site-packages/airflow/example_dags/example_branch_python_dop_operator_3.py
[2023-04-19T03:34:05.118+0000] {logging_mixin.py:137} INFO - [2023-04-19T03:34:05.118+0000] {dag.py:2705} INFO - Sync 1 DAGs
[2023-04-19T03:34:05.179+0000] {logging_mixin.py:137} INFO - [2023-04-19T03:34:05.179+0000] {dag.py:3456} INFO - Setting next_dagrun for example_branch_dop_operator_v3 to 2023-04-19T03:33:00+00:00, run_after=2023-04-19T03:34:00+00:00
[2023-04-19T03:34:05.223+0000] {processor.py:175} INFO - Processing /home/airflow/.local/lib/python3.7/site-packages/airflow/example_dags/example_branch_python_dop_operator_3.py took 0.186 seconds
[2023-04-19T03:34:35.612+0000] {processor.py:153} INFO - Started process (PID=29662) to work on /home/airflow/.local/lib/python3.7/site-packages/airflow/example_dags/example_branch_python_dop_operator_3.py
[2023-04-19T03:34:35.613+0000] {processor.py:743} INFO - Processing file /home/airflow/.local/lib/python3.7/site-packages/airflow/example_dags/example_branch_python_dop_operator_3.py for tasks to queue
[2023-04-19T03:34:35.615+0000] {logging_mixin.py:137} INFO - [2023-04-19T03:34:35.614+0000] {dagbag.py:532} INFO - Filling up the DagBag from /home/airflow/.local/lib/python3.7/site-packages/airflow/example_dags/example_branch_python_dop_operator_3.py
[2023-04-19T03:34:35.652+0000] {processor.py:753} INFO - DAG(s) dict_keys(['example_branch_dop_operator_v3']) retrieved from /home/airflow/.local/lib/python3.7/site-packages/airflow/example_dags/example_branch_python_dop_operator_3.py
[2023-04-19T03:34:35.691+0000] {logging_mixin.py:137} INFO - [2023-04-19T03:34:35.690+0000] {dag.py:2705} INFO - Sync 1 DAGs
[2023-04-19T03:34:35.747+0000] {logging_mixin.py:137} INFO - [2023-04-19T03:34:35.747+0000] {dag.py:3456} INFO - Setting next_dagrun for example_branch_dop_operator_v3 to 2023-04-19T03:33:00+00:00, run_after=2023-04-19T03:34:00+00:00
[2023-04-19T03:34:35.781+0000] {processor.py:175} INFO - Processing /home/airflow/.local/lib/python3.7/site-packages/airflow/example_dags/example_branch_python_dop_operator_3.py took 0.173 seconds
[2023-04-19T03:35:06.526+0000] {processor.py:153} INFO - Started process (PID=29713) to work on /home/airflow/.local/lib/python3.7/site-packages/airflow/example_dags/example_branch_python_dop_operator_3.py
[2023-04-19T03:35:06.528+0000] {processor.py:743} INFO - Processing file /home/airflow/.local/lib/python3.7/site-packages/airflow/example_dags/example_branch_python_dop_operator_3.py for tasks to queue
[2023-04-19T03:35:06.528+0000] {logging_mixin.py:137} INFO - [2023-04-19T03:35:06.528+0000] {dagbag.py:532} INFO - Filling up the DagBag from /home/airflow/.local/lib/python3.7/site-packages/airflow/example_dags/example_branch_python_dop_operator_3.py
[2023-04-19T03:35:06.563+0000] {processor.py:753} INFO - DAG(s) dict_keys(['example_branch_dop_operator_v3']) retrieved from /home/airflow/.local/lib/python3.7/site-packages/airflow/example_dags/example_branch_python_dop_operator_3.py
[2023-04-19T03:35:06.597+0000] {logging_mixin.py:137} INFO - [2023-04-19T03:35:06.597+0000] {dag.py:2705} INFO - Sync 1 DAGs
[2023-04-19T03:35:06.645+0000] {logging_mixin.py:137} INFO - [2023-04-19T03:35:06.645+0000] {dag.py:3456} INFO - Setting next_dagrun for example_branch_dop_operator_v3 to 2023-04-19T03:34:00+00:00, run_after=2023-04-19T03:35:00+00:00
[2023-04-19T03:35:06.681+0000] {processor.py:175} INFO - Processing /home/airflow/.local/lib/python3.7/site-packages/airflow/example_dags/example_branch_python_dop_operator_3.py took 0.159 seconds
[2023-04-19T03:35:36.811+0000] {processor.py:153} INFO - Started process (PID=29764) to work on /home/airflow/.local/lib/python3.7/site-packages/airflow/example_dags/example_branch_python_dop_operator_3.py
[2023-04-19T03:35:36.812+0000] {processor.py:743} INFO - Processing file /home/airflow/.local/lib/python3.7/site-packages/airflow/example_dags/example_branch_python_dop_operator_3.py for tasks to queue
[2023-04-19T03:35:36.813+0000] {logging_mixin.py:137} INFO - [2023-04-19T03:35:36.813+0000] {dagbag.py:532} INFO - Filling up the DagBag from /home/airflow/.local/lib/python3.7/site-packages/airflow/example_dags/example_branch_python_dop_operator_3.py
[2023-04-19T03:35:36.849+0000] {processor.py:753} INFO - DAG(s) dict_keys(['example_branch_dop_operator_v3']) retrieved from /home/airflow/.local/lib/python3.7/site-packages/airflow/example_dags/example_branch_python_dop_operator_3.py
[2023-04-19T03:35:36.882+0000] {logging_mixin.py:137} INFO - [2023-04-19T03:35:36.882+0000] {dag.py:2705} INFO - Sync 1 DAGs
[2023-04-19T03:35:36.932+0000] {logging_mixin.py:137} INFO - [2023-04-19T03:35:36.932+0000] {dag.py:3456} INFO - Setting next_dagrun for example_branch_dop_operator_v3 to 2023-04-19T03:34:00+00:00, run_after=2023-04-19T03:35:00+00:00
[2023-04-19T03:35:36.960+0000] {processor.py:175} INFO - Processing /home/airflow/.local/lib/python3.7/site-packages/airflow/example_dags/example_branch_python_dop_operator_3.py took 0.153 seconds
[2023-04-19T03:36:07.283+0000] {processor.py:153} INFO - Started process (PID=29815) to work on /home/airflow/.local/lib/python3.7/site-packages/airflow/example_dags/example_branch_python_dop_operator_3.py
[2023-04-19T03:36:07.285+0000] {processor.py:743} INFO - Processing file /home/airflow/.local/lib/python3.7/site-packages/airflow/example_dags/example_branch_python_dop_operator_3.py for tasks to queue
[2023-04-19T03:36:07.285+0000] {logging_mixin.py:137} INFO - [2023-04-19T03:36:07.285+0000] {dagbag.py:532} INFO - Filling up the DagBag from /home/airflow/.local/lib/python3.7/site-packages/airflow/example_dags/example_branch_python_dop_operator_3.py
[2023-04-19T03:36:07.319+0000] {processor.py:753} INFO - DAG(s) dict_keys(['example_branch_dop_operator_v3']) retrieved from /home/airflow/.local/lib/python3.7/site-packages/airflow/example_dags/example_branch_python_dop_operator_3.py
[2023-04-19T03:36:07.356+0000] {logging_mixin.py:137} INFO - [2023-04-19T03:36:07.356+0000] {dag.py:2705} INFO - Sync 1 DAGs
[2023-04-19T03:36:07.409+0000] {logging_mixin.py:137} INFO - [2023-04-19T03:36:07.409+0000] {dag.py:3456} INFO - Setting next_dagrun for example_branch_dop_operator_v3 to 2023-04-19T03:35:00+00:00, run_after=2023-04-19T03:36:00+00:00
[2023-04-19T03:36:07.441+0000] {processor.py:175} INFO - Processing /home/airflow/.local/lib/python3.7/site-packages/airflow/example_dags/example_branch_python_dop_operator_3.py took 0.163 seconds
[2023-04-19T03:36:40.267+0000] {processor.py:153} INFO - Started process (PID=29866) to work on /home/airflow/.local/lib/python3.7/site-packages/airflow/example_dags/example_branch_python_dop_operator_3.py
[2023-04-19T03:36:40.268+0000] {processor.py:743} INFO - Processing file /home/airflow/.local/lib/python3.7/site-packages/airflow/example_dags/example_branch_python_dop_operator_3.py for tasks to queue
[2023-04-19T03:36:40.269+0000] {logging_mixin.py:137} INFO - [2023-04-19T03:36:40.269+0000] {dagbag.py:532} INFO - Filling up the DagBag from /home/airflow/.local/lib/python3.7/site-packages/airflow/example_dags/example_branch_python_dop_operator_3.py
[2023-04-19T03:36:40.307+0000] {processor.py:753} INFO - DAG(s) dict_keys(['example_branch_dop_operator_v3']) retrieved from /home/airflow/.local/lib/python3.7/site-packages/airflow/example_dags/example_branch_python_dop_operator_3.py
[2023-04-19T03:36:40.342+0000] {logging_mixin.py:137} INFO - [2023-04-19T03:36:40.342+0000] {dag.py:2705} INFO - Sync 1 DAGs
[2023-04-19T03:36:40.396+0000] {logging_mixin.py:137} INFO - [2023-04-19T03:36:40.396+0000] {dag.py:3456} INFO - Setting next_dagrun for example_branch_dop_operator_v3 to 2023-04-19T03:35:00+00:00, run_after=2023-04-19T03:36:00+00:00
[2023-04-19T03:36:40.432+0000] {processor.py:175} INFO - Processing /home/airflow/.local/lib/python3.7/site-packages/airflow/example_dags/example_branch_python_dop_operator_3.py took 0.170 seconds
[2023-04-19T03:37:10.683+0000] {processor.py:153} INFO - Started process (PID=29917) to work on /home/airflow/.local/lib/python3.7/site-packages/airflow/example_dags/example_branch_python_dop_operator_3.py
[2023-04-19T03:37:10.722+0000] {processor.py:743} INFO - Processing file /home/airflow/.local/lib/python3.7/site-packages/airflow/example_dags/example_branch_python_dop_operator_3.py for tasks to queue
[2023-04-19T03:37:10.723+0000] {logging_mixin.py:137} INFO - [2023-04-19T03:37:10.722+0000] {dagbag.py:532} INFO - Filling up the DagBag from /home/airflow/.local/lib/python3.7/site-packages/airflow/example_dags/example_branch_python_dop_operator_3.py
[2023-04-19T03:37:10.753+0000] {processor.py:753} INFO - DAG(s) dict_keys(['example_branch_dop_operator_v3']) retrieved from /home/airflow/.local/lib/python3.7/site-packages/airflow/example_dags/example_branch_python_dop_operator_3.py
[2023-04-19T03:37:10.783+0000] {logging_mixin.py:137} INFO - [2023-04-19T03:37:10.782+0000] {dag.py:2705} INFO - Sync 1 DAGs
[2023-04-19T03:37:10.829+0000] {logging_mixin.py:137} INFO - [2023-04-19T03:37:10.829+0000] {dag.py:3456} INFO - Setting next_dagrun for example_branch_dop_operator_v3 to 2023-04-19T03:36:00+00:00, run_after=2023-04-19T03:37:00+00:00
[2023-04-19T03:37:10.876+0000] {processor.py:175} INFO - Processing /home/airflow/.local/lib/python3.7/site-packages/airflow/example_dags/example_branch_python_dop_operator_3.py took 0.197 seconds
[2023-04-19T03:37:41.015+0000] {processor.py:153} INFO - Started process (PID=29968) to work on /home/airflow/.local/lib/python3.7/site-packages/airflow/example_dags/example_branch_python_dop_operator_3.py
[2023-04-19T03:37:41.016+0000] {processor.py:743} INFO - Processing file /home/airflow/.local/lib/python3.7/site-packages/airflow/example_dags/example_branch_python_dop_operator_3.py for tasks to queue
[2023-04-19T03:37:41.016+0000] {logging_mixin.py:137} INFO - [2023-04-19T03:37:41.016+0000] {dagbag.py:532} INFO - Filling up the DagBag from /home/airflow/.local/lib/python3.7/site-packages/airflow/example_dags/example_branch_python_dop_operator_3.py
[2023-04-19T03:37:41.046+0000] {processor.py:753} INFO - DAG(s) dict_keys(['example_branch_dop_operator_v3']) retrieved from /home/airflow/.local/lib/python3.7/site-packages/airflow/example_dags/example_branch_python_dop_operator_3.py
[2023-04-19T03:37:41.078+0000] {logging_mixin.py:137} INFO - [2023-04-19T03:37:41.078+0000] {dag.py:2705} INFO - Sync 1 DAGs
[2023-04-19T03:37:41.126+0000] {logging_mixin.py:137} INFO - [2023-04-19T03:37:41.126+0000] {dag.py:3456} INFO - Setting next_dagrun for example_branch_dop_operator_v3 to 2023-04-19T03:36:00+00:00, run_after=2023-04-19T03:37:00+00:00
[2023-04-19T03:37:41.163+0000] {processor.py:175} INFO - Processing /home/airflow/.local/lib/python3.7/site-packages/airflow/example_dags/example_branch_python_dop_operator_3.py took 0.153 seconds
[2023-04-19T03:38:11.577+0000] {processor.py:153} INFO - Started process (PID=30019) to work on /home/airflow/.local/lib/python3.7/site-packages/airflow/example_dags/example_branch_python_dop_operator_3.py
[2023-04-19T03:38:11.578+0000] {processor.py:743} INFO - Processing file /home/airflow/.local/lib/python3.7/site-packages/airflow/example_dags/example_branch_python_dop_operator_3.py for tasks to queue
[2023-04-19T03:38:11.579+0000] {logging_mixin.py:137} INFO - [2023-04-19T03:38:11.578+0000] {dagbag.py:532} INFO - Filling up the DagBag from /home/airflow/.local/lib/python3.7/site-packages/airflow/example_dags/example_branch_python_dop_operator_3.py
[2023-04-19T03:38:11.611+0000] {processor.py:753} INFO - DAG(s) dict_keys(['example_branch_dop_operator_v3']) retrieved from /home/airflow/.local/lib/python3.7/site-packages/airflow/example_dags/example_branch_python_dop_operator_3.py
[2023-04-19T03:38:11.643+0000] {logging_mixin.py:137} INFO - [2023-04-19T03:38:11.643+0000] {dag.py:2705} INFO - Sync 1 DAGs
[2023-04-19T03:38:11.688+0000] {logging_mixin.py:137} INFO - [2023-04-19T03:38:11.687+0000] {dag.py:3456} INFO - Setting next_dagrun for example_branch_dop_operator_v3 to 2023-04-19T03:37:00+00:00, run_after=2023-04-19T03:38:00+00:00
[2023-04-19T03:38:11.713+0000] {processor.py:175} INFO - Processing /home/airflow/.local/lib/python3.7/site-packages/airflow/example_dags/example_branch_python_dop_operator_3.py took 0.141 seconds
[2023-04-19T03:38:41.932+0000] {processor.py:153} INFO - Started process (PID=30070) to work on /home/airflow/.local/lib/python3.7/site-packages/airflow/example_dags/example_branch_python_dop_operator_3.py
[2023-04-19T03:38:41.933+0000] {processor.py:743} INFO - Processing file /home/airflow/.local/lib/python3.7/site-packages/airflow/example_dags/example_branch_python_dop_operator_3.py for tasks to queue
[2023-04-19T03:38:41.935+0000] {logging_mixin.py:137} INFO - [2023-04-19T03:38:41.934+0000] {dagbag.py:532} INFO - Filling up the DagBag from /home/airflow/.local/lib/python3.7/site-packages/airflow/example_dags/example_branch_python_dop_operator_3.py
[2023-04-19T03:38:41.981+0000] {processor.py:753} INFO - DAG(s) dict_keys(['example_branch_dop_operator_v3']) retrieved from /home/airflow/.local/lib/python3.7/site-packages/airflow/example_dags/example_branch_python_dop_operator_3.py
[2023-04-19T03:38:42.014+0000] {logging_mixin.py:137} INFO - [2023-04-19T03:38:42.014+0000] {dag.py:2705} INFO - Sync 1 DAGs
[2023-04-19T03:38:42.058+0000] {logging_mixin.py:137} INFO - [2023-04-19T03:38:42.057+0000] {dag.py:3456} INFO - Setting next_dagrun for example_branch_dop_operator_v3 to 2023-04-19T03:37:00+00:00, run_after=2023-04-19T03:38:00+00:00
[2023-04-19T03:38:42.085+0000] {processor.py:175} INFO - Processing /home/airflow/.local/lib/python3.7/site-packages/airflow/example_dags/example_branch_python_dop_operator_3.py took 0.161 seconds
[2023-04-19T03:39:12.645+0000] {processor.py:153} INFO - Started process (PID=30121) to work on /home/airflow/.local/lib/python3.7/site-packages/airflow/example_dags/example_branch_python_dop_operator_3.py
[2023-04-19T03:39:12.645+0000] {processor.py:743} INFO - Processing file /home/airflow/.local/lib/python3.7/site-packages/airflow/example_dags/example_branch_python_dop_operator_3.py for tasks to queue
[2023-04-19T03:39:12.646+0000] {logging_mixin.py:137} INFO - [2023-04-19T03:39:12.646+0000] {dagbag.py:532} INFO - Filling up the DagBag from /home/airflow/.local/lib/python3.7/site-packages/airflow/example_dags/example_branch_python_dop_operator_3.py
[2023-04-19T03:39:12.674+0000] {processor.py:753} INFO - DAG(s) dict_keys(['example_branch_dop_operator_v3']) retrieved from /home/airflow/.local/lib/python3.7/site-packages/airflow/example_dags/example_branch_python_dop_operator_3.py
[2023-04-19T03:39:12.709+0000] {logging_mixin.py:137} INFO - [2023-04-19T03:39:12.709+0000] {dag.py:2705} INFO - Sync 1 DAGs
[2023-04-19T03:39:12.758+0000] {logging_mixin.py:137} INFO - [2023-04-19T03:39:12.758+0000] {dag.py:3456} INFO - Setting next_dagrun for example_branch_dop_operator_v3 to 2023-04-19T03:38:00+00:00, run_after=2023-04-19T03:39:00+00:00
[2023-04-19T03:39:12.787+0000] {processor.py:175} INFO - Processing /home/airflow/.local/lib/python3.7/site-packages/airflow/example_dags/example_branch_python_dop_operator_3.py took 0.146 seconds
[2023-04-19T03:39:42.956+0000] {processor.py:153} INFO - Started process (PID=30172) to work on /home/airflow/.local/lib/python3.7/site-packages/airflow/example_dags/example_branch_python_dop_operator_3.py
[2023-04-19T03:39:42.957+0000] {processor.py:743} INFO - Processing file /home/airflow/.local/lib/python3.7/site-packages/airflow/example_dags/example_branch_python_dop_operator_3.py for tasks to queue
[2023-04-19T03:39:42.958+0000] {logging_mixin.py:137} INFO - [2023-04-19T03:39:42.958+0000] {dagbag.py:532} INFO - Filling up the DagBag from /home/airflow/.local/lib/python3.7/site-packages/airflow/example_dags/example_branch_python_dop_operator_3.py
[2023-04-19T03:39:42.996+0000] {processor.py:753} INFO - DAG(s) dict_keys(['example_branch_dop_operator_v3']) retrieved from /home/airflow/.local/lib/python3.7/site-packages/airflow/example_dags/example_branch_python_dop_operator_3.py
[2023-04-19T03:39:43.037+0000] {logging_mixin.py:137} INFO - [2023-04-19T03:39:43.037+0000] {dag.py:2705} INFO - Sync 1 DAGs
[2023-04-19T03:39:43.093+0000] {logging_mixin.py:137} INFO - [2023-04-19T03:39:43.093+0000] {dag.py:3456} INFO - Setting next_dagrun for example_branch_dop_operator_v3 to 2023-04-19T03:38:00+00:00, run_after=2023-04-19T03:39:00+00:00
[2023-04-19T03:39:43.126+0000] {processor.py:175} INFO - Processing /home/airflow/.local/lib/python3.7/site-packages/airflow/example_dags/example_branch_python_dop_operator_3.py took 0.174 seconds
[2023-04-19T03:40:13.403+0000] {processor.py:153} INFO - Started process (PID=30223) to work on /home/airflow/.local/lib/python3.7/site-packages/airflow/example_dags/example_branch_python_dop_operator_3.py
[2023-04-19T03:40:13.404+0000] {processor.py:743} INFO - Processing file /home/airflow/.local/lib/python3.7/site-packages/airflow/example_dags/example_branch_python_dop_operator_3.py for tasks to queue
[2023-04-19T03:40:13.404+0000] {logging_mixin.py:137} INFO - [2023-04-19T03:40:13.404+0000] {dagbag.py:532} INFO - Filling up the DagBag from /home/airflow/.local/lib/python3.7/site-packages/airflow/example_dags/example_branch_python_dop_operator_3.py
[2023-04-19T03:40:13.444+0000] {processor.py:753} INFO - DAG(s) dict_keys(['example_branch_dop_operator_v3']) retrieved from /home/airflow/.local/lib/python3.7/site-packages/airflow/example_dags/example_branch_python_dop_operator_3.py
[2023-04-19T03:40:13.482+0000] {logging_mixin.py:137} INFO - [2023-04-19T03:40:13.482+0000] {dag.py:2705} INFO - Sync 1 DAGs
[2023-04-19T03:40:13.535+0000] {logging_mixin.py:137} INFO - [2023-04-19T03:40:13.535+0000] {dag.py:3456} INFO - Setting next_dagrun for example_branch_dop_operator_v3 to 2023-04-19T03:39:00+00:00, run_after=2023-04-19T03:40:00+00:00
[2023-04-19T03:40:13.568+0000] {processor.py:175} INFO - Processing /home/airflow/.local/lib/python3.7/site-packages/airflow/example_dags/example_branch_python_dop_operator_3.py took 0.169 seconds
[2023-04-19T03:40:43.675+0000] {processor.py:153} INFO - Started process (PID=30274) to work on /home/airflow/.local/lib/python3.7/site-packages/airflow/example_dags/example_branch_python_dop_operator_3.py
[2023-04-19T03:40:43.676+0000] {processor.py:743} INFO - Processing file /home/airflow/.local/lib/python3.7/site-packages/airflow/example_dags/example_branch_python_dop_operator_3.py for tasks to queue
[2023-04-19T03:40:43.677+0000] {logging_mixin.py:137} INFO - [2023-04-19T03:40:43.677+0000] {dagbag.py:532} INFO - Filling up the DagBag from /home/airflow/.local/lib/python3.7/site-packages/airflow/example_dags/example_branch_python_dop_operator_3.py
[2023-04-19T03:40:43.705+0000] {processor.py:753} INFO - DAG(s) dict_keys(['example_branch_dop_operator_v3']) retrieved from /home/airflow/.local/lib/python3.7/site-packages/airflow/example_dags/example_branch_python_dop_operator_3.py
[2023-04-19T03:40:43.740+0000] {logging_mixin.py:137} INFO - [2023-04-19T03:40:43.740+0000] {dag.py:2705} INFO - Sync 1 DAGs
[2023-04-19T03:40:43.784+0000] {logging_mixin.py:137} INFO - [2023-04-19T03:40:43.784+0000] {dag.py:3456} INFO - Setting next_dagrun for example_branch_dop_operator_v3 to 2023-04-19T03:39:00+00:00, run_after=2023-04-19T03:40:00+00:00
[2023-04-19T03:40:43.822+0000] {processor.py:175} INFO - Processing /home/airflow/.local/lib/python3.7/site-packages/airflow/example_dags/example_branch_python_dop_operator_3.py took 0.150 seconds
