[2023-04-19T03:34:07.033+0000] {processor.py:153} INFO - Started process (PID=29627) to work on /home/airflow/.local/lib/python3.7/site-packages/airflow/example_dags/example_short_circuit_decorator.py
[2023-04-19T03:34:07.034+0000] {processor.py:743} INFO - Processing file /home/airflow/.local/lib/python3.7/site-packages/airflow/example_dags/example_short_circuit_decorator.py for tasks to queue
[2023-04-19T03:34:07.034+0000] {logging_mixin.py:137} INFO - [2023-04-19T03:34:07.034+0000] {dagbag.py:532} INFO - Filling up the DagBag from /home/airflow/.local/lib/python3.7/site-packages/airflow/example_dags/example_short_circuit_decorator.py
[2023-04-19T03:34:07.070+0000] {processor.py:753} INFO - DAG(s) dict_keys(['example_short_circuit_decorator']) retrieved from /home/airflow/.local/lib/python3.7/site-packages/airflow/example_dags/example_short_circuit_decorator.py
[2023-04-19T03:34:07.113+0000] {logging_mixin.py:137} INFO - [2023-04-19T03:34:07.113+0000] {dag.py:2705} INFO - Sync 1 DAGs
[2023-04-19T03:34:07.155+0000] {logging_mixin.py:137} INFO - [2023-04-19T03:34:07.155+0000] {dag.py:3456} INFO - Setting next_dagrun for example_short_circuit_decorator to 2023-04-18T03:34:07.155120+00:00, run_after=2023-04-19T03:34:07.155120+00:00
[2023-04-19T03:34:07.187+0000] {processor.py:175} INFO - Processing /home/airflow/.local/lib/python3.7/site-packages/airflow/example_dags/example_short_circuit_decorator.py took 0.158 seconds
[2023-04-19T03:34:37.615+0000] {processor.py:153} INFO - Started process (PID=29678) to work on /home/airflow/.local/lib/python3.7/site-packages/airflow/example_dags/example_short_circuit_decorator.py
[2023-04-19T03:34:37.616+0000] {processor.py:743} INFO - Processing file /home/airflow/.local/lib/python3.7/site-packages/airflow/example_dags/example_short_circuit_decorator.py for tasks to queue
[2023-04-19T03:34:37.617+0000] {logging_mixin.py:137} INFO - [2023-04-19T03:34:37.617+0000] {dagbag.py:532} INFO - Filling up the DagBag from /home/airflow/.local/lib/python3.7/site-packages/airflow/example_dags/example_short_circuit_decorator.py
[2023-04-19T03:34:37.656+0000] {processor.py:753} INFO - DAG(s) dict_keys(['example_short_circuit_decorator']) retrieved from /home/airflow/.local/lib/python3.7/site-packages/airflow/example_dags/example_short_circuit_decorator.py
[2023-04-19T03:34:37.695+0000] {logging_mixin.py:137} INFO - [2023-04-19T03:34:37.695+0000] {dag.py:2705} INFO - Sync 1 DAGs
[2023-04-19T03:34:37.741+0000] {logging_mixin.py:137} INFO - [2023-04-19T03:34:37.741+0000] {dag.py:3456} INFO - Setting next_dagrun for example_short_circuit_decorator to 2023-04-18T03:34:37.741234+00:00, run_after=2023-04-19T03:34:37.741234+00:00
[2023-04-19T03:34:37.782+0000] {processor.py:175} INFO - Processing /home/airflow/.local/lib/python3.7/site-packages/airflow/example_dags/example_short_circuit_decorator.py took 0.171 seconds
[2023-04-19T03:35:07.970+0000] {processor.py:153} INFO - Started process (PID=29729) to work on /home/airflow/.local/lib/python3.7/site-packages/airflow/example_dags/example_short_circuit_decorator.py
[2023-04-19T03:35:07.971+0000] {processor.py:743} INFO - Processing file /home/airflow/.local/lib/python3.7/site-packages/airflow/example_dags/example_short_circuit_decorator.py for tasks to queue
[2023-04-19T03:35:07.973+0000] {logging_mixin.py:137} INFO - [2023-04-19T03:35:07.973+0000] {dagbag.py:532} INFO - Filling up the DagBag from /home/airflow/.local/lib/python3.7/site-packages/airflow/example_dags/example_short_circuit_decorator.py
[2023-04-19T03:35:08.017+0000] {processor.py:753} INFO - DAG(s) dict_keys(['example_short_circuit_decorator']) retrieved from /home/airflow/.local/lib/python3.7/site-packages/airflow/example_dags/example_short_circuit_decorator.py
[2023-04-19T03:35:08.061+0000] {logging_mixin.py:137} INFO - [2023-04-19T03:35:08.061+0000] {dag.py:2705} INFO - Sync 1 DAGs
[2023-04-19T03:35:08.102+0000] {logging_mixin.py:137} INFO - [2023-04-19T03:35:08.102+0000] {dag.py:3456} INFO - Setting next_dagrun for example_short_circuit_decorator to 2023-04-18T03:35:08.101499+00:00, run_after=2023-04-19T03:35:08.101499+00:00
[2023-04-19T03:35:08.140+0000] {processor.py:175} INFO - Processing /home/airflow/.local/lib/python3.7/site-packages/airflow/example_dags/example_short_circuit_decorator.py took 0.175 seconds
[2023-04-19T03:35:38.552+0000] {processor.py:153} INFO - Started process (PID=29780) to work on /home/airflow/.local/lib/python3.7/site-packages/airflow/example_dags/example_short_circuit_decorator.py
[2023-04-19T03:35:38.553+0000] {processor.py:743} INFO - Processing file /home/airflow/.local/lib/python3.7/site-packages/airflow/example_dags/example_short_circuit_decorator.py for tasks to queue
[2023-04-19T03:35:38.554+0000] {logging_mixin.py:137} INFO - [2023-04-19T03:35:38.553+0000] {dagbag.py:532} INFO - Filling up the DagBag from /home/airflow/.local/lib/python3.7/site-packages/airflow/example_dags/example_short_circuit_decorator.py
[2023-04-19T03:35:38.592+0000] {processor.py:753} INFO - DAG(s) dict_keys(['example_short_circuit_decorator']) retrieved from /home/airflow/.local/lib/python3.7/site-packages/airflow/example_dags/example_short_circuit_decorator.py
[2023-04-19T03:35:38.633+0000] {logging_mixin.py:137} INFO - [2023-04-19T03:35:38.632+0000] {dag.py:2705} INFO - Sync 1 DAGs
[2023-04-19T03:35:38.675+0000] {logging_mixin.py:137} INFO - [2023-04-19T03:35:38.675+0000] {dag.py:3456} INFO - Setting next_dagrun for example_short_circuit_decorator to 2023-04-18T03:35:38.675408+00:00, run_after=2023-04-19T03:35:38.675408+00:00
[2023-04-19T03:35:38.707+0000] {processor.py:175} INFO - Processing /home/airflow/.local/lib/python3.7/site-packages/airflow/example_dags/example_short_circuit_decorator.py took 0.159 seconds
[2023-04-19T03:36:08.914+0000] {processor.py:153} INFO - Started process (PID=29831) to work on /home/airflow/.local/lib/python3.7/site-packages/airflow/example_dags/example_short_circuit_decorator.py
[2023-04-19T03:36:08.915+0000] {processor.py:743} INFO - Processing file /home/airflow/.local/lib/python3.7/site-packages/airflow/example_dags/example_short_circuit_decorator.py for tasks to queue
[2023-04-19T03:36:08.915+0000] {logging_mixin.py:137} INFO - [2023-04-19T03:36:08.915+0000] {dagbag.py:532} INFO - Filling up the DagBag from /home/airflow/.local/lib/python3.7/site-packages/airflow/example_dags/example_short_circuit_decorator.py
[2023-04-19T03:36:08.952+0000] {processor.py:753} INFO - DAG(s) dict_keys(['example_short_circuit_decorator']) retrieved from /home/airflow/.local/lib/python3.7/site-packages/airflow/example_dags/example_short_circuit_decorator.py
[2023-04-19T03:36:08.997+0000] {logging_mixin.py:137} INFO - [2023-04-19T03:36:08.997+0000] {dag.py:2705} INFO - Sync 1 DAGs
[2023-04-19T03:36:09.036+0000] {logging_mixin.py:137} INFO - [2023-04-19T03:36:09.036+0000] {dag.py:3456} INFO - Setting next_dagrun for example_short_circuit_decorator to 2023-04-18T03:36:09.036428+00:00, run_after=2023-04-19T03:36:09.036428+00:00
[2023-04-19T03:36:09.067+0000] {processor.py:175} INFO - Processing /home/airflow/.local/lib/python3.7/site-packages/airflow/example_dags/example_short_circuit_decorator.py took 0.157 seconds
[2023-04-19T03:36:41.851+0000] {processor.py:153} INFO - Started process (PID=29882) to work on /home/airflow/.local/lib/python3.7/site-packages/airflow/example_dags/example_short_circuit_decorator.py
[2023-04-19T03:36:41.852+0000] {processor.py:743} INFO - Processing file /home/airflow/.local/lib/python3.7/site-packages/airflow/example_dags/example_short_circuit_decorator.py for tasks to queue
[2023-04-19T03:36:41.853+0000] {logging_mixin.py:137} INFO - [2023-04-19T03:36:41.852+0000] {dagbag.py:532} INFO - Filling up the DagBag from /home/airflow/.local/lib/python3.7/site-packages/airflow/example_dags/example_short_circuit_decorator.py
[2023-04-19T03:36:41.891+0000] {processor.py:753} INFO - DAG(s) dict_keys(['example_short_circuit_decorator']) retrieved from /home/airflow/.local/lib/python3.7/site-packages/airflow/example_dags/example_short_circuit_decorator.py
[2023-04-19T03:36:41.928+0000] {logging_mixin.py:137} INFO - [2023-04-19T03:36:41.928+0000] {dag.py:2705} INFO - Sync 1 DAGs
[2023-04-19T03:36:41.968+0000] {logging_mixin.py:137} INFO - [2023-04-19T03:36:41.967+0000] {dag.py:3456} INFO - Setting next_dagrun for example_short_circuit_decorator to 2023-04-18T03:36:41.967462+00:00, run_after=2023-04-19T03:36:41.967462+00:00
[2023-04-19T03:36:41.997+0000] {processor.py:175} INFO - Processing /home/airflow/.local/lib/python3.7/site-packages/airflow/example_dags/example_short_circuit_decorator.py took 0.151 seconds
[2023-04-19T03:37:12.859+0000] {processor.py:153} INFO - Started process (PID=29933) to work on /home/airflow/.local/lib/python3.7/site-packages/airflow/example_dags/example_short_circuit_decorator.py
[2023-04-19T03:37:12.920+0000] {processor.py:743} INFO - Processing file /home/airflow/.local/lib/python3.7/site-packages/airflow/example_dags/example_short_circuit_decorator.py for tasks to queue
[2023-04-19T03:37:12.921+0000] {logging_mixin.py:137} INFO - [2023-04-19T03:37:12.921+0000] {dagbag.py:532} INFO - Filling up the DagBag from /home/airflow/.local/lib/python3.7/site-packages/airflow/example_dags/example_short_circuit_decorator.py
[2023-04-19T03:37:12.985+0000] {processor.py:753} INFO - DAG(s) dict_keys(['example_short_circuit_decorator']) retrieved from /home/airflow/.local/lib/python3.7/site-packages/airflow/example_dags/example_short_circuit_decorator.py
[2023-04-19T03:37:13.021+0000] {logging_mixin.py:137} INFO - [2023-04-19T03:37:13.021+0000] {dag.py:2705} INFO - Sync 1 DAGs
[2023-04-19T03:37:13.054+0000] {logging_mixin.py:137} INFO - [2023-04-19T03:37:13.054+0000] {dag.py:3456} INFO - Setting next_dagrun for example_short_circuit_decorator to 2023-04-18T03:37:13.054102+00:00, run_after=2023-04-19T03:37:13.054102+00:00
[2023-04-19T03:37:13.147+0000] {processor.py:175} INFO - Processing /home/airflow/.local/lib/python3.7/site-packages/airflow/example_dags/example_short_circuit_decorator.py took 0.297 seconds
[2023-04-19T03:37:44.139+0000] {processor.py:153} INFO - Started process (PID=29984) to work on /home/airflow/.local/lib/python3.7/site-packages/airflow/example_dags/example_short_circuit_decorator.py
[2023-04-19T03:37:44.140+0000] {processor.py:743} INFO - Processing file /home/airflow/.local/lib/python3.7/site-packages/airflow/example_dags/example_short_circuit_decorator.py for tasks to queue
[2023-04-19T03:37:44.141+0000] {logging_mixin.py:137} INFO - [2023-04-19T03:37:44.141+0000] {dagbag.py:532} INFO - Filling up the DagBag from /home/airflow/.local/lib/python3.7/site-packages/airflow/example_dags/example_short_circuit_decorator.py
[2023-04-19T03:37:44.175+0000] {processor.py:753} INFO - DAG(s) dict_keys(['example_short_circuit_decorator']) retrieved from /home/airflow/.local/lib/python3.7/site-packages/airflow/example_dags/example_short_circuit_decorator.py
[2023-04-19T03:37:44.213+0000] {logging_mixin.py:137} INFO - [2023-04-19T03:37:44.212+0000] {dag.py:2705} INFO - Sync 1 DAGs
[2023-04-19T03:37:44.253+0000] {logging_mixin.py:137} INFO - [2023-04-19T03:37:44.253+0000] {dag.py:3456} INFO - Setting next_dagrun for example_short_circuit_decorator to 2023-04-18T03:37:44.253107+00:00, run_after=2023-04-19T03:37:44.253107+00:00
[2023-04-19T03:37:44.292+0000] {processor.py:175} INFO - Processing /home/airflow/.local/lib/python3.7/site-packages/airflow/example_dags/example_short_circuit_decorator.py took 0.161 seconds
[2023-04-19T03:38:14.425+0000] {processor.py:153} INFO - Started process (PID=30035) to work on /home/airflow/.local/lib/python3.7/site-packages/airflow/example_dags/example_short_circuit_decorator.py
[2023-04-19T03:38:14.437+0000] {processor.py:743} INFO - Processing file /home/airflow/.local/lib/python3.7/site-packages/airflow/example_dags/example_short_circuit_decorator.py for tasks to queue
[2023-04-19T03:38:14.438+0000] {logging_mixin.py:137} INFO - [2023-04-19T03:38:14.438+0000] {dagbag.py:532} INFO - Filling up the DagBag from /home/airflow/.local/lib/python3.7/site-packages/airflow/example_dags/example_short_circuit_decorator.py
[2023-04-19T03:38:14.490+0000] {processor.py:753} INFO - DAG(s) dict_keys(['example_short_circuit_decorator']) retrieved from /home/airflow/.local/lib/python3.7/site-packages/airflow/example_dags/example_short_circuit_decorator.py
[2023-04-19T03:38:14.523+0000] {logging_mixin.py:137} INFO - [2023-04-19T03:38:14.523+0000] {dag.py:2705} INFO - Sync 1 DAGs
[2023-04-19T03:38:14.556+0000] {logging_mixin.py:137} INFO - [2023-04-19T03:38:14.556+0000] {dag.py:3456} INFO - Setting next_dagrun for example_short_circuit_decorator to 2023-04-18T03:38:14.556128+00:00, run_after=2023-04-19T03:38:14.556128+00:00
[2023-04-19T03:38:14.580+0000] {processor.py:175} INFO - Processing /home/airflow/.local/lib/python3.7/site-packages/airflow/example_dags/example_short_circuit_decorator.py took 0.162 seconds
[2023-04-19T03:38:44.689+0000] {processor.py:153} INFO - Started process (PID=30086) to work on /home/airflow/.local/lib/python3.7/site-packages/airflow/example_dags/example_short_circuit_decorator.py
[2023-04-19T03:38:44.691+0000] {processor.py:743} INFO - Processing file /home/airflow/.local/lib/python3.7/site-packages/airflow/example_dags/example_short_circuit_decorator.py for tasks to queue
[2023-04-19T03:38:44.692+0000] {logging_mixin.py:137} INFO - [2023-04-19T03:38:44.692+0000] {dagbag.py:532} INFO - Filling up the DagBag from /home/airflow/.local/lib/python3.7/site-packages/airflow/example_dags/example_short_circuit_decorator.py
[2023-04-19T03:38:44.744+0000] {processor.py:753} INFO - DAG(s) dict_keys(['example_short_circuit_decorator']) retrieved from /home/airflow/.local/lib/python3.7/site-packages/airflow/example_dags/example_short_circuit_decorator.py
[2023-04-19T03:38:44.786+0000] {logging_mixin.py:137} INFO - [2023-04-19T03:38:44.786+0000] {dag.py:2705} INFO - Sync 1 DAGs
[2023-04-19T03:38:44.830+0000] {logging_mixin.py:137} INFO - [2023-04-19T03:38:44.830+0000] {dag.py:3456} INFO - Setting next_dagrun for example_short_circuit_decorator to 2023-04-18T03:38:44.829870+00:00, run_after=2023-04-19T03:38:44.829870+00:00
[2023-04-19T03:38:44.866+0000] {processor.py:175} INFO - Processing /home/airflow/.local/lib/python3.7/site-packages/airflow/example_dags/example_short_circuit_decorator.py took 0.181 seconds
[2023-04-19T03:39:15.042+0000] {processor.py:153} INFO - Started process (PID=30137) to work on /home/airflow/.local/lib/python3.7/site-packages/airflow/example_dags/example_short_circuit_decorator.py
[2023-04-19T03:39:15.054+0000] {processor.py:743} INFO - Processing file /home/airflow/.local/lib/python3.7/site-packages/airflow/example_dags/example_short_circuit_decorator.py for tasks to queue
[2023-04-19T03:39:15.056+0000] {logging_mixin.py:137} INFO - [2023-04-19T03:39:15.056+0000] {dagbag.py:532} INFO - Filling up the DagBag from /home/airflow/.local/lib/python3.7/site-packages/airflow/example_dags/example_short_circuit_decorator.py
[2023-04-19T03:39:15.092+0000] {processor.py:753} INFO - DAG(s) dict_keys(['example_short_circuit_decorator']) retrieved from /home/airflow/.local/lib/python3.7/site-packages/airflow/example_dags/example_short_circuit_decorator.py
[2023-04-19T03:39:15.132+0000] {logging_mixin.py:137} INFO - [2023-04-19T03:39:15.132+0000] {dag.py:2705} INFO - Sync 1 DAGs
[2023-04-19T03:39:15.174+0000] {logging_mixin.py:137} INFO - [2023-04-19T03:39:15.174+0000] {dag.py:3456} INFO - Setting next_dagrun for example_short_circuit_decorator to 2023-04-18T03:39:15.174008+00:00, run_after=2023-04-19T03:39:15.174008+00:00
[2023-04-19T03:39:15.213+0000] {processor.py:175} INFO - Processing /home/airflow/.local/lib/python3.7/site-packages/airflow/example_dags/example_short_circuit_decorator.py took 0.178 seconds
[2023-04-19T03:39:46.087+0000] {processor.py:153} INFO - Started process (PID=30188) to work on /home/airflow/.local/lib/python3.7/site-packages/airflow/example_dags/example_short_circuit_decorator.py
[2023-04-19T03:39:46.099+0000] {processor.py:743} INFO - Processing file /home/airflow/.local/lib/python3.7/site-packages/airflow/example_dags/example_short_circuit_decorator.py for tasks to queue
[2023-04-19T03:39:46.101+0000] {logging_mixin.py:137} INFO - [2023-04-19T03:39:46.100+0000] {dagbag.py:532} INFO - Filling up the DagBag from /home/airflow/.local/lib/python3.7/site-packages/airflow/example_dags/example_short_circuit_decorator.py
[2023-04-19T03:39:46.149+0000] {processor.py:753} INFO - DAG(s) dict_keys(['example_short_circuit_decorator']) retrieved from /home/airflow/.local/lib/python3.7/site-packages/airflow/example_dags/example_short_circuit_decorator.py
[2023-04-19T03:39:46.193+0000] {logging_mixin.py:137} INFO - [2023-04-19T03:39:46.193+0000] {dag.py:2705} INFO - Sync 1 DAGs
[2023-04-19T03:39:46.234+0000] {logging_mixin.py:137} INFO - [2023-04-19T03:39:46.233+0000] {dag.py:3456} INFO - Setting next_dagrun for example_short_circuit_decorator to 2023-04-18T03:39:46.233712+00:00, run_after=2023-04-19T03:39:46.233712+00:00
[2023-04-19T03:39:46.260+0000] {processor.py:175} INFO - Processing /home/airflow/.local/lib/python3.7/site-packages/airflow/example_dags/example_short_circuit_decorator.py took 0.180 seconds
[2023-04-19T03:40:16.940+0000] {processor.py:153} INFO - Started process (PID=30239) to work on /home/airflow/.local/lib/python3.7/site-packages/airflow/example_dags/example_short_circuit_decorator.py
[2023-04-19T03:40:16.951+0000] {processor.py:743} INFO - Processing file /home/airflow/.local/lib/python3.7/site-packages/airflow/example_dags/example_short_circuit_decorator.py for tasks to queue
[2023-04-19T03:40:16.953+0000] {logging_mixin.py:137} INFO - [2023-04-19T03:40:16.953+0000] {dagbag.py:532} INFO - Filling up the DagBag from /home/airflow/.local/lib/python3.7/site-packages/airflow/example_dags/example_short_circuit_decorator.py
[2023-04-19T03:40:17.009+0000] {processor.py:753} INFO - DAG(s) dict_keys(['example_short_circuit_decorator']) retrieved from /home/airflow/.local/lib/python3.7/site-packages/airflow/example_dags/example_short_circuit_decorator.py
[2023-04-19T03:40:17.047+0000] {logging_mixin.py:137} INFO - [2023-04-19T03:40:17.047+0000] {dag.py:2705} INFO - Sync 1 DAGs
[2023-04-19T03:40:17.087+0000] {logging_mixin.py:137} INFO - [2023-04-19T03:40:17.086+0000] {dag.py:3456} INFO - Setting next_dagrun for example_short_circuit_decorator to 2023-04-18T03:40:17.086644+00:00, run_after=2023-04-19T03:40:17.086644+00:00
[2023-04-19T03:40:17.119+0000] {processor.py:175} INFO - Processing /home/airflow/.local/lib/python3.7/site-packages/airflow/example_dags/example_short_circuit_decorator.py took 0.185 seconds
