[2023-04-19T03:34:05.052+0000] {processor.py:153} INFO - Started process (PID=29612) to work on /home/airflow/.local/lib/python3.7/site-packages/airflow/example_dags/example_branch_day_of_week_operator.py
[2023-04-19T03:34:05.053+0000] {processor.py:743} INFO - Processing file /home/airflow/.local/lib/python3.7/site-packages/airflow/example_dags/example_branch_day_of_week_operator.py for tasks to queue
[2023-04-19T03:34:05.054+0000] {logging_mixin.py:137} INFO - [2023-04-19T03:34:05.054+0000] {dagbag.py:532} INFO - Filling up the DagBag from /home/airflow/.local/lib/python3.7/site-packages/airflow/example_dags/example_branch_day_of_week_operator.py
[2023-04-19T03:34:05.076+0000] {processor.py:753} INFO - DAG(s) dict_keys(['example_weekday_branch_operator']) retrieved from /home/airflow/.local/lib/python3.7/site-packages/airflow/example_dags/example_branch_day_of_week_operator.py
[2023-04-19T03:34:05.113+0000] {logging_mixin.py:137} INFO - [2023-04-19T03:34:05.113+0000] {dag.py:2705} INFO - Sync 1 DAGs
[2023-04-19T03:34:05.167+0000] {logging_mixin.py:137} INFO - [2023-04-19T03:34:05.167+0000] {dag.py:3456} INFO - Setting next_dagrun for example_weekday_branch_operator to 2023-04-18T00:00:00+00:00, run_after=2023-04-19T00:00:00+00:00
[2023-04-19T03:34:05.214+0000] {processor.py:175} INFO - Processing /home/airflow/.local/lib/python3.7/site-packages/airflow/example_dags/example_branch_day_of_week_operator.py took 0.166 seconds
[2023-04-19T03:34:35.703+0000] {processor.py:153} INFO - Started process (PID=29663) to work on /home/airflow/.local/lib/python3.7/site-packages/airflow/example_dags/example_branch_day_of_week_operator.py
[2023-04-19T03:34:35.704+0000] {processor.py:743} INFO - Processing file /home/airflow/.local/lib/python3.7/site-packages/airflow/example_dags/example_branch_day_of_week_operator.py for tasks to queue
[2023-04-19T03:34:35.705+0000] {logging_mixin.py:137} INFO - [2023-04-19T03:34:35.704+0000] {dagbag.py:532} INFO - Filling up the DagBag from /home/airflow/.local/lib/python3.7/site-packages/airflow/example_dags/example_branch_day_of_week_operator.py
[2023-04-19T03:34:35.729+0000] {processor.py:753} INFO - DAG(s) dict_keys(['example_weekday_branch_operator']) retrieved from /home/airflow/.local/lib/python3.7/site-packages/airflow/example_dags/example_branch_day_of_week_operator.py
[2023-04-19T03:34:35.771+0000] {logging_mixin.py:137} INFO - [2023-04-19T03:34:35.771+0000] {dag.py:2705} INFO - Sync 1 DAGs
[2023-04-19T03:34:35.821+0000] {logging_mixin.py:137} INFO - [2023-04-19T03:34:35.820+0000] {dag.py:3456} INFO - Setting next_dagrun for example_weekday_branch_operator to 2023-04-18T00:00:00+00:00, run_after=2023-04-19T00:00:00+00:00
[2023-04-19T03:34:35.856+0000] {processor.py:175} INFO - Processing /home/airflow/.local/lib/python3.7/site-packages/airflow/example_dags/example_branch_day_of_week_operator.py took 0.157 seconds
[2023-04-19T03:35:06.604+0000] {processor.py:153} INFO - Started process (PID=29714) to work on /home/airflow/.local/lib/python3.7/site-packages/airflow/example_dags/example_branch_day_of_week_operator.py
[2023-04-19T03:35:06.605+0000] {processor.py:743} INFO - Processing file /home/airflow/.local/lib/python3.7/site-packages/airflow/example_dags/example_branch_day_of_week_operator.py for tasks to queue
[2023-04-19T03:35:06.606+0000] {logging_mixin.py:137} INFO - [2023-04-19T03:35:06.605+0000] {dagbag.py:532} INFO - Filling up the DagBag from /home/airflow/.local/lib/python3.7/site-packages/airflow/example_dags/example_branch_day_of_week_operator.py
[2023-04-19T03:35:06.625+0000] {processor.py:753} INFO - DAG(s) dict_keys(['example_weekday_branch_operator']) retrieved from /home/airflow/.local/lib/python3.7/site-packages/airflow/example_dags/example_branch_day_of_week_operator.py
[2023-04-19T03:35:06.657+0000] {logging_mixin.py:137} INFO - [2023-04-19T03:35:06.657+0000] {dag.py:2705} INFO - Sync 1 DAGs
[2023-04-19T03:35:06.700+0000] {logging_mixin.py:137} INFO - [2023-04-19T03:35:06.700+0000] {dag.py:3456} INFO - Setting next_dagrun for example_weekday_branch_operator to 2023-04-18T00:00:00+00:00, run_after=2023-04-19T00:00:00+00:00
[2023-04-19T03:35:06.737+0000] {processor.py:175} INFO - Processing /home/airflow/.local/lib/python3.7/site-packages/airflow/example_dags/example_branch_day_of_week_operator.py took 0.136 seconds
[2023-04-19T03:35:36.867+0000] {processor.py:153} INFO - Started process (PID=29765) to work on /home/airflow/.local/lib/python3.7/site-packages/airflow/example_dags/example_branch_day_of_week_operator.py
[2023-04-19T03:35:36.868+0000] {processor.py:743} INFO - Processing file /home/airflow/.local/lib/python3.7/site-packages/airflow/example_dags/example_branch_day_of_week_operator.py for tasks to queue
[2023-04-19T03:35:36.869+0000] {logging_mixin.py:137} INFO - [2023-04-19T03:35:36.869+0000] {dagbag.py:532} INFO - Filling up the DagBag from /home/airflow/.local/lib/python3.7/site-packages/airflow/example_dags/example_branch_day_of_week_operator.py
[2023-04-19T03:35:36.890+0000] {processor.py:753} INFO - DAG(s) dict_keys(['example_weekday_branch_operator']) retrieved from /home/airflow/.local/lib/python3.7/site-packages/airflow/example_dags/example_branch_day_of_week_operator.py
[2023-04-19T03:35:36.926+0000] {logging_mixin.py:137} INFO - [2023-04-19T03:35:36.926+0000] {dag.py:2705} INFO - Sync 1 DAGs
[2023-04-19T03:35:36.973+0000] {logging_mixin.py:137} INFO - [2023-04-19T03:35:36.973+0000] {dag.py:3456} INFO - Setting next_dagrun for example_weekday_branch_operator to 2023-04-18T00:00:00+00:00, run_after=2023-04-19T00:00:00+00:00
[2023-04-19T03:35:37.006+0000] {processor.py:175} INFO - Processing /home/airflow/.local/lib/python3.7/site-packages/airflow/example_dags/example_branch_day_of_week_operator.py took 0.142 seconds
[2023-04-19T03:36:07.389+0000] {processor.py:153} INFO - Started process (PID=29816) to work on /home/airflow/.local/lib/python3.7/site-packages/airflow/example_dags/example_branch_day_of_week_operator.py
[2023-04-19T03:36:07.390+0000] {processor.py:743} INFO - Processing file /home/airflow/.local/lib/python3.7/site-packages/airflow/example_dags/example_branch_day_of_week_operator.py for tasks to queue
[2023-04-19T03:36:07.391+0000] {logging_mixin.py:137} INFO - [2023-04-19T03:36:07.391+0000] {dagbag.py:532} INFO - Filling up the DagBag from /home/airflow/.local/lib/python3.7/site-packages/airflow/example_dags/example_branch_day_of_week_operator.py
[2023-04-19T03:36:07.413+0000] {processor.py:753} INFO - DAG(s) dict_keys(['example_weekday_branch_operator']) retrieved from /home/airflow/.local/lib/python3.7/site-packages/airflow/example_dags/example_branch_day_of_week_operator.py
[2023-04-19T03:36:07.459+0000] {logging_mixin.py:137} INFO - [2023-04-19T03:36:07.459+0000] {dag.py:2705} INFO - Sync 1 DAGs
[2023-04-19T03:36:07.504+0000] {logging_mixin.py:137} INFO - [2023-04-19T03:36:07.504+0000] {dag.py:3456} INFO - Setting next_dagrun for example_weekday_branch_operator to 2023-04-18T00:00:00+00:00, run_after=2023-04-19T00:00:00+00:00
[2023-04-19T03:36:07.537+0000] {processor.py:175} INFO - Processing /home/airflow/.local/lib/python3.7/site-packages/airflow/example_dags/example_branch_day_of_week_operator.py took 0.152 seconds
[2023-04-19T03:36:40.349+0000] {processor.py:153} INFO - Started process (PID=29867) to work on /home/airflow/.local/lib/python3.7/site-packages/airflow/example_dags/example_branch_day_of_week_operator.py
[2023-04-19T03:36:40.350+0000] {processor.py:743} INFO - Processing file /home/airflow/.local/lib/python3.7/site-packages/airflow/example_dags/example_branch_day_of_week_operator.py for tasks to queue
[2023-04-19T03:36:40.351+0000] {logging_mixin.py:137} INFO - [2023-04-19T03:36:40.351+0000] {dagbag.py:532} INFO - Filling up the DagBag from /home/airflow/.local/lib/python3.7/site-packages/airflow/example_dags/example_branch_day_of_week_operator.py
[2023-04-19T03:36:40.375+0000] {processor.py:753} INFO - DAG(s) dict_keys(['example_weekday_branch_operator']) retrieved from /home/airflow/.local/lib/python3.7/site-packages/airflow/example_dags/example_branch_day_of_week_operator.py
[2023-04-19T03:36:40.418+0000] {logging_mixin.py:137} INFO - [2023-04-19T03:36:40.418+0000] {dag.py:2705} INFO - Sync 1 DAGs
[2023-04-19T03:36:40.467+0000] {logging_mixin.py:137} INFO - [2023-04-19T03:36:40.467+0000] {dag.py:3456} INFO - Setting next_dagrun for example_weekday_branch_operator to 2023-04-18T00:00:00+00:00, run_after=2023-04-19T00:00:00+00:00
[2023-04-19T03:36:40.504+0000] {processor.py:175} INFO - Processing /home/airflow/.local/lib/python3.7/site-packages/airflow/example_dags/example_branch_day_of_week_operator.py took 0.159 seconds
[2023-04-19T03:37:10.752+0000] {processor.py:153} INFO - Started process (PID=29918) to work on /home/airflow/.local/lib/python3.7/site-packages/airflow/example_dags/example_branch_day_of_week_operator.py
[2023-04-19T03:37:10.764+0000] {processor.py:743} INFO - Processing file /home/airflow/.local/lib/python3.7/site-packages/airflow/example_dags/example_branch_day_of_week_operator.py for tasks to queue
[2023-04-19T03:37:10.766+0000] {logging_mixin.py:137} INFO - [2023-04-19T03:37:10.765+0000] {dagbag.py:532} INFO - Filling up the DagBag from /home/airflow/.local/lib/python3.7/site-packages/airflow/example_dags/example_branch_day_of_week_operator.py
[2023-04-19T03:37:10.802+0000] {processor.py:753} INFO - DAG(s) dict_keys(['example_weekday_branch_operator']) retrieved from /home/airflow/.local/lib/python3.7/site-packages/airflow/example_dags/example_branch_day_of_week_operator.py
[2023-04-19T03:37:10.844+0000] {logging_mixin.py:137} INFO - [2023-04-19T03:37:10.843+0000] {dag.py:2705} INFO - Sync 1 DAGs
[2023-04-19T03:37:10.886+0000] {logging_mixin.py:137} INFO - [2023-04-19T03:37:10.886+0000] {dag.py:3456} INFO - Setting next_dagrun for example_weekday_branch_operator to 2023-04-18T00:00:00+00:00, run_after=2023-04-19T00:00:00+00:00
[2023-04-19T03:37:10.965+0000] {processor.py:175} INFO - Processing /home/airflow/.local/lib/python3.7/site-packages/airflow/example_dags/example_branch_day_of_week_operator.py took 0.218 seconds
[2023-04-19T03:37:41.025+0000] {processor.py:153} INFO - Started process (PID=29969) to work on /home/airflow/.local/lib/python3.7/site-packages/airflow/example_dags/example_branch_day_of_week_operator.py
[2023-04-19T03:37:41.026+0000] {processor.py:743} INFO - Processing file /home/airflow/.local/lib/python3.7/site-packages/airflow/example_dags/example_branch_day_of_week_operator.py for tasks to queue
[2023-04-19T03:37:41.028+0000] {logging_mixin.py:137} INFO - [2023-04-19T03:37:41.027+0000] {dagbag.py:532} INFO - Filling up the DagBag from /home/airflow/.local/lib/python3.7/site-packages/airflow/example_dags/example_branch_day_of_week_operator.py
[2023-04-19T03:37:41.064+0000] {processor.py:753} INFO - DAG(s) dict_keys(['example_weekday_branch_operator']) retrieved from /home/airflow/.local/lib/python3.7/site-packages/airflow/example_dags/example_branch_day_of_week_operator.py
[2023-04-19T03:37:41.095+0000] {logging_mixin.py:137} INFO - [2023-04-19T03:37:41.095+0000] {dag.py:2705} INFO - Sync 1 DAGs
[2023-04-19T03:37:41.131+0000] {logging_mixin.py:137} INFO - [2023-04-19T03:37:41.131+0000] {dag.py:3456} INFO - Setting next_dagrun for example_weekday_branch_operator to 2023-04-18T00:00:00+00:00, run_after=2023-04-19T00:00:00+00:00
[2023-04-19T03:37:41.165+0000] {processor.py:175} INFO - Processing /home/airflow/.local/lib/python3.7/site-packages/airflow/example_dags/example_branch_day_of_week_operator.py took 0.145 seconds
[2023-04-19T03:38:11.606+0000] {processor.py:153} INFO - Started process (PID=30020) to work on /home/airflow/.local/lib/python3.7/site-packages/airflow/example_dags/example_branch_day_of_week_operator.py
[2023-04-19T03:38:11.607+0000] {processor.py:743} INFO - Processing file /home/airflow/.local/lib/python3.7/site-packages/airflow/example_dags/example_branch_day_of_week_operator.py for tasks to queue
[2023-04-19T03:38:11.608+0000] {logging_mixin.py:137} INFO - [2023-04-19T03:38:11.608+0000] {dagbag.py:532} INFO - Filling up the DagBag from /home/airflow/.local/lib/python3.7/site-packages/airflow/example_dags/example_branch_day_of_week_operator.py
[2023-04-19T03:38:11.628+0000] {processor.py:753} INFO - DAG(s) dict_keys(['example_weekday_branch_operator']) retrieved from /home/airflow/.local/lib/python3.7/site-packages/airflow/example_dags/example_branch_day_of_week_operator.py
[2023-04-19T03:38:11.662+0000] {logging_mixin.py:137} INFO - [2023-04-19T03:38:11.661+0000] {dag.py:2705} INFO - Sync 1 DAGs
[2023-04-19T03:38:11.703+0000] {logging_mixin.py:137} INFO - [2023-04-19T03:38:11.702+0000] {dag.py:3456} INFO - Setting next_dagrun for example_weekday_branch_operator to 2023-04-18T00:00:00+00:00, run_after=2023-04-19T00:00:00+00:00
[2023-04-19T03:38:11.730+0000] {processor.py:175} INFO - Processing /home/airflow/.local/lib/python3.7/site-packages/airflow/example_dags/example_branch_day_of_week_operator.py took 0.128 seconds
[2023-04-19T03:38:41.975+0000] {processor.py:153} INFO - Started process (PID=30071) to work on /home/airflow/.local/lib/python3.7/site-packages/airflow/example_dags/example_branch_day_of_week_operator.py
[2023-04-19T03:38:41.976+0000] {processor.py:743} INFO - Processing file /home/airflow/.local/lib/python3.7/site-packages/airflow/example_dags/example_branch_day_of_week_operator.py for tasks to queue
[2023-04-19T03:38:41.977+0000] {logging_mixin.py:137} INFO - [2023-04-19T03:38:41.977+0000] {dagbag.py:532} INFO - Filling up the DagBag from /home/airflow/.local/lib/python3.7/site-packages/airflow/example_dags/example_branch_day_of_week_operator.py
[2023-04-19T03:38:41.997+0000] {processor.py:753} INFO - DAG(s) dict_keys(['example_weekday_branch_operator']) retrieved from /home/airflow/.local/lib/python3.7/site-packages/airflow/example_dags/example_branch_day_of_week_operator.py
[2023-04-19T03:38:42.033+0000] {logging_mixin.py:137} INFO - [2023-04-19T03:38:42.033+0000] {dag.py:2705} INFO - Sync 1 DAGs
[2023-04-19T03:38:42.069+0000] {logging_mixin.py:137} INFO - [2023-04-19T03:38:42.069+0000] {dag.py:3456} INFO - Setting next_dagrun for example_weekday_branch_operator to 2023-04-18T00:00:00+00:00, run_after=2023-04-19T00:00:00+00:00
[2023-04-19T03:38:42.097+0000] {processor.py:175} INFO - Processing /home/airflow/.local/lib/python3.7/site-packages/airflow/example_dags/example_branch_day_of_week_operator.py took 0.127 seconds
[2023-04-19T03:39:12.733+0000] {processor.py:153} INFO - Started process (PID=30122) to work on /home/airflow/.local/lib/python3.7/site-packages/airflow/example_dags/example_branch_day_of_week_operator.py
[2023-04-19T03:39:12.734+0000] {processor.py:743} INFO - Processing file /home/airflow/.local/lib/python3.7/site-packages/airflow/example_dags/example_branch_day_of_week_operator.py for tasks to queue
[2023-04-19T03:39:12.735+0000] {logging_mixin.py:137} INFO - [2023-04-19T03:39:12.735+0000] {dagbag.py:532} INFO - Filling up the DagBag from /home/airflow/.local/lib/python3.7/site-packages/airflow/example_dags/example_branch_day_of_week_operator.py
[2023-04-19T03:39:12.756+0000] {processor.py:753} INFO - DAG(s) dict_keys(['example_weekday_branch_operator']) retrieved from /home/airflow/.local/lib/python3.7/site-packages/airflow/example_dags/example_branch_day_of_week_operator.py
[2023-04-19T03:39:12.789+0000] {logging_mixin.py:137} INFO - [2023-04-19T03:39:12.789+0000] {dag.py:2705} INFO - Sync 1 DAGs
[2023-04-19T03:39:12.827+0000] {logging_mixin.py:137} INFO - [2023-04-19T03:39:12.826+0000] {dag.py:3456} INFO - Setting next_dagrun for example_weekday_branch_operator to 2023-04-18T00:00:00+00:00, run_after=2023-04-19T00:00:00+00:00
[2023-04-19T03:39:12.854+0000] {processor.py:175} INFO - Processing /home/airflow/.local/lib/python3.7/site-packages/airflow/example_dags/example_branch_day_of_week_operator.py took 0.125 seconds
[2023-04-19T03:39:43.098+0000] {processor.py:153} INFO - Started process (PID=30173) to work on /home/airflow/.local/lib/python3.7/site-packages/airflow/example_dags/example_branch_day_of_week_operator.py
[2023-04-19T03:39:43.099+0000] {processor.py:743} INFO - Processing file /home/airflow/.local/lib/python3.7/site-packages/airflow/example_dags/example_branch_day_of_week_operator.py for tasks to queue
[2023-04-19T03:39:43.100+0000] {logging_mixin.py:137} INFO - [2023-04-19T03:39:43.100+0000] {dagbag.py:532} INFO - Filling up the DagBag from /home/airflow/.local/lib/python3.7/site-packages/airflow/example_dags/example_branch_day_of_week_operator.py
[2023-04-19T03:39:43.126+0000] {processor.py:753} INFO - DAG(s) dict_keys(['example_weekday_branch_operator']) retrieved from /home/airflow/.local/lib/python3.7/site-packages/airflow/example_dags/example_branch_day_of_week_operator.py
[2023-04-19T03:39:43.163+0000] {logging_mixin.py:137} INFO - [2023-04-19T03:39:43.162+0000] {dag.py:2705} INFO - Sync 1 DAGs
[2023-04-19T03:39:43.208+0000] {logging_mixin.py:137} INFO - [2023-04-19T03:39:43.207+0000] {dag.py:3456} INFO - Setting next_dagrun for example_weekday_branch_operator to 2023-04-18T00:00:00+00:00, run_after=2023-04-19T00:00:00+00:00
[2023-04-19T03:39:43.241+0000] {processor.py:175} INFO - Processing /home/airflow/.local/lib/python3.7/site-packages/airflow/example_dags/example_branch_day_of_week_operator.py took 0.146 seconds
[2023-04-19T03:40:13.415+0000] {processor.py:153} INFO - Started process (PID=30224) to work on /home/airflow/.local/lib/python3.7/site-packages/airflow/example_dags/example_branch_day_of_week_operator.py
[2023-04-19T03:40:13.416+0000] {processor.py:743} INFO - Processing file /home/airflow/.local/lib/python3.7/site-packages/airflow/example_dags/example_branch_day_of_week_operator.py for tasks to queue
[2023-04-19T03:40:13.417+0000] {logging_mixin.py:137} INFO - [2023-04-19T03:40:13.417+0000] {dagbag.py:532} INFO - Filling up the DagBag from /home/airflow/.local/lib/python3.7/site-packages/airflow/example_dags/example_branch_day_of_week_operator.py
[2023-04-19T03:40:13.440+0000] {processor.py:753} INFO - DAG(s) dict_keys(['example_weekday_branch_operator']) retrieved from /home/airflow/.local/lib/python3.7/site-packages/airflow/example_dags/example_branch_day_of_week_operator.py
[2023-04-19T03:40:13.477+0000] {logging_mixin.py:137} INFO - [2023-04-19T03:40:13.477+0000] {dag.py:2705} INFO - Sync 1 DAGs
[2023-04-19T03:40:13.516+0000] {logging_mixin.py:137} INFO - [2023-04-19T03:40:13.516+0000] {dag.py:3456} INFO - Setting next_dagrun for example_weekday_branch_operator to 2023-04-18T00:00:00+00:00, run_after=2023-04-19T00:00:00+00:00
[2023-04-19T03:40:13.546+0000] {processor.py:175} INFO - Processing /home/airflow/.local/lib/python3.7/site-packages/airflow/example_dags/example_branch_day_of_week_operator.py took 0.135 seconds
[2023-04-19T03:40:43.689+0000] {processor.py:153} INFO - Started process (PID=30275) to work on /home/airflow/.local/lib/python3.7/site-packages/airflow/example_dags/example_branch_day_of_week_operator.py
[2023-04-19T03:40:43.691+0000] {processor.py:743} INFO - Processing file /home/airflow/.local/lib/python3.7/site-packages/airflow/example_dags/example_branch_day_of_week_operator.py for tasks to queue
[2023-04-19T03:40:43.692+0000] {logging_mixin.py:137} INFO - [2023-04-19T03:40:43.692+0000] {dagbag.py:532} INFO - Filling up the DagBag from /home/airflow/.local/lib/python3.7/site-packages/airflow/example_dags/example_branch_day_of_week_operator.py
[2023-04-19T03:40:43.722+0000] {processor.py:753} INFO - DAG(s) dict_keys(['example_weekday_branch_operator']) retrieved from /home/airflow/.local/lib/python3.7/site-packages/airflow/example_dags/example_branch_day_of_week_operator.py
[2023-04-19T03:40:43.754+0000] {logging_mixin.py:137} INFO - [2023-04-19T03:40:43.754+0000] {dag.py:2705} INFO - Sync 1 DAGs
[2023-04-19T03:40:43.790+0000] {logging_mixin.py:137} INFO - [2023-04-19T03:40:43.790+0000] {dag.py:3456} INFO - Setting next_dagrun for example_weekday_branch_operator to 2023-04-18T00:00:00+00:00, run_after=2023-04-19T00:00:00+00:00
[2023-04-19T03:40:43.823+0000] {processor.py:175} INFO - Processing /home/airflow/.local/lib/python3.7/site-packages/airflow/example_dags/example_branch_day_of_week_operator.py took 0.139 seconds
