[2023-04-19T03:34:03.385+0000] {processor.py:153} INFO - Started process (PID=29600) to work on /home/airflow/.local/lib/python3.7/site-packages/airflow/example_dags/example_latest_only_with_trigger.py
[2023-04-19T03:34:03.386+0000] {processor.py:743} INFO - Processing file /home/airflow/.local/lib/python3.7/site-packages/airflow/example_dags/example_latest_only_with_trigger.py for tasks to queue
[2023-04-19T03:34:03.387+0000] {logging_mixin.py:137} INFO - [2023-04-19T03:34:03.387+0000] {dagbag.py:532} INFO - Filling up the DagBag from /home/airflow/.local/lib/python3.7/site-packages/airflow/example_dags/example_latest_only_with_trigger.py
[2023-04-19T03:34:03.423+0000] {processor.py:753} INFO - DAG(s) dict_keys(['latest_only_with_trigger']) retrieved from /home/airflow/.local/lib/python3.7/site-packages/airflow/example_dags/example_latest_only_with_trigger.py
[2023-04-19T03:34:03.470+0000] {logging_mixin.py:137} INFO - [2023-04-19T03:34:03.470+0000] {dag.py:2705} INFO - Sync 1 DAGs
[2023-04-19T03:34:03.524+0000] {logging_mixin.py:137} INFO - [2023-04-19T03:34:03.524+0000] {dag.py:3456} INFO - Setting next_dagrun for latest_only_with_trigger to 2023-04-18T23:34:03.524072+00:00, run_after=2023-04-19T03:34:03.524072+00:00
[2023-04-19T03:34:03.576+0000] {processor.py:175} INFO - Processing /home/airflow/.local/lib/python3.7/site-packages/airflow/example_dags/example_latest_only_with_trigger.py took 0.214 seconds
[2023-04-19T03:34:33.618+0000] {processor.py:153} INFO - Started process (PID=29651) to work on /home/airflow/.local/lib/python3.7/site-packages/airflow/example_dags/example_latest_only_with_trigger.py
[2023-04-19T03:34:33.619+0000] {processor.py:743} INFO - Processing file /home/airflow/.local/lib/python3.7/site-packages/airflow/example_dags/example_latest_only_with_trigger.py for tasks to queue
[2023-04-19T03:34:33.619+0000] {logging_mixin.py:137} INFO - [2023-04-19T03:34:33.619+0000] {dagbag.py:532} INFO - Filling up the DagBag from /home/airflow/.local/lib/python3.7/site-packages/airflow/example_dags/example_latest_only_with_trigger.py
[2023-04-19T03:34:33.635+0000] {processor.py:753} INFO - DAG(s) dict_keys(['latest_only_with_trigger']) retrieved from /home/airflow/.local/lib/python3.7/site-packages/airflow/example_dags/example_latest_only_with_trigger.py
[2023-04-19T03:34:33.664+0000] {logging_mixin.py:137} INFO - [2023-04-19T03:34:33.664+0000] {dag.py:2705} INFO - Sync 1 DAGs
[2023-04-19T03:34:33.698+0000] {logging_mixin.py:137} INFO - [2023-04-19T03:34:33.697+0000] {dag.py:3456} INFO - Setting next_dagrun for latest_only_with_trigger to 2023-04-18T23:34:33.697605+00:00, run_after=2023-04-19T03:34:33.697605+00:00
[2023-04-19T03:34:33.723+0000] {processor.py:175} INFO - Processing /home/airflow/.local/lib/python3.7/site-packages/airflow/example_dags/example_latest_only_with_trigger.py took 0.110 seconds
[2023-04-19T03:35:04.318+0000] {processor.py:153} INFO - Started process (PID=29702) to work on /home/airflow/.local/lib/python3.7/site-packages/airflow/example_dags/example_latest_only_with_trigger.py
[2023-04-19T03:35:04.319+0000] {processor.py:743} INFO - Processing file /home/airflow/.local/lib/python3.7/site-packages/airflow/example_dags/example_latest_only_with_trigger.py for tasks to queue
[2023-04-19T03:35:04.320+0000] {logging_mixin.py:137} INFO - [2023-04-19T03:35:04.320+0000] {dagbag.py:532} INFO - Filling up the DagBag from /home/airflow/.local/lib/python3.7/site-packages/airflow/example_dags/example_latest_only_with_trigger.py
[2023-04-19T03:35:04.343+0000] {processor.py:753} INFO - DAG(s) dict_keys(['latest_only_with_trigger']) retrieved from /home/airflow/.local/lib/python3.7/site-packages/airflow/example_dags/example_latest_only_with_trigger.py
[2023-04-19T03:35:04.381+0000] {logging_mixin.py:137} INFO - [2023-04-19T03:35:04.380+0000] {dag.py:2705} INFO - Sync 1 DAGs
[2023-04-19T03:35:04.428+0000] {logging_mixin.py:137} INFO - [2023-04-19T03:35:04.428+0000] {dag.py:3456} INFO - Setting next_dagrun for latest_only_with_trigger to 2023-04-18T23:35:04.427981+00:00, run_after=2023-04-19T03:35:04.427981+00:00
[2023-04-19T03:35:04.464+0000] {processor.py:175} INFO - Processing /home/airflow/.local/lib/python3.7/site-packages/airflow/example_dags/example_latest_only_with_trigger.py took 0.150 seconds
[2023-04-19T03:35:34.753+0000] {processor.py:153} INFO - Started process (PID=29753) to work on /home/airflow/.local/lib/python3.7/site-packages/airflow/example_dags/example_latest_only_with_trigger.py
[2023-04-19T03:35:34.754+0000] {processor.py:743} INFO - Processing file /home/airflow/.local/lib/python3.7/site-packages/airflow/example_dags/example_latest_only_with_trigger.py for tasks to queue
[2023-04-19T03:35:34.755+0000] {logging_mixin.py:137} INFO - [2023-04-19T03:35:34.755+0000] {dagbag.py:532} INFO - Filling up the DagBag from /home/airflow/.local/lib/python3.7/site-packages/airflow/example_dags/example_latest_only_with_trigger.py
[2023-04-19T03:35:34.775+0000] {processor.py:753} INFO - DAG(s) dict_keys(['latest_only_with_trigger']) retrieved from /home/airflow/.local/lib/python3.7/site-packages/airflow/example_dags/example_latest_only_with_trigger.py
[2023-04-19T03:35:34.812+0000] {logging_mixin.py:137} INFO - [2023-04-19T03:35:34.812+0000] {dag.py:2705} INFO - Sync 1 DAGs
[2023-04-19T03:35:34.855+0000] {logging_mixin.py:137} INFO - [2023-04-19T03:35:34.854+0000] {dag.py:3456} INFO - Setting next_dagrun for latest_only_with_trigger to 2023-04-18T23:35:34.854423+00:00, run_after=2023-04-19T03:35:34.854423+00:00
[2023-04-19T03:35:34.888+0000] {processor.py:175} INFO - Processing /home/airflow/.local/lib/python3.7/site-packages/airflow/example_dags/example_latest_only_with_trigger.py took 0.139 seconds
[2023-04-19T03:36:05.088+0000] {processor.py:153} INFO - Started process (PID=29804) to work on /home/airflow/.local/lib/python3.7/site-packages/airflow/example_dags/example_latest_only_with_trigger.py
[2023-04-19T03:36:05.090+0000] {processor.py:743} INFO - Processing file /home/airflow/.local/lib/python3.7/site-packages/airflow/example_dags/example_latest_only_with_trigger.py for tasks to queue
[2023-04-19T03:36:05.091+0000] {logging_mixin.py:137} INFO - [2023-04-19T03:36:05.091+0000] {dagbag.py:532} INFO - Filling up the DagBag from /home/airflow/.local/lib/python3.7/site-packages/airflow/example_dags/example_latest_only_with_trigger.py
[2023-04-19T03:36:05.114+0000] {processor.py:753} INFO - DAG(s) dict_keys(['latest_only_with_trigger']) retrieved from /home/airflow/.local/lib/python3.7/site-packages/airflow/example_dags/example_latest_only_with_trigger.py
[2023-04-19T03:36:05.158+0000] {logging_mixin.py:137} INFO - [2023-04-19T03:36:05.158+0000] {dag.py:2705} INFO - Sync 1 DAGs
[2023-04-19T03:36:05.203+0000] {logging_mixin.py:137} INFO - [2023-04-19T03:36:05.203+0000] {dag.py:3456} INFO - Setting next_dagrun for latest_only_with_trigger to 2023-04-18T23:36:05.203077+00:00, run_after=2023-04-19T03:36:05.203077+00:00
[2023-04-19T03:36:05.235+0000] {processor.py:175} INFO - Processing /home/airflow/.local/lib/python3.7/site-packages/airflow/example_dags/example_latest_only_with_trigger.py took 0.151 seconds
[2023-04-19T03:36:37.538+0000] {processor.py:153} INFO - Started process (PID=29855) to work on /home/airflow/.local/lib/python3.7/site-packages/airflow/example_dags/example_latest_only_with_trigger.py
[2023-04-19T03:36:37.567+0000] {processor.py:743} INFO - Processing file /home/airflow/.local/lib/python3.7/site-packages/airflow/example_dags/example_latest_only_with_trigger.py for tasks to queue
[2023-04-19T03:36:37.568+0000] {logging_mixin.py:137} INFO - [2023-04-19T03:36:37.568+0000] {dagbag.py:532} INFO - Filling up the DagBag from /home/airflow/.local/lib/python3.7/site-packages/airflow/example_dags/example_latest_only_with_trigger.py
[2023-04-19T03:36:37.587+0000] {processor.py:753} INFO - DAG(s) dict_keys(['latest_only_with_trigger']) retrieved from /home/airflow/.local/lib/python3.7/site-packages/airflow/example_dags/example_latest_only_with_trigger.py
[2023-04-19T03:36:37.630+0000] {logging_mixin.py:137} INFO - [2023-04-19T03:36:37.630+0000] {dag.py:2705} INFO - Sync 1 DAGs
[2023-04-19T03:36:37.667+0000] {logging_mixin.py:137} INFO - [2023-04-19T03:36:37.667+0000] {dag.py:3456} INFO - Setting next_dagrun for latest_only_with_trigger to 2023-04-18T23:36:37.667170+00:00, run_after=2023-04-19T03:36:37.667170+00:00
[2023-04-19T03:36:37.812+0000] {processor.py:175} INFO - Processing /home/airflow/.local/lib/python3.7/site-packages/airflow/example_dags/example_latest_only_with_trigger.py took 0.280 seconds
[2023-04-19T03:37:08.463+0000] {processor.py:153} INFO - Started process (PID=29906) to work on /home/airflow/.local/lib/python3.7/site-packages/airflow/example_dags/example_latest_only_with_trigger.py
[2023-04-19T03:37:08.468+0000] {processor.py:743} INFO - Processing file /home/airflow/.local/lib/python3.7/site-packages/airflow/example_dags/example_latest_only_with_trigger.py for tasks to queue
[2023-04-19T03:37:08.468+0000] {logging_mixin.py:137} INFO - [2023-04-19T03:37:08.468+0000] {dagbag.py:532} INFO - Filling up the DagBag from /home/airflow/.local/lib/python3.7/site-packages/airflow/example_dags/example_latest_only_with_trigger.py
[2023-04-19T03:37:08.487+0000] {processor.py:753} INFO - DAG(s) dict_keys(['latest_only_with_trigger']) retrieved from /home/airflow/.local/lib/python3.7/site-packages/airflow/example_dags/example_latest_only_with_trigger.py
[2023-04-19T03:37:08.519+0000] {logging_mixin.py:137} INFO - [2023-04-19T03:37:08.519+0000] {dag.py:2705} INFO - Sync 1 DAGs
[2023-04-19T03:37:08.555+0000] {logging_mixin.py:137} INFO - [2023-04-19T03:37:08.555+0000] {dag.py:3456} INFO - Setting next_dagrun for latest_only_with_trigger to 2023-04-18T23:37:08.554890+00:00, run_after=2023-04-19T03:37:08.554890+00:00
[2023-04-19T03:37:08.593+0000] {processor.py:175} INFO - Processing /home/airflow/.local/lib/python3.7/site-packages/airflow/example_dags/example_latest_only_with_trigger.py took 0.133 seconds
[2023-04-19T03:37:38.809+0000] {processor.py:153} INFO - Started process (PID=29957) to work on /home/airflow/.local/lib/python3.7/site-packages/airflow/example_dags/example_latest_only_with_trigger.py
[2023-04-19T03:37:38.810+0000] {processor.py:743} INFO - Processing file /home/airflow/.local/lib/python3.7/site-packages/airflow/example_dags/example_latest_only_with_trigger.py for tasks to queue
[2023-04-19T03:37:38.811+0000] {logging_mixin.py:137} INFO - [2023-04-19T03:37:38.811+0000] {dagbag.py:532} INFO - Filling up the DagBag from /home/airflow/.local/lib/python3.7/site-packages/airflow/example_dags/example_latest_only_with_trigger.py
[2023-04-19T03:37:38.830+0000] {processor.py:753} INFO - DAG(s) dict_keys(['latest_only_with_trigger']) retrieved from /home/airflow/.local/lib/python3.7/site-packages/airflow/example_dags/example_latest_only_with_trigger.py
[2023-04-19T03:37:38.864+0000] {logging_mixin.py:137} INFO - [2023-04-19T03:37:38.864+0000] {dag.py:2705} INFO - Sync 1 DAGs
[2023-04-19T03:37:38.907+0000] {logging_mixin.py:137} INFO - [2023-04-19T03:37:38.906+0000] {dag.py:3456} INFO - Setting next_dagrun for latest_only_with_trigger to 2023-04-18T23:37:38.906482+00:00, run_after=2023-04-19T03:37:38.906482+00:00
[2023-04-19T03:37:38.935+0000] {processor.py:175} INFO - Processing /home/airflow/.local/lib/python3.7/site-packages/airflow/example_dags/example_latest_only_with_trigger.py took 0.130 seconds
[2023-04-19T03:38:09.593+0000] {processor.py:153} INFO - Started process (PID=30008) to work on /home/airflow/.local/lib/python3.7/site-packages/airflow/example_dags/example_latest_only_with_trigger.py
[2023-04-19T03:38:09.594+0000] {processor.py:743} INFO - Processing file /home/airflow/.local/lib/python3.7/site-packages/airflow/example_dags/example_latest_only_with_trigger.py for tasks to queue
[2023-04-19T03:38:09.595+0000] {logging_mixin.py:137} INFO - [2023-04-19T03:38:09.595+0000] {dagbag.py:532} INFO - Filling up the DagBag from /home/airflow/.local/lib/python3.7/site-packages/airflow/example_dags/example_latest_only_with_trigger.py
[2023-04-19T03:38:09.613+0000] {processor.py:753} INFO - DAG(s) dict_keys(['latest_only_with_trigger']) retrieved from /home/airflow/.local/lib/python3.7/site-packages/airflow/example_dags/example_latest_only_with_trigger.py
[2023-04-19T03:38:09.677+0000] {logging_mixin.py:137} INFO - [2023-04-19T03:38:09.677+0000] {dag.py:2705} INFO - Sync 1 DAGs
[2023-04-19T03:38:09.717+0000] {logging_mixin.py:137} INFO - [2023-04-19T03:38:09.717+0000] {dag.py:3456} INFO - Setting next_dagrun for latest_only_with_trigger to 2023-04-18T23:38:09.717484+00:00, run_after=2023-04-19T03:38:09.717484+00:00
[2023-04-19T03:38:09.748+0000] {processor.py:175} INFO - Processing /home/airflow/.local/lib/python3.7/site-packages/airflow/example_dags/example_latest_only_with_trigger.py took 0.159 seconds
[2023-04-19T03:38:39.981+0000] {processor.py:153} INFO - Started process (PID=30059) to work on /home/airflow/.local/lib/python3.7/site-packages/airflow/example_dags/example_latest_only_with_trigger.py
[2023-04-19T03:38:39.983+0000] {processor.py:743} INFO - Processing file /home/airflow/.local/lib/python3.7/site-packages/airflow/example_dags/example_latest_only_with_trigger.py for tasks to queue
[2023-04-19T03:38:39.984+0000] {logging_mixin.py:137} INFO - [2023-04-19T03:38:39.983+0000] {dagbag.py:532} INFO - Filling up the DagBag from /home/airflow/.local/lib/python3.7/site-packages/airflow/example_dags/example_latest_only_with_trigger.py
[2023-04-19T03:38:40.002+0000] {processor.py:753} INFO - DAG(s) dict_keys(['latest_only_with_trigger']) retrieved from /home/airflow/.local/lib/python3.7/site-packages/airflow/example_dags/example_latest_only_with_trigger.py
[2023-04-19T03:38:40.037+0000] {logging_mixin.py:137} INFO - [2023-04-19T03:38:40.037+0000] {dag.py:2705} INFO - Sync 1 DAGs
[2023-04-19T03:38:40.077+0000] {logging_mixin.py:137} INFO - [2023-04-19T03:38:40.077+0000] {dag.py:3456} INFO - Setting next_dagrun for latest_only_with_trigger to 2023-04-18T23:38:40.077210+00:00, run_after=2023-04-19T03:38:40.077210+00:00
[2023-04-19T03:38:40.107+0000] {processor.py:175} INFO - Processing /home/airflow/.local/lib/python3.7/site-packages/airflow/example_dags/example_latest_only_with_trigger.py took 0.130 seconds
[2023-04-19T03:39:10.424+0000] {processor.py:153} INFO - Started process (PID=30110) to work on /home/airflow/.local/lib/python3.7/site-packages/airflow/example_dags/example_latest_only_with_trigger.py
[2023-04-19T03:39:10.425+0000] {processor.py:743} INFO - Processing file /home/airflow/.local/lib/python3.7/site-packages/airflow/example_dags/example_latest_only_with_trigger.py for tasks to queue
[2023-04-19T03:39:10.426+0000] {logging_mixin.py:137} INFO - [2023-04-19T03:39:10.425+0000] {dagbag.py:532} INFO - Filling up the DagBag from /home/airflow/.local/lib/python3.7/site-packages/airflow/example_dags/example_latest_only_with_trigger.py
[2023-04-19T03:39:10.448+0000] {processor.py:753} INFO - DAG(s) dict_keys(['latest_only_with_trigger']) retrieved from /home/airflow/.local/lib/python3.7/site-packages/airflow/example_dags/example_latest_only_with_trigger.py
[2023-04-19T03:39:10.496+0000] {logging_mixin.py:137} INFO - [2023-04-19T03:39:10.496+0000] {dag.py:2705} INFO - Sync 1 DAGs
[2023-04-19T03:39:10.596+0000] {logging_mixin.py:137} INFO - [2023-04-19T03:39:10.596+0000] {dag.py:3456} INFO - Setting next_dagrun for latest_only_with_trigger to 2023-04-18T23:39:10.596080+00:00, run_after=2023-04-19T03:39:10.596080+00:00
[2023-04-19T03:39:10.628+0000] {processor.py:175} INFO - Processing /home/airflow/.local/lib/python3.7/site-packages/airflow/example_dags/example_latest_only_with_trigger.py took 0.208 seconds
[2023-04-19T03:39:40.820+0000] {processor.py:153} INFO - Started process (PID=30162) to work on /home/airflow/.local/lib/python3.7/site-packages/airflow/example_dags/example_latest_only_with_trigger.py
[2023-04-19T03:39:40.822+0000] {processor.py:743} INFO - Processing file /home/airflow/.local/lib/python3.7/site-packages/airflow/example_dags/example_latest_only_with_trigger.py for tasks to queue
[2023-04-19T03:39:40.823+0000] {logging_mixin.py:137} INFO - [2023-04-19T03:39:40.823+0000] {dagbag.py:532} INFO - Filling up the DagBag from /home/airflow/.local/lib/python3.7/site-packages/airflow/example_dags/example_latest_only_with_trigger.py
[2023-04-19T03:39:40.841+0000] {processor.py:753} INFO - DAG(s) dict_keys(['latest_only_with_trigger']) retrieved from /home/airflow/.local/lib/python3.7/site-packages/airflow/example_dags/example_latest_only_with_trigger.py
[2023-04-19T03:39:40.875+0000] {logging_mixin.py:137} INFO - [2023-04-19T03:39:40.875+0000] {dag.py:2705} INFO - Sync 1 DAGs
[2023-04-19T03:39:40.913+0000] {logging_mixin.py:137} INFO - [2023-04-19T03:39:40.912+0000] {dag.py:3456} INFO - Setting next_dagrun for latest_only_with_trigger to 2023-04-18T23:39:40.912682+00:00, run_after=2023-04-19T03:39:40.912682+00:00
[2023-04-19T03:39:40.942+0000] {processor.py:175} INFO - Processing /home/airflow/.local/lib/python3.7/site-packages/airflow/example_dags/example_latest_only_with_trigger.py took 0.129 seconds
[2023-04-19T03:40:11.075+0000] {processor.py:153} INFO - Started process (PID=30213) to work on /home/airflow/.local/lib/python3.7/site-packages/airflow/example_dags/example_latest_only_with_trigger.py
[2023-04-19T03:40:11.076+0000] {processor.py:743} INFO - Processing file /home/airflow/.local/lib/python3.7/site-packages/airflow/example_dags/example_latest_only_with_trigger.py for tasks to queue
[2023-04-19T03:40:11.076+0000] {logging_mixin.py:137} INFO - [2023-04-19T03:40:11.076+0000] {dagbag.py:532} INFO - Filling up the DagBag from /home/airflow/.local/lib/python3.7/site-packages/airflow/example_dags/example_latest_only_with_trigger.py
[2023-04-19T03:40:11.090+0000] {processor.py:753} INFO - DAG(s) dict_keys(['latest_only_with_trigger']) retrieved from /home/airflow/.local/lib/python3.7/site-packages/airflow/example_dags/example_latest_only_with_trigger.py
[2023-04-19T03:40:11.121+0000] {logging_mixin.py:137} INFO - [2023-04-19T03:40:11.121+0000] {dag.py:2705} INFO - Sync 1 DAGs
[2023-04-19T03:40:11.154+0000] {logging_mixin.py:137} INFO - [2023-04-19T03:40:11.153+0000] {dag.py:3456} INFO - Setting next_dagrun for latest_only_with_trigger to 2023-04-18T23:40:11.153678+00:00, run_after=2023-04-19T03:40:11.153678+00:00
[2023-04-19T03:40:11.176+0000] {processor.py:175} INFO - Processing /home/airflow/.local/lib/python3.7/site-packages/airflow/example_dags/example_latest_only_with_trigger.py took 0.105 seconds
[2023-04-19T03:40:41.394+0000] {processor.py:153} INFO - Started process (PID=30263) to work on /home/airflow/.local/lib/python3.7/site-packages/airflow/example_dags/example_latest_only_with_trigger.py
[2023-04-19T03:40:41.395+0000] {processor.py:743} INFO - Processing file /home/airflow/.local/lib/python3.7/site-packages/airflow/example_dags/example_latest_only_with_trigger.py for tasks to queue
[2023-04-19T03:40:41.397+0000] {logging_mixin.py:137} INFO - [2023-04-19T03:40:41.396+0000] {dagbag.py:532} INFO - Filling up the DagBag from /home/airflow/.local/lib/python3.7/site-packages/airflow/example_dags/example_latest_only_with_trigger.py
[2023-04-19T03:40:41.420+0000] {processor.py:753} INFO - DAG(s) dict_keys(['latest_only_with_trigger']) retrieved from /home/airflow/.local/lib/python3.7/site-packages/airflow/example_dags/example_latest_only_with_trigger.py
[2023-04-19T03:40:41.452+0000] {logging_mixin.py:137} INFO - [2023-04-19T03:40:41.452+0000] {dag.py:2705} INFO - Sync 1 DAGs
[2023-04-19T03:40:41.487+0000] {logging_mixin.py:137} INFO - [2023-04-19T03:40:41.486+0000] {dag.py:3456} INFO - Setting next_dagrun for latest_only_with_trigger to 2023-04-18T23:40:41.486686+00:00, run_after=2023-04-19T03:40:41.486686+00:00
[2023-04-19T03:40:41.514+0000] {processor.py:175} INFO - Processing /home/airflow/.local/lib/python3.7/site-packages/airflow/example_dags/example_latest_only_with_trigger.py took 0.127 seconds
