[2023-04-19T03:34:04.472+0000] {processor.py:153} INFO - Started process (PID=29607) to work on /home/airflow/.local/lib/python3.7/site-packages/airflow/example_dags/example_nested_branch_dag.py
[2023-04-19T03:34:04.473+0000] {processor.py:743} INFO - Processing file /home/airflow/.local/lib/python3.7/site-packages/airflow/example_dags/example_nested_branch_dag.py for tasks to queue
[2023-04-19T03:34:04.474+0000] {logging_mixin.py:137} INFO - [2023-04-19T03:34:04.473+0000] {dagbag.py:532} INFO - Filling up the DagBag from /home/airflow/.local/lib/python3.7/site-packages/airflow/example_dags/example_nested_branch_dag.py
[2023-04-19T03:34:04.518+0000] {processor.py:753} INFO - DAG(s) dict_keys(['example_nested_branch_dag']) retrieved from /home/airflow/.local/lib/python3.7/site-packages/airflow/example_dags/example_nested_branch_dag.py
[2023-04-19T03:34:04.554+0000] {logging_mixin.py:137} INFO - [2023-04-19T03:34:04.553+0000] {dag.py:2705} INFO - Sync 1 DAGs
[2023-04-19T03:34:04.601+0000] {logging_mixin.py:137} INFO - [2023-04-19T03:34:04.600+0000] {dag.py:3456} INFO - Setting next_dagrun for example_nested_branch_dag to 2023-04-18T00:00:00+00:00, run_after=2023-04-19T00:00:00+00:00
[2023-04-19T03:34:04.629+0000] {processor.py:175} INFO - Processing /home/airflow/.local/lib/python3.7/site-packages/airflow/example_dags/example_nested_branch_dag.py took 0.162 seconds
[2023-04-19T03:34:35.226+0000] {processor.py:153} INFO - Started process (PID=29658) to work on /home/airflow/.local/lib/python3.7/site-packages/airflow/example_dags/example_nested_branch_dag.py
[2023-04-19T03:34:35.227+0000] {processor.py:743} INFO - Processing file /home/airflow/.local/lib/python3.7/site-packages/airflow/example_dags/example_nested_branch_dag.py for tasks to queue
[2023-04-19T03:34:35.227+0000] {logging_mixin.py:137} INFO - [2023-04-19T03:34:35.227+0000] {dagbag.py:532} INFO - Filling up the DagBag from /home/airflow/.local/lib/python3.7/site-packages/airflow/example_dags/example_nested_branch_dag.py
[2023-04-19T03:34:35.261+0000] {processor.py:753} INFO - DAG(s) dict_keys(['example_nested_branch_dag']) retrieved from /home/airflow/.local/lib/python3.7/site-packages/airflow/example_dags/example_nested_branch_dag.py
[2023-04-19T03:34:35.302+0000] {logging_mixin.py:137} INFO - [2023-04-19T03:34:35.301+0000] {dag.py:2705} INFO - Sync 1 DAGs
[2023-04-19T03:34:35.344+0000] {logging_mixin.py:137} INFO - [2023-04-19T03:34:35.343+0000] {dag.py:3456} INFO - Setting next_dagrun for example_nested_branch_dag to 2023-04-18T00:00:00+00:00, run_after=2023-04-19T00:00:00+00:00
[2023-04-19T03:34:35.382+0000] {processor.py:175} INFO - Processing /home/airflow/.local/lib/python3.7/site-packages/airflow/example_dags/example_nested_branch_dag.py took 0.160 seconds
[2023-04-19T03:35:06.120+0000] {processor.py:153} INFO - Started process (PID=29709) to work on /home/airflow/.local/lib/python3.7/site-packages/airflow/example_dags/example_nested_branch_dag.py
[2023-04-19T03:35:06.121+0000] {processor.py:743} INFO - Processing file /home/airflow/.local/lib/python3.7/site-packages/airflow/example_dags/example_nested_branch_dag.py for tasks to queue
[2023-04-19T03:35:06.122+0000] {logging_mixin.py:137} INFO - [2023-04-19T03:35:06.122+0000] {dagbag.py:532} INFO - Filling up the DagBag from /home/airflow/.local/lib/python3.7/site-packages/airflow/example_dags/example_nested_branch_dag.py
[2023-04-19T03:35:06.164+0000] {processor.py:753} INFO - DAG(s) dict_keys(['example_nested_branch_dag']) retrieved from /home/airflow/.local/lib/python3.7/site-packages/airflow/example_dags/example_nested_branch_dag.py
[2023-04-19T03:35:06.207+0000] {logging_mixin.py:137} INFO - [2023-04-19T03:35:06.207+0000] {dag.py:2705} INFO - Sync 1 DAGs
[2023-04-19T03:35:06.255+0000] {logging_mixin.py:137} INFO - [2023-04-19T03:35:06.255+0000] {dag.py:3456} INFO - Setting next_dagrun for example_nested_branch_dag to 2023-04-18T00:00:00+00:00, run_after=2023-04-19T00:00:00+00:00
[2023-04-19T03:35:06.292+0000] {processor.py:175} INFO - Processing /home/airflow/.local/lib/python3.7/site-packages/airflow/example_dags/example_nested_branch_dag.py took 0.175 seconds
[2023-04-19T03:35:36.445+0000] {processor.py:153} INFO - Started process (PID=29760) to work on /home/airflow/.local/lib/python3.7/site-packages/airflow/example_dags/example_nested_branch_dag.py
[2023-04-19T03:35:36.446+0000] {processor.py:743} INFO - Processing file /home/airflow/.local/lib/python3.7/site-packages/airflow/example_dags/example_nested_branch_dag.py for tasks to queue
[2023-04-19T03:35:36.447+0000] {logging_mixin.py:137} INFO - [2023-04-19T03:35:36.447+0000] {dagbag.py:532} INFO - Filling up the DagBag from /home/airflow/.local/lib/python3.7/site-packages/airflow/example_dags/example_nested_branch_dag.py
[2023-04-19T03:35:36.481+0000] {processor.py:753} INFO - DAG(s) dict_keys(['example_nested_branch_dag']) retrieved from /home/airflow/.local/lib/python3.7/site-packages/airflow/example_dags/example_nested_branch_dag.py
[2023-04-19T03:35:36.514+0000] {logging_mixin.py:137} INFO - [2023-04-19T03:35:36.514+0000] {dag.py:2705} INFO - Sync 1 DAGs
[2023-04-19T03:35:36.555+0000] {logging_mixin.py:137} INFO - [2023-04-19T03:35:36.554+0000] {dag.py:3456} INFO - Setting next_dagrun for example_nested_branch_dag to 2023-04-18T00:00:00+00:00, run_after=2023-04-19T00:00:00+00:00
[2023-04-19T03:35:36.586+0000] {processor.py:175} INFO - Processing /home/airflow/.local/lib/python3.7/site-packages/airflow/example_dags/example_nested_branch_dag.py took 0.145 seconds
[2023-04-19T03:36:06.904+0000] {processor.py:153} INFO - Started process (PID=29811) to work on /home/airflow/.local/lib/python3.7/site-packages/airflow/example_dags/example_nested_branch_dag.py
[2023-04-19T03:36:06.906+0000] {processor.py:743} INFO - Processing file /home/airflow/.local/lib/python3.7/site-packages/airflow/example_dags/example_nested_branch_dag.py for tasks to queue
[2023-04-19T03:36:06.907+0000] {logging_mixin.py:137} INFO - [2023-04-19T03:36:06.906+0000] {dagbag.py:532} INFO - Filling up the DagBag from /home/airflow/.local/lib/python3.7/site-packages/airflow/example_dags/example_nested_branch_dag.py
[2023-04-19T03:36:06.945+0000] {processor.py:753} INFO - DAG(s) dict_keys(['example_nested_branch_dag']) retrieved from /home/airflow/.local/lib/python3.7/site-packages/airflow/example_dags/example_nested_branch_dag.py
[2023-04-19T03:36:06.983+0000] {logging_mixin.py:137} INFO - [2023-04-19T03:36:06.983+0000] {dag.py:2705} INFO - Sync 1 DAGs
[2023-04-19T03:36:07.028+0000] {logging_mixin.py:137} INFO - [2023-04-19T03:36:07.028+0000] {dag.py:3456} INFO - Setting next_dagrun for example_nested_branch_dag to 2023-04-18T00:00:00+00:00, run_after=2023-04-19T00:00:00+00:00
[2023-04-19T03:36:07.058+0000] {processor.py:175} INFO - Processing /home/airflow/.local/lib/python3.7/site-packages/airflow/example_dags/example_nested_branch_dag.py took 0.157 seconds
[2023-04-19T03:36:39.386+0000] {processor.py:153} INFO - Started process (PID=29862) to work on /home/airflow/.local/lib/python3.7/site-packages/airflow/example_dags/example_nested_branch_dag.py
[2023-04-19T03:36:39.492+0000] {processor.py:743} INFO - Processing file /home/airflow/.local/lib/python3.7/site-packages/airflow/example_dags/example_nested_branch_dag.py for tasks to queue
[2023-04-19T03:36:39.493+0000] {logging_mixin.py:137} INFO - [2023-04-19T03:36:39.493+0000] {dagbag.py:532} INFO - Filling up the DagBag from /home/airflow/.local/lib/python3.7/site-packages/airflow/example_dags/example_nested_branch_dag.py
[2023-04-19T03:36:39.526+0000] {processor.py:753} INFO - DAG(s) dict_keys(['example_nested_branch_dag']) retrieved from /home/airflow/.local/lib/python3.7/site-packages/airflow/example_dags/example_nested_branch_dag.py
[2023-04-19T03:36:39.560+0000] {logging_mixin.py:137} INFO - [2023-04-19T03:36:39.560+0000] {dag.py:2705} INFO - Sync 1 DAGs
[2023-04-19T03:36:39.596+0000] {logging_mixin.py:137} INFO - [2023-04-19T03:36:39.596+0000] {dag.py:3456} INFO - Setting next_dagrun for example_nested_branch_dag to 2023-04-18T00:00:00+00:00, run_after=2023-04-19T00:00:00+00:00
[2023-04-19T03:36:39.956+0000] {processor.py:175} INFO - Processing /home/airflow/.local/lib/python3.7/site-packages/airflow/example_dags/example_nested_branch_dag.py took 0.576 seconds
[2023-04-19T03:37:10.265+0000] {processor.py:153} INFO - Started process (PID=29913) to work on /home/airflow/.local/lib/python3.7/site-packages/airflow/example_dags/example_nested_branch_dag.py
[2023-04-19T03:37:10.267+0000] {processor.py:743} INFO - Processing file /home/airflow/.local/lib/python3.7/site-packages/airflow/example_dags/example_nested_branch_dag.py for tasks to queue
[2023-04-19T03:37:10.268+0000] {logging_mixin.py:137} INFO - [2023-04-19T03:37:10.268+0000] {dagbag.py:532} INFO - Filling up the DagBag from /home/airflow/.local/lib/python3.7/site-packages/airflow/example_dags/example_nested_branch_dag.py
[2023-04-19T03:37:10.302+0000] {processor.py:753} INFO - DAG(s) dict_keys(['example_nested_branch_dag']) retrieved from /home/airflow/.local/lib/python3.7/site-packages/airflow/example_dags/example_nested_branch_dag.py
[2023-04-19T03:37:10.339+0000] {logging_mixin.py:137} INFO - [2023-04-19T03:37:10.339+0000] {dag.py:2705} INFO - Sync 1 DAGs
[2023-04-19T03:37:10.381+0000] {logging_mixin.py:137} INFO - [2023-04-19T03:37:10.381+0000] {dag.py:3456} INFO - Setting next_dagrun for example_nested_branch_dag to 2023-04-18T00:00:00+00:00, run_after=2023-04-19T00:00:00+00:00
[2023-04-19T03:37:10.427+0000] {processor.py:175} INFO - Processing /home/airflow/.local/lib/python3.7/site-packages/airflow/example_dags/example_nested_branch_dag.py took 0.167 seconds
[2023-04-19T03:37:40.526+0000] {processor.py:153} INFO - Started process (PID=29964) to work on /home/airflow/.local/lib/python3.7/site-packages/airflow/example_dags/example_nested_branch_dag.py
[2023-04-19T03:37:40.527+0000] {processor.py:743} INFO - Processing file /home/airflow/.local/lib/python3.7/site-packages/airflow/example_dags/example_nested_branch_dag.py for tasks to queue
[2023-04-19T03:37:40.528+0000] {logging_mixin.py:137} INFO - [2023-04-19T03:37:40.527+0000] {dagbag.py:532} INFO - Filling up the DagBag from /home/airflow/.local/lib/python3.7/site-packages/airflow/example_dags/example_nested_branch_dag.py
[2023-04-19T03:37:40.562+0000] {processor.py:753} INFO - DAG(s) dict_keys(['example_nested_branch_dag']) retrieved from /home/airflow/.local/lib/python3.7/site-packages/airflow/example_dags/example_nested_branch_dag.py
[2023-04-19T03:37:40.596+0000] {logging_mixin.py:137} INFO - [2023-04-19T03:37:40.596+0000] {dag.py:2705} INFO - Sync 1 DAGs
[2023-04-19T03:37:40.635+0000] {logging_mixin.py:137} INFO - [2023-04-19T03:37:40.635+0000] {dag.py:3456} INFO - Setting next_dagrun for example_nested_branch_dag to 2023-04-18T00:00:00+00:00, run_after=2023-04-19T00:00:00+00:00
[2023-04-19T03:37:40.660+0000] {processor.py:175} INFO - Processing /home/airflow/.local/lib/python3.7/site-packages/airflow/example_dags/example_nested_branch_dag.py took 0.138 seconds
[2023-04-19T03:38:11.222+0000] {processor.py:153} INFO - Started process (PID=30015) to work on /home/airflow/.local/lib/python3.7/site-packages/airflow/example_dags/example_nested_branch_dag.py
[2023-04-19T03:38:11.223+0000] {processor.py:743} INFO - Processing file /home/airflow/.local/lib/python3.7/site-packages/airflow/example_dags/example_nested_branch_dag.py for tasks to queue
[2023-04-19T03:38:11.224+0000] {logging_mixin.py:137} INFO - [2023-04-19T03:38:11.224+0000] {dagbag.py:532} INFO - Filling up the DagBag from /home/airflow/.local/lib/python3.7/site-packages/airflow/example_dags/example_nested_branch_dag.py
[2023-04-19T03:38:11.266+0000] {processor.py:753} INFO - DAG(s) dict_keys(['example_nested_branch_dag']) retrieved from /home/airflow/.local/lib/python3.7/site-packages/airflow/example_dags/example_nested_branch_dag.py
[2023-04-19T03:38:11.303+0000] {logging_mixin.py:137} INFO - [2023-04-19T03:38:11.302+0000] {dag.py:2705} INFO - Sync 1 DAGs
[2023-04-19T03:38:11.345+0000] {logging_mixin.py:137} INFO - [2023-04-19T03:38:11.345+0000] {dag.py:3456} INFO - Setting next_dagrun for example_nested_branch_dag to 2023-04-18T00:00:00+00:00, run_after=2023-04-19T00:00:00+00:00
[2023-04-19T03:38:11.372+0000] {processor.py:175} INFO - Processing /home/airflow/.local/lib/python3.7/site-packages/airflow/example_dags/example_nested_branch_dag.py took 0.155 seconds
[2023-04-19T03:38:41.556+0000] {processor.py:153} INFO - Started process (PID=30066) to work on /home/airflow/.local/lib/python3.7/site-packages/airflow/example_dags/example_nested_branch_dag.py
[2023-04-19T03:38:41.558+0000] {processor.py:743} INFO - Processing file /home/airflow/.local/lib/python3.7/site-packages/airflow/example_dags/example_nested_branch_dag.py for tasks to queue
[2023-04-19T03:38:41.559+0000] {logging_mixin.py:137} INFO - [2023-04-19T03:38:41.559+0000] {dagbag.py:532} INFO - Filling up the DagBag from /home/airflow/.local/lib/python3.7/site-packages/airflow/example_dags/example_nested_branch_dag.py
[2023-04-19T03:38:41.596+0000] {processor.py:753} INFO - DAG(s) dict_keys(['example_nested_branch_dag']) retrieved from /home/airflow/.local/lib/python3.7/site-packages/airflow/example_dags/example_nested_branch_dag.py
[2023-04-19T03:38:41.635+0000] {logging_mixin.py:137} INFO - [2023-04-19T03:38:41.635+0000] {dag.py:2705} INFO - Sync 1 DAGs
[2023-04-19T03:38:41.678+0000] {logging_mixin.py:137} INFO - [2023-04-19T03:38:41.678+0000] {dag.py:3456} INFO - Setting next_dagrun for example_nested_branch_dag to 2023-04-18T00:00:00+00:00, run_after=2023-04-19T00:00:00+00:00
[2023-04-19T03:38:41.707+0000] {processor.py:175} INFO - Processing /home/airflow/.local/lib/python3.7/site-packages/airflow/example_dags/example_nested_branch_dag.py took 0.155 seconds
[2023-04-19T03:39:12.285+0000] {processor.py:153} INFO - Started process (PID=30117) to work on /home/airflow/.local/lib/python3.7/site-packages/airflow/example_dags/example_nested_branch_dag.py
[2023-04-19T03:39:12.286+0000] {processor.py:743} INFO - Processing file /home/airflow/.local/lib/python3.7/site-packages/airflow/example_dags/example_nested_branch_dag.py for tasks to queue
[2023-04-19T03:39:12.287+0000] {logging_mixin.py:137} INFO - [2023-04-19T03:39:12.287+0000] {dagbag.py:532} INFO - Filling up the DagBag from /home/airflow/.local/lib/python3.7/site-packages/airflow/example_dags/example_nested_branch_dag.py
[2023-04-19T03:39:12.328+0000] {processor.py:753} INFO - DAG(s) dict_keys(['example_nested_branch_dag']) retrieved from /home/airflow/.local/lib/python3.7/site-packages/airflow/example_dags/example_nested_branch_dag.py
[2023-04-19T03:39:12.365+0000] {logging_mixin.py:137} INFO - [2023-04-19T03:39:12.365+0000] {dag.py:2705} INFO - Sync 1 DAGs
[2023-04-19T03:39:12.410+0000] {logging_mixin.py:137} INFO - [2023-04-19T03:39:12.410+0000] {dag.py:3456} INFO - Setting next_dagrun for example_nested_branch_dag to 2023-04-18T00:00:00+00:00, run_after=2023-04-19T00:00:00+00:00
[2023-04-19T03:39:12.441+0000] {processor.py:175} INFO - Processing /home/airflow/.local/lib/python3.7/site-packages/airflow/example_dags/example_nested_branch_dag.py took 0.163 seconds
[2023-04-19T03:39:42.545+0000] {processor.py:153} INFO - Started process (PID=30168) to work on /home/airflow/.local/lib/python3.7/site-packages/airflow/example_dags/example_nested_branch_dag.py
[2023-04-19T03:39:42.546+0000] {processor.py:743} INFO - Processing file /home/airflow/.local/lib/python3.7/site-packages/airflow/example_dags/example_nested_branch_dag.py for tasks to queue
[2023-04-19T03:39:42.546+0000] {logging_mixin.py:137} INFO - [2023-04-19T03:39:42.546+0000] {dagbag.py:532} INFO - Filling up the DagBag from /home/airflow/.local/lib/python3.7/site-packages/airflow/example_dags/example_nested_branch_dag.py
[2023-04-19T03:39:42.586+0000] {processor.py:753} INFO - DAG(s) dict_keys(['example_nested_branch_dag']) retrieved from /home/airflow/.local/lib/python3.7/site-packages/airflow/example_dags/example_nested_branch_dag.py
[2023-04-19T03:39:42.628+0000] {logging_mixin.py:137} INFO - [2023-04-19T03:39:42.627+0000] {dag.py:2705} INFO - Sync 1 DAGs
[2023-04-19T03:39:42.687+0000] {logging_mixin.py:137} INFO - [2023-04-19T03:39:42.687+0000] {dag.py:3456} INFO - Setting next_dagrun for example_nested_branch_dag to 2023-04-18T00:00:00+00:00, run_after=2023-04-19T00:00:00+00:00
[2023-04-19T03:39:42.728+0000] {processor.py:175} INFO - Processing /home/airflow/.local/lib/python3.7/site-packages/airflow/example_dags/example_nested_branch_dag.py took 0.187 seconds
[2023-04-19T03:40:12.923+0000] {processor.py:153} INFO - Started process (PID=30219) to work on /home/airflow/.local/lib/python3.7/site-packages/airflow/example_dags/example_nested_branch_dag.py
[2023-04-19T03:40:12.924+0000] {processor.py:743} INFO - Processing file /home/airflow/.local/lib/python3.7/site-packages/airflow/example_dags/example_nested_branch_dag.py for tasks to queue
[2023-04-19T03:40:12.925+0000] {logging_mixin.py:137} INFO - [2023-04-19T03:40:12.925+0000] {dagbag.py:532} INFO - Filling up the DagBag from /home/airflow/.local/lib/python3.7/site-packages/airflow/example_dags/example_nested_branch_dag.py
[2023-04-19T03:40:12.959+0000] {processor.py:753} INFO - DAG(s) dict_keys(['example_nested_branch_dag']) retrieved from /home/airflow/.local/lib/python3.7/site-packages/airflow/example_dags/example_nested_branch_dag.py
[2023-04-19T03:40:12.996+0000] {logging_mixin.py:137} INFO - [2023-04-19T03:40:12.996+0000] {dag.py:2705} INFO - Sync 1 DAGs
[2023-04-19T03:40:13.033+0000] {logging_mixin.py:137} INFO - [2023-04-19T03:40:13.033+0000] {dag.py:3456} INFO - Setting next_dagrun for example_nested_branch_dag to 2023-04-18T00:00:00+00:00, run_after=2023-04-19T00:00:00+00:00
[2023-04-19T03:40:13.069+0000] {processor.py:175} INFO - Processing /home/airflow/.local/lib/python3.7/site-packages/airflow/example_dags/example_nested_branch_dag.py took 0.150 seconds
[2023-04-19T03:40:43.137+0000] {processor.py:153} INFO - Started process (PID=30270) to work on /home/airflow/.local/lib/python3.7/site-packages/airflow/example_dags/example_nested_branch_dag.py
[2023-04-19T03:40:43.138+0000] {processor.py:743} INFO - Processing file /home/airflow/.local/lib/python3.7/site-packages/airflow/example_dags/example_nested_branch_dag.py for tasks to queue
[2023-04-19T03:40:43.139+0000] {logging_mixin.py:137} INFO - [2023-04-19T03:40:43.139+0000] {dagbag.py:532} INFO - Filling up the DagBag from /home/airflow/.local/lib/python3.7/site-packages/airflow/example_dags/example_nested_branch_dag.py
[2023-04-19T03:40:43.186+0000] {processor.py:753} INFO - DAG(s) dict_keys(['example_nested_branch_dag']) retrieved from /home/airflow/.local/lib/python3.7/site-packages/airflow/example_dags/example_nested_branch_dag.py
[2023-04-19T03:40:43.223+0000] {logging_mixin.py:137} INFO - [2023-04-19T03:40:43.223+0000] {dag.py:2705} INFO - Sync 1 DAGs
[2023-04-19T03:40:43.265+0000] {logging_mixin.py:137} INFO - [2023-04-19T03:40:43.265+0000] {dag.py:3456} INFO - Setting next_dagrun for example_nested_branch_dag to 2023-04-18T00:00:00+00:00, run_after=2023-04-19T00:00:00+00:00
[2023-04-19T03:40:43.300+0000] {processor.py:175} INFO - Processing /home/airflow/.local/lib/python3.7/site-packages/airflow/example_dags/example_nested_branch_dag.py took 0.167 seconds
