[2023-04-19T03:34:02.593+0000] {processor.py:153} INFO - Started process (PID=29597) to work on /home/airflow/.local/lib/python3.7/site-packages/airflow/example_dags/example_complex.py
[2023-04-19T03:34:02.595+0000] {processor.py:743} INFO - Processing file /home/airflow/.local/lib/python3.7/site-packages/airflow/example_dags/example_complex.py for tasks to queue
[2023-04-19T03:34:02.596+0000] {logging_mixin.py:137} INFO - [2023-04-19T03:34:02.595+0000] {dagbag.py:532} INFO - Filling up the DagBag from /home/airflow/.local/lib/python3.7/site-packages/airflow/example_dags/example_complex.py
[2023-04-19T03:34:02.630+0000] {logging_mixin.py:137} INFO - [2023-04-19T03:34:02.629+0000] {taskmixin.py:211} WARNING - Dependency <Task(BashOperator): create_entry_group>, delete_entry_group already registered for DAG: example_complex
[2023-04-19T03:34:02.630+0000] {logging_mixin.py:137} INFO - [2023-04-19T03:34:02.630+0000] {taskmixin.py:211} WARNING - Dependency <Task(BashOperator): delete_entry_group>, create_entry_group already registered for DAG: example_complex
[2023-04-19T03:34:02.631+0000] {logging_mixin.py:137} INFO - [2023-04-19T03:34:02.631+0000] {taskmixin.py:211} WARNING - Dependency <Task(BashOperator): create_entry_gcs>, delete_entry already registered for DAG: example_complex
[2023-04-19T03:34:02.631+0000] {logging_mixin.py:137} INFO - [2023-04-19T03:34:02.631+0000] {taskmixin.py:211} WARNING - Dependency <Task(BashOperator): delete_entry>, create_entry_gcs already registered for DAG: example_complex
[2023-04-19T03:34:02.632+0000] {logging_mixin.py:137} INFO - [2023-04-19T03:34:02.632+0000] {taskmixin.py:211} WARNING - Dependency <Task(BashOperator): create_tag>, delete_tag already registered for DAG: example_complex
[2023-04-19T03:34:02.633+0000] {logging_mixin.py:137} INFO - [2023-04-19T03:34:02.633+0000] {taskmixin.py:211} WARNING - Dependency <Task(BashOperator): delete_tag>, create_tag already registered for DAG: example_complex
[2023-04-19T03:34:02.650+0000] {processor.py:753} INFO - DAG(s) dict_keys(['example_complex']) retrieved from /home/airflow/.local/lib/python3.7/site-packages/airflow/example_dags/example_complex.py
[2023-04-19T03:34:02.739+0000] {logging_mixin.py:137} INFO - [2023-04-19T03:34:02.739+0000] {dag.py:2705} INFO - Sync 1 DAGs
[2023-04-19T03:34:02.800+0000] {logging_mixin.py:137} INFO - [2023-04-19T03:34:02.800+0000] {dag.py:3456} INFO - Setting next_dagrun for example_complex to None, run_after=None
[2023-04-19T03:34:02.844+0000] {processor.py:175} INFO - Processing /home/airflow/.local/lib/python3.7/site-packages/airflow/example_dags/example_complex.py took 0.256 seconds
[2023-04-19T03:34:33.297+0000] {processor.py:153} INFO - Started process (PID=29648) to work on /home/airflow/.local/lib/python3.7/site-packages/airflow/example_dags/example_complex.py
[2023-04-19T03:34:33.298+0000] {processor.py:743} INFO - Processing file /home/airflow/.local/lib/python3.7/site-packages/airflow/example_dags/example_complex.py for tasks to queue
[2023-04-19T03:34:33.299+0000] {logging_mixin.py:137} INFO - [2023-04-19T03:34:33.298+0000] {dagbag.py:532} INFO - Filling up the DagBag from /home/airflow/.local/lib/python3.7/site-packages/airflow/example_dags/example_complex.py
[2023-04-19T03:34:33.312+0000] {logging_mixin.py:137} INFO - [2023-04-19T03:34:33.312+0000] {taskmixin.py:211} WARNING - Dependency <Task(BashOperator): create_entry_group>, delete_entry_group already registered for DAG: example_complex
[2023-04-19T03:34:33.312+0000] {logging_mixin.py:137} INFO - [2023-04-19T03:34:33.312+0000] {taskmixin.py:211} WARNING - Dependency <Task(BashOperator): delete_entry_group>, create_entry_group already registered for DAG: example_complex
[2023-04-19T03:34:33.313+0000] {logging_mixin.py:137} INFO - [2023-04-19T03:34:33.313+0000] {taskmixin.py:211} WARNING - Dependency <Task(BashOperator): create_entry_gcs>, delete_entry already registered for DAG: example_complex
[2023-04-19T03:34:33.313+0000] {logging_mixin.py:137} INFO - [2023-04-19T03:34:33.313+0000] {taskmixin.py:211} WARNING - Dependency <Task(BashOperator): delete_entry>, create_entry_gcs already registered for DAG: example_complex
[2023-04-19T03:34:33.313+0000] {logging_mixin.py:137} INFO - [2023-04-19T03:34:33.313+0000] {taskmixin.py:211} WARNING - Dependency <Task(BashOperator): create_tag>, delete_tag already registered for DAG: example_complex
[2023-04-19T03:34:33.314+0000] {logging_mixin.py:137} INFO - [2023-04-19T03:34:33.313+0000] {taskmixin.py:211} WARNING - Dependency <Task(BashOperator): delete_tag>, create_tag already registered for DAG: example_complex
[2023-04-19T03:34:33.322+0000] {processor.py:753} INFO - DAG(s) dict_keys(['example_complex']) retrieved from /home/airflow/.local/lib/python3.7/site-packages/airflow/example_dags/example_complex.py
[2023-04-19T03:34:33.365+0000] {logging_mixin.py:137} INFO - [2023-04-19T03:34:33.365+0000] {dag.py:2705} INFO - Sync 1 DAGs
[2023-04-19T03:34:33.397+0000] {logging_mixin.py:137} INFO - [2023-04-19T03:34:33.397+0000] {dag.py:3456} INFO - Setting next_dagrun for example_complex to None, run_after=None
[2023-04-19T03:34:33.422+0000] {processor.py:175} INFO - Processing /home/airflow/.local/lib/python3.7/site-packages/airflow/example_dags/example_complex.py took 0.129 seconds
[2023-04-19T03:35:04.075+0000] {processor.py:153} INFO - Started process (PID=29699) to work on /home/airflow/.local/lib/python3.7/site-packages/airflow/example_dags/example_complex.py
[2023-04-19T03:35:04.076+0000] {processor.py:743} INFO - Processing file /home/airflow/.local/lib/python3.7/site-packages/airflow/example_dags/example_complex.py for tasks to queue
[2023-04-19T03:35:04.077+0000] {logging_mixin.py:137} INFO - [2023-04-19T03:35:04.077+0000] {dagbag.py:532} INFO - Filling up the DagBag from /home/airflow/.local/lib/python3.7/site-packages/airflow/example_dags/example_complex.py
[2023-04-19T03:35:04.096+0000] {logging_mixin.py:137} INFO - [2023-04-19T03:35:04.096+0000] {taskmixin.py:211} WARNING - Dependency <Task(BashOperator): create_entry_group>, delete_entry_group already registered for DAG: example_complex
[2023-04-19T03:35:04.097+0000] {logging_mixin.py:137} INFO - [2023-04-19T03:35:04.097+0000] {taskmixin.py:211} WARNING - Dependency <Task(BashOperator): delete_entry_group>, create_entry_group already registered for DAG: example_complex
[2023-04-19T03:35:04.097+0000] {logging_mixin.py:137} INFO - [2023-04-19T03:35:04.097+0000] {taskmixin.py:211} WARNING - Dependency <Task(BashOperator): create_entry_gcs>, delete_entry already registered for DAG: example_complex
[2023-04-19T03:35:04.097+0000] {logging_mixin.py:137} INFO - [2023-04-19T03:35:04.097+0000] {taskmixin.py:211} WARNING - Dependency <Task(BashOperator): delete_entry>, create_entry_gcs already registered for DAG: example_complex
[2023-04-19T03:35:04.098+0000] {logging_mixin.py:137} INFO - [2023-04-19T03:35:04.098+0000] {taskmixin.py:211} WARNING - Dependency <Task(BashOperator): create_tag>, delete_tag already registered for DAG: example_complex
[2023-04-19T03:35:04.098+0000] {logging_mixin.py:137} INFO - [2023-04-19T03:35:04.098+0000] {taskmixin.py:211} WARNING - Dependency <Task(BashOperator): delete_tag>, create_tag already registered for DAG: example_complex
[2023-04-19T03:35:04.110+0000] {processor.py:753} INFO - DAG(s) dict_keys(['example_complex']) retrieved from /home/airflow/.local/lib/python3.7/site-packages/airflow/example_dags/example_complex.py
[2023-04-19T03:35:04.164+0000] {logging_mixin.py:137} INFO - [2023-04-19T03:35:04.163+0000] {dag.py:2705} INFO - Sync 1 DAGs
[2023-04-19T03:35:04.203+0000] {logging_mixin.py:137} INFO - [2023-04-19T03:35:04.203+0000] {dag.py:3456} INFO - Setting next_dagrun for example_complex to None, run_after=None
[2023-04-19T03:35:04.238+0000] {processor.py:175} INFO - Processing /home/airflow/.local/lib/python3.7/site-packages/airflow/example_dags/example_complex.py took 0.168 seconds
[2023-04-19T03:35:34.395+0000] {processor.py:153} INFO - Started process (PID=29750) to work on /home/airflow/.local/lib/python3.7/site-packages/airflow/example_dags/example_complex.py
[2023-04-19T03:35:34.396+0000] {processor.py:743} INFO - Processing file /home/airflow/.local/lib/python3.7/site-packages/airflow/example_dags/example_complex.py for tasks to queue
[2023-04-19T03:35:34.397+0000] {logging_mixin.py:137} INFO - [2023-04-19T03:35:34.397+0000] {dagbag.py:532} INFO - Filling up the DagBag from /home/airflow/.local/lib/python3.7/site-packages/airflow/example_dags/example_complex.py
[2023-04-19T03:35:34.414+0000] {logging_mixin.py:137} INFO - [2023-04-19T03:35:34.414+0000] {taskmixin.py:211} WARNING - Dependency <Task(BashOperator): create_entry_group>, delete_entry_group already registered for DAG: example_complex
[2023-04-19T03:35:34.415+0000] {logging_mixin.py:137} INFO - [2023-04-19T03:35:34.415+0000] {taskmixin.py:211} WARNING - Dependency <Task(BashOperator): delete_entry_group>, create_entry_group already registered for DAG: example_complex
[2023-04-19T03:35:34.415+0000] {logging_mixin.py:137} INFO - [2023-04-19T03:35:34.415+0000] {taskmixin.py:211} WARNING - Dependency <Task(BashOperator): create_entry_gcs>, delete_entry already registered for DAG: example_complex
[2023-04-19T03:35:34.415+0000] {logging_mixin.py:137} INFO - [2023-04-19T03:35:34.415+0000] {taskmixin.py:211} WARNING - Dependency <Task(BashOperator): delete_entry>, create_entry_gcs already registered for DAG: example_complex
[2023-04-19T03:35:34.416+0000] {logging_mixin.py:137} INFO - [2023-04-19T03:35:34.416+0000] {taskmixin.py:211} WARNING - Dependency <Task(BashOperator): create_tag>, delete_tag already registered for DAG: example_complex
[2023-04-19T03:35:34.416+0000] {logging_mixin.py:137} INFO - [2023-04-19T03:35:34.416+0000] {taskmixin.py:211} WARNING - Dependency <Task(BashOperator): delete_tag>, create_tag already registered for DAG: example_complex
[2023-04-19T03:35:34.427+0000] {processor.py:753} INFO - DAG(s) dict_keys(['example_complex']) retrieved from /home/airflow/.local/lib/python3.7/site-packages/airflow/example_dags/example_complex.py
[2023-04-19T03:35:34.479+0000] {logging_mixin.py:137} INFO - [2023-04-19T03:35:34.479+0000] {dag.py:2705} INFO - Sync 1 DAGs
[2023-04-19T03:35:34.526+0000] {logging_mixin.py:137} INFO - [2023-04-19T03:35:34.526+0000] {dag.py:3456} INFO - Setting next_dagrun for example_complex to None, run_after=None
[2023-04-19T03:35:34.565+0000] {processor.py:175} INFO - Processing /home/airflow/.local/lib/python3.7/site-packages/airflow/example_dags/example_complex.py took 0.176 seconds
[2023-04-19T03:36:04.834+0000] {processor.py:153} INFO - Started process (PID=29801) to work on /home/airflow/.local/lib/python3.7/site-packages/airflow/example_dags/example_complex.py
[2023-04-19T03:36:04.835+0000] {processor.py:743} INFO - Processing file /home/airflow/.local/lib/python3.7/site-packages/airflow/example_dags/example_complex.py for tasks to queue
[2023-04-19T03:36:04.837+0000] {logging_mixin.py:137} INFO - [2023-04-19T03:36:04.836+0000] {dagbag.py:532} INFO - Filling up the DagBag from /home/airflow/.local/lib/python3.7/site-packages/airflow/example_dags/example_complex.py
[2023-04-19T03:36:04.855+0000] {logging_mixin.py:137} INFO - [2023-04-19T03:36:04.854+0000] {taskmixin.py:211} WARNING - Dependency <Task(BashOperator): create_entry_group>, delete_entry_group already registered for DAG: example_complex
[2023-04-19T03:36:04.855+0000] {logging_mixin.py:137} INFO - [2023-04-19T03:36:04.855+0000] {taskmixin.py:211} WARNING - Dependency <Task(BashOperator): delete_entry_group>, create_entry_group already registered for DAG: example_complex
[2023-04-19T03:36:04.856+0000] {logging_mixin.py:137} INFO - [2023-04-19T03:36:04.856+0000] {taskmixin.py:211} WARNING - Dependency <Task(BashOperator): create_entry_gcs>, delete_entry already registered for DAG: example_complex
[2023-04-19T03:36:04.856+0000] {logging_mixin.py:137} INFO - [2023-04-19T03:36:04.856+0000] {taskmixin.py:211} WARNING - Dependency <Task(BashOperator): delete_entry>, create_entry_gcs already registered for DAG: example_complex
[2023-04-19T03:36:04.857+0000] {logging_mixin.py:137} INFO - [2023-04-19T03:36:04.857+0000] {taskmixin.py:211} WARNING - Dependency <Task(BashOperator): create_tag>, delete_tag already registered for DAG: example_complex
[2023-04-19T03:36:04.858+0000] {logging_mixin.py:137} INFO - [2023-04-19T03:36:04.857+0000] {taskmixin.py:211} WARNING - Dependency <Task(BashOperator): delete_tag>, create_tag already registered for DAG: example_complex
[2023-04-19T03:36:04.872+0000] {processor.py:753} INFO - DAG(s) dict_keys(['example_complex']) retrieved from /home/airflow/.local/lib/python3.7/site-packages/airflow/example_dags/example_complex.py
[2023-04-19T03:36:04.928+0000] {logging_mixin.py:137} INFO - [2023-04-19T03:36:04.928+0000] {dag.py:2705} INFO - Sync 1 DAGs
[2023-04-19T03:36:04.984+0000] {logging_mixin.py:137} INFO - [2023-04-19T03:36:04.984+0000] {dag.py:3456} INFO - Setting next_dagrun for example_complex to None, run_after=None
[2023-04-19T03:36:05.020+0000] {processor.py:175} INFO - Processing /home/airflow/.local/lib/python3.7/site-packages/airflow/example_dags/example_complex.py took 0.192 seconds
[2023-04-19T03:36:36.453+0000] {processor.py:153} INFO - Started process (PID=29852) to work on /home/airflow/.local/lib/python3.7/site-packages/airflow/example_dags/example_complex.py
[2023-04-19T03:36:36.454+0000] {processor.py:743} INFO - Processing file /home/airflow/.local/lib/python3.7/site-packages/airflow/example_dags/example_complex.py for tasks to queue
[2023-04-19T03:36:36.456+0000] {logging_mixin.py:137} INFO - [2023-04-19T03:36:36.456+0000] {dagbag.py:532} INFO - Filling up the DagBag from /home/airflow/.local/lib/python3.7/site-packages/airflow/example_dags/example_complex.py
[2023-04-19T03:36:36.488+0000] {logging_mixin.py:137} INFO - [2023-04-19T03:36:36.488+0000] {taskmixin.py:211} WARNING - Dependency <Task(BashOperator): create_entry_group>, delete_entry_group already registered for DAG: example_complex
[2023-04-19T03:36:36.488+0000] {logging_mixin.py:137} INFO - [2023-04-19T03:36:36.488+0000] {taskmixin.py:211} WARNING - Dependency <Task(BashOperator): delete_entry_group>, create_entry_group already registered for DAG: example_complex
[2023-04-19T03:36:36.489+0000] {logging_mixin.py:137} INFO - [2023-04-19T03:36:36.488+0000] {taskmixin.py:211} WARNING - Dependency <Task(BashOperator): create_entry_gcs>, delete_entry already registered for DAG: example_complex
[2023-04-19T03:36:36.489+0000] {logging_mixin.py:137} INFO - [2023-04-19T03:36:36.489+0000] {taskmixin.py:211} WARNING - Dependency <Task(BashOperator): delete_entry>, create_entry_gcs already registered for DAG: example_complex
[2023-04-19T03:36:36.489+0000] {logging_mixin.py:137} INFO - [2023-04-19T03:36:36.489+0000] {taskmixin.py:211} WARNING - Dependency <Task(BashOperator): create_tag>, delete_tag already registered for DAG: example_complex
[2023-04-19T03:36:36.489+0000] {logging_mixin.py:137} INFO - [2023-04-19T03:36:36.489+0000] {taskmixin.py:211} WARNING - Dependency <Task(BashOperator): delete_tag>, create_tag already registered for DAG: example_complex
[2023-04-19T03:36:36.497+0000] {processor.py:753} INFO - DAG(s) dict_keys(['example_complex']) retrieved from /home/airflow/.local/lib/python3.7/site-packages/airflow/example_dags/example_complex.py
[2023-04-19T03:36:36.541+0000] {logging_mixin.py:137} INFO - [2023-04-19T03:36:36.541+0000] {dag.py:2705} INFO - Sync 1 DAGs
[2023-04-19T03:36:36.575+0000] {logging_mixin.py:137} INFO - [2023-04-19T03:36:36.574+0000] {dag.py:3456} INFO - Setting next_dagrun for example_complex to None, run_after=None
[2023-04-19T03:36:36.773+0000] {processor.py:175} INFO - Processing /home/airflow/.local/lib/python3.7/site-packages/airflow/example_dags/example_complex.py took 0.326 seconds
[2023-04-19T03:37:07.038+0000] {processor.py:153} INFO - Started process (PID=29902) to work on /home/airflow/.local/lib/python3.7/site-packages/airflow/example_dags/example_complex.py
[2023-04-19T03:37:07.055+0000] {processor.py:743} INFO - Processing file /home/airflow/.local/lib/python3.7/site-packages/airflow/example_dags/example_complex.py for tasks to queue
[2023-04-19T03:37:07.056+0000] {logging_mixin.py:137} INFO - [2023-04-19T03:37:07.056+0000] {dagbag.py:532} INFO - Filling up the DagBag from /home/airflow/.local/lib/python3.7/site-packages/airflow/example_dags/example_complex.py
[2023-04-19T03:37:07.072+0000] {logging_mixin.py:137} INFO - [2023-04-19T03:37:07.071+0000] {taskmixin.py:211} WARNING - Dependency <Task(BashOperator): create_entry_group>, delete_entry_group already registered for DAG: example_complex
[2023-04-19T03:37:07.072+0000] {logging_mixin.py:137} INFO - [2023-04-19T03:37:07.072+0000] {taskmixin.py:211} WARNING - Dependency <Task(BashOperator): delete_entry_group>, create_entry_group already registered for DAG: example_complex
[2023-04-19T03:37:07.072+0000] {logging_mixin.py:137} INFO - [2023-04-19T03:37:07.072+0000] {taskmixin.py:211} WARNING - Dependency <Task(BashOperator): create_entry_gcs>, delete_entry already registered for DAG: example_complex
[2023-04-19T03:37:07.072+0000] {logging_mixin.py:137} INFO - [2023-04-19T03:37:07.072+0000] {taskmixin.py:211} WARNING - Dependency <Task(BashOperator): delete_entry>, create_entry_gcs already registered for DAG: example_complex
[2023-04-19T03:37:07.073+0000] {logging_mixin.py:137} INFO - [2023-04-19T03:37:07.072+0000] {taskmixin.py:211} WARNING - Dependency <Task(BashOperator): create_tag>, delete_tag already registered for DAG: example_complex
[2023-04-19T03:37:07.073+0000] {logging_mixin.py:137} INFO - [2023-04-19T03:37:07.073+0000] {taskmixin.py:211} WARNING - Dependency <Task(BashOperator): delete_tag>, create_tag already registered for DAG: example_complex
[2023-04-19T03:37:07.081+0000] {processor.py:753} INFO - DAG(s) dict_keys(['example_complex']) retrieved from /home/airflow/.local/lib/python3.7/site-packages/airflow/example_dags/example_complex.py
[2023-04-19T03:37:07.129+0000] {logging_mixin.py:137} INFO - [2023-04-19T03:37:07.129+0000] {dag.py:2705} INFO - Sync 1 DAGs
[2023-04-19T03:37:07.163+0000] {logging_mixin.py:137} INFO - [2023-04-19T03:37:07.163+0000] {dag.py:3456} INFO - Setting next_dagrun for example_complex to None, run_after=None
[2023-04-19T03:37:07.219+0000] {processor.py:175} INFO - Processing /home/airflow/.local/lib/python3.7/site-packages/airflow/example_dags/example_complex.py took 0.185 seconds
[2023-04-19T03:37:37.405+0000] {processor.py:153} INFO - Started process (PID=29953) to work on /home/airflow/.local/lib/python3.7/site-packages/airflow/example_dags/example_complex.py
[2023-04-19T03:37:37.406+0000] {processor.py:743} INFO - Processing file /home/airflow/.local/lib/python3.7/site-packages/airflow/example_dags/example_complex.py for tasks to queue
[2023-04-19T03:37:37.407+0000] {logging_mixin.py:137} INFO - [2023-04-19T03:37:37.407+0000] {dagbag.py:532} INFO - Filling up the DagBag from /home/airflow/.local/lib/python3.7/site-packages/airflow/example_dags/example_complex.py
[2023-04-19T03:37:37.422+0000] {logging_mixin.py:137} INFO - [2023-04-19T03:37:37.422+0000] {taskmixin.py:211} WARNING - Dependency <Task(BashOperator): create_entry_group>, delete_entry_group already registered for DAG: example_complex
[2023-04-19T03:37:37.423+0000] {logging_mixin.py:137} INFO - [2023-04-19T03:37:37.423+0000] {taskmixin.py:211} WARNING - Dependency <Task(BashOperator): delete_entry_group>, create_entry_group already registered for DAG: example_complex
[2023-04-19T03:37:37.423+0000] {logging_mixin.py:137} INFO - [2023-04-19T03:37:37.423+0000] {taskmixin.py:211} WARNING - Dependency <Task(BashOperator): create_entry_gcs>, delete_entry already registered for DAG: example_complex
[2023-04-19T03:37:37.423+0000] {logging_mixin.py:137} INFO - [2023-04-19T03:37:37.423+0000] {taskmixin.py:211} WARNING - Dependency <Task(BashOperator): delete_entry>, create_entry_gcs already registered for DAG: example_complex
[2023-04-19T03:37:37.424+0000] {logging_mixin.py:137} INFO - [2023-04-19T03:37:37.424+0000] {taskmixin.py:211} WARNING - Dependency <Task(BashOperator): create_tag>, delete_tag already registered for DAG: example_complex
[2023-04-19T03:37:37.424+0000] {logging_mixin.py:137} INFO - [2023-04-19T03:37:37.424+0000] {taskmixin.py:211} WARNING - Dependency <Task(BashOperator): delete_tag>, create_tag already registered for DAG: example_complex
[2023-04-19T03:37:37.435+0000] {processor.py:753} INFO - DAG(s) dict_keys(['example_complex']) retrieved from /home/airflow/.local/lib/python3.7/site-packages/airflow/example_dags/example_complex.py
[2023-04-19T03:37:37.486+0000] {logging_mixin.py:137} INFO - [2023-04-19T03:37:37.486+0000] {dag.py:2705} INFO - Sync 1 DAGs
[2023-04-19T03:37:37.531+0000] {logging_mixin.py:137} INFO - [2023-04-19T03:37:37.531+0000] {dag.py:3456} INFO - Setting next_dagrun for example_complex to None, run_after=None
[2023-04-19T03:37:37.573+0000] {processor.py:175} INFO - Processing /home/airflow/.local/lib/python3.7/site-packages/airflow/example_dags/example_complex.py took 0.172 seconds
[2023-04-19T03:38:08.263+0000] {processor.py:153} INFO - Started process (PID=30005) to work on /home/airflow/.local/lib/python3.7/site-packages/airflow/example_dags/example_complex.py
[2023-04-19T03:38:08.264+0000] {processor.py:743} INFO - Processing file /home/airflow/.local/lib/python3.7/site-packages/airflow/example_dags/example_complex.py for tasks to queue
[2023-04-19T03:38:08.265+0000] {logging_mixin.py:137} INFO - [2023-04-19T03:38:08.265+0000] {dagbag.py:532} INFO - Filling up the DagBag from /home/airflow/.local/lib/python3.7/site-packages/airflow/example_dags/example_complex.py
[2023-04-19T03:38:08.279+0000] {logging_mixin.py:137} INFO - [2023-04-19T03:38:08.279+0000] {taskmixin.py:211} WARNING - Dependency <Task(BashOperator): create_entry_group>, delete_entry_group already registered for DAG: example_complex
[2023-04-19T03:38:08.279+0000] {logging_mixin.py:137} INFO - [2023-04-19T03:38:08.279+0000] {taskmixin.py:211} WARNING - Dependency <Task(BashOperator): delete_entry_group>, create_entry_group already registered for DAG: example_complex
[2023-04-19T03:38:08.279+0000] {logging_mixin.py:137} INFO - [2023-04-19T03:38:08.279+0000] {taskmixin.py:211} WARNING - Dependency <Task(BashOperator): create_entry_gcs>, delete_entry already registered for DAG: example_complex
[2023-04-19T03:38:08.279+0000] {logging_mixin.py:137} INFO - [2023-04-19T03:38:08.279+0000] {taskmixin.py:211} WARNING - Dependency <Task(BashOperator): delete_entry>, create_entry_gcs already registered for DAG: example_complex
[2023-04-19T03:38:08.280+0000] {logging_mixin.py:137} INFO - [2023-04-19T03:38:08.280+0000] {taskmixin.py:211} WARNING - Dependency <Task(BashOperator): create_tag>, delete_tag already registered for DAG: example_complex
[2023-04-19T03:38:08.280+0000] {logging_mixin.py:137} INFO - [2023-04-19T03:38:08.280+0000] {taskmixin.py:211} WARNING - Dependency <Task(BashOperator): delete_tag>, create_tag already registered for DAG: example_complex
[2023-04-19T03:38:08.289+0000] {processor.py:753} INFO - DAG(s) dict_keys(['example_complex']) retrieved from /home/airflow/.local/lib/python3.7/site-packages/airflow/example_dags/example_complex.py
[2023-04-19T03:38:08.336+0000] {logging_mixin.py:137} INFO - [2023-04-19T03:38:08.336+0000] {dag.py:2705} INFO - Sync 1 DAGs
[2023-04-19T03:38:08.376+0000] {logging_mixin.py:137} INFO - [2023-04-19T03:38:08.376+0000] {dag.py:3456} INFO - Setting next_dagrun for example_complex to None, run_after=None
[2023-04-19T03:38:08.409+0000] {processor.py:175} INFO - Processing /home/airflow/.local/lib/python3.7/site-packages/airflow/example_dags/example_complex.py took 0.149 seconds
[2023-04-19T03:38:38.792+0000] {processor.py:153} INFO - Started process (PID=30056) to work on /home/airflow/.local/lib/python3.7/site-packages/airflow/example_dags/example_complex.py
[2023-04-19T03:38:38.794+0000] {processor.py:743} INFO - Processing file /home/airflow/.local/lib/python3.7/site-packages/airflow/example_dags/example_complex.py for tasks to queue
[2023-04-19T03:38:38.795+0000] {logging_mixin.py:137} INFO - [2023-04-19T03:38:38.794+0000] {dagbag.py:532} INFO - Filling up the DagBag from /home/airflow/.local/lib/python3.7/site-packages/airflow/example_dags/example_complex.py
[2023-04-19T03:38:38.811+0000] {logging_mixin.py:137} INFO - [2023-04-19T03:38:38.811+0000] {taskmixin.py:211} WARNING - Dependency <Task(BashOperator): create_entry_group>, delete_entry_group already registered for DAG: example_complex
[2023-04-19T03:38:38.812+0000] {logging_mixin.py:137} INFO - [2023-04-19T03:38:38.812+0000] {taskmixin.py:211} WARNING - Dependency <Task(BashOperator): delete_entry_group>, create_entry_group already registered for DAG: example_complex
[2023-04-19T03:38:38.812+0000] {logging_mixin.py:137} INFO - [2023-04-19T03:38:38.812+0000] {taskmixin.py:211} WARNING - Dependency <Task(BashOperator): create_entry_gcs>, delete_entry already registered for DAG: example_complex
[2023-04-19T03:38:38.812+0000] {logging_mixin.py:137} INFO - [2023-04-19T03:38:38.812+0000] {taskmixin.py:211} WARNING - Dependency <Task(BashOperator): delete_entry>, create_entry_gcs already registered for DAG: example_complex
[2023-04-19T03:38:38.813+0000] {logging_mixin.py:137} INFO - [2023-04-19T03:38:38.813+0000] {taskmixin.py:211} WARNING - Dependency <Task(BashOperator): create_tag>, delete_tag already registered for DAG: example_complex
[2023-04-19T03:38:38.813+0000] {logging_mixin.py:137} INFO - [2023-04-19T03:38:38.813+0000] {taskmixin.py:211} WARNING - Dependency <Task(BashOperator): delete_tag>, create_tag already registered for DAG: example_complex
[2023-04-19T03:38:38.823+0000] {processor.py:753} INFO - DAG(s) dict_keys(['example_complex']) retrieved from /home/airflow/.local/lib/python3.7/site-packages/airflow/example_dags/example_complex.py
[2023-04-19T03:38:38.872+0000] {logging_mixin.py:137} INFO - [2023-04-19T03:38:38.872+0000] {dag.py:2705} INFO - Sync 1 DAGs
[2023-04-19T03:38:38.913+0000] {logging_mixin.py:137} INFO - [2023-04-19T03:38:38.913+0000] {dag.py:3456} INFO - Setting next_dagrun for example_complex to None, run_after=None
[2023-04-19T03:38:38.940+0000] {processor.py:175} INFO - Processing /home/airflow/.local/lib/python3.7/site-packages/airflow/example_dags/example_complex.py took 0.152 seconds
[2023-04-19T03:39:09.229+0000] {processor.py:153} INFO - Started process (PID=30107) to work on /home/airflow/.local/lib/python3.7/site-packages/airflow/example_dags/example_complex.py
[2023-04-19T03:39:09.230+0000] {processor.py:743} INFO - Processing file /home/airflow/.local/lib/python3.7/site-packages/airflow/example_dags/example_complex.py for tasks to queue
[2023-04-19T03:39:09.231+0000] {logging_mixin.py:137} INFO - [2023-04-19T03:39:09.231+0000] {dagbag.py:532} INFO - Filling up the DagBag from /home/airflow/.local/lib/python3.7/site-packages/airflow/example_dags/example_complex.py
[2023-04-19T03:39:09.254+0000] {logging_mixin.py:137} INFO - [2023-04-19T03:39:09.254+0000] {taskmixin.py:211} WARNING - Dependency <Task(BashOperator): create_entry_group>, delete_entry_group already registered for DAG: example_complex
[2023-04-19T03:39:09.254+0000] {logging_mixin.py:137} INFO - [2023-04-19T03:39:09.254+0000] {taskmixin.py:211} WARNING - Dependency <Task(BashOperator): delete_entry_group>, create_entry_group already registered for DAG: example_complex
[2023-04-19T03:39:09.255+0000] {logging_mixin.py:137} INFO - [2023-04-19T03:39:09.254+0000] {taskmixin.py:211} WARNING - Dependency <Task(BashOperator): create_entry_gcs>, delete_entry already registered for DAG: example_complex
[2023-04-19T03:39:09.255+0000] {logging_mixin.py:137} INFO - [2023-04-19T03:39:09.255+0000] {taskmixin.py:211} WARNING - Dependency <Task(BashOperator): delete_entry>, create_entry_gcs already registered for DAG: example_complex
[2023-04-19T03:39:09.256+0000] {logging_mixin.py:137} INFO - [2023-04-19T03:39:09.256+0000] {taskmixin.py:211} WARNING - Dependency <Task(BashOperator): create_tag>, delete_tag already registered for DAG: example_complex
[2023-04-19T03:39:09.256+0000] {logging_mixin.py:137} INFO - [2023-04-19T03:39:09.256+0000] {taskmixin.py:211} WARNING - Dependency <Task(BashOperator): delete_tag>, create_tag already registered for DAG: example_complex
[2023-04-19T03:39:09.271+0000] {processor.py:753} INFO - DAG(s) dict_keys(['example_complex']) retrieved from /home/airflow/.local/lib/python3.7/site-packages/airflow/example_dags/example_complex.py
[2023-04-19T03:39:09.325+0000] {logging_mixin.py:137} INFO - [2023-04-19T03:39:09.324+0000] {dag.py:2705} INFO - Sync 1 DAGs
[2023-04-19T03:39:09.370+0000] {logging_mixin.py:137} INFO - [2023-04-19T03:39:09.369+0000] {dag.py:3456} INFO - Setting next_dagrun for example_complex to None, run_after=None
[2023-04-19T03:39:09.408+0000] {processor.py:175} INFO - Processing /home/airflow/.local/lib/python3.7/site-packages/airflow/example_dags/example_complex.py took 0.183 seconds
[2023-04-19T03:39:39.449+0000] {processor.py:153} INFO - Started process (PID=30158) to work on /home/airflow/.local/lib/python3.7/site-packages/airflow/example_dags/example_complex.py
[2023-04-19T03:39:39.450+0000] {processor.py:743} INFO - Processing file /home/airflow/.local/lib/python3.7/site-packages/airflow/example_dags/example_complex.py for tasks to queue
[2023-04-19T03:39:39.451+0000] {logging_mixin.py:137} INFO - [2023-04-19T03:39:39.451+0000] {dagbag.py:532} INFO - Filling up the DagBag from /home/airflow/.local/lib/python3.7/site-packages/airflow/example_dags/example_complex.py
[2023-04-19T03:39:39.467+0000] {logging_mixin.py:137} INFO - [2023-04-19T03:39:39.467+0000] {taskmixin.py:211} WARNING - Dependency <Task(BashOperator): create_entry_group>, delete_entry_group already registered for DAG: example_complex
[2023-04-19T03:39:39.467+0000] {logging_mixin.py:137} INFO - [2023-04-19T03:39:39.467+0000] {taskmixin.py:211} WARNING - Dependency <Task(BashOperator): delete_entry_group>, create_entry_group already registered for DAG: example_complex
[2023-04-19T03:39:39.468+0000] {logging_mixin.py:137} INFO - [2023-04-19T03:39:39.468+0000] {taskmixin.py:211} WARNING - Dependency <Task(BashOperator): create_entry_gcs>, delete_entry already registered for DAG: example_complex
[2023-04-19T03:39:39.468+0000] {logging_mixin.py:137} INFO - [2023-04-19T03:39:39.468+0000] {taskmixin.py:211} WARNING - Dependency <Task(BashOperator): delete_entry>, create_entry_gcs already registered for DAG: example_complex
[2023-04-19T03:39:39.468+0000] {logging_mixin.py:137} INFO - [2023-04-19T03:39:39.468+0000] {taskmixin.py:211} WARNING - Dependency <Task(BashOperator): create_tag>, delete_tag already registered for DAG: example_complex
[2023-04-19T03:39:39.469+0000] {logging_mixin.py:137} INFO - [2023-04-19T03:39:39.469+0000] {taskmixin.py:211} WARNING - Dependency <Task(BashOperator): delete_tag>, create_tag already registered for DAG: example_complex
[2023-04-19T03:39:39.478+0000] {processor.py:753} INFO - DAG(s) dict_keys(['example_complex']) retrieved from /home/airflow/.local/lib/python3.7/site-packages/airflow/example_dags/example_complex.py
[2023-04-19T03:39:39.525+0000] {logging_mixin.py:137} INFO - [2023-04-19T03:39:39.525+0000] {dag.py:2705} INFO - Sync 1 DAGs
[2023-04-19T03:39:39.561+0000] {logging_mixin.py:137} INFO - [2023-04-19T03:39:39.561+0000] {dag.py:3456} INFO - Setting next_dagrun for example_complex to None, run_after=None
[2023-04-19T03:39:39.598+0000] {processor.py:175} INFO - Processing /home/airflow/.local/lib/python3.7/site-packages/airflow/example_dags/example_complex.py took 0.153 seconds
[2023-04-19T03:40:09.717+0000] {processor.py:153} INFO - Started process (PID=30209) to work on /home/airflow/.local/lib/python3.7/site-packages/airflow/example_dags/example_complex.py
[2023-04-19T03:40:09.718+0000] {processor.py:743} INFO - Processing file /home/airflow/.local/lib/python3.7/site-packages/airflow/example_dags/example_complex.py for tasks to queue
[2023-04-19T03:40:09.719+0000] {logging_mixin.py:137} INFO - [2023-04-19T03:40:09.718+0000] {dagbag.py:532} INFO - Filling up the DagBag from /home/airflow/.local/lib/python3.7/site-packages/airflow/example_dags/example_complex.py
[2023-04-19T03:40:09.732+0000] {logging_mixin.py:137} INFO - [2023-04-19T03:40:09.732+0000] {taskmixin.py:211} WARNING - Dependency <Task(BashOperator): create_entry_group>, delete_entry_group already registered for DAG: example_complex
[2023-04-19T03:40:09.732+0000] {logging_mixin.py:137} INFO - [2023-04-19T03:40:09.732+0000] {taskmixin.py:211} WARNING - Dependency <Task(BashOperator): delete_entry_group>, create_entry_group already registered for DAG: example_complex
[2023-04-19T03:40:09.732+0000] {logging_mixin.py:137} INFO - [2023-04-19T03:40:09.732+0000] {taskmixin.py:211} WARNING - Dependency <Task(BashOperator): create_entry_gcs>, delete_entry already registered for DAG: example_complex
[2023-04-19T03:40:09.732+0000] {logging_mixin.py:137} INFO - [2023-04-19T03:40:09.732+0000] {taskmixin.py:211} WARNING - Dependency <Task(BashOperator): delete_entry>, create_entry_gcs already registered for DAG: example_complex
[2023-04-19T03:40:09.733+0000] {logging_mixin.py:137} INFO - [2023-04-19T03:40:09.733+0000] {taskmixin.py:211} WARNING - Dependency <Task(BashOperator): create_tag>, delete_tag already registered for DAG: example_complex
[2023-04-19T03:40:09.733+0000] {logging_mixin.py:137} INFO - [2023-04-19T03:40:09.733+0000] {taskmixin.py:211} WARNING - Dependency <Task(BashOperator): delete_tag>, create_tag already registered for DAG: example_complex
[2023-04-19T03:40:09.741+0000] {processor.py:753} INFO - DAG(s) dict_keys(['example_complex']) retrieved from /home/airflow/.local/lib/python3.7/site-packages/airflow/example_dags/example_complex.py
[2023-04-19T03:40:09.788+0000] {logging_mixin.py:137} INFO - [2023-04-19T03:40:09.788+0000] {dag.py:2705} INFO - Sync 1 DAGs
[2023-04-19T03:40:09.820+0000] {logging_mixin.py:137} INFO - [2023-04-19T03:40:09.820+0000] {dag.py:3456} INFO - Setting next_dagrun for example_complex to None, run_after=None
[2023-04-19T03:40:09.844+0000] {processor.py:175} INFO - Processing /home/airflow/.local/lib/python3.7/site-packages/airflow/example_dags/example_complex.py took 0.131 seconds
[2023-04-19T03:40:40.041+0000] {processor.py:153} INFO - Started process (PID=30260) to work on /home/airflow/.local/lib/python3.7/site-packages/airflow/example_dags/example_complex.py
[2023-04-19T03:40:40.042+0000] {processor.py:743} INFO - Processing file /home/airflow/.local/lib/python3.7/site-packages/airflow/example_dags/example_complex.py for tasks to queue
[2023-04-19T03:40:40.042+0000] {logging_mixin.py:137} INFO - [2023-04-19T03:40:40.042+0000] {dagbag.py:532} INFO - Filling up the DagBag from /home/airflow/.local/lib/python3.7/site-packages/airflow/example_dags/example_complex.py
[2023-04-19T03:40:40.058+0000] {logging_mixin.py:137} INFO - [2023-04-19T03:40:40.058+0000] {taskmixin.py:211} WARNING - Dependency <Task(BashOperator): create_entry_group>, delete_entry_group already registered for DAG: example_complex
[2023-04-19T03:40:40.058+0000] {logging_mixin.py:137} INFO - [2023-04-19T03:40:40.058+0000] {taskmixin.py:211} WARNING - Dependency <Task(BashOperator): delete_entry_group>, create_entry_group already registered for DAG: example_complex
[2023-04-19T03:40:40.059+0000] {logging_mixin.py:137} INFO - [2023-04-19T03:40:40.059+0000] {taskmixin.py:211} WARNING - Dependency <Task(BashOperator): create_entry_gcs>, delete_entry already registered for DAG: example_complex
[2023-04-19T03:40:40.059+0000] {logging_mixin.py:137} INFO - [2023-04-19T03:40:40.059+0000] {taskmixin.py:211} WARNING - Dependency <Task(BashOperator): delete_entry>, create_entry_gcs already registered for DAG: example_complex
[2023-04-19T03:40:40.059+0000] {logging_mixin.py:137} INFO - [2023-04-19T03:40:40.059+0000] {taskmixin.py:211} WARNING - Dependency <Task(BashOperator): create_tag>, delete_tag already registered for DAG: example_complex
[2023-04-19T03:40:40.059+0000] {logging_mixin.py:137} INFO - [2023-04-19T03:40:40.059+0000] {taskmixin.py:211} WARNING - Dependency <Task(BashOperator): delete_tag>, create_tag already registered for DAG: example_complex
[2023-04-19T03:40:40.069+0000] {processor.py:753} INFO - DAG(s) dict_keys(['example_complex']) retrieved from /home/airflow/.local/lib/python3.7/site-packages/airflow/example_dags/example_complex.py
[2023-04-19T03:40:40.120+0000] {logging_mixin.py:137} INFO - [2023-04-19T03:40:40.120+0000] {dag.py:2705} INFO - Sync 1 DAGs
[2023-04-19T03:40:40.166+0000] {logging_mixin.py:137} INFO - [2023-04-19T03:40:40.166+0000] {dag.py:3456} INFO - Setting next_dagrun for example_complex to None, run_after=None
[2023-04-19T03:40:40.195+0000] {processor.py:175} INFO - Processing /home/airflow/.local/lib/python3.7/site-packages/airflow/example_dags/example_complex.py took 0.158 seconds
