[2023-04-19T03:34:04.236+0000] {processor.py:153} INFO - Started process (PID=29606) to work on /home/airflow/.local/lib/python3.7/site-packages/airflow/example_dags/example_external_task_marker_dag.py
[2023-04-19T03:34:04.237+0000] {processor.py:743} INFO - Processing file /home/airflow/.local/lib/python3.7/site-packages/airflow/example_dags/example_external_task_marker_dag.py for tasks to queue
[2023-04-19T03:34:04.238+0000] {logging_mixin.py:137} INFO - [2023-04-19T03:34:04.238+0000] {dagbag.py:532} INFO - Filling up the DagBag from /home/airflow/.local/lib/python3.7/site-packages/airflow/example_dags/example_external_task_marker_dag.py
[2023-04-19T03:34:04.263+0000] {processor.py:753} INFO - DAG(s) dict_keys(['example_external_task_marker_child', 'example_external_task_marker_parent']) retrieved from /home/airflow/.local/lib/python3.7/site-packages/airflow/example_dags/example_external_task_marker_dag.py
[2023-04-19T03:34:04.326+0000] {logging_mixin.py:137} INFO - [2023-04-19T03:34:04.326+0000] {dag.py:2705} INFO - Sync 2 DAGs
[2023-04-19T03:34:04.407+0000] {logging_mixin.py:137} INFO - [2023-04-19T03:34:04.407+0000] {dag.py:3456} INFO - Setting next_dagrun for example_external_task_marker_child to None, run_after=None
[2023-04-19T03:34:04.414+0000] {logging_mixin.py:137} INFO - [2023-04-19T03:34:04.414+0000] {dag.py:3456} INFO - Setting next_dagrun for example_external_task_marker_parent to None, run_after=None
[2023-04-19T03:34:04.448+0000] {processor.py:175} INFO - Processing /home/airflow/.local/lib/python3.7/site-packages/airflow/example_dags/example_external_task_marker_dag.py took 0.217 seconds
[2023-04-19T03:34:35.151+0000] {processor.py:153} INFO - Started process (PID=29657) to work on /home/airflow/.local/lib/python3.7/site-packages/airflow/example_dags/example_external_task_marker_dag.py
[2023-04-19T03:34:35.152+0000] {processor.py:743} INFO - Processing file /home/airflow/.local/lib/python3.7/site-packages/airflow/example_dags/example_external_task_marker_dag.py for tasks to queue
[2023-04-19T03:34:35.152+0000] {logging_mixin.py:137} INFO - [2023-04-19T03:34:35.152+0000] {dagbag.py:532} INFO - Filling up the DagBag from /home/airflow/.local/lib/python3.7/site-packages/airflow/example_dags/example_external_task_marker_dag.py
[2023-04-19T03:34:35.171+0000] {processor.py:753} INFO - DAG(s) dict_keys(['example_external_task_marker_parent', 'example_external_task_marker_child']) retrieved from /home/airflow/.local/lib/python3.7/site-packages/airflow/example_dags/example_external_task_marker_dag.py
[2023-04-19T03:34:35.213+0000] {logging_mixin.py:137} INFO - [2023-04-19T03:34:35.213+0000] {dag.py:2705} INFO - Sync 2 DAGs
[2023-04-19T03:34:35.253+0000] {logging_mixin.py:137} INFO - [2023-04-19T03:34:35.253+0000] {dag.py:3456} INFO - Setting next_dagrun for example_external_task_marker_child to None, run_after=None
[2023-04-19T03:34:35.259+0000] {logging_mixin.py:137} INFO - [2023-04-19T03:34:35.259+0000] {dag.py:3456} INFO - Setting next_dagrun for example_external_task_marker_parent to None, run_after=None
[2023-04-19T03:34:35.288+0000] {processor.py:175} INFO - Processing /home/airflow/.local/lib/python3.7/site-packages/airflow/example_dags/example_external_task_marker_dag.py took 0.141 seconds
[2023-04-19T03:35:06.056+0000] {processor.py:153} INFO - Started process (PID=29708) to work on /home/airflow/.local/lib/python3.7/site-packages/airflow/example_dags/example_external_task_marker_dag.py
[2023-04-19T03:35:06.057+0000] {processor.py:743} INFO - Processing file /home/airflow/.local/lib/python3.7/site-packages/airflow/example_dags/example_external_task_marker_dag.py for tasks to queue
[2023-04-19T03:35:06.058+0000] {logging_mixin.py:137} INFO - [2023-04-19T03:35:06.058+0000] {dagbag.py:532} INFO - Filling up the DagBag from /home/airflow/.local/lib/python3.7/site-packages/airflow/example_dags/example_external_task_marker_dag.py
[2023-04-19T03:35:06.081+0000] {processor.py:753} INFO - DAG(s) dict_keys(['example_external_task_marker_child', 'example_external_task_marker_parent']) retrieved from /home/airflow/.local/lib/python3.7/site-packages/airflow/example_dags/example_external_task_marker_dag.py
[2023-04-19T03:35:06.126+0000] {logging_mixin.py:137} INFO - [2023-04-19T03:35:06.125+0000] {dag.py:2705} INFO - Sync 2 DAGs
[2023-04-19T03:35:06.173+0000] {logging_mixin.py:137} INFO - [2023-04-19T03:35:06.173+0000] {dag.py:3456} INFO - Setting next_dagrun for example_external_task_marker_child to None, run_after=None
[2023-04-19T03:35:06.179+0000] {logging_mixin.py:137} INFO - [2023-04-19T03:35:06.179+0000] {dag.py:3456} INFO - Setting next_dagrun for example_external_task_marker_parent to None, run_after=None
[2023-04-19T03:35:06.210+0000] {processor.py:175} INFO - Processing /home/airflow/.local/lib/python3.7/site-packages/airflow/example_dags/example_external_task_marker_dag.py took 0.159 seconds
[2023-04-19T03:35:36.285+0000] {processor.py:153} INFO - Started process (PID=29759) to work on /home/airflow/.local/lib/python3.7/site-packages/airflow/example_dags/example_external_task_marker_dag.py
[2023-04-19T03:35:36.286+0000] {processor.py:743} INFO - Processing file /home/airflow/.local/lib/python3.7/site-packages/airflow/example_dags/example_external_task_marker_dag.py for tasks to queue
[2023-04-19T03:35:36.287+0000] {logging_mixin.py:137} INFO - [2023-04-19T03:35:36.287+0000] {dagbag.py:532} INFO - Filling up the DagBag from /home/airflow/.local/lib/python3.7/site-packages/airflow/example_dags/example_external_task_marker_dag.py
[2023-04-19T03:35:36.306+0000] {processor.py:753} INFO - DAG(s) dict_keys(['example_external_task_marker_child', 'example_external_task_marker_parent']) retrieved from /home/airflow/.local/lib/python3.7/site-packages/airflow/example_dags/example_external_task_marker_dag.py
[2023-04-19T03:35:36.341+0000] {logging_mixin.py:137} INFO - [2023-04-19T03:35:36.341+0000] {dag.py:2705} INFO - Sync 2 DAGs
[2023-04-19T03:35:36.380+0000] {logging_mixin.py:137} INFO - [2023-04-19T03:35:36.379+0000] {dag.py:3456} INFO - Setting next_dagrun for example_external_task_marker_child to None, run_after=None
[2023-04-19T03:35:36.387+0000] {logging_mixin.py:137} INFO - [2023-04-19T03:35:36.386+0000] {dag.py:3456} INFO - Setting next_dagrun for example_external_task_marker_parent to None, run_after=None
[2023-04-19T03:35:36.412+0000] {processor.py:175} INFO - Processing /home/airflow/.local/lib/python3.7/site-packages/airflow/example_dags/example_external_task_marker_dag.py took 0.132 seconds
[2023-04-19T03:36:06.843+0000] {processor.py:153} INFO - Started process (PID=29810) to work on /home/airflow/.local/lib/python3.7/site-packages/airflow/example_dags/example_external_task_marker_dag.py
[2023-04-19T03:36:06.844+0000] {processor.py:743} INFO - Processing file /home/airflow/.local/lib/python3.7/site-packages/airflow/example_dags/example_external_task_marker_dag.py for tasks to queue
[2023-04-19T03:36:06.845+0000] {logging_mixin.py:137} INFO - [2023-04-19T03:36:06.845+0000] {dagbag.py:532} INFO - Filling up the DagBag from /home/airflow/.local/lib/python3.7/site-packages/airflow/example_dags/example_external_task_marker_dag.py
[2023-04-19T03:36:06.867+0000] {processor.py:753} INFO - DAG(s) dict_keys(['example_external_task_marker_parent', 'example_external_task_marker_child']) retrieved from /home/airflow/.local/lib/python3.7/site-packages/airflow/example_dags/example_external_task_marker_dag.py
[2023-04-19T03:36:06.908+0000] {logging_mixin.py:137} INFO - [2023-04-19T03:36:06.908+0000] {dag.py:2705} INFO - Sync 2 DAGs
[2023-04-19T03:36:06.947+0000] {logging_mixin.py:137} INFO - [2023-04-19T03:36:06.947+0000] {dag.py:3456} INFO - Setting next_dagrun for example_external_task_marker_child to None, run_after=None
[2023-04-19T03:36:06.953+0000] {logging_mixin.py:137} INFO - [2023-04-19T03:36:06.952+0000] {dag.py:3456} INFO - Setting next_dagrun for example_external_task_marker_parent to None, run_after=None
[2023-04-19T03:36:06.978+0000] {processor.py:175} INFO - Processing /home/airflow/.local/lib/python3.7/site-packages/airflow/example_dags/example_external_task_marker_dag.py took 0.139 seconds
[2023-04-19T03:36:39.303+0000] {processor.py:153} INFO - Started process (PID=29861) to work on /home/airflow/.local/lib/python3.7/site-packages/airflow/example_dags/example_external_task_marker_dag.py
[2023-04-19T03:36:39.366+0000] {processor.py:743} INFO - Processing file /home/airflow/.local/lib/python3.7/site-packages/airflow/example_dags/example_external_task_marker_dag.py for tasks to queue
[2023-04-19T03:36:39.367+0000] {logging_mixin.py:137} INFO - [2023-04-19T03:36:39.367+0000] {dagbag.py:532} INFO - Filling up the DagBag from /home/airflow/.local/lib/python3.7/site-packages/airflow/example_dags/example_external_task_marker_dag.py
[2023-04-19T03:36:39.383+0000] {processor.py:753} INFO - DAG(s) dict_keys(['example_external_task_marker_child', 'example_external_task_marker_parent']) retrieved from /home/airflow/.local/lib/python3.7/site-packages/airflow/example_dags/example_external_task_marker_dag.py
[2023-04-19T03:36:39.416+0000] {logging_mixin.py:137} INFO - [2023-04-19T03:36:39.416+0000] {dag.py:2705} INFO - Sync 2 DAGs
[2023-04-19T03:36:39.448+0000] {logging_mixin.py:137} INFO - [2023-04-19T03:36:39.448+0000] {dag.py:3456} INFO - Setting next_dagrun for example_external_task_marker_child to None, run_after=None
[2023-04-19T03:36:39.452+0000] {logging_mixin.py:137} INFO - [2023-04-19T03:36:39.452+0000] {dag.py:3456} INFO - Setting next_dagrun for example_external_task_marker_parent to None, run_after=None
[2023-04-19T03:36:39.625+0000] {processor.py:175} INFO - Processing /home/airflow/.local/lib/python3.7/site-packages/airflow/example_dags/example_external_task_marker_dag.py took 0.331 seconds
[2023-04-19T03:37:10.064+0000] {processor.py:153} INFO - Started process (PID=29912) to work on /home/airflow/.local/lib/python3.7/site-packages/airflow/example_dags/example_external_task_marker_dag.py
[2023-04-19T03:37:10.083+0000] {processor.py:743} INFO - Processing file /home/airflow/.local/lib/python3.7/site-packages/airflow/example_dags/example_external_task_marker_dag.py for tasks to queue
[2023-04-19T03:37:10.084+0000] {logging_mixin.py:137} INFO - [2023-04-19T03:37:10.084+0000] {dagbag.py:532} INFO - Filling up the DagBag from /home/airflow/.local/lib/python3.7/site-packages/airflow/example_dags/example_external_task_marker_dag.py
[2023-04-19T03:37:10.112+0000] {processor.py:753} INFO - DAG(s) dict_keys(['example_external_task_marker_child', 'example_external_task_marker_parent']) retrieved from /home/airflow/.local/lib/python3.7/site-packages/airflow/example_dags/example_external_task_marker_dag.py
[2023-04-19T03:37:10.165+0000] {logging_mixin.py:137} INFO - [2023-04-19T03:37:10.165+0000] {dag.py:2705} INFO - Sync 2 DAGs
[2023-04-19T03:37:10.205+0000] {logging_mixin.py:137} INFO - [2023-04-19T03:37:10.205+0000] {dag.py:3456} INFO - Setting next_dagrun for example_external_task_marker_child to None, run_after=None
[2023-04-19T03:37:10.211+0000] {logging_mixin.py:137} INFO - [2023-04-19T03:37:10.211+0000] {dag.py:3456} INFO - Setting next_dagrun for example_external_task_marker_parent to None, run_after=None
[2023-04-19T03:37:10.257+0000] {processor.py:175} INFO - Processing /home/airflow/.local/lib/python3.7/site-packages/airflow/example_dags/example_external_task_marker_dag.py took 0.199 seconds
[2023-04-19T03:37:40.344+0000] {processor.py:153} INFO - Started process (PID=29963) to work on /home/airflow/.local/lib/python3.7/site-packages/airflow/example_dags/example_external_task_marker_dag.py
[2023-04-19T03:37:40.345+0000] {processor.py:743} INFO - Processing file /home/airflow/.local/lib/python3.7/site-packages/airflow/example_dags/example_external_task_marker_dag.py for tasks to queue
[2023-04-19T03:37:40.347+0000] {logging_mixin.py:137} INFO - [2023-04-19T03:37:40.347+0000] {dagbag.py:532} INFO - Filling up the DagBag from /home/airflow/.local/lib/python3.7/site-packages/airflow/example_dags/example_external_task_marker_dag.py
[2023-04-19T03:37:40.380+0000] {processor.py:753} INFO - DAG(s) dict_keys(['example_external_task_marker_child', 'example_external_task_marker_parent']) retrieved from /home/airflow/.local/lib/python3.7/site-packages/airflow/example_dags/example_external_task_marker_dag.py
[2023-04-19T03:37:40.417+0000] {logging_mixin.py:137} INFO - [2023-04-19T03:37:40.417+0000] {dag.py:2705} INFO - Sync 2 DAGs
[2023-04-19T03:37:40.455+0000] {logging_mixin.py:137} INFO - [2023-04-19T03:37:40.454+0000] {dag.py:3456} INFO - Setting next_dagrun for example_external_task_marker_child to None, run_after=None
[2023-04-19T03:37:40.460+0000] {logging_mixin.py:137} INFO - [2023-04-19T03:37:40.459+0000] {dag.py:3456} INFO - Setting next_dagrun for example_external_task_marker_parent to None, run_after=None
[2023-04-19T03:37:40.495+0000] {processor.py:175} INFO - Processing /home/airflow/.local/lib/python3.7/site-packages/airflow/example_dags/example_external_task_marker_dag.py took 0.159 seconds
[2023-04-19T03:38:11.045+0000] {processor.py:153} INFO - Started process (PID=30014) to work on /home/airflow/.local/lib/python3.7/site-packages/airflow/example_dags/example_external_task_marker_dag.py
[2023-04-19T03:38:11.048+0000] {processor.py:743} INFO - Processing file /home/airflow/.local/lib/python3.7/site-packages/airflow/example_dags/example_external_task_marker_dag.py for tasks to queue
[2023-04-19T03:38:11.050+0000] {logging_mixin.py:137} INFO - [2023-04-19T03:38:11.049+0000] {dagbag.py:532} INFO - Filling up the DagBag from /home/airflow/.local/lib/python3.7/site-packages/airflow/example_dags/example_external_task_marker_dag.py
[2023-04-19T03:38:11.084+0000] {processor.py:753} INFO - DAG(s) dict_keys(['example_external_task_marker_child', 'example_external_task_marker_parent']) retrieved from /home/airflow/.local/lib/python3.7/site-packages/airflow/example_dags/example_external_task_marker_dag.py
[2023-04-19T03:38:11.120+0000] {logging_mixin.py:137} INFO - [2023-04-19T03:38:11.119+0000] {dag.py:2705} INFO - Sync 2 DAGs
[2023-04-19T03:38:11.154+0000] {logging_mixin.py:137} INFO - [2023-04-19T03:38:11.154+0000] {dag.py:3456} INFO - Setting next_dagrun for example_external_task_marker_child to None, run_after=None
[2023-04-19T03:38:11.158+0000] {logging_mixin.py:137} INFO - [2023-04-19T03:38:11.158+0000] {dag.py:3456} INFO - Setting next_dagrun for example_external_task_marker_parent to None, run_after=None
[2023-04-19T03:38:11.192+0000] {processor.py:175} INFO - Processing /home/airflow/.local/lib/python3.7/site-packages/airflow/example_dags/example_external_task_marker_dag.py took 0.154 seconds
[2023-04-19T03:38:41.368+0000] {processor.py:153} INFO - Started process (PID=30065) to work on /home/airflow/.local/lib/python3.7/site-packages/airflow/example_dags/example_external_task_marker_dag.py
[2023-04-19T03:38:41.374+0000] {processor.py:743} INFO - Processing file /home/airflow/.local/lib/python3.7/site-packages/airflow/example_dags/example_external_task_marker_dag.py for tasks to queue
[2023-04-19T03:38:41.375+0000] {logging_mixin.py:137} INFO - [2023-04-19T03:38:41.375+0000] {dagbag.py:532} INFO - Filling up the DagBag from /home/airflow/.local/lib/python3.7/site-packages/airflow/example_dags/example_external_task_marker_dag.py
[2023-04-19T03:38:41.391+0000] {processor.py:753} INFO - DAG(s) dict_keys(['example_external_task_marker_parent', 'example_external_task_marker_child']) retrieved from /home/airflow/.local/lib/python3.7/site-packages/airflow/example_dags/example_external_task_marker_dag.py
[2023-04-19T03:38:41.449+0000] {logging_mixin.py:137} INFO - [2023-04-19T03:38:41.449+0000] {dag.py:2705} INFO - Sync 2 DAGs
[2023-04-19T03:38:41.483+0000] {logging_mixin.py:137} INFO - [2023-04-19T03:38:41.483+0000] {dag.py:3456} INFO - Setting next_dagrun for example_external_task_marker_child to None, run_after=None
[2023-04-19T03:38:41.490+0000] {logging_mixin.py:137} INFO - [2023-04-19T03:38:41.490+0000] {dag.py:3456} INFO - Setting next_dagrun for example_external_task_marker_parent to None, run_after=None
[2023-04-19T03:38:41.528+0000] {processor.py:175} INFO - Processing /home/airflow/.local/lib/python3.7/site-packages/airflow/example_dags/example_external_task_marker_dag.py took 0.164 seconds
[2023-04-19T03:39:12.100+0000] {processor.py:153} INFO - Started process (PID=30116) to work on /home/airflow/.local/lib/python3.7/site-packages/airflow/example_dags/example_external_task_marker_dag.py
[2023-04-19T03:39:12.105+0000] {processor.py:743} INFO - Processing file /home/airflow/.local/lib/python3.7/site-packages/airflow/example_dags/example_external_task_marker_dag.py for tasks to queue
[2023-04-19T03:39:12.106+0000] {logging_mixin.py:137} INFO - [2023-04-19T03:39:12.106+0000] {dagbag.py:532} INFO - Filling up the DagBag from /home/airflow/.local/lib/python3.7/site-packages/airflow/example_dags/example_external_task_marker_dag.py
[2023-04-19T03:39:12.123+0000] {processor.py:753} INFO - DAG(s) dict_keys(['example_external_task_marker_parent', 'example_external_task_marker_child']) retrieved from /home/airflow/.local/lib/python3.7/site-packages/airflow/example_dags/example_external_task_marker_dag.py
[2023-04-19T03:39:12.161+0000] {logging_mixin.py:137} INFO - [2023-04-19T03:39:12.161+0000] {dag.py:2705} INFO - Sync 2 DAGs
[2023-04-19T03:39:12.201+0000] {logging_mixin.py:137} INFO - [2023-04-19T03:39:12.201+0000] {dag.py:3456} INFO - Setting next_dagrun for example_external_task_marker_child to None, run_after=None
[2023-04-19T03:39:12.207+0000] {logging_mixin.py:137} INFO - [2023-04-19T03:39:12.206+0000] {dag.py:3456} INFO - Setting next_dagrun for example_external_task_marker_parent to None, run_after=None
[2023-04-19T03:39:12.247+0000] {processor.py:175} INFO - Processing /home/airflow/.local/lib/python3.7/site-packages/airflow/example_dags/example_external_task_marker_dag.py took 0.151 seconds
[2023-04-19T03:39:42.317+0000] {processor.py:153} INFO - Started process (PID=30166) to work on /home/airflow/.local/lib/python3.7/site-packages/airflow/example_dags/example_external_task_marker_dag.py
[2023-04-19T03:39:42.319+0000] {processor.py:743} INFO - Processing file /home/airflow/.local/lib/python3.7/site-packages/airflow/example_dags/example_external_task_marker_dag.py for tasks to queue
[2023-04-19T03:39:42.319+0000] {logging_mixin.py:137} INFO - [2023-04-19T03:39:42.319+0000] {dagbag.py:532} INFO - Filling up the DagBag from /home/airflow/.local/lib/python3.7/site-packages/airflow/example_dags/example_external_task_marker_dag.py
[2023-04-19T03:39:42.341+0000] {processor.py:753} INFO - DAG(s) dict_keys(['example_external_task_marker_child', 'example_external_task_marker_parent']) retrieved from /home/airflow/.local/lib/python3.7/site-packages/airflow/example_dags/example_external_task_marker_dag.py
[2023-04-19T03:39:42.390+0000] {logging_mixin.py:137} INFO - [2023-04-19T03:39:42.390+0000] {dag.py:2705} INFO - Sync 2 DAGs
[2023-04-19T03:39:42.446+0000] {logging_mixin.py:137} INFO - [2023-04-19T03:39:42.446+0000] {dag.py:3456} INFO - Setting next_dagrun for example_external_task_marker_child to None, run_after=None
[2023-04-19T03:39:42.452+0000] {logging_mixin.py:137} INFO - [2023-04-19T03:39:42.452+0000] {dag.py:3456} INFO - Setting next_dagrun for example_external_task_marker_parent to None, run_after=None
[2023-04-19T03:39:42.486+0000] {processor.py:175} INFO - Processing /home/airflow/.local/lib/python3.7/site-packages/airflow/example_dags/example_external_task_marker_dag.py took 0.172 seconds
[2023-04-19T03:40:12.545+0000] {processor.py:153} INFO - Started process (PID=30217) to work on /home/airflow/.local/lib/python3.7/site-packages/airflow/example_dags/example_external_task_marker_dag.py
[2023-04-19T03:40:12.557+0000] {processor.py:743} INFO - Processing file /home/airflow/.local/lib/python3.7/site-packages/airflow/example_dags/example_external_task_marker_dag.py for tasks to queue
[2023-04-19T03:40:12.557+0000] {logging_mixin.py:137} INFO - [2023-04-19T03:40:12.557+0000] {dagbag.py:532} INFO - Filling up the DagBag from /home/airflow/.local/lib/python3.7/site-packages/airflow/example_dags/example_external_task_marker_dag.py
[2023-04-19T03:40:12.575+0000] {processor.py:753} INFO - DAG(s) dict_keys(['example_external_task_marker_child', 'example_external_task_marker_parent']) retrieved from /home/airflow/.local/lib/python3.7/site-packages/airflow/example_dags/example_external_task_marker_dag.py
[2023-04-19T03:40:12.611+0000] {logging_mixin.py:137} INFO - [2023-04-19T03:40:12.611+0000] {dag.py:2705} INFO - Sync 2 DAGs
[2023-04-19T03:40:12.644+0000] {logging_mixin.py:137} INFO - [2023-04-19T03:40:12.644+0000] {dag.py:3456} INFO - Setting next_dagrun for example_external_task_marker_child to None, run_after=None
[2023-04-19T03:40:12.649+0000] {logging_mixin.py:137} INFO - [2023-04-19T03:40:12.649+0000] {dag.py:3456} INFO - Setting next_dagrun for example_external_task_marker_parent to None, run_after=None
[2023-04-19T03:40:12.675+0000] {processor.py:175} INFO - Processing /home/airflow/.local/lib/python3.7/site-packages/airflow/example_dags/example_external_task_marker_dag.py took 0.133 seconds
[2023-04-19T03:40:42.771+0000] {processor.py:153} INFO - Started process (PID=30268) to work on /home/airflow/.local/lib/python3.7/site-packages/airflow/example_dags/example_external_task_marker_dag.py
[2023-04-19T03:40:42.782+0000] {processor.py:743} INFO - Processing file /home/airflow/.local/lib/python3.7/site-packages/airflow/example_dags/example_external_task_marker_dag.py for tasks to queue
[2023-04-19T03:40:42.784+0000] {logging_mixin.py:137} INFO - [2023-04-19T03:40:42.783+0000] {dagbag.py:532} INFO - Filling up the DagBag from /home/airflow/.local/lib/python3.7/site-packages/airflow/example_dags/example_external_task_marker_dag.py
[2023-04-19T03:40:42.820+0000] {processor.py:753} INFO - DAG(s) dict_keys(['example_external_task_marker_parent', 'example_external_task_marker_child']) retrieved from /home/airflow/.local/lib/python3.7/site-packages/airflow/example_dags/example_external_task_marker_dag.py
[2023-04-19T03:40:42.862+0000] {logging_mixin.py:137} INFO - [2023-04-19T03:40:42.862+0000] {dag.py:2705} INFO - Sync 2 DAGs
[2023-04-19T03:40:42.895+0000] {logging_mixin.py:137} INFO - [2023-04-19T03:40:42.895+0000] {dag.py:3456} INFO - Setting next_dagrun for example_external_task_marker_child to None, run_after=None
[2023-04-19T03:40:42.900+0000] {logging_mixin.py:137} INFO - [2023-04-19T03:40:42.900+0000] {dag.py:3456} INFO - Setting next_dagrun for example_external_task_marker_parent to None, run_after=None
[2023-04-19T03:40:42.926+0000] {processor.py:175} INFO - Processing /home/airflow/.local/lib/python3.7/site-packages/airflow/example_dags/example_external_task_marker_dag.py took 0.161 seconds
