[2023-04-19T03:34:05.859+0000] {processor.py:153} INFO - Started process (PID=29618) to work on /home/airflow/.local/lib/python3.7/site-packages/airflow/example_dags/example_trigger_target_dag.py
[2023-04-19T03:34:05.859+0000] {processor.py:743} INFO - Processing file /home/airflow/.local/lib/python3.7/site-packages/airflow/example_dags/example_trigger_target_dag.py for tasks to queue
[2023-04-19T03:34:05.860+0000] {logging_mixin.py:137} INFO - [2023-04-19T03:34:05.860+0000] {dagbag.py:532} INFO - Filling up the DagBag from /home/airflow/.local/lib/python3.7/site-packages/airflow/example_dags/example_trigger_target_dag.py
[2023-04-19T03:34:05.888+0000] {processor.py:753} INFO - DAG(s) dict_keys(['example_trigger_target_dag']) retrieved from /home/airflow/.local/lib/python3.7/site-packages/airflow/example_dags/example_trigger_target_dag.py
[2023-04-19T03:34:05.923+0000] {logging_mixin.py:137} INFO - [2023-04-19T03:34:05.923+0000] {dag.py:2705} INFO - Sync 1 DAGs
[2023-04-19T03:34:05.961+0000] {logging_mixin.py:137} INFO - [2023-04-19T03:34:05.961+0000] {dag.py:3456} INFO - Setting next_dagrun for example_trigger_target_dag to None, run_after=None
[2023-04-19T03:34:06.002+0000] {processor.py:175} INFO - Processing /home/airflow/.local/lib/python3.7/site-packages/airflow/example_dags/example_trigger_target_dag.py took 0.147 seconds
[2023-04-19T03:34:36.266+0000] {processor.py:153} INFO - Started process (PID=29669) to work on /home/airflow/.local/lib/python3.7/site-packages/airflow/example_dags/example_trigger_target_dag.py
[2023-04-19T03:34:36.267+0000] {processor.py:743} INFO - Processing file /home/airflow/.local/lib/python3.7/site-packages/airflow/example_dags/example_trigger_target_dag.py for tasks to queue
[2023-04-19T03:34:36.268+0000] {logging_mixin.py:137} INFO - [2023-04-19T03:34:36.268+0000] {dagbag.py:532} INFO - Filling up the DagBag from /home/airflow/.local/lib/python3.7/site-packages/airflow/example_dags/example_trigger_target_dag.py
[2023-04-19T03:34:36.300+0000] {processor.py:753} INFO - DAG(s) dict_keys(['example_trigger_target_dag']) retrieved from /home/airflow/.local/lib/python3.7/site-packages/airflow/example_dags/example_trigger_target_dag.py
[2023-04-19T03:34:36.336+0000] {logging_mixin.py:137} INFO - [2023-04-19T03:34:36.336+0000] {dag.py:2705} INFO - Sync 1 DAGs
[2023-04-19T03:34:36.380+0000] {logging_mixin.py:137} INFO - [2023-04-19T03:34:36.380+0000] {dag.py:3456} INFO - Setting next_dagrun for example_trigger_target_dag to None, run_after=None
[2023-04-19T03:34:36.411+0000] {processor.py:175} INFO - Processing /home/airflow/.local/lib/python3.7/site-packages/airflow/example_dags/example_trigger_target_dag.py took 0.149 seconds
[2023-04-19T03:35:07.124+0000] {processor.py:153} INFO - Started process (PID=29720) to work on /home/airflow/.local/lib/python3.7/site-packages/airflow/example_dags/example_trigger_target_dag.py
[2023-04-19T03:35:07.125+0000] {processor.py:743} INFO - Processing file /home/airflow/.local/lib/python3.7/site-packages/airflow/example_dags/example_trigger_target_dag.py for tasks to queue
[2023-04-19T03:35:07.126+0000] {logging_mixin.py:137} INFO - [2023-04-19T03:35:07.126+0000] {dagbag.py:532} INFO - Filling up the DagBag from /home/airflow/.local/lib/python3.7/site-packages/airflow/example_dags/example_trigger_target_dag.py
[2023-04-19T03:35:07.152+0000] {processor.py:753} INFO - DAG(s) dict_keys(['example_trigger_target_dag']) retrieved from /home/airflow/.local/lib/python3.7/site-packages/airflow/example_dags/example_trigger_target_dag.py
[2023-04-19T03:35:07.183+0000] {logging_mixin.py:137} INFO - [2023-04-19T03:35:07.183+0000] {dag.py:2705} INFO - Sync 1 DAGs
[2023-04-19T03:35:07.220+0000] {logging_mixin.py:137} INFO - [2023-04-19T03:35:07.220+0000] {dag.py:3456} INFO - Setting next_dagrun for example_trigger_target_dag to None, run_after=None
[2023-04-19T03:35:07.250+0000] {processor.py:175} INFO - Processing /home/airflow/.local/lib/python3.7/site-packages/airflow/example_dags/example_trigger_target_dag.py took 0.130 seconds
[2023-04-19T03:35:37.370+0000] {processor.py:153} INFO - Started process (PID=29771) to work on /home/airflow/.local/lib/python3.7/site-packages/airflow/example_dags/example_trigger_target_dag.py
[2023-04-19T03:35:37.371+0000] {processor.py:743} INFO - Processing file /home/airflow/.local/lib/python3.7/site-packages/airflow/example_dags/example_trigger_target_dag.py for tasks to queue
[2023-04-19T03:35:37.372+0000] {logging_mixin.py:137} INFO - [2023-04-19T03:35:37.372+0000] {dagbag.py:532} INFO - Filling up the DagBag from /home/airflow/.local/lib/python3.7/site-packages/airflow/example_dags/example_trigger_target_dag.py
[2023-04-19T03:35:37.404+0000] {processor.py:753} INFO - DAG(s) dict_keys(['example_trigger_target_dag']) retrieved from /home/airflow/.local/lib/python3.7/site-packages/airflow/example_dags/example_trigger_target_dag.py
[2023-04-19T03:35:37.446+0000] {logging_mixin.py:137} INFO - [2023-04-19T03:35:37.446+0000] {dag.py:2705} INFO - Sync 1 DAGs
[2023-04-19T03:35:37.504+0000] {logging_mixin.py:137} INFO - [2023-04-19T03:35:37.504+0000] {dag.py:3456} INFO - Setting next_dagrun for example_trigger_target_dag to None, run_after=None
[2023-04-19T03:35:37.555+0000] {processor.py:175} INFO - Processing /home/airflow/.local/lib/python3.7/site-packages/airflow/example_dags/example_trigger_target_dag.py took 0.189 seconds
[2023-04-19T03:36:07.930+0000] {processor.py:153} INFO - Started process (PID=29822) to work on /home/airflow/.local/lib/python3.7/site-packages/airflow/example_dags/example_trigger_target_dag.py
[2023-04-19T03:36:07.932+0000] {processor.py:743} INFO - Processing file /home/airflow/.local/lib/python3.7/site-packages/airflow/example_dags/example_trigger_target_dag.py for tasks to queue
[2023-04-19T03:36:07.933+0000] {logging_mixin.py:137} INFO - [2023-04-19T03:36:07.933+0000] {dagbag.py:532} INFO - Filling up the DagBag from /home/airflow/.local/lib/python3.7/site-packages/airflow/example_dags/example_trigger_target_dag.py
[2023-04-19T03:36:07.971+0000] {processor.py:753} INFO - DAG(s) dict_keys(['example_trigger_target_dag']) retrieved from /home/airflow/.local/lib/python3.7/site-packages/airflow/example_dags/example_trigger_target_dag.py
[2023-04-19T03:36:08.012+0000] {logging_mixin.py:137} INFO - [2023-04-19T03:36:08.012+0000] {dag.py:2705} INFO - Sync 1 DAGs
[2023-04-19T03:36:08.056+0000] {logging_mixin.py:137} INFO - [2023-04-19T03:36:08.055+0000] {dag.py:3456} INFO - Setting next_dagrun for example_trigger_target_dag to None, run_after=None
[2023-04-19T03:36:08.090+0000] {processor.py:175} INFO - Processing /home/airflow/.local/lib/python3.7/site-packages/airflow/example_dags/example_trigger_target_dag.py took 0.164 seconds
[2023-04-19T03:36:40.889+0000] {processor.py:153} INFO - Started process (PID=29873) to work on /home/airflow/.local/lib/python3.7/site-packages/airflow/example_dags/example_trigger_target_dag.py
[2023-04-19T03:36:40.890+0000] {processor.py:743} INFO - Processing file /home/airflow/.local/lib/python3.7/site-packages/airflow/example_dags/example_trigger_target_dag.py for tasks to queue
[2023-04-19T03:36:40.891+0000] {logging_mixin.py:137} INFO - [2023-04-19T03:36:40.891+0000] {dagbag.py:532} INFO - Filling up the DagBag from /home/airflow/.local/lib/python3.7/site-packages/airflow/example_dags/example_trigger_target_dag.py
[2023-04-19T03:36:40.918+0000] {processor.py:753} INFO - DAG(s) dict_keys(['example_trigger_target_dag']) retrieved from /home/airflow/.local/lib/python3.7/site-packages/airflow/example_dags/example_trigger_target_dag.py
[2023-04-19T03:36:40.950+0000] {logging_mixin.py:137} INFO - [2023-04-19T03:36:40.950+0000] {dag.py:2705} INFO - Sync 1 DAGs
[2023-04-19T03:36:40.986+0000] {logging_mixin.py:137} INFO - [2023-04-19T03:36:40.985+0000] {dag.py:3456} INFO - Setting next_dagrun for example_trigger_target_dag to None, run_after=None
[2023-04-19T03:36:41.013+0000] {processor.py:175} INFO - Processing /home/airflow/.local/lib/python3.7/site-packages/airflow/example_dags/example_trigger_target_dag.py took 0.127 seconds
[2023-04-19T03:37:11.425+0000] {processor.py:153} INFO - Started process (PID=29924) to work on /home/airflow/.local/lib/python3.7/site-packages/airflow/example_dags/example_trigger_target_dag.py
[2023-04-19T03:37:11.445+0000] {processor.py:743} INFO - Processing file /home/airflow/.local/lib/python3.7/site-packages/airflow/example_dags/example_trigger_target_dag.py for tasks to queue
[2023-04-19T03:37:11.446+0000] {logging_mixin.py:137} INFO - [2023-04-19T03:37:11.446+0000] {dagbag.py:532} INFO - Filling up the DagBag from /home/airflow/.local/lib/python3.7/site-packages/airflow/example_dags/example_trigger_target_dag.py
[2023-04-19T03:37:11.476+0000] {processor.py:753} INFO - DAG(s) dict_keys(['example_trigger_target_dag']) retrieved from /home/airflow/.local/lib/python3.7/site-packages/airflow/example_dags/example_trigger_target_dag.py
[2023-04-19T03:37:11.514+0000] {logging_mixin.py:137} INFO - [2023-04-19T03:37:11.514+0000] {dag.py:2705} INFO - Sync 1 DAGs
[2023-04-19T03:37:11.548+0000] {logging_mixin.py:137} INFO - [2023-04-19T03:37:11.548+0000] {dag.py:3456} INFO - Setting next_dagrun for example_trigger_target_dag to None, run_after=None
[2023-04-19T03:37:11.590+0000] {processor.py:175} INFO - Processing /home/airflow/.local/lib/python3.7/site-packages/airflow/example_dags/example_trigger_target_dag.py took 0.168 seconds
[2023-04-19T03:37:41.664+0000] {processor.py:153} INFO - Started process (PID=29975) to work on /home/airflow/.local/lib/python3.7/site-packages/airflow/example_dags/example_trigger_target_dag.py
[2023-04-19T03:37:41.665+0000] {processor.py:743} INFO - Processing file /home/airflow/.local/lib/python3.7/site-packages/airflow/example_dags/example_trigger_target_dag.py for tasks to queue
[2023-04-19T03:37:41.667+0000] {logging_mixin.py:137} INFO - [2023-04-19T03:37:41.666+0000] {dagbag.py:532} INFO - Filling up the DagBag from /home/airflow/.local/lib/python3.7/site-packages/airflow/example_dags/example_trigger_target_dag.py
[2023-04-19T03:37:41.708+0000] {processor.py:753} INFO - DAG(s) dict_keys(['example_trigger_target_dag']) retrieved from /home/airflow/.local/lib/python3.7/site-packages/airflow/example_dags/example_trigger_target_dag.py
[2023-04-19T03:37:41.738+0000] {logging_mixin.py:137} INFO - [2023-04-19T03:37:41.738+0000] {dag.py:2705} INFO - Sync 1 DAGs
[2023-04-19T03:37:41.773+0000] {logging_mixin.py:137} INFO - [2023-04-19T03:37:41.773+0000] {dag.py:3456} INFO - Setting next_dagrun for example_trigger_target_dag to None, run_after=None
[2023-04-19T03:37:41.801+0000] {processor.py:175} INFO - Processing /home/airflow/.local/lib/python3.7/site-packages/airflow/example_dags/example_trigger_target_dag.py took 0.143 seconds
[2023-04-19T03:38:12.274+0000] {processor.py:153} INFO - Started process (PID=30026) to work on /home/airflow/.local/lib/python3.7/site-packages/airflow/example_dags/example_trigger_target_dag.py
[2023-04-19T03:38:12.275+0000] {processor.py:743} INFO - Processing file /home/airflow/.local/lib/python3.7/site-packages/airflow/example_dags/example_trigger_target_dag.py for tasks to queue
[2023-04-19T03:38:12.276+0000] {logging_mixin.py:137} INFO - [2023-04-19T03:38:12.276+0000] {dagbag.py:532} INFO - Filling up the DagBag from /home/airflow/.local/lib/python3.7/site-packages/airflow/example_dags/example_trigger_target_dag.py
[2023-04-19T03:38:12.301+0000] {processor.py:753} INFO - DAG(s) dict_keys(['example_trigger_target_dag']) retrieved from /home/airflow/.local/lib/python3.7/site-packages/airflow/example_dags/example_trigger_target_dag.py
[2023-04-19T03:38:12.338+0000] {logging_mixin.py:137} INFO - [2023-04-19T03:38:12.338+0000] {dag.py:2705} INFO - Sync 1 DAGs
[2023-04-19T03:38:12.377+0000] {logging_mixin.py:137} INFO - [2023-04-19T03:38:12.377+0000] {dag.py:3456} INFO - Setting next_dagrun for example_trigger_target_dag to None, run_after=None
[2023-04-19T03:38:12.406+0000] {processor.py:175} INFO - Processing /home/airflow/.local/lib/python3.7/site-packages/airflow/example_dags/example_trigger_target_dag.py took 0.136 seconds
[2023-04-19T03:38:42.754+0000] {processor.py:153} INFO - Started process (PID=30077) to work on /home/airflow/.local/lib/python3.7/site-packages/airflow/example_dags/example_trigger_target_dag.py
[2023-04-19T03:38:42.755+0000] {processor.py:743} INFO - Processing file /home/airflow/.local/lib/python3.7/site-packages/airflow/example_dags/example_trigger_target_dag.py for tasks to queue
[2023-04-19T03:38:42.757+0000] {logging_mixin.py:137} INFO - [2023-04-19T03:38:42.756+0000] {dagbag.py:532} INFO - Filling up the DagBag from /home/airflow/.local/lib/python3.7/site-packages/airflow/example_dags/example_trigger_target_dag.py
[2023-04-19T03:38:42.787+0000] {processor.py:753} INFO - DAG(s) dict_keys(['example_trigger_target_dag']) retrieved from /home/airflow/.local/lib/python3.7/site-packages/airflow/example_dags/example_trigger_target_dag.py
[2023-04-19T03:38:42.825+0000] {logging_mixin.py:137} INFO - [2023-04-19T03:38:42.825+0000] {dag.py:2705} INFO - Sync 1 DAGs
[2023-04-19T03:38:42.866+0000] {logging_mixin.py:137} INFO - [2023-04-19T03:38:42.866+0000] {dag.py:3456} INFO - Setting next_dagrun for example_trigger_target_dag to None, run_after=None
[2023-04-19T03:38:42.901+0000] {processor.py:175} INFO - Processing /home/airflow/.local/lib/python3.7/site-packages/airflow/example_dags/example_trigger_target_dag.py took 0.151 seconds
[2023-04-19T03:39:13.211+0000] {processor.py:153} INFO - Started process (PID=30128) to work on /home/airflow/.local/lib/python3.7/site-packages/airflow/example_dags/example_trigger_target_dag.py
[2023-04-19T03:39:13.212+0000] {processor.py:743} INFO - Processing file /home/airflow/.local/lib/python3.7/site-packages/airflow/example_dags/example_trigger_target_dag.py for tasks to queue
[2023-04-19T03:39:13.212+0000] {logging_mixin.py:137} INFO - [2023-04-19T03:39:13.212+0000] {dagbag.py:532} INFO - Filling up the DagBag from /home/airflow/.local/lib/python3.7/site-packages/airflow/example_dags/example_trigger_target_dag.py
[2023-04-19T03:39:13.239+0000] {processor.py:753} INFO - DAG(s) dict_keys(['example_trigger_target_dag']) retrieved from /home/airflow/.local/lib/python3.7/site-packages/airflow/example_dags/example_trigger_target_dag.py
[2023-04-19T03:39:13.271+0000] {logging_mixin.py:137} INFO - [2023-04-19T03:39:13.271+0000] {dag.py:2705} INFO - Sync 1 DAGs
[2023-04-19T03:39:13.307+0000] {logging_mixin.py:137} INFO - [2023-04-19T03:39:13.306+0000] {dag.py:3456} INFO - Setting next_dagrun for example_trigger_target_dag to None, run_after=None
[2023-04-19T03:39:13.334+0000] {processor.py:175} INFO - Processing /home/airflow/.local/lib/python3.7/site-packages/airflow/example_dags/example_trigger_target_dag.py took 0.127 seconds
[2023-04-19T03:39:43.684+0000] {processor.py:153} INFO - Started process (PID=30179) to work on /home/airflow/.local/lib/python3.7/site-packages/airflow/example_dags/example_trigger_target_dag.py
[2023-04-19T03:39:43.685+0000] {processor.py:743} INFO - Processing file /home/airflow/.local/lib/python3.7/site-packages/airflow/example_dags/example_trigger_target_dag.py for tasks to queue
[2023-04-19T03:39:43.686+0000] {logging_mixin.py:137} INFO - [2023-04-19T03:39:43.686+0000] {dagbag.py:532} INFO - Filling up the DagBag from /home/airflow/.local/lib/python3.7/site-packages/airflow/example_dags/example_trigger_target_dag.py
[2023-04-19T03:39:43.721+0000] {processor.py:753} INFO - DAG(s) dict_keys(['example_trigger_target_dag']) retrieved from /home/airflow/.local/lib/python3.7/site-packages/airflow/example_dags/example_trigger_target_dag.py
[2023-04-19T03:39:43.757+0000] {logging_mixin.py:137} INFO - [2023-04-19T03:39:43.756+0000] {dag.py:2705} INFO - Sync 1 DAGs
[2023-04-19T03:39:43.803+0000] {logging_mixin.py:137} INFO - [2023-04-19T03:39:43.803+0000] {dag.py:3456} INFO - Setting next_dagrun for example_trigger_target_dag to None, run_after=None
[2023-04-19T03:39:43.851+0000] {processor.py:175} INFO - Processing /home/airflow/.local/lib/python3.7/site-packages/airflow/example_dags/example_trigger_target_dag.py took 0.170 seconds
[2023-04-19T03:40:13.932+0000] {processor.py:153} INFO - Started process (PID=30230) to work on /home/airflow/.local/lib/python3.7/site-packages/airflow/example_dags/example_trigger_target_dag.py
[2023-04-19T03:40:13.933+0000] {processor.py:743} INFO - Processing file /home/airflow/.local/lib/python3.7/site-packages/airflow/example_dags/example_trigger_target_dag.py for tasks to queue
[2023-04-19T03:40:13.934+0000] {logging_mixin.py:137} INFO - [2023-04-19T03:40:13.933+0000] {dagbag.py:532} INFO - Filling up the DagBag from /home/airflow/.local/lib/python3.7/site-packages/airflow/example_dags/example_trigger_target_dag.py
[2023-04-19T03:40:13.961+0000] {processor.py:753} INFO - DAG(s) dict_keys(['example_trigger_target_dag']) retrieved from /home/airflow/.local/lib/python3.7/site-packages/airflow/example_dags/example_trigger_target_dag.py
[2023-04-19T03:40:13.997+0000] {logging_mixin.py:137} INFO - [2023-04-19T03:40:13.997+0000] {dag.py:2705} INFO - Sync 1 DAGs
[2023-04-19T03:40:14.033+0000] {logging_mixin.py:137} INFO - [2023-04-19T03:40:14.033+0000] {dag.py:3456} INFO - Setting next_dagrun for example_trigger_target_dag to None, run_after=None
[2023-04-19T03:40:14.060+0000] {processor.py:175} INFO - Processing /home/airflow/.local/lib/python3.7/site-packages/airflow/example_dags/example_trigger_target_dag.py took 0.132 seconds
