[2023-04-19T03:34:02.918+0000] {processor.py:153} INFO - Started process (PID=29599) to work on /home/airflow/.local/lib/python3.7/site-packages/airflow/example_dags/example_latest_only.py
[2023-04-19T03:34:02.919+0000] {processor.py:743} INFO - Processing file /home/airflow/.local/lib/python3.7/site-packages/airflow/example_dags/example_latest_only.py for tasks to queue
[2023-04-19T03:34:02.920+0000] {logging_mixin.py:137} INFO - [2023-04-19T03:34:02.920+0000] {dagbag.py:532} INFO - Filling up the DagBag from /home/airflow/.local/lib/python3.7/site-packages/airflow/example_dags/example_latest_only.py
[2023-04-19T03:34:03.034+0000] {processor.py:753} INFO - DAG(s) dict_keys(['latest_only']) retrieved from /home/airflow/.local/lib/python3.7/site-packages/airflow/example_dags/example_latest_only.py
[2023-04-19T03:34:03.135+0000] {logging_mixin.py:137} INFO - [2023-04-19T03:34:03.135+0000] {dag.py:2705} INFO - Sync 1 DAGs
[2023-04-19T03:34:03.223+0000] {logging_mixin.py:137} INFO - [2023-04-19T03:34:03.222+0000] {dag.py:3456} INFO - Setting next_dagrun for latest_only to 2023-04-18T23:34:03.222462+00:00, run_after=2023-04-19T03:34:03.222462+00:00
[2023-04-19T03:34:03.307+0000] {processor.py:175} INFO - Processing /home/airflow/.local/lib/python3.7/site-packages/airflow/example_dags/example_latest_only.py took 0.404 seconds
[2023-04-19T03:34:33.461+0000] {processor.py:153} INFO - Started process (PID=29650) to work on /home/airflow/.local/lib/python3.7/site-packages/airflow/example_dags/example_latest_only.py
[2023-04-19T03:34:33.463+0000] {processor.py:743} INFO - Processing file /home/airflow/.local/lib/python3.7/site-packages/airflow/example_dags/example_latest_only.py for tasks to queue
[2023-04-19T03:34:33.464+0000] {logging_mixin.py:137} INFO - [2023-04-19T03:34:33.464+0000] {dagbag.py:532} INFO - Filling up the DagBag from /home/airflow/.local/lib/python3.7/site-packages/airflow/example_dags/example_latest_only.py
[2023-04-19T03:34:33.494+0000] {processor.py:753} INFO - DAG(s) dict_keys(['latest_only']) retrieved from /home/airflow/.local/lib/python3.7/site-packages/airflow/example_dags/example_latest_only.py
[2023-04-19T03:34:33.530+0000] {logging_mixin.py:137} INFO - [2023-04-19T03:34:33.529+0000] {dag.py:2705} INFO - Sync 1 DAGs
[2023-04-19T03:34:33.568+0000] {logging_mixin.py:137} INFO - [2023-04-19T03:34:33.567+0000] {dag.py:3456} INFO - Setting next_dagrun for latest_only to 2023-04-18T23:34:33.567500+00:00, run_after=2023-04-19T03:34:33.567500+00:00
[2023-04-19T03:34:33.597+0000] {processor.py:175} INFO - Processing /home/airflow/.local/lib/python3.7/site-packages/airflow/example_dags/example_latest_only.py took 0.142 seconds
[2023-04-19T03:35:04.275+0000] {processor.py:153} INFO - Started process (PID=29701) to work on /home/airflow/.local/lib/python3.7/site-packages/airflow/example_dags/example_latest_only.py
[2023-04-19T03:35:04.276+0000] {processor.py:743} INFO - Processing file /home/airflow/.local/lib/python3.7/site-packages/airflow/example_dags/example_latest_only.py for tasks to queue
[2023-04-19T03:35:04.277+0000] {logging_mixin.py:137} INFO - [2023-04-19T03:35:04.277+0000] {dagbag.py:532} INFO - Filling up the DagBag from /home/airflow/.local/lib/python3.7/site-packages/airflow/example_dags/example_latest_only.py
[2023-04-19T03:35:04.301+0000] {processor.py:753} INFO - DAG(s) dict_keys(['latest_only']) retrieved from /home/airflow/.local/lib/python3.7/site-packages/airflow/example_dags/example_latest_only.py
[2023-04-19T03:35:04.339+0000] {logging_mixin.py:137} INFO - [2023-04-19T03:35:04.339+0000] {dag.py:2705} INFO - Sync 1 DAGs
[2023-04-19T03:35:04.381+0000] {logging_mixin.py:137} INFO - [2023-04-19T03:35:04.381+0000] {dag.py:3456} INFO - Setting next_dagrun for latest_only to 2023-04-18T23:35:04.381207+00:00, run_after=2023-04-19T03:35:04.381207+00:00
[2023-04-19T03:35:04.412+0000] {processor.py:175} INFO - Processing /home/airflow/.local/lib/python3.7/site-packages/airflow/example_dags/example_latest_only.py took 0.142 seconds
[2023-04-19T03:35:34.600+0000] {processor.py:153} INFO - Started process (PID=29752) to work on /home/airflow/.local/lib/python3.7/site-packages/airflow/example_dags/example_latest_only.py
[2023-04-19T03:35:34.601+0000] {processor.py:743} INFO - Processing file /home/airflow/.local/lib/python3.7/site-packages/airflow/example_dags/example_latest_only.py for tasks to queue
[2023-04-19T03:35:34.602+0000] {logging_mixin.py:137} INFO - [2023-04-19T03:35:34.602+0000] {dagbag.py:532} INFO - Filling up the DagBag from /home/airflow/.local/lib/python3.7/site-packages/airflow/example_dags/example_latest_only.py
[2023-04-19T03:35:34.620+0000] {processor.py:753} INFO - DAG(s) dict_keys(['latest_only']) retrieved from /home/airflow/.local/lib/python3.7/site-packages/airflow/example_dags/example_latest_only.py
[2023-04-19T03:35:34.654+0000] {logging_mixin.py:137} INFO - [2023-04-19T03:35:34.654+0000] {dag.py:2705} INFO - Sync 1 DAGs
[2023-04-19T03:35:34.692+0000] {logging_mixin.py:137} INFO - [2023-04-19T03:35:34.692+0000] {dag.py:3456} INFO - Setting next_dagrun for latest_only to 2023-04-18T23:35:34.692136+00:00, run_after=2023-04-19T03:35:34.692136+00:00
[2023-04-19T03:35:34.721+0000] {processor.py:175} INFO - Processing /home/airflow/.local/lib/python3.7/site-packages/airflow/example_dags/example_latest_only.py took 0.124 seconds
[2023-04-19T03:36:05.053+0000] {processor.py:153} INFO - Started process (PID=29803) to work on /home/airflow/.local/lib/python3.7/site-packages/airflow/example_dags/example_latest_only.py
[2023-04-19T03:36:05.054+0000] {processor.py:743} INFO - Processing file /home/airflow/.local/lib/python3.7/site-packages/airflow/example_dags/example_latest_only.py for tasks to queue
[2023-04-19T03:36:05.055+0000] {logging_mixin.py:137} INFO - [2023-04-19T03:36:05.054+0000] {dagbag.py:532} INFO - Filling up the DagBag from /home/airflow/.local/lib/python3.7/site-packages/airflow/example_dags/example_latest_only.py
[2023-04-19T03:36:05.081+0000] {processor.py:753} INFO - DAG(s) dict_keys(['latest_only']) retrieved from /home/airflow/.local/lib/python3.7/site-packages/airflow/example_dags/example_latest_only.py
[2023-04-19T03:36:05.119+0000] {logging_mixin.py:137} INFO - [2023-04-19T03:36:05.119+0000] {dag.py:2705} INFO - Sync 1 DAGs
[2023-04-19T03:36:05.173+0000] {logging_mixin.py:137} INFO - [2023-04-19T03:36:05.173+0000] {dag.py:3456} INFO - Setting next_dagrun for latest_only to 2023-04-18T23:36:05.173279+00:00, run_after=2023-04-19T03:36:05.173279+00:00
[2023-04-19T03:36:05.204+0000] {processor.py:175} INFO - Processing /home/airflow/.local/lib/python3.7/site-packages/airflow/example_dags/example_latest_only.py took 0.156 seconds
[2023-04-19T03:36:37.213+0000] {processor.py:153} INFO - Started process (PID=29854) to work on /home/airflow/.local/lib/python3.7/site-packages/airflow/example_dags/example_latest_only.py
[2023-04-19T03:36:37.263+0000] {processor.py:743} INFO - Processing file /home/airflow/.local/lib/python3.7/site-packages/airflow/example_dags/example_latest_only.py for tasks to queue
[2023-04-19T03:36:37.265+0000] {logging_mixin.py:137} INFO - [2023-04-19T03:36:37.265+0000] {dagbag.py:532} INFO - Filling up the DagBag from /home/airflow/.local/lib/python3.7/site-packages/airflow/example_dags/example_latest_only.py
[2023-04-19T03:36:37.299+0000] {processor.py:753} INFO - DAG(s) dict_keys(['latest_only']) retrieved from /home/airflow/.local/lib/python3.7/site-packages/airflow/example_dags/example_latest_only.py
[2023-04-19T03:36:37.332+0000] {logging_mixin.py:137} INFO - [2023-04-19T03:36:37.332+0000] {dag.py:2705} INFO - Sync 1 DAGs
[2023-04-19T03:36:37.367+0000] {logging_mixin.py:137} INFO - [2023-04-19T03:36:37.367+0000] {dag.py:3456} INFO - Setting next_dagrun for latest_only to 2023-04-18T23:36:37.367344+00:00, run_after=2023-04-19T03:36:37.367344+00:00
[2023-04-19T03:36:37.501+0000] {processor.py:175} INFO - Processing /home/airflow/.local/lib/python3.7/site-packages/airflow/example_dags/example_latest_only.py took 0.295 seconds
[2023-04-19T03:37:08.282+0000] {processor.py:153} INFO - Started process (PID=29905) to work on /home/airflow/.local/lib/python3.7/site-packages/airflow/example_dags/example_latest_only.py
[2023-04-19T03:37:08.297+0000] {processor.py:743} INFO - Processing file /home/airflow/.local/lib/python3.7/site-packages/airflow/example_dags/example_latest_only.py for tasks to queue
[2023-04-19T03:37:08.299+0000] {logging_mixin.py:137} INFO - [2023-04-19T03:37:08.298+0000] {dagbag.py:532} INFO - Filling up the DagBag from /home/airflow/.local/lib/python3.7/site-packages/airflow/example_dags/example_latest_only.py
[2023-04-19T03:37:08.321+0000] {processor.py:753} INFO - DAG(s) dict_keys(['latest_only']) retrieved from /home/airflow/.local/lib/python3.7/site-packages/airflow/example_dags/example_latest_only.py
[2023-04-19T03:37:08.355+0000] {logging_mixin.py:137} INFO - [2023-04-19T03:37:08.355+0000] {dag.py:2705} INFO - Sync 1 DAGs
[2023-04-19T03:37:08.393+0000] {logging_mixin.py:137} INFO - [2023-04-19T03:37:08.393+0000] {dag.py:3456} INFO - Setting next_dagrun for latest_only to 2023-04-18T23:37:08.393355+00:00, run_after=2023-04-19T03:37:08.393355+00:00
[2023-04-19T03:37:08.422+0000] {processor.py:175} INFO - Processing /home/airflow/.local/lib/python3.7/site-packages/airflow/example_dags/example_latest_only.py took 0.147 seconds
[2023-04-19T03:37:38.633+0000] {processor.py:153} INFO - Started process (PID=29956) to work on /home/airflow/.local/lib/python3.7/site-packages/airflow/example_dags/example_latest_only.py
[2023-04-19T03:37:38.635+0000] {processor.py:743} INFO - Processing file /home/airflow/.local/lib/python3.7/site-packages/airflow/example_dags/example_latest_only.py for tasks to queue
[2023-04-19T03:37:38.636+0000] {logging_mixin.py:137} INFO - [2023-04-19T03:37:38.636+0000] {dagbag.py:532} INFO - Filling up the DagBag from /home/airflow/.local/lib/python3.7/site-packages/airflow/example_dags/example_latest_only.py
[2023-04-19T03:37:38.666+0000] {processor.py:753} INFO - DAG(s) dict_keys(['latest_only']) retrieved from /home/airflow/.local/lib/python3.7/site-packages/airflow/example_dags/example_latest_only.py
[2023-04-19T03:37:38.702+0000] {logging_mixin.py:137} INFO - [2023-04-19T03:37:38.702+0000] {dag.py:2705} INFO - Sync 1 DAGs
[2023-04-19T03:37:38.743+0000] {logging_mixin.py:137} INFO - [2023-04-19T03:37:38.743+0000] {dag.py:3456} INFO - Setting next_dagrun for latest_only to 2023-04-18T23:37:38.743004+00:00, run_after=2023-04-19T03:37:38.743004+00:00
[2023-04-19T03:37:38.776+0000] {processor.py:175} INFO - Processing /home/airflow/.local/lib/python3.7/site-packages/airflow/example_dags/example_latest_only.py took 0.150 seconds
[2023-04-19T03:38:09.436+0000] {processor.py:153} INFO - Started process (PID=30007) to work on /home/airflow/.local/lib/python3.7/site-packages/airflow/example_dags/example_latest_only.py
[2023-04-19T03:38:09.441+0000] {processor.py:743} INFO - Processing file /home/airflow/.local/lib/python3.7/site-packages/airflow/example_dags/example_latest_only.py for tasks to queue
[2023-04-19T03:38:09.443+0000] {logging_mixin.py:137} INFO - [2023-04-19T03:38:09.442+0000] {dagbag.py:532} INFO - Filling up the DagBag from /home/airflow/.local/lib/python3.7/site-packages/airflow/example_dags/example_latest_only.py
[2023-04-19T03:38:09.471+0000] {processor.py:753} INFO - DAG(s) dict_keys(['latest_only']) retrieved from /home/airflow/.local/lib/python3.7/site-packages/airflow/example_dags/example_latest_only.py
[2023-04-19T03:38:09.500+0000] {logging_mixin.py:137} INFO - [2023-04-19T03:38:09.500+0000] {dag.py:2705} INFO - Sync 1 DAGs
[2023-04-19T03:38:09.537+0000] {logging_mixin.py:137} INFO - [2023-04-19T03:38:09.537+0000] {dag.py:3456} INFO - Setting next_dagrun for latest_only to 2023-04-18T23:38:09.537307+00:00, run_after=2023-04-19T03:38:09.537307+00:00
[2023-04-19T03:38:09.563+0000] {processor.py:175} INFO - Processing /home/airflow/.local/lib/python3.7/site-packages/airflow/example_dags/example_latest_only.py took 0.133 seconds
[2023-04-19T03:38:39.817+0000] {processor.py:153} INFO - Started process (PID=30058) to work on /home/airflow/.local/lib/python3.7/site-packages/airflow/example_dags/example_latest_only.py
[2023-04-19T03:38:39.818+0000] {processor.py:743} INFO - Processing file /home/airflow/.local/lib/python3.7/site-packages/airflow/example_dags/example_latest_only.py for tasks to queue
[2023-04-19T03:38:39.820+0000] {logging_mixin.py:137} INFO - [2023-04-19T03:38:39.819+0000] {dagbag.py:532} INFO - Filling up the DagBag from /home/airflow/.local/lib/python3.7/site-packages/airflow/example_dags/example_latest_only.py
[2023-04-19T03:38:39.852+0000] {processor.py:753} INFO - DAG(s) dict_keys(['latest_only']) retrieved from /home/airflow/.local/lib/python3.7/site-packages/airflow/example_dags/example_latest_only.py
[2023-04-19T03:38:39.887+0000] {logging_mixin.py:137} INFO - [2023-04-19T03:38:39.887+0000] {dag.py:2705} INFO - Sync 1 DAGs
[2023-04-19T03:38:39.920+0000] {logging_mixin.py:137} INFO - [2023-04-19T03:38:39.920+0000] {dag.py:3456} INFO - Setting next_dagrun for latest_only to 2023-04-18T23:38:39.920316+00:00, run_after=2023-04-19T03:38:39.920316+00:00
[2023-04-19T03:38:39.949+0000] {processor.py:175} INFO - Processing /home/airflow/.local/lib/python3.7/site-packages/airflow/example_dags/example_latest_only.py took 0.138 seconds
[2023-04-19T03:39:10.256+0000] {processor.py:153} INFO - Started process (PID=30109) to work on /home/airflow/.local/lib/python3.7/site-packages/airflow/example_dags/example_latest_only.py
[2023-04-19T03:39:10.258+0000] {processor.py:743} INFO - Processing file /home/airflow/.local/lib/python3.7/site-packages/airflow/example_dags/example_latest_only.py for tasks to queue
[2023-04-19T03:39:10.259+0000] {logging_mixin.py:137} INFO - [2023-04-19T03:39:10.258+0000] {dagbag.py:532} INFO - Filling up the DagBag from /home/airflow/.local/lib/python3.7/site-packages/airflow/example_dags/example_latest_only.py
[2023-04-19T03:39:10.277+0000] {processor.py:753} INFO - DAG(s) dict_keys(['latest_only']) retrieved from /home/airflow/.local/lib/python3.7/site-packages/airflow/example_dags/example_latest_only.py
[2023-04-19T03:39:10.315+0000] {logging_mixin.py:137} INFO - [2023-04-19T03:39:10.314+0000] {dag.py:2705} INFO - Sync 1 DAGs
[2023-04-19T03:39:10.355+0000] {logging_mixin.py:137} INFO - [2023-04-19T03:39:10.355+0000] {dag.py:3456} INFO - Setting next_dagrun for latest_only to 2023-04-18T23:39:10.354931+00:00, run_after=2023-04-19T03:39:10.354931+00:00
[2023-04-19T03:39:10.389+0000] {processor.py:175} INFO - Processing /home/airflow/.local/lib/python3.7/site-packages/airflow/example_dags/example_latest_only.py took 0.138 seconds
[2023-04-19T03:39:40.477+0000] {processor.py:153} INFO - Started process (PID=30160) to work on /home/airflow/.local/lib/python3.7/site-packages/airflow/example_dags/example_latest_only.py
[2023-04-19T03:39:40.478+0000] {processor.py:743} INFO - Processing file /home/airflow/.local/lib/python3.7/site-packages/airflow/example_dags/example_latest_only.py for tasks to queue
[2023-04-19T03:39:40.479+0000] {logging_mixin.py:137} INFO - [2023-04-19T03:39:40.479+0000] {dagbag.py:532} INFO - Filling up the DagBag from /home/airflow/.local/lib/python3.7/site-packages/airflow/example_dags/example_latest_only.py
[2023-04-19T03:39:40.496+0000] {processor.py:753} INFO - DAG(s) dict_keys(['latest_only']) retrieved from /home/airflow/.local/lib/python3.7/site-packages/airflow/example_dags/example_latest_only.py
[2023-04-19T03:39:40.533+0000] {logging_mixin.py:137} INFO - [2023-04-19T03:39:40.533+0000] {dag.py:2705} INFO - Sync 1 DAGs
[2023-04-19T03:39:40.573+0000] {logging_mixin.py:137} INFO - [2023-04-19T03:39:40.573+0000] {dag.py:3456} INFO - Setting next_dagrun for latest_only to 2023-04-18T23:39:40.573119+00:00, run_after=2023-04-19T03:39:40.573119+00:00
[2023-04-19T03:39:40.615+0000] {processor.py:175} INFO - Processing /home/airflow/.local/lib/python3.7/site-packages/airflow/example_dags/example_latest_only.py took 0.142 seconds
[2023-04-19T03:40:10.742+0000] {processor.py:153} INFO - Started process (PID=30211) to work on /home/airflow/.local/lib/python3.7/site-packages/airflow/example_dags/example_latest_only.py
[2023-04-19T03:40:10.743+0000] {processor.py:743} INFO - Processing file /home/airflow/.local/lib/python3.7/site-packages/airflow/example_dags/example_latest_only.py for tasks to queue
[2023-04-19T03:40:10.743+0000] {logging_mixin.py:137} INFO - [2023-04-19T03:40:10.743+0000] {dagbag.py:532} INFO - Filling up the DagBag from /home/airflow/.local/lib/python3.7/site-packages/airflow/example_dags/example_latest_only.py
[2023-04-19T03:40:10.760+0000] {processor.py:753} INFO - DAG(s) dict_keys(['latest_only']) retrieved from /home/airflow/.local/lib/python3.7/site-packages/airflow/example_dags/example_latest_only.py
[2023-04-19T03:40:10.796+0000] {logging_mixin.py:137} INFO - [2023-04-19T03:40:10.795+0000] {dag.py:2705} INFO - Sync 1 DAGs
[2023-04-19T03:40:10.842+0000] {logging_mixin.py:137} INFO - [2023-04-19T03:40:10.842+0000] {dag.py:3456} INFO - Setting next_dagrun for latest_only to 2023-04-18T23:40:10.841886+00:00, run_after=2023-04-19T03:40:10.841886+00:00
[2023-04-19T03:40:10.873+0000] {processor.py:175} INFO - Processing /home/airflow/.local/lib/python3.7/site-packages/airflow/example_dags/example_latest_only.py took 0.135 seconds
[2023-04-19T03:40:41.220+0000] {processor.py:153} INFO - Started process (PID=30262) to work on /home/airflow/.local/lib/python3.7/site-packages/airflow/example_dags/example_latest_only.py
[2023-04-19T03:40:41.224+0000] {processor.py:743} INFO - Processing file /home/airflow/.local/lib/python3.7/site-packages/airflow/example_dags/example_latest_only.py for tasks to queue
[2023-04-19T03:40:41.224+0000] {logging_mixin.py:137} INFO - [2023-04-19T03:40:41.224+0000] {dagbag.py:532} INFO - Filling up the DagBag from /home/airflow/.local/lib/python3.7/site-packages/airflow/example_dags/example_latest_only.py
[2023-04-19T03:40:41.242+0000] {processor.py:753} INFO - DAG(s) dict_keys(['latest_only']) retrieved from /home/airflow/.local/lib/python3.7/site-packages/airflow/example_dags/example_latest_only.py
[2023-04-19T03:40:41.275+0000] {logging_mixin.py:137} INFO - [2023-04-19T03:40:41.274+0000] {dag.py:2705} INFO - Sync 1 DAGs
[2023-04-19T03:40:41.316+0000] {logging_mixin.py:137} INFO - [2023-04-19T03:40:41.316+0000] {dag.py:3456} INFO - Setting next_dagrun for latest_only to 2023-04-18T23:40:41.316204+00:00, run_after=2023-04-19T03:40:41.316204+00:00
[2023-04-19T03:40:41.361+0000] {processor.py:175} INFO - Processing /home/airflow/.local/lib/python3.7/site-packages/airflow/example_dags/example_latest_only.py took 0.145 seconds
