[2023-04-19T03:34:06.248+0000] {processor.py:153} INFO - Started process (PID=29620) to work on /home/airflow/.local/lib/python3.7/site-packages/airflow/example_dags/example_task_group_decorator.py
[2023-04-19T03:34:06.249+0000] {processor.py:743} INFO - Processing file /home/airflow/.local/lib/python3.7/site-packages/airflow/example_dags/example_task_group_decorator.py for tasks to queue
[2023-04-19T03:34:06.250+0000] {logging_mixin.py:137} INFO - [2023-04-19T03:34:06.249+0000] {dagbag.py:532} INFO - Filling up the DagBag from /home/airflow/.local/lib/python3.7/site-packages/airflow/example_dags/example_task_group_decorator.py
[2023-04-19T03:34:06.292+0000] {processor.py:753} INFO - DAG(s) dict_keys(['example_task_group_decorator']) retrieved from /home/airflow/.local/lib/python3.7/site-packages/airflow/example_dags/example_task_group_decorator.py
[2023-04-19T03:34:06.340+0000] {logging_mixin.py:137} INFO - [2023-04-19T03:34:06.340+0000] {dag.py:2705} INFO - Sync 1 DAGs
[2023-04-19T03:34:06.407+0000] {logging_mixin.py:137} INFO - [2023-04-19T03:34:06.407+0000] {dag.py:3456} INFO - Setting next_dagrun for example_task_group_decorator to 2023-04-18T03:34:06.406898+00:00, run_after=2023-04-19T03:34:06.406898+00:00
[2023-04-19T03:34:06.440+0000] {processor.py:175} INFO - Processing /home/airflow/.local/lib/python3.7/site-packages/airflow/example_dags/example_task_group_decorator.py took 0.197 seconds
[2023-04-19T03:34:36.593+0000] {processor.py:153} INFO - Started process (PID=29671) to work on /home/airflow/.local/lib/python3.7/site-packages/airflow/example_dags/example_task_group_decorator.py
[2023-04-19T03:34:36.595+0000] {processor.py:743} INFO - Processing file /home/airflow/.local/lib/python3.7/site-packages/airflow/example_dags/example_task_group_decorator.py for tasks to queue
[2023-04-19T03:34:36.596+0000] {logging_mixin.py:137} INFO - [2023-04-19T03:34:36.596+0000] {dagbag.py:532} INFO - Filling up the DagBag from /home/airflow/.local/lib/python3.7/site-packages/airflow/example_dags/example_task_group_decorator.py
[2023-04-19T03:34:36.643+0000] {processor.py:753} INFO - DAG(s) dict_keys(['example_task_group_decorator']) retrieved from /home/airflow/.local/lib/python3.7/site-packages/airflow/example_dags/example_task_group_decorator.py
[2023-04-19T03:34:36.689+0000] {logging_mixin.py:137} INFO - [2023-04-19T03:34:36.689+0000] {dag.py:2705} INFO - Sync 1 DAGs
[2023-04-19T03:34:36.735+0000] {logging_mixin.py:137} INFO - [2023-04-19T03:34:36.735+0000] {dag.py:3456} INFO - Setting next_dagrun for example_task_group_decorator to 2023-04-18T03:34:36.735079+00:00, run_after=2023-04-19T03:34:36.735079+00:00
[2023-04-19T03:34:36.784+0000] {processor.py:175} INFO - Processing /home/airflow/.local/lib/python3.7/site-packages/airflow/example_dags/example_task_group_decorator.py took 0.194 seconds
[2023-04-19T03:35:07.282+0000] {processor.py:153} INFO - Started process (PID=29722) to work on /home/airflow/.local/lib/python3.7/site-packages/airflow/example_dags/example_task_group_decorator.py
[2023-04-19T03:35:07.283+0000] {processor.py:743} INFO - Processing file /home/airflow/.local/lib/python3.7/site-packages/airflow/example_dags/example_task_group_decorator.py for tasks to queue
[2023-04-19T03:35:07.283+0000] {logging_mixin.py:137} INFO - [2023-04-19T03:35:07.283+0000] {dagbag.py:532} INFO - Filling up the DagBag from /home/airflow/.local/lib/python3.7/site-packages/airflow/example_dags/example_task_group_decorator.py
[2023-04-19T03:35:07.319+0000] {processor.py:753} INFO - DAG(s) dict_keys(['example_task_group_decorator']) retrieved from /home/airflow/.local/lib/python3.7/site-packages/airflow/example_dags/example_task_group_decorator.py
[2023-04-19T03:35:07.360+0000] {logging_mixin.py:137} INFO - [2023-04-19T03:35:07.360+0000] {dag.py:2705} INFO - Sync 1 DAGs
[2023-04-19T03:35:07.400+0000] {logging_mixin.py:137} INFO - [2023-04-19T03:35:07.399+0000] {dag.py:3456} INFO - Setting next_dagrun for example_task_group_decorator to 2023-04-18T03:35:07.399455+00:00, run_after=2023-04-19T03:35:07.399455+00:00
[2023-04-19T03:35:07.430+0000] {processor.py:175} INFO - Processing /home/airflow/.local/lib/python3.7/site-packages/airflow/example_dags/example_task_group_decorator.py took 0.151 seconds
[2023-04-19T03:35:37.778+0000] {processor.py:153} INFO - Started process (PID=29773) to work on /home/airflow/.local/lib/python3.7/site-packages/airflow/example_dags/example_task_group_decorator.py
[2023-04-19T03:35:37.780+0000] {processor.py:743} INFO - Processing file /home/airflow/.local/lib/python3.7/site-packages/airflow/example_dags/example_task_group_decorator.py for tasks to queue
[2023-04-19T03:35:37.782+0000] {logging_mixin.py:137} INFO - [2023-04-19T03:35:37.781+0000] {dagbag.py:532} INFO - Filling up the DagBag from /home/airflow/.local/lib/python3.7/site-packages/airflow/example_dags/example_task_group_decorator.py
[2023-04-19T03:35:37.828+0000] {processor.py:753} INFO - DAG(s) dict_keys(['example_task_group_decorator']) retrieved from /home/airflow/.local/lib/python3.7/site-packages/airflow/example_dags/example_task_group_decorator.py
[2023-04-19T03:35:37.882+0000] {logging_mixin.py:137} INFO - [2023-04-19T03:35:37.882+0000] {dag.py:2705} INFO - Sync 1 DAGs
[2023-04-19T03:35:37.940+0000] {logging_mixin.py:137} INFO - [2023-04-19T03:35:37.940+0000] {dag.py:3456} INFO - Setting next_dagrun for example_task_group_decorator to 2023-04-18T03:35:37.940108+00:00, run_after=2023-04-19T03:35:37.940108+00:00
[2023-04-19T03:35:37.984+0000] {processor.py:175} INFO - Processing /home/airflow/.local/lib/python3.7/site-packages/airflow/example_dags/example_task_group_decorator.py took 0.211 seconds
[2023-04-19T03:36:08.123+0000] {processor.py:153} INFO - Started process (PID=29824) to work on /home/airflow/.local/lib/python3.7/site-packages/airflow/example_dags/example_task_group_decorator.py
[2023-04-19T03:36:08.124+0000] {processor.py:743} INFO - Processing file /home/airflow/.local/lib/python3.7/site-packages/airflow/example_dags/example_task_group_decorator.py for tasks to queue
[2023-04-19T03:36:08.125+0000] {logging_mixin.py:137} INFO - [2023-04-19T03:36:08.124+0000] {dagbag.py:532} INFO - Filling up the DagBag from /home/airflow/.local/lib/python3.7/site-packages/airflow/example_dags/example_task_group_decorator.py
[2023-04-19T03:36:08.163+0000] {processor.py:753} INFO - DAG(s) dict_keys(['example_task_group_decorator']) retrieved from /home/airflow/.local/lib/python3.7/site-packages/airflow/example_dags/example_task_group_decorator.py
[2023-04-19T03:36:08.214+0000] {logging_mixin.py:137} INFO - [2023-04-19T03:36:08.213+0000] {dag.py:2705} INFO - Sync 1 DAGs
[2023-04-19T03:36:08.253+0000] {logging_mixin.py:137} INFO - [2023-04-19T03:36:08.253+0000] {dag.py:3456} INFO - Setting next_dagrun for example_task_group_decorator to 2023-04-18T03:36:08.252978+00:00, run_after=2023-04-19T03:36:08.252978+00:00
[2023-04-19T03:36:08.283+0000] {processor.py:175} INFO - Processing /home/airflow/.local/lib/python3.7/site-packages/airflow/example_dags/example_task_group_decorator.py took 0.164 seconds
[2023-04-19T03:36:41.046+0000] {processor.py:153} INFO - Started process (PID=29875) to work on /home/airflow/.local/lib/python3.7/site-packages/airflow/example_dags/example_task_group_decorator.py
[2023-04-19T03:36:41.047+0000] {processor.py:743} INFO - Processing file /home/airflow/.local/lib/python3.7/site-packages/airflow/example_dags/example_task_group_decorator.py for tasks to queue
[2023-04-19T03:36:41.048+0000] {logging_mixin.py:137} INFO - [2023-04-19T03:36:41.048+0000] {dagbag.py:532} INFO - Filling up the DagBag from /home/airflow/.local/lib/python3.7/site-packages/airflow/example_dags/example_task_group_decorator.py
[2023-04-19T03:36:41.088+0000] {processor.py:753} INFO - DAG(s) dict_keys(['example_task_group_decorator']) retrieved from /home/airflow/.local/lib/python3.7/site-packages/airflow/example_dags/example_task_group_decorator.py
[2023-04-19T03:36:41.129+0000] {logging_mixin.py:137} INFO - [2023-04-19T03:36:41.128+0000] {dag.py:2705} INFO - Sync 1 DAGs
[2023-04-19T03:36:41.172+0000] {logging_mixin.py:137} INFO - [2023-04-19T03:36:41.172+0000] {dag.py:3456} INFO - Setting next_dagrun for example_task_group_decorator to 2023-04-18T03:36:41.172053+00:00, run_after=2023-04-19T03:36:41.172053+00:00
[2023-04-19T03:36:41.204+0000] {processor.py:175} INFO - Processing /home/airflow/.local/lib/python3.7/site-packages/airflow/example_dags/example_task_group_decorator.py took 0.162 seconds
[2023-04-19T03:37:11.622+0000] {processor.py:153} INFO - Started process (PID=29926) to work on /home/airflow/.local/lib/python3.7/site-packages/airflow/example_dags/example_task_group_decorator.py
[2023-04-19T03:37:11.642+0000] {processor.py:743} INFO - Processing file /home/airflow/.local/lib/python3.7/site-packages/airflow/example_dags/example_task_group_decorator.py for tasks to queue
[2023-04-19T03:37:11.643+0000] {logging_mixin.py:137} INFO - [2023-04-19T03:37:11.643+0000] {dagbag.py:532} INFO - Filling up the DagBag from /home/airflow/.local/lib/python3.7/site-packages/airflow/example_dags/example_task_group_decorator.py
[2023-04-19T03:37:11.710+0000] {processor.py:753} INFO - DAG(s) dict_keys(['example_task_group_decorator']) retrieved from /home/airflow/.local/lib/python3.7/site-packages/airflow/example_dags/example_task_group_decorator.py
[2023-04-19T03:37:11.747+0000] {logging_mixin.py:137} INFO - [2023-04-19T03:37:11.747+0000] {dag.py:2705} INFO - Sync 1 DAGs
[2023-04-19T03:37:11.787+0000] {logging_mixin.py:137} INFO - [2023-04-19T03:37:11.787+0000] {dag.py:3456} INFO - Setting next_dagrun for example_task_group_decorator to 2023-04-18T03:37:11.787301+00:00, run_after=2023-04-19T03:37:11.787301+00:00
[2023-04-19T03:37:11.832+0000] {processor.py:175} INFO - Processing /home/airflow/.local/lib/python3.7/site-packages/airflow/example_dags/example_task_group_decorator.py took 0.214 seconds
[2023-04-19T03:37:41.992+0000] {processor.py:153} INFO - Started process (PID=29977) to work on /home/airflow/.local/lib/python3.7/site-packages/airflow/example_dags/example_task_group_decorator.py
[2023-04-19T03:37:41.993+0000] {processor.py:743} INFO - Processing file /home/airflow/.local/lib/python3.7/site-packages/airflow/example_dags/example_task_group_decorator.py for tasks to queue
[2023-04-19T03:37:41.994+0000] {logging_mixin.py:137} INFO - [2023-04-19T03:37:41.993+0000] {dagbag.py:532} INFO - Filling up the DagBag from /home/airflow/.local/lib/python3.7/site-packages/airflow/example_dags/example_task_group_decorator.py
[2023-04-19T03:37:42.027+0000] {processor.py:753} INFO - DAG(s) dict_keys(['example_task_group_decorator']) retrieved from /home/airflow/.local/lib/python3.7/site-packages/airflow/example_dags/example_task_group_decorator.py
[2023-04-19T03:37:42.064+0000] {logging_mixin.py:137} INFO - [2023-04-19T03:37:42.064+0000] {dag.py:2705} INFO - Sync 1 DAGs
[2023-04-19T03:37:42.101+0000] {logging_mixin.py:137} INFO - [2023-04-19T03:37:42.101+0000] {dag.py:3456} INFO - Setting next_dagrun for example_task_group_decorator to 2023-04-18T03:37:42.101067+00:00, run_after=2023-04-19T03:37:42.101067+00:00
[2023-04-19T03:37:42.139+0000] {processor.py:175} INFO - Processing /home/airflow/.local/lib/python3.7/site-packages/airflow/example_dags/example_task_group_decorator.py took 0.151 seconds
[2023-04-19T03:38:12.448+0000] {processor.py:153} INFO - Started process (PID=30028) to work on /home/airflow/.local/lib/python3.7/site-packages/airflow/example_dags/example_task_group_decorator.py
[2023-04-19T03:38:12.449+0000] {processor.py:743} INFO - Processing file /home/airflow/.local/lib/python3.7/site-packages/airflow/example_dags/example_task_group_decorator.py for tasks to queue
[2023-04-19T03:38:12.450+0000] {logging_mixin.py:137} INFO - [2023-04-19T03:38:12.449+0000] {dagbag.py:532} INFO - Filling up the DagBag from /home/airflow/.local/lib/python3.7/site-packages/airflow/example_dags/example_task_group_decorator.py
[2023-04-19T03:38:12.489+0000] {processor.py:753} INFO - DAG(s) dict_keys(['example_task_group_decorator']) retrieved from /home/airflow/.local/lib/python3.7/site-packages/airflow/example_dags/example_task_group_decorator.py
[2023-04-19T03:38:12.533+0000] {logging_mixin.py:137} INFO - [2023-04-19T03:38:12.532+0000] {dag.py:2705} INFO - Sync 1 DAGs
[2023-04-19T03:38:12.576+0000] {logging_mixin.py:137} INFO - [2023-04-19T03:38:12.576+0000] {dag.py:3456} INFO - Setting next_dagrun for example_task_group_decorator to 2023-04-18T03:38:12.576002+00:00, run_after=2023-04-19T03:38:12.576002+00:00
[2023-04-19T03:38:12.611+0000] {processor.py:175} INFO - Processing /home/airflow/.local/lib/python3.7/site-packages/airflow/example_dags/example_task_group_decorator.py took 0.168 seconds
[2023-04-19T03:38:42.934+0000] {processor.py:153} INFO - Started process (PID=30079) to work on /home/airflow/.local/lib/python3.7/site-packages/airflow/example_dags/example_task_group_decorator.py
[2023-04-19T03:38:42.935+0000] {processor.py:743} INFO - Processing file /home/airflow/.local/lib/python3.7/site-packages/airflow/example_dags/example_task_group_decorator.py for tasks to queue
[2023-04-19T03:38:42.935+0000] {logging_mixin.py:137} INFO - [2023-04-19T03:38:42.935+0000] {dagbag.py:532} INFO - Filling up the DagBag from /home/airflow/.local/lib/python3.7/site-packages/airflow/example_dags/example_task_group_decorator.py
[2023-04-19T03:38:42.975+0000] {processor.py:753} INFO - DAG(s) dict_keys(['example_task_group_decorator']) retrieved from /home/airflow/.local/lib/python3.7/site-packages/airflow/example_dags/example_task_group_decorator.py
[2023-04-19T03:38:43.016+0000] {logging_mixin.py:137} INFO - [2023-04-19T03:38:43.015+0000] {dag.py:2705} INFO - Sync 1 DAGs
[2023-04-19T03:38:43.051+0000] {logging_mixin.py:137} INFO - [2023-04-19T03:38:43.051+0000] {dag.py:3456} INFO - Setting next_dagrun for example_task_group_decorator to 2023-04-18T03:38:43.051448+00:00, run_after=2023-04-19T03:38:43.051448+00:00
[2023-04-19T03:38:43.089+0000] {processor.py:175} INFO - Processing /home/airflow/.local/lib/python3.7/site-packages/airflow/example_dags/example_task_group_decorator.py took 0.158 seconds
[2023-04-19T03:39:13.374+0000] {processor.py:153} INFO - Started process (PID=30130) to work on /home/airflow/.local/lib/python3.7/site-packages/airflow/example_dags/example_task_group_decorator.py
[2023-04-19T03:39:13.375+0000] {processor.py:743} INFO - Processing file /home/airflow/.local/lib/python3.7/site-packages/airflow/example_dags/example_task_group_decorator.py for tasks to queue
[2023-04-19T03:39:13.376+0000] {logging_mixin.py:137} INFO - [2023-04-19T03:39:13.376+0000] {dagbag.py:532} INFO - Filling up the DagBag from /home/airflow/.local/lib/python3.7/site-packages/airflow/example_dags/example_task_group_decorator.py
[2023-04-19T03:39:13.415+0000] {processor.py:753} INFO - DAG(s) dict_keys(['example_task_group_decorator']) retrieved from /home/airflow/.local/lib/python3.7/site-packages/airflow/example_dags/example_task_group_decorator.py
[2023-04-19T03:39:13.456+0000] {logging_mixin.py:137} INFO - [2023-04-19T03:39:13.455+0000] {dag.py:2705} INFO - Sync 1 DAGs
[2023-04-19T03:39:13.497+0000] {logging_mixin.py:137} INFO - [2023-04-19T03:39:13.497+0000] {dag.py:3456} INFO - Setting next_dagrun for example_task_group_decorator to 2023-04-18T03:39:13.497072+00:00, run_after=2023-04-19T03:39:13.497072+00:00
[2023-04-19T03:39:13.531+0000] {processor.py:175} INFO - Processing /home/airflow/.local/lib/python3.7/site-packages/airflow/example_dags/example_task_group_decorator.py took 0.160 seconds
[2023-04-19T03:39:43.893+0000] {processor.py:153} INFO - Started process (PID=30181) to work on /home/airflow/.local/lib/python3.7/site-packages/airflow/example_dags/example_task_group_decorator.py
[2023-04-19T03:39:43.894+0000] {processor.py:743} INFO - Processing file /home/airflow/.local/lib/python3.7/site-packages/airflow/example_dags/example_task_group_decorator.py for tasks to queue
[2023-04-19T03:39:43.895+0000] {logging_mixin.py:137} INFO - [2023-04-19T03:39:43.895+0000] {dagbag.py:532} INFO - Filling up the DagBag from /home/airflow/.local/lib/python3.7/site-packages/airflow/example_dags/example_task_group_decorator.py
[2023-04-19T03:39:43.956+0000] {processor.py:753} INFO - DAG(s) dict_keys(['example_task_group_decorator']) retrieved from /home/airflow/.local/lib/python3.7/site-packages/airflow/example_dags/example_task_group_decorator.py
[2023-04-19T03:39:44.005+0000] {logging_mixin.py:137} INFO - [2023-04-19T03:39:44.005+0000] {dag.py:2705} INFO - Sync 1 DAGs
[2023-04-19T03:39:44.056+0000] {logging_mixin.py:137} INFO - [2023-04-19T03:39:44.055+0000] {dag.py:3456} INFO - Setting next_dagrun for example_task_group_decorator to 2023-04-18T03:39:44.055432+00:00, run_after=2023-04-19T03:39:44.055432+00:00
[2023-04-19T03:39:44.091+0000] {processor.py:175} INFO - Processing /home/airflow/.local/lib/python3.7/site-packages/airflow/example_dags/example_task_group_decorator.py took 0.203 seconds
[2023-04-19T03:40:14.211+0000] {processor.py:153} INFO - Started process (PID=30232) to work on /home/airflow/.local/lib/python3.7/site-packages/airflow/example_dags/example_task_group_decorator.py
[2023-04-19T03:40:14.213+0000] {processor.py:743} INFO - Processing file /home/airflow/.local/lib/python3.7/site-packages/airflow/example_dags/example_task_group_decorator.py for tasks to queue
[2023-04-19T03:40:14.214+0000] {logging_mixin.py:137} INFO - [2023-04-19T03:40:14.214+0000] {dagbag.py:532} INFO - Filling up the DagBag from /home/airflow/.local/lib/python3.7/site-packages/airflow/example_dags/example_task_group_decorator.py
[2023-04-19T03:40:14.265+0000] {processor.py:753} INFO - DAG(s) dict_keys(['example_task_group_decorator']) retrieved from /home/airflow/.local/lib/python3.7/site-packages/airflow/example_dags/example_task_group_decorator.py
[2023-04-19T03:40:14.309+0000] {logging_mixin.py:137} INFO - [2023-04-19T03:40:14.309+0000] {dag.py:2705} INFO - Sync 1 DAGs
[2023-04-19T03:40:14.342+0000] {logging_mixin.py:137} INFO - [2023-04-19T03:40:14.342+0000] {dag.py:3456} INFO - Setting next_dagrun for example_task_group_decorator to 2023-04-18T03:40:14.341863+00:00, run_after=2023-04-19T03:40:14.341863+00:00
[2023-04-19T03:40:14.369+0000] {processor.py:175} INFO - Processing /home/airflow/.local/lib/python3.7/site-packages/airflow/example_dags/example_task_group_decorator.py took 0.163 seconds
