[2023-04-19T03:34:04.672+0000] {processor.py:153} INFO - Started process (PID=29609) to work on /home/airflow/.local/lib/python3.7/site-packages/airflow/example_dags/example_branch_operator_decorator.py
[2023-04-19T03:34:04.672+0000] {processor.py:743} INFO - Processing file /home/airflow/.local/lib/python3.7/site-packages/airflow/example_dags/example_branch_operator_decorator.py for tasks to queue
[2023-04-19T03:34:04.673+0000] {logging_mixin.py:137} INFO - [2023-04-19T03:34:04.673+0000] {dagbag.py:532} INFO - Filling up the DagBag from /home/airflow/.local/lib/python3.7/site-packages/airflow/example_dags/example_branch_operator_decorator.py
[2023-04-19T03:34:04.710+0000] {processor.py:753} INFO - DAG(s) dict_keys(['example_branch_python_operator_decorator']) retrieved from /home/airflow/.local/lib/python3.7/site-packages/airflow/example_dags/example_branch_operator_decorator.py
[2023-04-19T03:34:04.752+0000] {logging_mixin.py:137} INFO - [2023-04-19T03:34:04.752+0000] {dag.py:2705} INFO - Sync 1 DAGs
[2023-04-19T03:34:04.795+0000] {logging_mixin.py:137} INFO - [2023-04-19T03:34:04.795+0000] {dag.py:3456} INFO - Setting next_dagrun for example_branch_python_operator_decorator to 2023-04-18T00:00:00+00:00, run_after=2023-04-19T00:00:00+00:00
[2023-04-19T03:34:04.827+0000] {processor.py:175} INFO - Processing /home/airflow/.local/lib/python3.7/site-packages/airflow/example_dags/example_branch_operator_decorator.py took 0.161 seconds
[2023-04-19T03:34:35.419+0000] {processor.py:153} INFO - Started process (PID=29660) to work on /home/airflow/.local/lib/python3.7/site-packages/airflow/example_dags/example_branch_operator_decorator.py
[2023-04-19T03:34:35.420+0000] {processor.py:743} INFO - Processing file /home/airflow/.local/lib/python3.7/site-packages/airflow/example_dags/example_branch_operator_decorator.py for tasks to queue
[2023-04-19T03:34:35.421+0000] {logging_mixin.py:137} INFO - [2023-04-19T03:34:35.421+0000] {dagbag.py:532} INFO - Filling up the DagBag from /home/airflow/.local/lib/python3.7/site-packages/airflow/example_dags/example_branch_operator_decorator.py
[2023-04-19T03:34:35.459+0000] {processor.py:753} INFO - DAG(s) dict_keys(['example_branch_python_operator_decorator']) retrieved from /home/airflow/.local/lib/python3.7/site-packages/airflow/example_dags/example_branch_operator_decorator.py
[2023-04-19T03:34:35.502+0000] {logging_mixin.py:137} INFO - [2023-04-19T03:34:35.502+0000] {dag.py:2705} INFO - Sync 1 DAGs
[2023-04-19T03:34:35.547+0000] {logging_mixin.py:137} INFO - [2023-04-19T03:34:35.546+0000] {dag.py:3456} INFO - Setting next_dagrun for example_branch_python_operator_decorator to 2023-04-18T00:00:00+00:00, run_after=2023-04-19T00:00:00+00:00
[2023-04-19T03:34:35.575+0000] {processor.py:175} INFO - Processing /home/airflow/.local/lib/python3.7/site-packages/airflow/example_dags/example_branch_operator_decorator.py took 0.161 seconds
[2023-04-19T03:35:06.327+0000] {processor.py:153} INFO - Started process (PID=29711) to work on /home/airflow/.local/lib/python3.7/site-packages/airflow/example_dags/example_branch_operator_decorator.py
[2023-04-19T03:35:06.328+0000] {processor.py:743} INFO - Processing file /home/airflow/.local/lib/python3.7/site-packages/airflow/example_dags/example_branch_operator_decorator.py for tasks to queue
[2023-04-19T03:35:06.329+0000] {logging_mixin.py:137} INFO - [2023-04-19T03:35:06.328+0000] {dagbag.py:532} INFO - Filling up the DagBag from /home/airflow/.local/lib/python3.7/site-packages/airflow/example_dags/example_branch_operator_decorator.py
[2023-04-19T03:35:06.371+0000] {processor.py:753} INFO - DAG(s) dict_keys(['example_branch_python_operator_decorator']) retrieved from /home/airflow/.local/lib/python3.7/site-packages/airflow/example_dags/example_branch_operator_decorator.py
[2023-04-19T03:35:06.416+0000] {logging_mixin.py:137} INFO - [2023-04-19T03:35:06.416+0000] {dag.py:2705} INFO - Sync 1 DAGs
[2023-04-19T03:35:06.462+0000] {logging_mixin.py:137} INFO - [2023-04-19T03:35:06.462+0000] {dag.py:3456} INFO - Setting next_dagrun for example_branch_python_operator_decorator to 2023-04-18T00:00:00+00:00, run_after=2023-04-19T00:00:00+00:00
[2023-04-19T03:35:06.495+0000] {processor.py:175} INFO - Processing /home/airflow/.local/lib/python3.7/site-packages/airflow/example_dags/example_branch_operator_decorator.py took 0.173 seconds
[2023-04-19T03:35:36.620+0000] {processor.py:153} INFO - Started process (PID=29762) to work on /home/airflow/.local/lib/python3.7/site-packages/airflow/example_dags/example_branch_operator_decorator.py
[2023-04-19T03:35:36.621+0000] {processor.py:743} INFO - Processing file /home/airflow/.local/lib/python3.7/site-packages/airflow/example_dags/example_branch_operator_decorator.py for tasks to queue
[2023-04-19T03:35:36.621+0000] {logging_mixin.py:137} INFO - [2023-04-19T03:35:36.621+0000] {dagbag.py:532} INFO - Filling up the DagBag from /home/airflow/.local/lib/python3.7/site-packages/airflow/example_dags/example_branch_operator_decorator.py
[2023-04-19T03:35:36.656+0000] {processor.py:753} INFO - DAG(s) dict_keys(['example_branch_python_operator_decorator']) retrieved from /home/airflow/.local/lib/python3.7/site-packages/airflow/example_dags/example_branch_operator_decorator.py
[2023-04-19T03:35:36.698+0000] {logging_mixin.py:137} INFO - [2023-04-19T03:35:36.698+0000] {dag.py:2705} INFO - Sync 1 DAGs
[2023-04-19T03:35:36.746+0000] {logging_mixin.py:137} INFO - [2023-04-19T03:35:36.745+0000] {dag.py:3456} INFO - Setting next_dagrun for example_branch_python_operator_decorator to 2023-04-18T00:00:00+00:00, run_after=2023-04-19T00:00:00+00:00
[2023-04-19T03:35:36.776+0000] {processor.py:175} INFO - Processing /home/airflow/.local/lib/python3.7/site-packages/airflow/example_dags/example_branch_operator_decorator.py took 0.160 seconds
[2023-04-19T03:36:07.089+0000] {processor.py:153} INFO - Started process (PID=29813) to work on /home/airflow/.local/lib/python3.7/site-packages/airflow/example_dags/example_branch_operator_decorator.py
[2023-04-19T03:36:07.091+0000] {processor.py:743} INFO - Processing file /home/airflow/.local/lib/python3.7/site-packages/airflow/example_dags/example_branch_operator_decorator.py for tasks to queue
[2023-04-19T03:36:07.091+0000] {logging_mixin.py:137} INFO - [2023-04-19T03:36:07.091+0000] {dagbag.py:532} INFO - Filling up the DagBag from /home/airflow/.local/lib/python3.7/site-packages/airflow/example_dags/example_branch_operator_decorator.py
[2023-04-19T03:36:07.125+0000] {processor.py:753} INFO - DAG(s) dict_keys(['example_branch_python_operator_decorator']) retrieved from /home/airflow/.local/lib/python3.7/site-packages/airflow/example_dags/example_branch_operator_decorator.py
[2023-04-19T03:36:07.168+0000] {logging_mixin.py:137} INFO - [2023-04-19T03:36:07.168+0000] {dag.py:2705} INFO - Sync 1 DAGs
[2023-04-19T03:36:07.217+0000] {logging_mixin.py:137} INFO - [2023-04-19T03:36:07.217+0000] {dag.py:3456} INFO - Setting next_dagrun for example_branch_python_operator_decorator to 2023-04-18T00:00:00+00:00, run_after=2023-04-19T00:00:00+00:00
[2023-04-19T03:36:07.249+0000] {processor.py:175} INFO - Processing /home/airflow/.local/lib/python3.7/site-packages/airflow/example_dags/example_branch_operator_decorator.py took 0.163 seconds
[2023-04-19T03:36:39.996+0000] {processor.py:153} INFO - Started process (PID=29864) to work on /home/airflow/.local/lib/python3.7/site-packages/airflow/example_dags/example_branch_operator_decorator.py
[2023-04-19T03:36:40.050+0000] {processor.py:743} INFO - Processing file /home/airflow/.local/lib/python3.7/site-packages/airflow/example_dags/example_branch_operator_decorator.py for tasks to queue
[2023-04-19T03:36:40.052+0000] {logging_mixin.py:137} INFO - [2023-04-19T03:36:40.051+0000] {dagbag.py:532} INFO - Filling up the DagBag from /home/airflow/.local/lib/python3.7/site-packages/airflow/example_dags/example_branch_operator_decorator.py
[2023-04-19T03:36:40.124+0000] {processor.py:753} INFO - DAG(s) dict_keys(['example_branch_python_operator_decorator']) retrieved from /home/airflow/.local/lib/python3.7/site-packages/airflow/example_dags/example_branch_operator_decorator.py
[2023-04-19T03:36:40.162+0000] {logging_mixin.py:137} INFO - [2023-04-19T03:36:40.162+0000] {dag.py:2705} INFO - Sync 1 DAGs
[2023-04-19T03:36:40.204+0000] {logging_mixin.py:137} INFO - [2023-04-19T03:36:40.203+0000] {dag.py:3456} INFO - Setting next_dagrun for example_branch_python_operator_decorator to 2023-04-18T00:00:00+00:00, run_after=2023-04-19T00:00:00+00:00
[2023-04-19T03:36:40.233+0000] {processor.py:175} INFO - Processing /home/airflow/.local/lib/python3.7/site-packages/airflow/example_dags/example_branch_operator_decorator.py took 0.243 seconds
[2023-04-19T03:37:10.461+0000] {processor.py:153} INFO - Started process (PID=29915) to work on /home/airflow/.local/lib/python3.7/site-packages/airflow/example_dags/example_branch_operator_decorator.py
[2023-04-19T03:37:10.493+0000] {processor.py:743} INFO - Processing file /home/airflow/.local/lib/python3.7/site-packages/airflow/example_dags/example_branch_operator_decorator.py for tasks to queue
[2023-04-19T03:37:10.494+0000] {logging_mixin.py:137} INFO - [2023-04-19T03:37:10.493+0000] {dagbag.py:532} INFO - Filling up the DagBag from /home/airflow/.local/lib/python3.7/site-packages/airflow/example_dags/example_branch_operator_decorator.py
[2023-04-19T03:37:10.524+0000] {processor.py:753} INFO - DAG(s) dict_keys(['example_branch_python_operator_decorator']) retrieved from /home/airflow/.local/lib/python3.7/site-packages/airflow/example_dags/example_branch_operator_decorator.py
[2023-04-19T03:37:10.558+0000] {logging_mixin.py:137} INFO - [2023-04-19T03:37:10.558+0000] {dag.py:2705} INFO - Sync 1 DAGs
[2023-04-19T03:37:10.595+0000] {logging_mixin.py:137} INFO - [2023-04-19T03:37:10.595+0000] {dag.py:3456} INFO - Setting next_dagrun for example_branch_python_operator_decorator to 2023-04-18T00:00:00+00:00, run_after=2023-04-19T00:00:00+00:00
[2023-04-19T03:37:10.654+0000] {processor.py:175} INFO - Processing /home/airflow/.local/lib/python3.7/site-packages/airflow/example_dags/example_branch_operator_decorator.py took 0.197 seconds
[2023-04-19T03:37:40.699+0000] {processor.py:153} INFO - Started process (PID=29966) to work on /home/airflow/.local/lib/python3.7/site-packages/airflow/example_dags/example_branch_operator_decorator.py
[2023-04-19T03:37:40.700+0000] {processor.py:743} INFO - Processing file /home/airflow/.local/lib/python3.7/site-packages/airflow/example_dags/example_branch_operator_decorator.py for tasks to queue
[2023-04-19T03:37:40.701+0000] {logging_mixin.py:137} INFO - [2023-04-19T03:37:40.700+0000] {dagbag.py:532} INFO - Filling up the DagBag from /home/airflow/.local/lib/python3.7/site-packages/airflow/example_dags/example_branch_operator_decorator.py
[2023-04-19T03:37:40.728+0000] {processor.py:753} INFO - DAG(s) dict_keys(['example_branch_python_operator_decorator']) retrieved from /home/airflow/.local/lib/python3.7/site-packages/airflow/example_dags/example_branch_operator_decorator.py
[2023-04-19T03:37:40.762+0000] {logging_mixin.py:137} INFO - [2023-04-19T03:37:40.762+0000] {dag.py:2705} INFO - Sync 1 DAGs
[2023-04-19T03:37:40.799+0000] {logging_mixin.py:137} INFO - [2023-04-19T03:37:40.799+0000] {dag.py:3456} INFO - Setting next_dagrun for example_branch_python_operator_decorator to 2023-04-18T00:00:00+00:00, run_after=2023-04-19T00:00:00+00:00
[2023-04-19T03:37:40.830+0000] {processor.py:175} INFO - Processing /home/airflow/.local/lib/python3.7/site-packages/airflow/example_dags/example_branch_operator_decorator.py took 0.135 seconds
[2023-04-19T03:38:11.404+0000] {processor.py:153} INFO - Started process (PID=30017) to work on /home/airflow/.local/lib/python3.7/site-packages/airflow/example_dags/example_branch_operator_decorator.py
[2023-04-19T03:38:11.406+0000] {processor.py:743} INFO - Processing file /home/airflow/.local/lib/python3.7/site-packages/airflow/example_dags/example_branch_operator_decorator.py for tasks to queue
[2023-04-19T03:38:11.406+0000] {logging_mixin.py:137} INFO - [2023-04-19T03:38:11.406+0000] {dagbag.py:532} INFO - Filling up the DagBag from /home/airflow/.local/lib/python3.7/site-packages/airflow/example_dags/example_branch_operator_decorator.py
[2023-04-19T03:38:11.440+0000] {processor.py:753} INFO - DAG(s) dict_keys(['example_branch_python_operator_decorator']) retrieved from /home/airflow/.local/lib/python3.7/site-packages/airflow/example_dags/example_branch_operator_decorator.py
[2023-04-19T03:38:11.476+0000] {logging_mixin.py:137} INFO - [2023-04-19T03:38:11.476+0000] {dag.py:2705} INFO - Sync 1 DAGs
[2023-04-19T03:38:11.513+0000] {logging_mixin.py:137} INFO - [2023-04-19T03:38:11.513+0000] {dag.py:3456} INFO - Setting next_dagrun for example_branch_python_operator_decorator to 2023-04-18T00:00:00+00:00, run_after=2023-04-19T00:00:00+00:00
[2023-04-19T03:38:11.545+0000] {processor.py:175} INFO - Processing /home/airflow/.local/lib/python3.7/site-packages/airflow/example_dags/example_branch_operator_decorator.py took 0.145 seconds
[2023-04-19T03:38:41.740+0000] {processor.py:153} INFO - Started process (PID=30068) to work on /home/airflow/.local/lib/python3.7/site-packages/airflow/example_dags/example_branch_operator_decorator.py
[2023-04-19T03:38:41.741+0000] {processor.py:743} INFO - Processing file /home/airflow/.local/lib/python3.7/site-packages/airflow/example_dags/example_branch_operator_decorator.py for tasks to queue
[2023-04-19T03:38:41.742+0000] {logging_mixin.py:137} INFO - [2023-04-19T03:38:41.742+0000] {dagbag.py:532} INFO - Filling up the DagBag from /home/airflow/.local/lib/python3.7/site-packages/airflow/example_dags/example_branch_operator_decorator.py
[2023-04-19T03:38:41.774+0000] {processor.py:753} INFO - DAG(s) dict_keys(['example_branch_python_operator_decorator']) retrieved from /home/airflow/.local/lib/python3.7/site-packages/airflow/example_dags/example_branch_operator_decorator.py
[2023-04-19T03:38:41.813+0000] {logging_mixin.py:137} INFO - [2023-04-19T03:38:41.813+0000] {dag.py:2705} INFO - Sync 1 DAGs
[2023-04-19T03:38:41.859+0000] {logging_mixin.py:137} INFO - [2023-04-19T03:38:41.858+0000] {dag.py:3456} INFO - Setting next_dagrun for example_branch_python_operator_decorator to 2023-04-18T00:00:00+00:00, run_after=2023-04-19T00:00:00+00:00
[2023-04-19T03:38:41.890+0000] {processor.py:175} INFO - Processing /home/airflow/.local/lib/python3.7/site-packages/airflow/example_dags/example_branch_operator_decorator.py took 0.154 seconds
[2023-04-19T03:39:12.473+0000] {processor.py:153} INFO - Started process (PID=30119) to work on /home/airflow/.local/lib/python3.7/site-packages/airflow/example_dags/example_branch_operator_decorator.py
[2023-04-19T03:39:12.474+0000] {processor.py:743} INFO - Processing file /home/airflow/.local/lib/python3.7/site-packages/airflow/example_dags/example_branch_operator_decorator.py for tasks to queue
[2023-04-19T03:39:12.475+0000] {logging_mixin.py:137} INFO - [2023-04-19T03:39:12.474+0000] {dagbag.py:532} INFO - Filling up the DagBag from /home/airflow/.local/lib/python3.7/site-packages/airflow/example_dags/example_branch_operator_decorator.py
[2023-04-19T03:39:12.509+0000] {processor.py:753} INFO - DAG(s) dict_keys(['example_branch_python_operator_decorator']) retrieved from /home/airflow/.local/lib/python3.7/site-packages/airflow/example_dags/example_branch_operator_decorator.py
[2023-04-19T03:39:12.543+0000] {logging_mixin.py:137} INFO - [2023-04-19T03:39:12.543+0000] {dag.py:2705} INFO - Sync 1 DAGs
[2023-04-19T03:39:12.585+0000] {logging_mixin.py:137} INFO - [2023-04-19T03:39:12.585+0000] {dag.py:3456} INFO - Setting next_dagrun for example_branch_python_operator_decorator to 2023-04-18T00:00:00+00:00, run_after=2023-04-19T00:00:00+00:00
[2023-04-19T03:39:12.614+0000] {processor.py:175} INFO - Processing /home/airflow/.local/lib/python3.7/site-packages/airflow/example_dags/example_branch_operator_decorator.py took 0.144 seconds
[2023-04-19T03:39:42.764+0000] {processor.py:153} INFO - Started process (PID=30170) to work on /home/airflow/.local/lib/python3.7/site-packages/airflow/example_dags/example_branch_operator_decorator.py
[2023-04-19T03:39:42.765+0000] {processor.py:743} INFO - Processing file /home/airflow/.local/lib/python3.7/site-packages/airflow/example_dags/example_branch_operator_decorator.py for tasks to queue
[2023-04-19T03:39:42.766+0000] {logging_mixin.py:137} INFO - [2023-04-19T03:39:42.766+0000] {dagbag.py:532} INFO - Filling up the DagBag from /home/airflow/.local/lib/python3.7/site-packages/airflow/example_dags/example_branch_operator_decorator.py
[2023-04-19T03:39:42.805+0000] {processor.py:753} INFO - DAG(s) dict_keys(['example_branch_python_operator_decorator']) retrieved from /home/airflow/.local/lib/python3.7/site-packages/airflow/example_dags/example_branch_operator_decorator.py
[2023-04-19T03:39:42.844+0000] {logging_mixin.py:137} INFO - [2023-04-19T03:39:42.844+0000] {dag.py:2705} INFO - Sync 1 DAGs
[2023-04-19T03:39:42.891+0000] {logging_mixin.py:137} INFO - [2023-04-19T03:39:42.891+0000] {dag.py:3456} INFO - Setting next_dagrun for example_branch_python_operator_decorator to 2023-04-18T00:00:00+00:00, run_after=2023-04-19T00:00:00+00:00
[2023-04-19T03:39:42.922+0000] {processor.py:175} INFO - Processing /home/airflow/.local/lib/python3.7/site-packages/airflow/example_dags/example_branch_operator_decorator.py took 0.161 seconds
[2023-04-19T03:40:13.099+0000] {processor.py:153} INFO - Started process (PID=30221) to work on /home/airflow/.local/lib/python3.7/site-packages/airflow/example_dags/example_branch_operator_decorator.py
[2023-04-19T03:40:13.100+0000] {processor.py:743} INFO - Processing file /home/airflow/.local/lib/python3.7/site-packages/airflow/example_dags/example_branch_operator_decorator.py for tasks to queue
[2023-04-19T03:40:13.100+0000] {logging_mixin.py:137} INFO - [2023-04-19T03:40:13.100+0000] {dagbag.py:532} INFO - Filling up the DagBag from /home/airflow/.local/lib/python3.7/site-packages/airflow/example_dags/example_branch_operator_decorator.py
[2023-04-19T03:40:13.129+0000] {processor.py:753} INFO - DAG(s) dict_keys(['example_branch_python_operator_decorator']) retrieved from /home/airflow/.local/lib/python3.7/site-packages/airflow/example_dags/example_branch_operator_decorator.py
[2023-04-19T03:40:13.163+0000] {logging_mixin.py:137} INFO - [2023-04-19T03:40:13.163+0000] {dag.py:2705} INFO - Sync 1 DAGs
[2023-04-19T03:40:13.196+0000] {logging_mixin.py:137} INFO - [2023-04-19T03:40:13.195+0000] {dag.py:3456} INFO - Setting next_dagrun for example_branch_python_operator_decorator to 2023-04-18T00:00:00+00:00, run_after=2023-04-19T00:00:00+00:00
[2023-04-19T03:40:13.232+0000] {processor.py:175} INFO - Processing /home/airflow/.local/lib/python3.7/site-packages/airflow/example_dags/example_branch_operator_decorator.py took 0.138 seconds
[2023-04-19T03:40:43.337+0000] {processor.py:153} INFO - Started process (PID=30272) to work on /home/airflow/.local/lib/python3.7/site-packages/airflow/example_dags/example_branch_operator_decorator.py
[2023-04-19T03:40:43.338+0000] {processor.py:743} INFO - Processing file /home/airflow/.local/lib/python3.7/site-packages/airflow/example_dags/example_branch_operator_decorator.py for tasks to queue
[2023-04-19T03:40:43.339+0000] {logging_mixin.py:137} INFO - [2023-04-19T03:40:43.339+0000] {dagbag.py:532} INFO - Filling up the DagBag from /home/airflow/.local/lib/python3.7/site-packages/airflow/example_dags/example_branch_operator_decorator.py
[2023-04-19T03:40:43.382+0000] {processor.py:753} INFO - DAG(s) dict_keys(['example_branch_python_operator_decorator']) retrieved from /home/airflow/.local/lib/python3.7/site-packages/airflow/example_dags/example_branch_operator_decorator.py
[2023-04-19T03:40:43.418+0000] {logging_mixin.py:137} INFO - [2023-04-19T03:40:43.418+0000] {dag.py:2705} INFO - Sync 1 DAGs
[2023-04-19T03:40:43.457+0000] {logging_mixin.py:137} INFO - [2023-04-19T03:40:43.457+0000] {dag.py:3456} INFO - Setting next_dagrun for example_branch_python_operator_decorator to 2023-04-18T00:00:00+00:00, run_after=2023-04-19T00:00:00+00:00
[2023-04-19T03:40:43.492+0000] {processor.py:175} INFO - Processing /home/airflow/.local/lib/python3.7/site-packages/airflow/example_dags/example_branch_operator_decorator.py took 0.160 seconds
