[2023-04-19T03:34:07.247+0000] {processor.py:153} INFO - Started process (PID=29630) to work on /home/airflow/.local/lib/python3.7/site-packages/airflow/example_dags/example_sla_dag.py
[2023-04-19T03:34:07.248+0000] {processor.py:743} INFO - Processing file /home/airflow/.local/lib/python3.7/site-packages/airflow/example_dags/example_sla_dag.py for tasks to queue
[2023-04-19T03:34:07.249+0000] {logging_mixin.py:137} INFO - [2023-04-19T03:34:07.249+0000] {dagbag.py:532} INFO - Filling up the DagBag from /home/airflow/.local/lib/python3.7/site-packages/airflow/example_dags/example_sla_dag.py
[2023-04-19T03:34:07.280+0000] {processor.py:753} INFO - DAG(s) dict_keys(['example_sla_dag']) retrieved from /home/airflow/.local/lib/python3.7/site-packages/airflow/example_dags/example_sla_dag.py
[2023-04-19T03:34:07.318+0000] {logging_mixin.py:137} INFO - [2023-04-19T03:34:07.317+0000] {dag.py:2705} INFO - Sync 1 DAGs
[2023-04-19T03:34:07.374+0000] {logging_mixin.py:137} INFO - [2023-04-19T03:34:07.374+0000] {dag.py:3456} INFO - Setting next_dagrun for example_sla_dag to 2023-04-19T03:32:00+00:00, run_after=2023-04-19T03:34:00+00:00
[2023-04-19T03:34:07.406+0000] {processor.py:175} INFO - Processing /home/airflow/.local/lib/python3.7/site-packages/airflow/example_dags/example_sla_dag.py took 0.163 seconds
[2023-04-19T03:34:37.933+0000] {processor.py:153} INFO - Started process (PID=29681) to work on /home/airflow/.local/lib/python3.7/site-packages/airflow/example_dags/example_sla_dag.py
[2023-04-19T03:34:37.934+0000] {processor.py:743} INFO - Processing file /home/airflow/.local/lib/python3.7/site-packages/airflow/example_dags/example_sla_dag.py for tasks to queue
[2023-04-19T03:34:37.935+0000] {logging_mixin.py:137} INFO - [2023-04-19T03:34:37.935+0000] {dagbag.py:532} INFO - Filling up the DagBag from /home/airflow/.local/lib/python3.7/site-packages/airflow/example_dags/example_sla_dag.py
[2023-04-19T03:34:37.970+0000] {processor.py:753} INFO - DAG(s) dict_keys(['example_sla_dag']) retrieved from /home/airflow/.local/lib/python3.7/site-packages/airflow/example_dags/example_sla_dag.py
[2023-04-19T03:34:38.004+0000] {logging_mixin.py:137} INFO - [2023-04-19T03:34:38.004+0000] {dag.py:2705} INFO - Sync 1 DAGs
[2023-04-19T03:34:38.052+0000] {logging_mixin.py:137} INFO - [2023-04-19T03:34:38.052+0000] {dag.py:3456} INFO - Setting next_dagrun for example_sla_dag to 2023-04-19T03:32:00+00:00, run_after=2023-04-19T03:34:00+00:00
[2023-04-19T03:34:38.086+0000] {processor.py:175} INFO - Processing /home/airflow/.local/lib/python3.7/site-packages/airflow/example_dags/example_sla_dag.py took 0.156 seconds
[2023-04-19T03:35:08.284+0000] {processor.py:153} INFO - Started process (PID=29732) to work on /home/airflow/.local/lib/python3.7/site-packages/airflow/example_dags/example_sla_dag.py
[2023-04-19T03:35:08.285+0000] {processor.py:743} INFO - Processing file /home/airflow/.local/lib/python3.7/site-packages/airflow/example_dags/example_sla_dag.py for tasks to queue
[2023-04-19T03:35:08.286+0000] {logging_mixin.py:137} INFO - [2023-04-19T03:35:08.285+0000] {dagbag.py:532} INFO - Filling up the DagBag from /home/airflow/.local/lib/python3.7/site-packages/airflow/example_dags/example_sla_dag.py
[2023-04-19T03:35:08.321+0000] {processor.py:753} INFO - DAG(s) dict_keys(['example_sla_dag']) retrieved from /home/airflow/.local/lib/python3.7/site-packages/airflow/example_dags/example_sla_dag.py
[2023-04-19T03:35:08.366+0000] {logging_mixin.py:137} INFO - [2023-04-19T03:35:08.366+0000] {dag.py:2705} INFO - Sync 1 DAGs
[2023-04-19T03:35:08.423+0000] {logging_mixin.py:137} INFO - [2023-04-19T03:35:08.422+0000] {dag.py:3456} INFO - Setting next_dagrun for example_sla_dag to 2023-04-19T03:32:00+00:00, run_after=2023-04-19T03:34:00+00:00
[2023-04-19T03:35:08.459+0000] {processor.py:175} INFO - Processing /home/airflow/.local/lib/python3.7/site-packages/airflow/example_dags/example_sla_dag.py took 0.179 seconds
[2023-04-19T03:35:38.856+0000] {processor.py:153} INFO - Started process (PID=29783) to work on /home/airflow/.local/lib/python3.7/site-packages/airflow/example_dags/example_sla_dag.py
[2023-04-19T03:35:38.857+0000] {processor.py:743} INFO - Processing file /home/airflow/.local/lib/python3.7/site-packages/airflow/example_dags/example_sla_dag.py for tasks to queue
[2023-04-19T03:35:38.858+0000] {logging_mixin.py:137} INFO - [2023-04-19T03:35:38.857+0000] {dagbag.py:532} INFO - Filling up the DagBag from /home/airflow/.local/lib/python3.7/site-packages/airflow/example_dags/example_sla_dag.py
[2023-04-19T03:35:38.891+0000] {processor.py:753} INFO - DAG(s) dict_keys(['example_sla_dag']) retrieved from /home/airflow/.local/lib/python3.7/site-packages/airflow/example_dags/example_sla_dag.py
[2023-04-19T03:35:38.929+0000] {logging_mixin.py:137} INFO - [2023-04-19T03:35:38.928+0000] {dag.py:2705} INFO - Sync 1 DAGs
[2023-04-19T03:35:38.979+0000] {logging_mixin.py:137} INFO - [2023-04-19T03:35:38.979+0000] {dag.py:3456} INFO - Setting next_dagrun for example_sla_dag to 2023-04-19T03:32:00+00:00, run_after=2023-04-19T03:34:00+00:00
[2023-04-19T03:35:39.009+0000] {processor.py:175} INFO - Processing /home/airflow/.local/lib/python3.7/site-packages/airflow/example_dags/example_sla_dag.py took 0.158 seconds
[2023-04-19T03:36:09.144+0000] {processor.py:153} INFO - Started process (PID=29834) to work on /home/airflow/.local/lib/python3.7/site-packages/airflow/example_dags/example_sla_dag.py
[2023-04-19T03:36:09.145+0000] {processor.py:743} INFO - Processing file /home/airflow/.local/lib/python3.7/site-packages/airflow/example_dags/example_sla_dag.py for tasks to queue
[2023-04-19T03:36:09.146+0000] {logging_mixin.py:137} INFO - [2023-04-19T03:36:09.146+0000] {dagbag.py:532} INFO - Filling up the DagBag from /home/airflow/.local/lib/python3.7/site-packages/airflow/example_dags/example_sla_dag.py
[2023-04-19T03:36:09.177+0000] {processor.py:753} INFO - DAG(s) dict_keys(['example_sla_dag']) retrieved from /home/airflow/.local/lib/python3.7/site-packages/airflow/example_dags/example_sla_dag.py
[2023-04-19T03:36:09.217+0000] {logging_mixin.py:137} INFO - [2023-04-19T03:36:09.217+0000] {dag.py:2705} INFO - Sync 1 DAGs
[2023-04-19T03:36:09.270+0000] {logging_mixin.py:137} INFO - [2023-04-19T03:36:09.269+0000] {dag.py:3456} INFO - Setting next_dagrun for example_sla_dag to 2023-04-19T03:34:00+00:00, run_after=2023-04-19T03:36:00+00:00
[2023-04-19T03:36:09.304+0000] {processor.py:175} INFO - Processing /home/airflow/.local/lib/python3.7/site-packages/airflow/example_dags/example_sla_dag.py took 0.163 seconds
[2023-04-19T03:36:42.193+0000] {processor.py:153} INFO - Started process (PID=29885) to work on /home/airflow/.local/lib/python3.7/site-packages/airflow/example_dags/example_sla_dag.py
[2023-04-19T03:36:42.194+0000] {processor.py:743} INFO - Processing file /home/airflow/.local/lib/python3.7/site-packages/airflow/example_dags/example_sla_dag.py for tasks to queue
[2023-04-19T03:36:42.195+0000] {logging_mixin.py:137} INFO - [2023-04-19T03:36:42.194+0000] {dagbag.py:532} INFO - Filling up the DagBag from /home/airflow/.local/lib/python3.7/site-packages/airflow/example_dags/example_sla_dag.py
[2023-04-19T03:36:42.225+0000] {processor.py:753} INFO - DAG(s) dict_keys(['example_sla_dag']) retrieved from /home/airflow/.local/lib/python3.7/site-packages/airflow/example_dags/example_sla_dag.py
[2023-04-19T03:36:42.256+0000] {logging_mixin.py:137} INFO - [2023-04-19T03:36:42.256+0000] {dag.py:2705} INFO - Sync 1 DAGs
[2023-04-19T03:36:42.299+0000] {logging_mixin.py:137} INFO - [2023-04-19T03:36:42.299+0000] {dag.py:3456} INFO - Setting next_dagrun for example_sla_dag to 2023-04-19T03:34:00+00:00, run_after=2023-04-19T03:36:00+00:00
[2023-04-19T03:36:42.326+0000] {processor.py:175} INFO - Processing /home/airflow/.local/lib/python3.7/site-packages/airflow/example_dags/example_sla_dag.py took 0.137 seconds
[2023-04-19T03:37:13.279+0000] {processor.py:153} INFO - Started process (PID=29936) to work on /home/airflow/.local/lib/python3.7/site-packages/airflow/example_dags/example_sla_dag.py
[2023-04-19T03:37:13.333+0000] {processor.py:743} INFO - Processing file /home/airflow/.local/lib/python3.7/site-packages/airflow/example_dags/example_sla_dag.py for tasks to queue
[2023-04-19T03:37:13.334+0000] {logging_mixin.py:137} INFO - [2023-04-19T03:37:13.333+0000] {dagbag.py:532} INFO - Filling up the DagBag from /home/airflow/.local/lib/python3.7/site-packages/airflow/example_dags/example_sla_dag.py
[2023-04-19T03:37:13.375+0000] {processor.py:753} INFO - DAG(s) dict_keys(['example_sla_dag']) retrieved from /home/airflow/.local/lib/python3.7/site-packages/airflow/example_dags/example_sla_dag.py
[2023-04-19T03:37:13.413+0000] {logging_mixin.py:137} INFO - [2023-04-19T03:37:13.413+0000] {dag.py:2705} INFO - Sync 1 DAGs
[2023-04-19T03:37:13.460+0000] {logging_mixin.py:137} INFO - [2023-04-19T03:37:13.460+0000] {dag.py:3456} INFO - Setting next_dagrun for example_sla_dag to 2023-04-19T03:34:00+00:00, run_after=2023-04-19T03:36:00+00:00
[2023-04-19T03:37:13.570+0000] {processor.py:175} INFO - Processing /home/airflow/.local/lib/python3.7/site-packages/airflow/example_dags/example_sla_dag.py took 0.295 seconds
[2023-04-19T03:37:44.470+0000] {processor.py:153} INFO - Started process (PID=29987) to work on /home/airflow/.local/lib/python3.7/site-packages/airflow/example_dags/example_sla_dag.py
[2023-04-19T03:37:44.471+0000] {processor.py:743} INFO - Processing file /home/airflow/.local/lib/python3.7/site-packages/airflow/example_dags/example_sla_dag.py for tasks to queue
[2023-04-19T03:37:44.472+0000] {logging_mixin.py:137} INFO - [2023-04-19T03:37:44.472+0000] {dagbag.py:532} INFO - Filling up the DagBag from /home/airflow/.local/lib/python3.7/site-packages/airflow/example_dags/example_sla_dag.py
[2023-04-19T03:37:44.503+0000] {processor.py:753} INFO - DAG(s) dict_keys(['example_sla_dag']) retrieved from /home/airflow/.local/lib/python3.7/site-packages/airflow/example_dags/example_sla_dag.py
[2023-04-19T03:37:44.538+0000] {logging_mixin.py:137} INFO - [2023-04-19T03:37:44.538+0000] {dag.py:2705} INFO - Sync 1 DAGs
[2023-04-19T03:37:44.598+0000] {logging_mixin.py:137} INFO - [2023-04-19T03:37:44.597+0000] {dag.py:3456} INFO - Setting next_dagrun for example_sla_dag to 2023-04-19T03:34:00+00:00, run_after=2023-04-19T03:36:00+00:00
[2023-04-19T03:37:44.630+0000] {processor.py:175} INFO - Processing /home/airflow/.local/lib/python3.7/site-packages/airflow/example_dags/example_sla_dag.py took 0.164 seconds
[2023-04-19T03:38:14.725+0000] {processor.py:153} INFO - Started process (PID=30038) to work on /home/airflow/.local/lib/python3.7/site-packages/airflow/example_dags/example_sla_dag.py
[2023-04-19T03:38:14.726+0000] {processor.py:743} INFO - Processing file /home/airflow/.local/lib/python3.7/site-packages/airflow/example_dags/example_sla_dag.py for tasks to queue
[2023-04-19T03:38:14.727+0000] {logging_mixin.py:137} INFO - [2023-04-19T03:38:14.727+0000] {dagbag.py:532} INFO - Filling up the DagBag from /home/airflow/.local/lib/python3.7/site-packages/airflow/example_dags/example_sla_dag.py
[2023-04-19T03:38:14.754+0000] {processor.py:753} INFO - DAG(s) dict_keys(['example_sla_dag']) retrieved from /home/airflow/.local/lib/python3.7/site-packages/airflow/example_dags/example_sla_dag.py
[2023-04-19T03:38:14.792+0000] {logging_mixin.py:137} INFO - [2023-04-19T03:38:14.792+0000] {dag.py:2705} INFO - Sync 1 DAGs
[2023-04-19T03:38:14.841+0000] {logging_mixin.py:137} INFO - [2023-04-19T03:38:14.841+0000] {dag.py:3456} INFO - Setting next_dagrun for example_sla_dag to 2023-04-19T03:36:00+00:00, run_after=2023-04-19T03:38:00+00:00
[2023-04-19T03:38:14.870+0000] {processor.py:175} INFO - Processing /home/airflow/.local/lib/python3.7/site-packages/airflow/example_dags/example_sla_dag.py took 0.148 seconds
[2023-04-19T03:38:45.066+0000] {processor.py:153} INFO - Started process (PID=30089) to work on /home/airflow/.local/lib/python3.7/site-packages/airflow/example_dags/example_sla_dag.py
[2023-04-19T03:38:45.067+0000] {processor.py:743} INFO - Processing file /home/airflow/.local/lib/python3.7/site-packages/airflow/example_dags/example_sla_dag.py for tasks to queue
[2023-04-19T03:38:45.069+0000] {logging_mixin.py:137} INFO - [2023-04-19T03:38:45.068+0000] {dagbag.py:532} INFO - Filling up the DagBag from /home/airflow/.local/lib/python3.7/site-packages/airflow/example_dags/example_sla_dag.py
[2023-04-19T03:38:45.113+0000] {processor.py:753} INFO - DAG(s) dict_keys(['example_sla_dag']) retrieved from /home/airflow/.local/lib/python3.7/site-packages/airflow/example_dags/example_sla_dag.py
[2023-04-19T03:38:45.145+0000] {logging_mixin.py:137} INFO - [2023-04-19T03:38:45.145+0000] {dag.py:2705} INFO - Sync 1 DAGs
[2023-04-19T03:38:45.185+0000] {logging_mixin.py:137} INFO - [2023-04-19T03:38:45.185+0000] {dag.py:3456} INFO - Setting next_dagrun for example_sla_dag to 2023-04-19T03:36:00+00:00, run_after=2023-04-19T03:38:00+00:00
[2023-04-19T03:38:45.223+0000] {processor.py:175} INFO - Processing /home/airflow/.local/lib/python3.7/site-packages/airflow/example_dags/example_sla_dag.py took 0.164 seconds
[2023-04-19T03:39:15.391+0000] {processor.py:153} INFO - Started process (PID=30140) to work on /home/airflow/.local/lib/python3.7/site-packages/airflow/example_dags/example_sla_dag.py
[2023-04-19T03:39:15.392+0000] {processor.py:743} INFO - Processing file /home/airflow/.local/lib/python3.7/site-packages/airflow/example_dags/example_sla_dag.py for tasks to queue
[2023-04-19T03:39:15.393+0000] {logging_mixin.py:137} INFO - [2023-04-19T03:39:15.393+0000] {dagbag.py:532} INFO - Filling up the DagBag from /home/airflow/.local/lib/python3.7/site-packages/airflow/example_dags/example_sla_dag.py
[2023-04-19T03:39:15.427+0000] {processor.py:753} INFO - DAG(s) dict_keys(['example_sla_dag']) retrieved from /home/airflow/.local/lib/python3.7/site-packages/airflow/example_dags/example_sla_dag.py
[2023-04-19T03:39:15.465+0000] {logging_mixin.py:137} INFO - [2023-04-19T03:39:15.465+0000] {dag.py:2705} INFO - Sync 1 DAGs
[2023-04-19T03:39:15.516+0000] {logging_mixin.py:137} INFO - [2023-04-19T03:39:15.516+0000] {dag.py:3456} INFO - Setting next_dagrun for example_sla_dag to 2023-04-19T03:36:00+00:00, run_after=2023-04-19T03:38:00+00:00
[2023-04-19T03:39:15.544+0000] {processor.py:175} INFO - Processing /home/airflow/.local/lib/python3.7/site-packages/airflow/example_dags/example_sla_dag.py took 0.157 seconds
[2023-04-19T03:39:46.442+0000] {processor.py:153} INFO - Started process (PID=30191) to work on /home/airflow/.local/lib/python3.7/site-packages/airflow/example_dags/example_sla_dag.py
[2023-04-19T03:39:46.443+0000] {processor.py:743} INFO - Processing file /home/airflow/.local/lib/python3.7/site-packages/airflow/example_dags/example_sla_dag.py for tasks to queue
[2023-04-19T03:39:46.445+0000] {logging_mixin.py:137} INFO - [2023-04-19T03:39:46.444+0000] {dagbag.py:532} INFO - Filling up the DagBag from /home/airflow/.local/lib/python3.7/site-packages/airflow/example_dags/example_sla_dag.py
[2023-04-19T03:39:46.476+0000] {processor.py:753} INFO - DAG(s) dict_keys(['example_sla_dag']) retrieved from /home/airflow/.local/lib/python3.7/site-packages/airflow/example_dags/example_sla_dag.py
[2023-04-19T03:39:46.515+0000] {logging_mixin.py:137} INFO - [2023-04-19T03:39:46.514+0000] {dag.py:2705} INFO - Sync 1 DAGs
[2023-04-19T03:39:46.562+0000] {logging_mixin.py:137} INFO - [2023-04-19T03:39:46.562+0000] {dag.py:3456} INFO - Setting next_dagrun for example_sla_dag to 2023-04-19T03:36:00+00:00, run_after=2023-04-19T03:38:00+00:00
[2023-04-19T03:39:46.593+0000] {processor.py:175} INFO - Processing /home/airflow/.local/lib/python3.7/site-packages/airflow/example_dags/example_sla_dag.py took 0.155 seconds
[2023-04-19T03:40:17.151+0000] {processor.py:153} INFO - Started process (PID=30242) to work on /home/airflow/.local/lib/python3.7/site-packages/airflow/example_dags/example_sla_dag.py
[2023-04-19T03:40:17.152+0000] {processor.py:743} INFO - Processing file /home/airflow/.local/lib/python3.7/site-packages/airflow/example_dags/example_sla_dag.py for tasks to queue
[2023-04-19T03:40:17.153+0000] {logging_mixin.py:137} INFO - [2023-04-19T03:40:17.153+0000] {dagbag.py:532} INFO - Filling up the DagBag from /home/airflow/.local/lib/python3.7/site-packages/airflow/example_dags/example_sla_dag.py
[2023-04-19T03:40:17.186+0000] {processor.py:753} INFO - DAG(s) dict_keys(['example_sla_dag']) retrieved from /home/airflow/.local/lib/python3.7/site-packages/airflow/example_dags/example_sla_dag.py
[2023-04-19T03:40:17.226+0000] {logging_mixin.py:137} INFO - [2023-04-19T03:40:17.226+0000] {dag.py:2705} INFO - Sync 1 DAGs
[2023-04-19T03:40:17.283+0000] {logging_mixin.py:137} INFO - [2023-04-19T03:40:17.283+0000] {dag.py:3456} INFO - Setting next_dagrun for example_sla_dag to 2023-04-19T03:38:00+00:00, run_after=2023-04-19T03:40:00+00:00
[2023-04-19T03:40:17.322+0000] {processor.py:175} INFO - Processing /home/airflow/.local/lib/python3.7/site-packages/airflow/example_dags/example_sla_dag.py took 0.174 seconds
