[2023-04-19T03:34:02.881+0000] {processor.py:153} INFO - Started process (PID=29598) to work on /home/airflow/.local/lib/python3.7/site-packages/airflow/example_dags/example_kubernetes_executor.py
[2023-04-19T03:34:02.882+0000] {processor.py:743} INFO - Processing file /home/airflow/.local/lib/python3.7/site-packages/airflow/example_dags/example_kubernetes_executor.py for tasks to queue
[2023-04-19T03:34:02.885+0000] {logging_mixin.py:137} INFO - [2023-04-19T03:34:02.885+0000] {dagbag.py:532} INFO - Filling up the DagBag from /home/airflow/.local/lib/python3.7/site-packages/airflow/example_dags/example_kubernetes_executor.py
[2023-04-19T03:34:03.072+0000] {processor.py:753} INFO - DAG(s) dict_keys(['example_kubernetes_executor']) retrieved from /home/airflow/.local/lib/python3.7/site-packages/airflow/example_dags/example_kubernetes_executor.py
[2023-04-19T03:34:03.177+0000] {logging_mixin.py:137} INFO - [2023-04-19T03:34:03.177+0000] {dag.py:2705} INFO - Sync 1 DAGs
[2023-04-19T03:34:03.266+0000] {logging_mixin.py:137} INFO - [2023-04-19T03:34:03.265+0000] {dag.py:3456} INFO - Setting next_dagrun for example_kubernetes_executor to None, run_after=None
[2023-04-19T03:34:03.345+0000] {processor.py:175} INFO - Processing /home/airflow/.local/lib/python3.7/site-packages/airflow/example_dags/example_kubernetes_executor.py took 0.478 seconds
[2023-04-19T03:34:33.450+0000] {processor.py:153} INFO - Started process (PID=29649) to work on /home/airflow/.local/lib/python3.7/site-packages/airflow/example_dags/example_kubernetes_executor.py
[2023-04-19T03:34:33.451+0000] {processor.py:743} INFO - Processing file /home/airflow/.local/lib/python3.7/site-packages/airflow/example_dags/example_kubernetes_executor.py for tasks to queue
[2023-04-19T03:34:33.451+0000] {logging_mixin.py:137} INFO - [2023-04-19T03:34:33.451+0000] {dagbag.py:532} INFO - Filling up the DagBag from /home/airflow/.local/lib/python3.7/site-packages/airflow/example_dags/example_kubernetes_executor.py
[2023-04-19T03:34:33.485+0000] {processor.py:753} INFO - DAG(s) dict_keys(['example_kubernetes_executor']) retrieved from /home/airflow/.local/lib/python3.7/site-packages/airflow/example_dags/example_kubernetes_executor.py
[2023-04-19T03:34:33.527+0000] {logging_mixin.py:137} INFO - [2023-04-19T03:34:33.527+0000] {dag.py:2705} INFO - Sync 1 DAGs
[2023-04-19T03:34:33.561+0000] {logging_mixin.py:137} INFO - [2023-04-19T03:34:33.561+0000] {dag.py:3456} INFO - Setting next_dagrun for example_kubernetes_executor to None, run_after=None
[2023-04-19T03:34:33.586+0000] {processor.py:175} INFO - Processing /home/airflow/.local/lib/python3.7/site-packages/airflow/example_dags/example_kubernetes_executor.py took 0.140 seconds
[2023-04-19T03:35:04.085+0000] {processor.py:153} INFO - Started process (PID=29700) to work on /home/airflow/.local/lib/python3.7/site-packages/airflow/example_dags/example_kubernetes_executor.py
[2023-04-19T03:35:04.086+0000] {processor.py:743} INFO - Processing file /home/airflow/.local/lib/python3.7/site-packages/airflow/example_dags/example_kubernetes_executor.py for tasks to queue
[2023-04-19T03:35:04.087+0000] {logging_mixin.py:137} INFO - [2023-04-19T03:35:04.086+0000] {dagbag.py:532} INFO - Filling up the DagBag from /home/airflow/.local/lib/python3.7/site-packages/airflow/example_dags/example_kubernetes_executor.py
[2023-04-19T03:35:04.145+0000] {processor.py:753} INFO - DAG(s) dict_keys(['example_kubernetes_executor']) retrieved from /home/airflow/.local/lib/python3.7/site-packages/airflow/example_dags/example_kubernetes_executor.py
[2023-04-19T03:35:04.193+0000] {logging_mixin.py:137} INFO - [2023-04-19T03:35:04.193+0000] {dag.py:2705} INFO - Sync 1 DAGs
[2023-04-19T03:35:04.238+0000] {logging_mixin.py:137} INFO - [2023-04-19T03:35:04.238+0000] {dag.py:3456} INFO - Setting next_dagrun for example_kubernetes_executor to None, run_after=None
[2023-04-19T03:35:04.279+0000] {processor.py:175} INFO - Processing /home/airflow/.local/lib/python3.7/site-packages/airflow/example_dags/example_kubernetes_executor.py took 0.198 seconds
[2023-04-19T03:35:34.404+0000] {processor.py:153} INFO - Started process (PID=29751) to work on /home/airflow/.local/lib/python3.7/site-packages/airflow/example_dags/example_kubernetes_executor.py
[2023-04-19T03:35:34.404+0000] {processor.py:743} INFO - Processing file /home/airflow/.local/lib/python3.7/site-packages/airflow/example_dags/example_kubernetes_executor.py for tasks to queue
[2023-04-19T03:35:34.405+0000] {logging_mixin.py:137} INFO - [2023-04-19T03:35:34.405+0000] {dagbag.py:532} INFO - Filling up the DagBag from /home/airflow/.local/lib/python3.7/site-packages/airflow/example_dags/example_kubernetes_executor.py
[2023-04-19T03:35:34.447+0000] {processor.py:753} INFO - DAG(s) dict_keys(['example_kubernetes_executor']) retrieved from /home/airflow/.local/lib/python3.7/site-packages/airflow/example_dags/example_kubernetes_executor.py
[2023-04-19T03:35:34.489+0000] {logging_mixin.py:137} INFO - [2023-04-19T03:35:34.489+0000] {dag.py:2705} INFO - Sync 1 DAGs
[2023-04-19T03:35:34.538+0000] {logging_mixin.py:137} INFO - [2023-04-19T03:35:34.537+0000] {dag.py:3456} INFO - Setting next_dagrun for example_kubernetes_executor to None, run_after=None
[2023-04-19T03:35:34.572+0000] {processor.py:175} INFO - Processing /home/airflow/.local/lib/python3.7/site-packages/airflow/example_dags/example_kubernetes_executor.py took 0.174 seconds
[2023-04-19T03:36:04.842+0000] {processor.py:153} INFO - Started process (PID=29802) to work on /home/airflow/.local/lib/python3.7/site-packages/airflow/example_dags/example_kubernetes_executor.py
[2023-04-19T03:36:04.843+0000] {processor.py:743} INFO - Processing file /home/airflow/.local/lib/python3.7/site-packages/airflow/example_dags/example_kubernetes_executor.py for tasks to queue
[2023-04-19T03:36:04.844+0000] {logging_mixin.py:137} INFO - [2023-04-19T03:36:04.843+0000] {dagbag.py:532} INFO - Filling up the DagBag from /home/airflow/.local/lib/python3.7/site-packages/airflow/example_dags/example_kubernetes_executor.py
[2023-04-19T03:36:04.915+0000] {processor.py:753} INFO - DAG(s) dict_keys(['example_kubernetes_executor']) retrieved from /home/airflow/.local/lib/python3.7/site-packages/airflow/example_dags/example_kubernetes_executor.py
[2023-04-19T03:36:04.976+0000] {logging_mixin.py:137} INFO - [2023-04-19T03:36:04.976+0000] {dag.py:2705} INFO - Sync 1 DAGs
[2023-04-19T03:36:05.017+0000] {logging_mixin.py:137} INFO - [2023-04-19T03:36:05.017+0000] {dag.py:3456} INFO - Setting next_dagrun for example_kubernetes_executor to None, run_after=None
[2023-04-19T03:36:05.050+0000] {processor.py:175} INFO - Processing /home/airflow/.local/lib/python3.7/site-packages/airflow/example_dags/example_kubernetes_executor.py took 0.212 seconds
[2023-04-19T03:36:36.812+0000] {processor.py:153} INFO - Started process (PID=29853) to work on /home/airflow/.local/lib/python3.7/site-packages/airflow/example_dags/example_kubernetes_executor.py
[2023-04-19T03:36:36.848+0000] {processor.py:743} INFO - Processing file /home/airflow/.local/lib/python3.7/site-packages/airflow/example_dags/example_kubernetes_executor.py for tasks to queue
[2023-04-19T03:36:36.849+0000] {logging_mixin.py:137} INFO - [2023-04-19T03:36:36.849+0000] {dagbag.py:532} INFO - Filling up the DagBag from /home/airflow/.local/lib/python3.7/site-packages/airflow/example_dags/example_kubernetes_executor.py
[2023-04-19T03:36:37.233+0000] {processor.py:753} INFO - DAG(s) dict_keys(['example_kubernetes_executor']) retrieved from /home/airflow/.local/lib/python3.7/site-packages/airflow/example_dags/example_kubernetes_executor.py
[2023-04-19T03:36:37.540+0000] {logging_mixin.py:137} INFO - [2023-04-19T03:36:37.540+0000] {dag.py:2705} INFO - Sync 1 DAGs
[2023-04-19T03:36:37.590+0000] {logging_mixin.py:137} INFO - [2023-04-19T03:36:37.590+0000] {dag.py:3456} INFO - Setting next_dagrun for example_kubernetes_executor to None, run_after=None
[2023-04-19T03:36:37.729+0000] {processor.py:175} INFO - Processing /home/airflow/.local/lib/python3.7/site-packages/airflow/example_dags/example_kubernetes_executor.py took 0.923 seconds
[2023-04-19T03:37:08.265+0000] {processor.py:153} INFO - Started process (PID=29904) to work on /home/airflow/.local/lib/python3.7/site-packages/airflow/example_dags/example_kubernetes_executor.py
[2023-04-19T03:37:08.270+0000] {processor.py:743} INFO - Processing file /home/airflow/.local/lib/python3.7/site-packages/airflow/example_dags/example_kubernetes_executor.py for tasks to queue
[2023-04-19T03:37:08.271+0000] {logging_mixin.py:137} INFO - [2023-04-19T03:37:08.271+0000] {dagbag.py:532} INFO - Filling up the DagBag from /home/airflow/.local/lib/python3.7/site-packages/airflow/example_dags/example_kubernetes_executor.py
[2023-04-19T03:37:08.303+0000] {processor.py:753} INFO - DAG(s) dict_keys(['example_kubernetes_executor']) retrieved from /home/airflow/.local/lib/python3.7/site-packages/airflow/example_dags/example_kubernetes_executor.py
[2023-04-19T03:37:08.347+0000] {logging_mixin.py:137} INFO - [2023-04-19T03:37:08.347+0000] {dag.py:2705} INFO - Sync 1 DAGs
[2023-04-19T03:37:08.379+0000] {logging_mixin.py:137} INFO - [2023-04-19T03:37:08.378+0000] {dag.py:3456} INFO - Setting next_dagrun for example_kubernetes_executor to None, run_after=None
[2023-04-19T03:37:08.429+0000] {processor.py:175} INFO - Processing /home/airflow/.local/lib/python3.7/site-packages/airflow/example_dags/example_kubernetes_executor.py took 0.168 seconds
[2023-04-19T03:37:38.622+0000] {processor.py:153} INFO - Started process (PID=29955) to work on /home/airflow/.local/lib/python3.7/site-packages/airflow/example_dags/example_kubernetes_executor.py
[2023-04-19T03:37:38.634+0000] {processor.py:743} INFO - Processing file /home/airflow/.local/lib/python3.7/site-packages/airflow/example_dags/example_kubernetes_executor.py for tasks to queue
[2023-04-19T03:37:38.635+0000] {logging_mixin.py:137} INFO - [2023-04-19T03:37:38.634+0000] {dagbag.py:532} INFO - Filling up the DagBag from /home/airflow/.local/lib/python3.7/site-packages/airflow/example_dags/example_kubernetes_executor.py
[2023-04-19T03:37:38.672+0000] {processor.py:753} INFO - DAG(s) dict_keys(['example_kubernetes_executor']) retrieved from /home/airflow/.local/lib/python3.7/site-packages/airflow/example_dags/example_kubernetes_executor.py
[2023-04-19T03:37:38.719+0000] {logging_mixin.py:137} INFO - [2023-04-19T03:37:38.719+0000] {dag.py:2705} INFO - Sync 1 DAGs
[2023-04-19T03:37:38.763+0000] {logging_mixin.py:137} INFO - [2023-04-19T03:37:38.762+0000] {dag.py:3456} INFO - Setting next_dagrun for example_kubernetes_executor to None, run_after=None
[2023-04-19T03:37:38.796+0000] {processor.py:175} INFO - Processing /home/airflow/.local/lib/python3.7/site-packages/airflow/example_dags/example_kubernetes_executor.py took 0.178 seconds
[2023-04-19T03:38:09.430+0000] {processor.py:153} INFO - Started process (PID=30006) to work on /home/airflow/.local/lib/python3.7/site-packages/airflow/example_dags/example_kubernetes_executor.py
[2023-04-19T03:38:09.441+0000] {processor.py:743} INFO - Processing file /home/airflow/.local/lib/python3.7/site-packages/airflow/example_dags/example_kubernetes_executor.py for tasks to queue
[2023-04-19T03:38:09.443+0000] {logging_mixin.py:137} INFO - [2023-04-19T03:38:09.442+0000] {dagbag.py:532} INFO - Filling up the DagBag from /home/airflow/.local/lib/python3.7/site-packages/airflow/example_dags/example_kubernetes_executor.py
[2023-04-19T03:38:09.501+0000] {processor.py:753} INFO - DAG(s) dict_keys(['example_kubernetes_executor']) retrieved from /home/airflow/.local/lib/python3.7/site-packages/airflow/example_dags/example_kubernetes_executor.py
[2023-04-19T03:38:09.540+0000] {logging_mixin.py:137} INFO - [2023-04-19T03:38:09.540+0000] {dag.py:2705} INFO - Sync 1 DAGs
[2023-04-19T03:38:09.578+0000] {logging_mixin.py:137} INFO - [2023-04-19T03:38:09.577+0000] {dag.py:3456} INFO - Setting next_dagrun for example_kubernetes_executor to None, run_after=None
[2023-04-19T03:38:09.610+0000] {processor.py:175} INFO - Processing /home/airflow/.local/lib/python3.7/site-packages/airflow/example_dags/example_kubernetes_executor.py took 0.189 seconds
[2023-04-19T03:38:39.808+0000] {processor.py:153} INFO - Started process (PID=30057) to work on /home/airflow/.local/lib/python3.7/site-packages/airflow/example_dags/example_kubernetes_executor.py
[2023-04-19T03:38:39.815+0000] {processor.py:743} INFO - Processing file /home/airflow/.local/lib/python3.7/site-packages/airflow/example_dags/example_kubernetes_executor.py for tasks to queue
[2023-04-19T03:38:39.817+0000] {logging_mixin.py:137} INFO - [2023-04-19T03:38:39.816+0000] {dagbag.py:532} INFO - Filling up the DagBag from /home/airflow/.local/lib/python3.7/site-packages/airflow/example_dags/example_kubernetes_executor.py
[2023-04-19T03:38:39.879+0000] {processor.py:753} INFO - DAG(s) dict_keys(['example_kubernetes_executor']) retrieved from /home/airflow/.local/lib/python3.7/site-packages/airflow/example_dags/example_kubernetes_executor.py
[2023-04-19T03:38:39.937+0000] {logging_mixin.py:137} INFO - [2023-04-19T03:38:39.937+0000] {dag.py:2705} INFO - Sync 1 DAGs
[2023-04-19T03:38:39.976+0000] {logging_mixin.py:137} INFO - [2023-04-19T03:38:39.975+0000] {dag.py:3456} INFO - Setting next_dagrun for example_kubernetes_executor to None, run_after=None
[2023-04-19T03:38:40.005+0000] {processor.py:175} INFO - Processing /home/airflow/.local/lib/python3.7/site-packages/airflow/example_dags/example_kubernetes_executor.py took 0.202 seconds
[2023-04-19T03:39:10.245+0000] {processor.py:153} INFO - Started process (PID=30108) to work on /home/airflow/.local/lib/python3.7/site-packages/airflow/example_dags/example_kubernetes_executor.py
[2023-04-19T03:39:10.246+0000] {processor.py:743} INFO - Processing file /home/airflow/.local/lib/python3.7/site-packages/airflow/example_dags/example_kubernetes_executor.py for tasks to queue
[2023-04-19T03:39:10.247+0000] {logging_mixin.py:137} INFO - [2023-04-19T03:39:10.247+0000] {dagbag.py:532} INFO - Filling up the DagBag from /home/airflow/.local/lib/python3.7/site-packages/airflow/example_dags/example_kubernetes_executor.py
[2023-04-19T03:39:10.293+0000] {processor.py:753} INFO - DAG(s) dict_keys(['example_kubernetes_executor']) retrieved from /home/airflow/.local/lib/python3.7/site-packages/airflow/example_dags/example_kubernetes_executor.py
[2023-04-19T03:39:10.341+0000] {logging_mixin.py:137} INFO - [2023-04-19T03:39:10.341+0000] {dag.py:2705} INFO - Sync 1 DAGs
[2023-04-19T03:39:10.385+0000] {logging_mixin.py:137} INFO - [2023-04-19T03:39:10.385+0000] {dag.py:3456} INFO - Setting next_dagrun for example_kubernetes_executor to None, run_after=None
[2023-04-19T03:39:10.417+0000] {processor.py:175} INFO - Processing /home/airflow/.local/lib/python3.7/site-packages/airflow/example_dags/example_kubernetes_executor.py took 0.176 seconds
[2023-04-19T03:39:40.469+0000] {processor.py:153} INFO - Started process (PID=30159) to work on /home/airflow/.local/lib/python3.7/site-packages/airflow/example_dags/example_kubernetes_executor.py
[2023-04-19T03:39:40.471+0000] {processor.py:743} INFO - Processing file /home/airflow/.local/lib/python3.7/site-packages/airflow/example_dags/example_kubernetes_executor.py for tasks to queue
[2023-04-19T03:39:40.472+0000] {logging_mixin.py:137} INFO - [2023-04-19T03:39:40.472+0000] {dagbag.py:532} INFO - Filling up the DagBag from /home/airflow/.local/lib/python3.7/site-packages/airflow/example_dags/example_kubernetes_executor.py
[2023-04-19T03:39:40.513+0000] {processor.py:753} INFO - DAG(s) dict_keys(['example_kubernetes_executor']) retrieved from /home/airflow/.local/lib/python3.7/site-packages/airflow/example_dags/example_kubernetes_executor.py
[2023-04-19T03:39:40.554+0000] {logging_mixin.py:137} INFO - [2023-04-19T03:39:40.554+0000] {dag.py:2705} INFO - Sync 1 DAGs
[2023-04-19T03:39:40.593+0000] {logging_mixin.py:137} INFO - [2023-04-19T03:39:40.593+0000] {dag.py:3456} INFO - Setting next_dagrun for example_kubernetes_executor to None, run_after=None
[2023-04-19T03:39:40.625+0000] {processor.py:175} INFO - Processing /home/airflow/.local/lib/python3.7/site-packages/airflow/example_dags/example_kubernetes_executor.py took 0.161 seconds
[2023-04-19T03:40:10.733+0000] {processor.py:153} INFO - Started process (PID=30210) to work on /home/airflow/.local/lib/python3.7/site-packages/airflow/example_dags/example_kubernetes_executor.py
[2023-04-19T03:40:10.735+0000] {processor.py:743} INFO - Processing file /home/airflow/.local/lib/python3.7/site-packages/airflow/example_dags/example_kubernetes_executor.py for tasks to queue
[2023-04-19T03:40:10.735+0000] {logging_mixin.py:137} INFO - [2023-04-19T03:40:10.735+0000] {dagbag.py:532} INFO - Filling up the DagBag from /home/airflow/.local/lib/python3.7/site-packages/airflow/example_dags/example_kubernetes_executor.py
[2023-04-19T03:40:10.775+0000] {processor.py:753} INFO - DAG(s) dict_keys(['example_kubernetes_executor']) retrieved from /home/airflow/.local/lib/python3.7/site-packages/airflow/example_dags/example_kubernetes_executor.py
[2023-04-19T03:40:10.818+0000] {logging_mixin.py:137} INFO - [2023-04-19T03:40:10.817+0000] {dag.py:2705} INFO - Sync 1 DAGs
[2023-04-19T03:40:10.855+0000] {logging_mixin.py:137} INFO - [2023-04-19T03:40:10.855+0000] {dag.py:3456} INFO - Setting next_dagrun for example_kubernetes_executor to None, run_after=None
[2023-04-19T03:40:10.883+0000] {processor.py:175} INFO - Processing /home/airflow/.local/lib/python3.7/site-packages/airflow/example_dags/example_kubernetes_executor.py took 0.154 seconds
[2023-04-19T03:40:41.212+0000] {processor.py:153} INFO - Started process (PID=30261) to work on /home/airflow/.local/lib/python3.7/site-packages/airflow/example_dags/example_kubernetes_executor.py
[2023-04-19T03:40:41.224+0000] {processor.py:743} INFO - Processing file /home/airflow/.local/lib/python3.7/site-packages/airflow/example_dags/example_kubernetes_executor.py for tasks to queue
[2023-04-19T03:40:41.224+0000] {logging_mixin.py:137} INFO - [2023-04-19T03:40:41.224+0000] {dagbag.py:532} INFO - Filling up the DagBag from /home/airflow/.local/lib/python3.7/site-packages/airflow/example_dags/example_kubernetes_executor.py
[2023-04-19T03:40:41.264+0000] {processor.py:753} INFO - DAG(s) dict_keys(['example_kubernetes_executor']) retrieved from /home/airflow/.local/lib/python3.7/site-packages/airflow/example_dags/example_kubernetes_executor.py
[2023-04-19T03:40:41.310+0000] {logging_mixin.py:137} INFO - [2023-04-19T03:40:41.310+0000] {dag.py:2705} INFO - Sync 1 DAGs
[2023-04-19T03:40:41.350+0000] {logging_mixin.py:137} INFO - [2023-04-19T03:40:41.350+0000] {dag.py:3456} INFO - Setting next_dagrun for example_kubernetes_executor to None, run_after=None
[2023-04-19T03:40:41.383+0000] {processor.py:175} INFO - Processing /home/airflow/.local/lib/python3.7/site-packages/airflow/example_dags/example_kubernetes_executor.py took 0.175 seconds
