[2023-04-19T03:34:02.538+0000] {processor.py:153} INFO - Started process (PID=29596) to work on /home/airflow/.local/lib/python3.7/site-packages/airflow/example_dags/example_python_operator.py
[2023-04-19T03:34:02.539+0000] {processor.py:743} INFO - Processing file /home/airflow/.local/lib/python3.7/site-packages/airflow/example_dags/example_python_operator.py for tasks to queue
[2023-04-19T03:34:02.540+0000] {logging_mixin.py:137} INFO - [2023-04-19T03:34:02.540+0000] {dagbag.py:532} INFO - Filling up the DagBag from /home/airflow/.local/lib/python3.7/site-packages/airflow/example_dags/example_python_operator.py
[2023-04-19T03:34:02.574+0000] {logging_mixin.py:137} INFO - [2023-04-19T03:34:02.573+0000] {taskmixin.py:211} WARNING - Dependency <Task(_PythonDecoratedOperator): print_the_context>, log_sql_query already registered for DAG: example_python_operator
[2023-04-19T03:34:02.574+0000] {logging_mixin.py:137} INFO - [2023-04-19T03:34:02.574+0000] {taskmixin.py:211} WARNING - Dependency <Task(_PythonDecoratedOperator): log_sql_query>, print_the_context already registered for DAG: example_python_operator
[2023-04-19T03:34:02.575+0000] {logging_mixin.py:137} INFO - [2023-04-19T03:34:02.575+0000] {taskmixin.py:211} WARNING - Dependency <Task(_PythonDecoratedOperator): print_the_context>, log_sql_query already registered for DAG: example_python_operator
[2023-04-19T03:34:02.575+0000] {logging_mixin.py:137} INFO - [2023-04-19T03:34:02.575+0000] {taskmixin.py:211} WARNING - Dependency <Task(_PythonDecoratedOperator): log_sql_query>, print_the_context already registered for DAG: example_python_operator
[2023-04-19T03:34:02.576+0000] {logging_mixin.py:137} INFO - [2023-04-19T03:34:02.576+0000] {taskmixin.py:211} WARNING - Dependency <Task(_PythonDecoratedOperator): print_the_context>, log_sql_query already registered for DAG: example_python_operator
[2023-04-19T03:34:02.577+0000] {logging_mixin.py:137} INFO - [2023-04-19T03:34:02.577+0000] {taskmixin.py:211} WARNING - Dependency <Task(_PythonDecoratedOperator): log_sql_query>, print_the_context already registered for DAG: example_python_operator
[2023-04-19T03:34:02.578+0000] {logging_mixin.py:137} INFO - [2023-04-19T03:34:02.578+0000] {taskmixin.py:211} WARNING - Dependency <Task(_PythonDecoratedOperator): print_the_context>, log_sql_query already registered for DAG: example_python_operator
[2023-04-19T03:34:02.579+0000] {logging_mixin.py:137} INFO - [2023-04-19T03:34:02.578+0000] {taskmixin.py:211} WARNING - Dependency <Task(_PythonDecoratedOperator): log_sql_query>, print_the_context already registered for DAG: example_python_operator
[2023-04-19T03:34:02.591+0000] {processor.py:753} INFO - DAG(s) dict_keys(['example_python_operator']) retrieved from /home/airflow/.local/lib/python3.7/site-packages/airflow/example_dags/example_python_operator.py
[2023-04-19T03:34:02.655+0000] {logging_mixin.py:137} INFO - [2023-04-19T03:34:02.654+0000] {dag.py:2705} INFO - Sync 1 DAGs
[2023-04-19T03:34:02.739+0000] {logging_mixin.py:137} INFO - [2023-04-19T03:34:02.739+0000] {dag.py:3456} INFO - Setting next_dagrun for example_python_operator to None, run_after=None
[2023-04-19T03:34:02.808+0000] {processor.py:175} INFO - Processing /home/airflow/.local/lib/python3.7/site-packages/airflow/example_dags/example_python_operator.py took 0.275 seconds
[2023-04-19T03:34:33.130+0000] {processor.py:153} INFO - Started process (PID=29647) to work on /home/airflow/.local/lib/python3.7/site-packages/airflow/example_dags/example_python_operator.py
[2023-04-19T03:34:33.131+0000] {processor.py:743} INFO - Processing file /home/airflow/.local/lib/python3.7/site-packages/airflow/example_dags/example_python_operator.py for tasks to queue
[2023-04-19T03:34:33.132+0000] {logging_mixin.py:137} INFO - [2023-04-19T03:34:33.132+0000] {dagbag.py:532} INFO - Filling up the DagBag from /home/airflow/.local/lib/python3.7/site-packages/airflow/example_dags/example_python_operator.py
[2023-04-19T03:34:33.152+0000] {logging_mixin.py:137} INFO - [2023-04-19T03:34:33.152+0000] {taskmixin.py:211} WARNING - Dependency <Task(_PythonDecoratedOperator): print_the_context>, log_sql_query already registered for DAG: example_python_operator
[2023-04-19T03:34:33.152+0000] {logging_mixin.py:137} INFO - [2023-04-19T03:34:33.152+0000] {taskmixin.py:211} WARNING - Dependency <Task(_PythonDecoratedOperator): log_sql_query>, print_the_context already registered for DAG: example_python_operator
[2023-04-19T03:34:33.153+0000] {logging_mixin.py:137} INFO - [2023-04-19T03:34:33.153+0000] {taskmixin.py:211} WARNING - Dependency <Task(_PythonDecoratedOperator): print_the_context>, log_sql_query already registered for DAG: example_python_operator
[2023-04-19T03:34:33.153+0000] {logging_mixin.py:137} INFO - [2023-04-19T03:34:33.153+0000] {taskmixin.py:211} WARNING - Dependency <Task(_PythonDecoratedOperator): log_sql_query>, print_the_context already registered for DAG: example_python_operator
[2023-04-19T03:34:33.154+0000] {logging_mixin.py:137} INFO - [2023-04-19T03:34:33.154+0000] {taskmixin.py:211} WARNING - Dependency <Task(_PythonDecoratedOperator): print_the_context>, log_sql_query already registered for DAG: example_python_operator
[2023-04-19T03:34:33.154+0000] {logging_mixin.py:137} INFO - [2023-04-19T03:34:33.154+0000] {taskmixin.py:211} WARNING - Dependency <Task(_PythonDecoratedOperator): log_sql_query>, print_the_context already registered for DAG: example_python_operator
[2023-04-19T03:34:33.155+0000] {logging_mixin.py:137} INFO - [2023-04-19T03:34:33.155+0000] {taskmixin.py:211} WARNING - Dependency <Task(_PythonDecoratedOperator): print_the_context>, log_sql_query already registered for DAG: example_python_operator
[2023-04-19T03:34:33.155+0000] {logging_mixin.py:137} INFO - [2023-04-19T03:34:33.155+0000] {taskmixin.py:211} WARNING - Dependency <Task(_PythonDecoratedOperator): log_sql_query>, print_the_context already registered for DAG: example_python_operator
[2023-04-19T03:34:33.164+0000] {processor.py:753} INFO - DAG(s) dict_keys(['example_python_operator']) retrieved from /home/airflow/.local/lib/python3.7/site-packages/airflow/example_dags/example_python_operator.py
[2023-04-19T03:34:33.201+0000] {logging_mixin.py:137} INFO - [2023-04-19T03:34:33.201+0000] {dag.py:2705} INFO - Sync 1 DAGs
[2023-04-19T03:34:33.232+0000] {logging_mixin.py:137} INFO - [2023-04-19T03:34:33.232+0000] {dag.py:3456} INFO - Setting next_dagrun for example_python_operator to None, run_after=None
[2023-04-19T03:34:33.268+0000] {processor.py:175} INFO - Processing /home/airflow/.local/lib/python3.7/site-packages/airflow/example_dags/example_python_operator.py took 0.143 seconds
[2023-04-19T03:35:03.874+0000] {processor.py:153} INFO - Started process (PID=29698) to work on /home/airflow/.local/lib/python3.7/site-packages/airflow/example_dags/example_python_operator.py
[2023-04-19T03:35:03.875+0000] {processor.py:743} INFO - Processing file /home/airflow/.local/lib/python3.7/site-packages/airflow/example_dags/example_python_operator.py for tasks to queue
[2023-04-19T03:35:03.876+0000] {logging_mixin.py:137} INFO - [2023-04-19T03:35:03.876+0000] {dagbag.py:532} INFO - Filling up the DagBag from /home/airflow/.local/lib/python3.7/site-packages/airflow/example_dags/example_python_operator.py
[2023-04-19T03:35:03.902+0000] {logging_mixin.py:137} INFO - [2023-04-19T03:35:03.902+0000] {taskmixin.py:211} WARNING - Dependency <Task(_PythonDecoratedOperator): print_the_context>, log_sql_query already registered for DAG: example_python_operator
[2023-04-19T03:35:03.902+0000] {logging_mixin.py:137} INFO - [2023-04-19T03:35:03.902+0000] {taskmixin.py:211} WARNING - Dependency <Task(_PythonDecoratedOperator): log_sql_query>, print_the_context already registered for DAG: example_python_operator
[2023-04-19T03:35:03.904+0000] {logging_mixin.py:137} INFO - [2023-04-19T03:35:03.903+0000] {taskmixin.py:211} WARNING - Dependency <Task(_PythonDecoratedOperator): print_the_context>, log_sql_query already registered for DAG: example_python_operator
[2023-04-19T03:35:03.904+0000] {logging_mixin.py:137} INFO - [2023-04-19T03:35:03.904+0000] {taskmixin.py:211} WARNING - Dependency <Task(_PythonDecoratedOperator): log_sql_query>, print_the_context already registered for DAG: example_python_operator
[2023-04-19T03:35:03.905+0000] {logging_mixin.py:137} INFO - [2023-04-19T03:35:03.905+0000] {taskmixin.py:211} WARNING - Dependency <Task(_PythonDecoratedOperator): print_the_context>, log_sql_query already registered for DAG: example_python_operator
[2023-04-19T03:35:03.905+0000] {logging_mixin.py:137} INFO - [2023-04-19T03:35:03.905+0000] {taskmixin.py:211} WARNING - Dependency <Task(_PythonDecoratedOperator): log_sql_query>, print_the_context already registered for DAG: example_python_operator
[2023-04-19T03:35:03.907+0000] {logging_mixin.py:137} INFO - [2023-04-19T03:35:03.907+0000] {taskmixin.py:211} WARNING - Dependency <Task(_PythonDecoratedOperator): print_the_context>, log_sql_query already registered for DAG: example_python_operator
[2023-04-19T03:35:03.907+0000] {logging_mixin.py:137} INFO - [2023-04-19T03:35:03.907+0000] {taskmixin.py:211} WARNING - Dependency <Task(_PythonDecoratedOperator): log_sql_query>, print_the_context already registered for DAG: example_python_operator
[2023-04-19T03:35:03.918+0000] {processor.py:753} INFO - DAG(s) dict_keys(['example_python_operator']) retrieved from /home/airflow/.local/lib/python3.7/site-packages/airflow/example_dags/example_python_operator.py
[2023-04-19T03:35:03.956+0000] {logging_mixin.py:137} INFO - [2023-04-19T03:35:03.956+0000] {dag.py:2705} INFO - Sync 1 DAGs
[2023-04-19T03:35:04.000+0000] {logging_mixin.py:137} INFO - [2023-04-19T03:35:03.999+0000] {dag.py:3456} INFO - Setting next_dagrun for example_python_operator to None, run_after=None
[2023-04-19T03:35:04.042+0000] {processor.py:175} INFO - Processing /home/airflow/.local/lib/python3.7/site-packages/airflow/example_dags/example_python_operator.py took 0.172 seconds
[2023-04-19T03:35:34.188+0000] {processor.py:153} INFO - Started process (PID=29749) to work on /home/airflow/.local/lib/python3.7/site-packages/airflow/example_dags/example_python_operator.py
[2023-04-19T03:35:34.189+0000] {processor.py:743} INFO - Processing file /home/airflow/.local/lib/python3.7/site-packages/airflow/example_dags/example_python_operator.py for tasks to queue
[2023-04-19T03:35:34.189+0000] {logging_mixin.py:137} INFO - [2023-04-19T03:35:34.189+0000] {dagbag.py:532} INFO - Filling up the DagBag from /home/airflow/.local/lib/python3.7/site-packages/airflow/example_dags/example_python_operator.py
[2023-04-19T03:35:34.216+0000] {logging_mixin.py:137} INFO - [2023-04-19T03:35:34.215+0000] {taskmixin.py:211} WARNING - Dependency <Task(_PythonDecoratedOperator): print_the_context>, log_sql_query already registered for DAG: example_python_operator
[2023-04-19T03:35:34.216+0000] {logging_mixin.py:137} INFO - [2023-04-19T03:35:34.216+0000] {taskmixin.py:211} WARNING - Dependency <Task(_PythonDecoratedOperator): log_sql_query>, print_the_context already registered for DAG: example_python_operator
[2023-04-19T03:35:34.217+0000] {logging_mixin.py:137} INFO - [2023-04-19T03:35:34.217+0000] {taskmixin.py:211} WARNING - Dependency <Task(_PythonDecoratedOperator): print_the_context>, log_sql_query already registered for DAG: example_python_operator
[2023-04-19T03:35:34.217+0000] {logging_mixin.py:137} INFO - [2023-04-19T03:35:34.217+0000] {taskmixin.py:211} WARNING - Dependency <Task(_PythonDecoratedOperator): log_sql_query>, print_the_context already registered for DAG: example_python_operator
[2023-04-19T03:35:34.218+0000] {logging_mixin.py:137} INFO - [2023-04-19T03:35:34.218+0000] {taskmixin.py:211} WARNING - Dependency <Task(_PythonDecoratedOperator): print_the_context>, log_sql_query already registered for DAG: example_python_operator
[2023-04-19T03:35:34.218+0000] {logging_mixin.py:137} INFO - [2023-04-19T03:35:34.218+0000] {taskmixin.py:211} WARNING - Dependency <Task(_PythonDecoratedOperator): log_sql_query>, print_the_context already registered for DAG: example_python_operator
[2023-04-19T03:35:34.219+0000] {logging_mixin.py:137} INFO - [2023-04-19T03:35:34.219+0000] {taskmixin.py:211} WARNING - Dependency <Task(_PythonDecoratedOperator): print_the_context>, log_sql_query already registered for DAG: example_python_operator
[2023-04-19T03:35:34.219+0000] {logging_mixin.py:137} INFO - [2023-04-19T03:35:34.219+0000] {taskmixin.py:211} WARNING - Dependency <Task(_PythonDecoratedOperator): log_sql_query>, print_the_context already registered for DAG: example_python_operator
[2023-04-19T03:35:34.230+0000] {processor.py:753} INFO - DAG(s) dict_keys(['example_python_operator']) retrieved from /home/airflow/.local/lib/python3.7/site-packages/airflow/example_dags/example_python_operator.py
[2023-04-19T03:35:34.276+0000] {logging_mixin.py:137} INFO - [2023-04-19T03:35:34.276+0000] {dag.py:2705} INFO - Sync 1 DAGs
[2023-04-19T03:35:34.326+0000] {logging_mixin.py:137} INFO - [2023-04-19T03:35:34.325+0000] {dag.py:3456} INFO - Setting next_dagrun for example_python_operator to None, run_after=None
[2023-04-19T03:35:34.358+0000] {processor.py:175} INFO - Processing /home/airflow/.local/lib/python3.7/site-packages/airflow/example_dags/example_python_operator.py took 0.175 seconds
[2023-04-19T03:36:04.617+0000] {processor.py:153} INFO - Started process (PID=29800) to work on /home/airflow/.local/lib/python3.7/site-packages/airflow/example_dags/example_python_operator.py
[2023-04-19T03:36:04.617+0000] {processor.py:743} INFO - Processing file /home/airflow/.local/lib/python3.7/site-packages/airflow/example_dags/example_python_operator.py for tasks to queue
[2023-04-19T03:36:04.618+0000] {logging_mixin.py:137} INFO - [2023-04-19T03:36:04.618+0000] {dagbag.py:532} INFO - Filling up the DagBag from /home/airflow/.local/lib/python3.7/site-packages/airflow/example_dags/example_python_operator.py
[2023-04-19T03:36:04.646+0000] {logging_mixin.py:137} INFO - [2023-04-19T03:36:04.646+0000] {taskmixin.py:211} WARNING - Dependency <Task(_PythonDecoratedOperator): print_the_context>, log_sql_query already registered for DAG: example_python_operator
[2023-04-19T03:36:04.646+0000] {logging_mixin.py:137} INFO - [2023-04-19T03:36:04.646+0000] {taskmixin.py:211} WARNING - Dependency <Task(_PythonDecoratedOperator): log_sql_query>, print_the_context already registered for DAG: example_python_operator
[2023-04-19T03:36:04.647+0000] {logging_mixin.py:137} INFO - [2023-04-19T03:36:04.647+0000] {taskmixin.py:211} WARNING - Dependency <Task(_PythonDecoratedOperator): print_the_context>, log_sql_query already registered for DAG: example_python_operator
[2023-04-19T03:36:04.647+0000] {logging_mixin.py:137} INFO - [2023-04-19T03:36:04.647+0000] {taskmixin.py:211} WARNING - Dependency <Task(_PythonDecoratedOperator): log_sql_query>, print_the_context already registered for DAG: example_python_operator
[2023-04-19T03:36:04.648+0000] {logging_mixin.py:137} INFO - [2023-04-19T03:36:04.648+0000] {taskmixin.py:211} WARNING - Dependency <Task(_PythonDecoratedOperator): print_the_context>, log_sql_query already registered for DAG: example_python_operator
[2023-04-19T03:36:04.648+0000] {logging_mixin.py:137} INFO - [2023-04-19T03:36:04.648+0000] {taskmixin.py:211} WARNING - Dependency <Task(_PythonDecoratedOperator): log_sql_query>, print_the_context already registered for DAG: example_python_operator
[2023-04-19T03:36:04.649+0000] {logging_mixin.py:137} INFO - [2023-04-19T03:36:04.649+0000] {taskmixin.py:211} WARNING - Dependency <Task(_PythonDecoratedOperator): print_the_context>, log_sql_query already registered for DAG: example_python_operator
[2023-04-19T03:36:04.649+0000] {logging_mixin.py:137} INFO - [2023-04-19T03:36:04.649+0000] {taskmixin.py:211} WARNING - Dependency <Task(_PythonDecoratedOperator): log_sql_query>, print_the_context already registered for DAG: example_python_operator
[2023-04-19T03:36:04.662+0000] {processor.py:753} INFO - DAG(s) dict_keys(['example_python_operator']) retrieved from /home/airflow/.local/lib/python3.7/site-packages/airflow/example_dags/example_python_operator.py
[2023-04-19T03:36:04.712+0000] {logging_mixin.py:137} INFO - [2023-04-19T03:36:04.711+0000] {dag.py:2705} INFO - Sync 1 DAGs
[2023-04-19T03:36:04.761+0000] {logging_mixin.py:137} INFO - [2023-04-19T03:36:04.761+0000] {dag.py:3456} INFO - Setting next_dagrun for example_python_operator to None, run_after=None
[2023-04-19T03:36:04.797+0000] {processor.py:175} INFO - Processing /home/airflow/.local/lib/python3.7/site-packages/airflow/example_dags/example_python_operator.py took 0.184 seconds
[2023-04-19T03:36:36.303+0000] {processor.py:153} INFO - Started process (PID=29851) to work on /home/airflow/.local/lib/python3.7/site-packages/airflow/example_dags/example_python_operator.py
[2023-04-19T03:36:36.438+0000] {processor.py:743} INFO - Processing file /home/airflow/.local/lib/python3.7/site-packages/airflow/example_dags/example_python_operator.py for tasks to queue
[2023-04-19T03:36:36.439+0000] {logging_mixin.py:137} INFO - [2023-04-19T03:36:36.439+0000] {dagbag.py:532} INFO - Filling up the DagBag from /home/airflow/.local/lib/python3.7/site-packages/airflow/example_dags/example_python_operator.py
[2023-04-19T03:36:36.939+0000] {logging_mixin.py:137} INFO - [2023-04-19T03:36:36.939+0000] {taskmixin.py:211} WARNING - Dependency <Task(_PythonDecoratedOperator): print_the_context>, log_sql_query already registered for DAG: example_python_operator
[2023-04-19T03:36:36.940+0000] {logging_mixin.py:137} INFO - [2023-04-19T03:36:36.940+0000] {taskmixin.py:211} WARNING - Dependency <Task(_PythonDecoratedOperator): log_sql_query>, print_the_context already registered for DAG: example_python_operator
[2023-04-19T03:36:36.942+0000] {logging_mixin.py:137} INFO - [2023-04-19T03:36:36.942+0000] {taskmixin.py:211} WARNING - Dependency <Task(_PythonDecoratedOperator): print_the_context>, log_sql_query already registered for DAG: example_python_operator
[2023-04-19T03:36:36.943+0000] {logging_mixin.py:137} INFO - [2023-04-19T03:36:36.942+0000] {taskmixin.py:211} WARNING - Dependency <Task(_PythonDecoratedOperator): log_sql_query>, print_the_context already registered for DAG: example_python_operator
[2023-04-19T03:36:36.945+0000] {logging_mixin.py:137} INFO - [2023-04-19T03:36:36.945+0000] {taskmixin.py:211} WARNING - Dependency <Task(_PythonDecoratedOperator): print_the_context>, log_sql_query already registered for DAG: example_python_operator
[2023-04-19T03:36:36.945+0000] {logging_mixin.py:137} INFO - [2023-04-19T03:36:36.945+0000] {taskmixin.py:211} WARNING - Dependency <Task(_PythonDecoratedOperator): log_sql_query>, print_the_context already registered for DAG: example_python_operator
[2023-04-19T03:36:36.947+0000] {logging_mixin.py:137} INFO - [2023-04-19T03:36:36.947+0000] {taskmixin.py:211} WARNING - Dependency <Task(_PythonDecoratedOperator): print_the_context>, log_sql_query already registered for DAG: example_python_operator
[2023-04-19T03:36:36.948+0000] {logging_mixin.py:137} INFO - [2023-04-19T03:36:36.948+0000] {taskmixin.py:211} WARNING - Dependency <Task(_PythonDecoratedOperator): log_sql_query>, print_the_context already registered for DAG: example_python_operator
[2023-04-19T03:36:36.970+0000] {processor.py:753} INFO - DAG(s) dict_keys(['example_python_operator']) retrieved from /home/airflow/.local/lib/python3.7/site-packages/airflow/example_dags/example_python_operator.py
[2023-04-19T03:36:37.032+0000] {logging_mixin.py:137} INFO - [2023-04-19T03:36:37.032+0000] {dag.py:2705} INFO - Sync 1 DAGs
[2023-04-19T03:36:37.063+0000] {logging_mixin.py:137} INFO - [2023-04-19T03:36:37.063+0000] {dag.py:3456} INFO - Setting next_dagrun for example_python_operator to None, run_after=None
[2023-04-19T03:36:37.173+0000] {processor.py:175} INFO - Processing /home/airflow/.local/lib/python3.7/site-packages/airflow/example_dags/example_python_operator.py took 0.873 seconds
[2023-04-19T03:37:07.250+0000] {processor.py:153} INFO - Started process (PID=29903) to work on /home/airflow/.local/lib/python3.7/site-packages/airflow/example_dags/example_python_operator.py
[2023-04-19T03:37:07.257+0000] {processor.py:743} INFO - Processing file /home/airflow/.local/lib/python3.7/site-packages/airflow/example_dags/example_python_operator.py for tasks to queue
[2023-04-19T03:37:07.258+0000] {logging_mixin.py:137} INFO - [2023-04-19T03:37:07.257+0000] {dagbag.py:532} INFO - Filling up the DagBag from /home/airflow/.local/lib/python3.7/site-packages/airflow/example_dags/example_python_operator.py
[2023-04-19T03:37:07.276+0000] {logging_mixin.py:137} INFO - [2023-04-19T03:37:07.276+0000] {taskmixin.py:211} WARNING - Dependency <Task(_PythonDecoratedOperator): print_the_context>, log_sql_query already registered for DAG: example_python_operator
[2023-04-19T03:37:07.277+0000] {logging_mixin.py:137} INFO - [2023-04-19T03:37:07.276+0000] {taskmixin.py:211} WARNING - Dependency <Task(_PythonDecoratedOperator): log_sql_query>, print_the_context already registered for DAG: example_python_operator
[2023-04-19T03:37:07.277+0000] {logging_mixin.py:137} INFO - [2023-04-19T03:37:07.277+0000] {taskmixin.py:211} WARNING - Dependency <Task(_PythonDecoratedOperator): print_the_context>, log_sql_query already registered for DAG: example_python_operator
[2023-04-19T03:37:07.277+0000] {logging_mixin.py:137} INFO - [2023-04-19T03:37:07.277+0000] {taskmixin.py:211} WARNING - Dependency <Task(_PythonDecoratedOperator): log_sql_query>, print_the_context already registered for DAG: example_python_operator
[2023-04-19T03:37:07.278+0000] {logging_mixin.py:137} INFO - [2023-04-19T03:37:07.278+0000] {taskmixin.py:211} WARNING - Dependency <Task(_PythonDecoratedOperator): print_the_context>, log_sql_query already registered for DAG: example_python_operator
[2023-04-19T03:37:07.278+0000] {logging_mixin.py:137} INFO - [2023-04-19T03:37:07.278+0000] {taskmixin.py:211} WARNING - Dependency <Task(_PythonDecoratedOperator): log_sql_query>, print_the_context already registered for DAG: example_python_operator
[2023-04-19T03:37:07.279+0000] {logging_mixin.py:137} INFO - [2023-04-19T03:37:07.279+0000] {taskmixin.py:211} WARNING - Dependency <Task(_PythonDecoratedOperator): print_the_context>, log_sql_query already registered for DAG: example_python_operator
[2023-04-19T03:37:07.279+0000] {logging_mixin.py:137} INFO - [2023-04-19T03:37:07.279+0000] {taskmixin.py:211} WARNING - Dependency <Task(_PythonDecoratedOperator): log_sql_query>, print_the_context already registered for DAG: example_python_operator
[2023-04-19T03:37:07.287+0000] {processor.py:753} INFO - DAG(s) dict_keys(['example_python_operator']) retrieved from /home/airflow/.local/lib/python3.7/site-packages/airflow/example_dags/example_python_operator.py
[2023-04-19T03:37:07.341+0000] {logging_mixin.py:137} INFO - [2023-04-19T03:37:07.341+0000] {dag.py:2705} INFO - Sync 1 DAGs
[2023-04-19T03:37:07.381+0000] {logging_mixin.py:137} INFO - [2023-04-19T03:37:07.380+0000] {dag.py:3456} INFO - Setting next_dagrun for example_python_operator to None, run_after=None
[2023-04-19T03:37:07.411+0000] {processor.py:175} INFO - Processing /home/airflow/.local/lib/python3.7/site-packages/airflow/example_dags/example_python_operator.py took 0.164 seconds
[2023-04-19T03:37:37.610+0000] {processor.py:153} INFO - Started process (PID=29954) to work on /home/airflow/.local/lib/python3.7/site-packages/airflow/example_dags/example_python_operator.py
[2023-04-19T03:37:37.611+0000] {processor.py:743} INFO - Processing file /home/airflow/.local/lib/python3.7/site-packages/airflow/example_dags/example_python_operator.py for tasks to queue
[2023-04-19T03:37:37.612+0000] {logging_mixin.py:137} INFO - [2023-04-19T03:37:37.611+0000] {dagbag.py:532} INFO - Filling up the DagBag from /home/airflow/.local/lib/python3.7/site-packages/airflow/example_dags/example_python_operator.py
[2023-04-19T03:37:37.634+0000] {logging_mixin.py:137} INFO - [2023-04-19T03:37:37.634+0000] {taskmixin.py:211} WARNING - Dependency <Task(_PythonDecoratedOperator): print_the_context>, log_sql_query already registered for DAG: example_python_operator
[2023-04-19T03:37:37.635+0000] {logging_mixin.py:137} INFO - [2023-04-19T03:37:37.635+0000] {taskmixin.py:211} WARNING - Dependency <Task(_PythonDecoratedOperator): log_sql_query>, print_the_context already registered for DAG: example_python_operator
[2023-04-19T03:37:37.636+0000] {logging_mixin.py:137} INFO - [2023-04-19T03:37:37.635+0000] {taskmixin.py:211} WARNING - Dependency <Task(_PythonDecoratedOperator): print_the_context>, log_sql_query already registered for DAG: example_python_operator
[2023-04-19T03:37:37.636+0000] {logging_mixin.py:137} INFO - [2023-04-19T03:37:37.636+0000] {taskmixin.py:211} WARNING - Dependency <Task(_PythonDecoratedOperator): log_sql_query>, print_the_context already registered for DAG: example_python_operator
[2023-04-19T03:37:37.637+0000] {logging_mixin.py:137} INFO - [2023-04-19T03:37:37.636+0000] {taskmixin.py:211} WARNING - Dependency <Task(_PythonDecoratedOperator): print_the_context>, log_sql_query already registered for DAG: example_python_operator
[2023-04-19T03:37:37.637+0000] {logging_mixin.py:137} INFO - [2023-04-19T03:37:37.637+0000] {taskmixin.py:211} WARNING - Dependency <Task(_PythonDecoratedOperator): log_sql_query>, print_the_context already registered for DAG: example_python_operator
[2023-04-19T03:37:37.637+0000] {logging_mixin.py:137} INFO - [2023-04-19T03:37:37.637+0000] {taskmixin.py:211} WARNING - Dependency <Task(_PythonDecoratedOperator): print_the_context>, log_sql_query already registered for DAG: example_python_operator
[2023-04-19T03:37:37.638+0000] {logging_mixin.py:137} INFO - [2023-04-19T03:37:37.637+0000] {taskmixin.py:211} WARNING - Dependency <Task(_PythonDecoratedOperator): log_sql_query>, print_the_context already registered for DAG: example_python_operator
[2023-04-19T03:37:37.646+0000] {processor.py:753} INFO - DAG(s) dict_keys(['example_python_operator']) retrieved from /home/airflow/.local/lib/python3.7/site-packages/airflow/example_dags/example_python_operator.py
[2023-04-19T03:37:37.681+0000] {logging_mixin.py:137} INFO - [2023-04-19T03:37:37.681+0000] {dag.py:2705} INFO - Sync 1 DAGs
[2023-04-19T03:37:37.716+0000] {logging_mixin.py:137} INFO - [2023-04-19T03:37:37.716+0000] {dag.py:3456} INFO - Setting next_dagrun for example_python_operator to None, run_after=None
[2023-04-19T03:37:37.791+0000] {processor.py:175} INFO - Processing /home/airflow/.local/lib/python3.7/site-packages/airflow/example_dags/example_python_operator.py took 0.185 seconds
[2023-04-19T03:38:08.239+0000] {processor.py:153} INFO - Started process (PID=30004) to work on /home/airflow/.local/lib/python3.7/site-packages/airflow/example_dags/example_python_operator.py
[2023-04-19T03:38:08.240+0000] {processor.py:743} INFO - Processing file /home/airflow/.local/lib/python3.7/site-packages/airflow/example_dags/example_python_operator.py for tasks to queue
[2023-04-19T03:38:08.241+0000] {logging_mixin.py:137} INFO - [2023-04-19T03:38:08.241+0000] {dagbag.py:532} INFO - Filling up the DagBag from /home/airflow/.local/lib/python3.7/site-packages/airflow/example_dags/example_python_operator.py
[2023-04-19T03:38:08.263+0000] {logging_mixin.py:137} INFO - [2023-04-19T03:38:08.263+0000] {taskmixin.py:211} WARNING - Dependency <Task(_PythonDecoratedOperator): print_the_context>, log_sql_query already registered for DAG: example_python_operator
[2023-04-19T03:38:08.264+0000] {logging_mixin.py:137} INFO - [2023-04-19T03:38:08.264+0000] {taskmixin.py:211} WARNING - Dependency <Task(_PythonDecoratedOperator): log_sql_query>, print_the_context already registered for DAG: example_python_operator
[2023-04-19T03:38:08.264+0000] {logging_mixin.py:137} INFO - [2023-04-19T03:38:08.264+0000] {taskmixin.py:211} WARNING - Dependency <Task(_PythonDecoratedOperator): print_the_context>, log_sql_query already registered for DAG: example_python_operator
[2023-04-19T03:38:08.265+0000] {logging_mixin.py:137} INFO - [2023-04-19T03:38:08.265+0000] {taskmixin.py:211} WARNING - Dependency <Task(_PythonDecoratedOperator): log_sql_query>, print_the_context already registered for DAG: example_python_operator
[2023-04-19T03:38:08.265+0000] {logging_mixin.py:137} INFO - [2023-04-19T03:38:08.265+0000] {taskmixin.py:211} WARNING - Dependency <Task(_PythonDecoratedOperator): print_the_context>, log_sql_query already registered for DAG: example_python_operator
[2023-04-19T03:38:08.266+0000] {logging_mixin.py:137} INFO - [2023-04-19T03:38:08.266+0000] {taskmixin.py:211} WARNING - Dependency <Task(_PythonDecoratedOperator): log_sql_query>, print_the_context already registered for DAG: example_python_operator
[2023-04-19T03:38:08.267+0000] {logging_mixin.py:137} INFO - [2023-04-19T03:38:08.267+0000] {taskmixin.py:211} WARNING - Dependency <Task(_PythonDecoratedOperator): print_the_context>, log_sql_query already registered for DAG: example_python_operator
[2023-04-19T03:38:08.267+0000] {logging_mixin.py:137} INFO - [2023-04-19T03:38:08.267+0000] {taskmixin.py:211} WARNING - Dependency <Task(_PythonDecoratedOperator): log_sql_query>, print_the_context already registered for DAG: example_python_operator
[2023-04-19T03:38:08.276+0000] {processor.py:753} INFO - DAG(s) dict_keys(['example_python_operator']) retrieved from /home/airflow/.local/lib/python3.7/site-packages/airflow/example_dags/example_python_operator.py
[2023-04-19T03:38:08.315+0000] {logging_mixin.py:137} INFO - [2023-04-19T03:38:08.314+0000] {dag.py:2705} INFO - Sync 1 DAGs
[2023-04-19T03:38:08.352+0000] {logging_mixin.py:137} INFO - [2023-04-19T03:38:08.351+0000] {dag.py:3456} INFO - Setting next_dagrun for example_python_operator to None, run_after=None
[2023-04-19T03:38:08.386+0000] {processor.py:175} INFO - Processing /home/airflow/.local/lib/python3.7/site-packages/airflow/example_dags/example_python_operator.py took 0.152 seconds
[2023-04-19T03:38:38.774+0000] {processor.py:153} INFO - Started process (PID=30055) to work on /home/airflow/.local/lib/python3.7/site-packages/airflow/example_dags/example_python_operator.py
[2023-04-19T03:38:38.775+0000] {processor.py:743} INFO - Processing file /home/airflow/.local/lib/python3.7/site-packages/airflow/example_dags/example_python_operator.py for tasks to queue
[2023-04-19T03:38:38.776+0000] {logging_mixin.py:137} INFO - [2023-04-19T03:38:38.776+0000] {dagbag.py:532} INFO - Filling up the DagBag from /home/airflow/.local/lib/python3.7/site-packages/airflow/example_dags/example_python_operator.py
[2023-04-19T03:38:38.804+0000] {logging_mixin.py:137} INFO - [2023-04-19T03:38:38.804+0000] {taskmixin.py:211} WARNING - Dependency <Task(_PythonDecoratedOperator): print_the_context>, log_sql_query already registered for DAG: example_python_operator
[2023-04-19T03:38:38.805+0000] {logging_mixin.py:137} INFO - [2023-04-19T03:38:38.805+0000] {taskmixin.py:211} WARNING - Dependency <Task(_PythonDecoratedOperator): log_sql_query>, print_the_context already registered for DAG: example_python_operator
[2023-04-19T03:38:38.806+0000] {logging_mixin.py:137} INFO - [2023-04-19T03:38:38.806+0000] {taskmixin.py:211} WARNING - Dependency <Task(_PythonDecoratedOperator): print_the_context>, log_sql_query already registered for DAG: example_python_operator
[2023-04-19T03:38:38.806+0000] {logging_mixin.py:137} INFO - [2023-04-19T03:38:38.806+0000] {taskmixin.py:211} WARNING - Dependency <Task(_PythonDecoratedOperator): log_sql_query>, print_the_context already registered for DAG: example_python_operator
[2023-04-19T03:38:38.807+0000] {logging_mixin.py:137} INFO - [2023-04-19T03:38:38.807+0000] {taskmixin.py:211} WARNING - Dependency <Task(_PythonDecoratedOperator): print_the_context>, log_sql_query already registered for DAG: example_python_operator
[2023-04-19T03:38:38.807+0000] {logging_mixin.py:137} INFO - [2023-04-19T03:38:38.807+0000] {taskmixin.py:211} WARNING - Dependency <Task(_PythonDecoratedOperator): log_sql_query>, print_the_context already registered for DAG: example_python_operator
[2023-04-19T03:38:38.808+0000] {logging_mixin.py:137} INFO - [2023-04-19T03:38:38.808+0000] {taskmixin.py:211} WARNING - Dependency <Task(_PythonDecoratedOperator): print_the_context>, log_sql_query already registered for DAG: example_python_operator
[2023-04-19T03:38:38.808+0000] {logging_mixin.py:137} INFO - [2023-04-19T03:38:38.808+0000] {taskmixin.py:211} WARNING - Dependency <Task(_PythonDecoratedOperator): log_sql_query>, print_the_context already registered for DAG: example_python_operator
[2023-04-19T03:38:38.818+0000] {processor.py:753} INFO - DAG(s) dict_keys(['example_python_operator']) retrieved from /home/airflow/.local/lib/python3.7/site-packages/airflow/example_dags/example_python_operator.py
[2023-04-19T03:38:38.856+0000] {logging_mixin.py:137} INFO - [2023-04-19T03:38:38.855+0000] {dag.py:2705} INFO - Sync 1 DAGs
[2023-04-19T03:38:38.896+0000] {logging_mixin.py:137} INFO - [2023-04-19T03:38:38.895+0000] {dag.py:3456} INFO - Setting next_dagrun for example_python_operator to None, run_after=None
[2023-04-19T03:38:38.932+0000] {processor.py:175} INFO - Processing /home/airflow/.local/lib/python3.7/site-packages/airflow/example_dags/example_python_operator.py took 0.163 seconds
[2023-04-19T03:39:09.024+0000] {processor.py:153} INFO - Started process (PID=30106) to work on /home/airflow/.local/lib/python3.7/site-packages/airflow/example_dags/example_python_operator.py
[2023-04-19T03:39:09.025+0000] {processor.py:743} INFO - Processing file /home/airflow/.local/lib/python3.7/site-packages/airflow/example_dags/example_python_operator.py for tasks to queue
[2023-04-19T03:39:09.026+0000] {logging_mixin.py:137} INFO - [2023-04-19T03:39:09.025+0000] {dagbag.py:532} INFO - Filling up the DagBag from /home/airflow/.local/lib/python3.7/site-packages/airflow/example_dags/example_python_operator.py
[2023-04-19T03:39:09.052+0000] {logging_mixin.py:137} INFO - [2023-04-19T03:39:09.051+0000] {taskmixin.py:211} WARNING - Dependency <Task(_PythonDecoratedOperator): print_the_context>, log_sql_query already registered for DAG: example_python_operator
[2023-04-19T03:39:09.052+0000] {logging_mixin.py:137} INFO - [2023-04-19T03:39:09.052+0000] {taskmixin.py:211} WARNING - Dependency <Task(_PythonDecoratedOperator): log_sql_query>, print_the_context already registered for DAG: example_python_operator
[2023-04-19T03:39:09.053+0000] {logging_mixin.py:137} INFO - [2023-04-19T03:39:09.053+0000] {taskmixin.py:211} WARNING - Dependency <Task(_PythonDecoratedOperator): print_the_context>, log_sql_query already registered for DAG: example_python_operator
[2023-04-19T03:39:09.053+0000] {logging_mixin.py:137} INFO - [2023-04-19T03:39:09.053+0000] {taskmixin.py:211} WARNING - Dependency <Task(_PythonDecoratedOperator): log_sql_query>, print_the_context already registered for DAG: example_python_operator
[2023-04-19T03:39:09.054+0000] {logging_mixin.py:137} INFO - [2023-04-19T03:39:09.054+0000] {taskmixin.py:211} WARNING - Dependency <Task(_PythonDecoratedOperator): print_the_context>, log_sql_query already registered for DAG: example_python_operator
[2023-04-19T03:39:09.054+0000] {logging_mixin.py:137} INFO - [2023-04-19T03:39:09.054+0000] {taskmixin.py:211} WARNING - Dependency <Task(_PythonDecoratedOperator): log_sql_query>, print_the_context already registered for DAG: example_python_operator
[2023-04-19T03:39:09.055+0000] {logging_mixin.py:137} INFO - [2023-04-19T03:39:09.055+0000] {taskmixin.py:211} WARNING - Dependency <Task(_PythonDecoratedOperator): print_the_context>, log_sql_query already registered for DAG: example_python_operator
[2023-04-19T03:39:09.055+0000] {logging_mixin.py:137} INFO - [2023-04-19T03:39:09.055+0000] {taskmixin.py:211} WARNING - Dependency <Task(_PythonDecoratedOperator): log_sql_query>, print_the_context already registered for DAG: example_python_operator
[2023-04-19T03:39:09.065+0000] {processor.py:753} INFO - DAG(s) dict_keys(['example_python_operator']) retrieved from /home/airflow/.local/lib/python3.7/site-packages/airflow/example_dags/example_python_operator.py
[2023-04-19T03:39:09.109+0000] {logging_mixin.py:137} INFO - [2023-04-19T03:39:09.109+0000] {dag.py:2705} INFO - Sync 1 DAGs
[2023-04-19T03:39:09.156+0000] {logging_mixin.py:137} INFO - [2023-04-19T03:39:09.156+0000] {dag.py:3456} INFO - Setting next_dagrun for example_python_operator to None, run_after=None
[2023-04-19T03:39:09.196+0000] {processor.py:175} INFO - Processing /home/airflow/.local/lib/python3.7/site-packages/airflow/example_dags/example_python_operator.py took 0.177 seconds
[2023-04-19T03:39:39.266+0000] {processor.py:153} INFO - Started process (PID=30157) to work on /home/airflow/.local/lib/python3.7/site-packages/airflow/example_dags/example_python_operator.py
[2023-04-19T03:39:39.267+0000] {processor.py:743} INFO - Processing file /home/airflow/.local/lib/python3.7/site-packages/airflow/example_dags/example_python_operator.py for tasks to queue
[2023-04-19T03:39:39.267+0000] {logging_mixin.py:137} INFO - [2023-04-19T03:39:39.267+0000] {dagbag.py:532} INFO - Filling up the DagBag from /home/airflow/.local/lib/python3.7/site-packages/airflow/example_dags/example_python_operator.py
[2023-04-19T03:39:39.287+0000] {logging_mixin.py:137} INFO - [2023-04-19T03:39:39.286+0000] {taskmixin.py:211} WARNING - Dependency <Task(_PythonDecoratedOperator): print_the_context>, log_sql_query already registered for DAG: example_python_operator
[2023-04-19T03:39:39.287+0000] {logging_mixin.py:137} INFO - [2023-04-19T03:39:39.287+0000] {taskmixin.py:211} WARNING - Dependency <Task(_PythonDecoratedOperator): log_sql_query>, print_the_context already registered for DAG: example_python_operator
[2023-04-19T03:39:39.288+0000] {logging_mixin.py:137} INFO - [2023-04-19T03:39:39.288+0000] {taskmixin.py:211} WARNING - Dependency <Task(_PythonDecoratedOperator): print_the_context>, log_sql_query already registered for DAG: example_python_operator
[2023-04-19T03:39:39.288+0000] {logging_mixin.py:137} INFO - [2023-04-19T03:39:39.288+0000] {taskmixin.py:211} WARNING - Dependency <Task(_PythonDecoratedOperator): log_sql_query>, print_the_context already registered for DAG: example_python_operator
[2023-04-19T03:39:39.289+0000] {logging_mixin.py:137} INFO - [2023-04-19T03:39:39.288+0000] {taskmixin.py:211} WARNING - Dependency <Task(_PythonDecoratedOperator): print_the_context>, log_sql_query already registered for DAG: example_python_operator
[2023-04-19T03:39:39.289+0000] {logging_mixin.py:137} INFO - [2023-04-19T03:39:39.289+0000] {taskmixin.py:211} WARNING - Dependency <Task(_PythonDecoratedOperator): log_sql_query>, print_the_context already registered for DAG: example_python_operator
[2023-04-19T03:39:39.290+0000] {logging_mixin.py:137} INFO - [2023-04-19T03:39:39.289+0000] {taskmixin.py:211} WARNING - Dependency <Task(_PythonDecoratedOperator): print_the_context>, log_sql_query already registered for DAG: example_python_operator
[2023-04-19T03:39:39.290+0000] {logging_mixin.py:137} INFO - [2023-04-19T03:39:39.290+0000] {taskmixin.py:211} WARNING - Dependency <Task(_PythonDecoratedOperator): log_sql_query>, print_the_context already registered for DAG: example_python_operator
[2023-04-19T03:39:39.297+0000] {processor.py:753} INFO - DAG(s) dict_keys(['example_python_operator']) retrieved from /home/airflow/.local/lib/python3.7/site-packages/airflow/example_dags/example_python_operator.py
[2023-04-19T03:39:39.334+0000] {logging_mixin.py:137} INFO - [2023-04-19T03:39:39.334+0000] {dag.py:2705} INFO - Sync 1 DAGs
[2023-04-19T03:39:39.372+0000] {logging_mixin.py:137} INFO - [2023-04-19T03:39:39.371+0000] {dag.py:3456} INFO - Setting next_dagrun for example_python_operator to None, run_after=None
[2023-04-19T03:39:39.412+0000] {processor.py:175} INFO - Processing /home/airflow/.local/lib/python3.7/site-packages/airflow/example_dags/example_python_operator.py took 0.150 seconds
[2023-04-19T03:40:09.524+0000] {processor.py:153} INFO - Started process (PID=30208) to work on /home/airflow/.local/lib/python3.7/site-packages/airflow/example_dags/example_python_operator.py
[2023-04-19T03:40:09.526+0000] {processor.py:743} INFO - Processing file /home/airflow/.local/lib/python3.7/site-packages/airflow/example_dags/example_python_operator.py for tasks to queue
[2023-04-19T03:40:09.527+0000] {logging_mixin.py:137} INFO - [2023-04-19T03:40:09.527+0000] {dagbag.py:532} INFO - Filling up the DagBag from /home/airflow/.local/lib/python3.7/site-packages/airflow/example_dags/example_python_operator.py
[2023-04-19T03:40:09.557+0000] {logging_mixin.py:137} INFO - [2023-04-19T03:40:09.557+0000] {taskmixin.py:211} WARNING - Dependency <Task(_PythonDecoratedOperator): print_the_context>, log_sql_query already registered for DAG: example_python_operator
[2023-04-19T03:40:09.557+0000] {logging_mixin.py:137} INFO - [2023-04-19T03:40:09.557+0000] {taskmixin.py:211} WARNING - Dependency <Task(_PythonDecoratedOperator): log_sql_query>, print_the_context already registered for DAG: example_python_operator
[2023-04-19T03:40:09.559+0000] {logging_mixin.py:137} INFO - [2023-04-19T03:40:09.559+0000] {taskmixin.py:211} WARNING - Dependency <Task(_PythonDecoratedOperator): print_the_context>, log_sql_query already registered for DAG: example_python_operator
[2023-04-19T03:40:09.559+0000] {logging_mixin.py:137} INFO - [2023-04-19T03:40:09.559+0000] {taskmixin.py:211} WARNING - Dependency <Task(_PythonDecoratedOperator): log_sql_query>, print_the_context already registered for DAG: example_python_operator
[2023-04-19T03:40:09.560+0000] {logging_mixin.py:137} INFO - [2023-04-19T03:40:09.560+0000] {taskmixin.py:211} WARNING - Dependency <Task(_PythonDecoratedOperator): print_the_context>, log_sql_query already registered for DAG: example_python_operator
[2023-04-19T03:40:09.560+0000] {logging_mixin.py:137} INFO - [2023-04-19T03:40:09.560+0000] {taskmixin.py:211} WARNING - Dependency <Task(_PythonDecoratedOperator): log_sql_query>, print_the_context already registered for DAG: example_python_operator
[2023-04-19T03:40:09.561+0000] {logging_mixin.py:137} INFO - [2023-04-19T03:40:09.561+0000] {taskmixin.py:211} WARNING - Dependency <Task(_PythonDecoratedOperator): print_the_context>, log_sql_query already registered for DAG: example_python_operator
[2023-04-19T03:40:09.562+0000] {logging_mixin.py:137} INFO - [2023-04-19T03:40:09.561+0000] {taskmixin.py:211} WARNING - Dependency <Task(_PythonDecoratedOperator): log_sql_query>, print_the_context already registered for DAG: example_python_operator
[2023-04-19T03:40:09.571+0000] {processor.py:753} INFO - DAG(s) dict_keys(['example_python_operator']) retrieved from /home/airflow/.local/lib/python3.7/site-packages/airflow/example_dags/example_python_operator.py
[2023-04-19T03:40:09.615+0000] {logging_mixin.py:137} INFO - [2023-04-19T03:40:09.614+0000] {dag.py:2705} INFO - Sync 1 DAGs
[2023-04-19T03:40:09.655+0000] {logging_mixin.py:137} INFO - [2023-04-19T03:40:09.654+0000] {dag.py:3456} INFO - Setting next_dagrun for example_python_operator to None, run_after=None
[2023-04-19T03:40:09.685+0000] {processor.py:175} INFO - Processing /home/airflow/.local/lib/python3.7/site-packages/airflow/example_dags/example_python_operator.py took 0.166 seconds
[2023-04-19T03:40:40.013+0000] {processor.py:153} INFO - Started process (PID=30259) to work on /home/airflow/.local/lib/python3.7/site-packages/airflow/example_dags/example_python_operator.py
[2023-04-19T03:40:40.014+0000] {processor.py:743} INFO - Processing file /home/airflow/.local/lib/python3.7/site-packages/airflow/example_dags/example_python_operator.py for tasks to queue
[2023-04-19T03:40:40.015+0000] {logging_mixin.py:137} INFO - [2023-04-19T03:40:40.015+0000] {dagbag.py:532} INFO - Filling up the DagBag from /home/airflow/.local/lib/python3.7/site-packages/airflow/example_dags/example_python_operator.py
[2023-04-19T03:40:40.058+0000] {logging_mixin.py:137} INFO - [2023-04-19T03:40:40.057+0000] {taskmixin.py:211} WARNING - Dependency <Task(_PythonDecoratedOperator): print_the_context>, log_sql_query already registered for DAG: example_python_operator
[2023-04-19T03:40:40.058+0000] {logging_mixin.py:137} INFO - [2023-04-19T03:40:40.058+0000] {taskmixin.py:211} WARNING - Dependency <Task(_PythonDecoratedOperator): log_sql_query>, print_the_context already registered for DAG: example_python_operator
[2023-04-19T03:40:40.059+0000] {logging_mixin.py:137} INFO - [2023-04-19T03:40:40.059+0000] {taskmixin.py:211} WARNING - Dependency <Task(_PythonDecoratedOperator): print_the_context>, log_sql_query already registered for DAG: example_python_operator
[2023-04-19T03:40:40.059+0000] {logging_mixin.py:137} INFO - [2023-04-19T03:40:40.059+0000] {taskmixin.py:211} WARNING - Dependency <Task(_PythonDecoratedOperator): log_sql_query>, print_the_context already registered for DAG: example_python_operator
[2023-04-19T03:40:40.060+0000] {logging_mixin.py:137} INFO - [2023-04-19T03:40:40.060+0000] {taskmixin.py:211} WARNING - Dependency <Task(_PythonDecoratedOperator): print_the_context>, log_sql_query already registered for DAG: example_python_operator
[2023-04-19T03:40:40.060+0000] {logging_mixin.py:137} INFO - [2023-04-19T03:40:40.060+0000] {taskmixin.py:211} WARNING - Dependency <Task(_PythonDecoratedOperator): log_sql_query>, print_the_context already registered for DAG: example_python_operator
[2023-04-19T03:40:40.061+0000] {logging_mixin.py:137} INFO - [2023-04-19T03:40:40.061+0000] {taskmixin.py:211} WARNING - Dependency <Task(_PythonDecoratedOperator): print_the_context>, log_sql_query already registered for DAG: example_python_operator
[2023-04-19T03:40:40.062+0000] {logging_mixin.py:137} INFO - [2023-04-19T03:40:40.061+0000] {taskmixin.py:211} WARNING - Dependency <Task(_PythonDecoratedOperator): log_sql_query>, print_the_context already registered for DAG: example_python_operator
[2023-04-19T03:40:40.071+0000] {processor.py:753} INFO - DAG(s) dict_keys(['example_python_operator']) retrieved from /home/airflow/.local/lib/python3.7/site-packages/airflow/example_dags/example_python_operator.py
[2023-04-19T03:40:40.104+0000] {logging_mixin.py:137} INFO - [2023-04-19T03:40:40.104+0000] {dag.py:2705} INFO - Sync 1 DAGs
[2023-04-19T03:40:40.138+0000] {logging_mixin.py:137} INFO - [2023-04-19T03:40:40.137+0000] {dag.py:3456} INFO - Setting next_dagrun for example_python_operator to None, run_after=None
[2023-04-19T03:40:40.168+0000] {processor.py:175} INFO - Processing /home/airflow/.local/lib/python3.7/site-packages/airflow/example_dags/example_python_operator.py took 0.162 seconds
