[2023-04-19T03:34:03.635+0000] {processor.py:153} INFO - Started process (PID=29602) to work on /home/airflow/.local/lib/python3.7/site-packages/airflow/example_dags/tutorial_taskflow_api_virtualenv.py
[2023-04-19T03:34:03.636+0000] {processor.py:743} INFO - Processing file /home/airflow/.local/lib/python3.7/site-packages/airflow/example_dags/tutorial_taskflow_api_virtualenv.py for tasks to queue
[2023-04-19T03:34:03.638+0000] {logging_mixin.py:137} INFO - [2023-04-19T03:34:03.637+0000] {dagbag.py:532} INFO - Filling up the DagBag from /home/airflow/.local/lib/python3.7/site-packages/airflow/example_dags/tutorial_taskflow_api_virtualenv.py
[2023-04-19T03:34:03.729+0000] {processor.py:753} INFO - DAG(s) dict_keys(['tutorial_taskflow_api_virtualenv']) retrieved from /home/airflow/.local/lib/python3.7/site-packages/airflow/example_dags/tutorial_taskflow_api_virtualenv.py
[2023-04-19T03:34:03.797+0000] {logging_mixin.py:137} INFO - [2023-04-19T03:34:03.797+0000] {dag.py:2705} INFO - Sync 1 DAGs
[2023-04-19T03:34:03.883+0000] {logging_mixin.py:137} INFO - [2023-04-19T03:34:03.882+0000] {dag.py:3456} INFO - Setting next_dagrun for tutorial_taskflow_api_virtualenv to None, run_after=None
[2023-04-19T03:34:03.940+0000] {processor.py:175} INFO - Processing /home/airflow/.local/lib/python3.7/site-packages/airflow/example_dags/tutorial_taskflow_api_virtualenv.py took 0.316 seconds
[2023-04-19T03:34:34.648+0000] {processor.py:153} INFO - Started process (PID=29653) to work on /home/airflow/.local/lib/python3.7/site-packages/airflow/example_dags/tutorial_taskflow_api_virtualenv.py
[2023-04-19T03:34:34.649+0000] {processor.py:743} INFO - Processing file /home/airflow/.local/lib/python3.7/site-packages/airflow/example_dags/tutorial_taskflow_api_virtualenv.py for tasks to queue
[2023-04-19T03:34:34.650+0000] {logging_mixin.py:137} INFO - [2023-04-19T03:34:34.650+0000] {dagbag.py:532} INFO - Filling up the DagBag from /home/airflow/.local/lib/python3.7/site-packages/airflow/example_dags/tutorial_taskflow_api_virtualenv.py
[2023-04-19T03:34:34.675+0000] {processor.py:753} INFO - DAG(s) dict_keys(['tutorial_taskflow_api_virtualenv']) retrieved from /home/airflow/.local/lib/python3.7/site-packages/airflow/example_dags/tutorial_taskflow_api_virtualenv.py
[2023-04-19T03:34:34.709+0000] {logging_mixin.py:137} INFO - [2023-04-19T03:34:34.709+0000] {dag.py:2705} INFO - Sync 1 DAGs
[2023-04-19T03:34:34.750+0000] {logging_mixin.py:137} INFO - [2023-04-19T03:34:34.750+0000] {dag.py:3456} INFO - Setting next_dagrun for tutorial_taskflow_api_virtualenv to None, run_after=None
[2023-04-19T03:34:34.793+0000] {processor.py:175} INFO - Processing /home/airflow/.local/lib/python3.7/site-packages/airflow/example_dags/tutorial_taskflow_api_virtualenv.py took 0.148 seconds
[2023-04-19T03:35:05.465+0000] {processor.py:153} INFO - Started process (PID=29704) to work on /home/airflow/.local/lib/python3.7/site-packages/airflow/example_dags/tutorial_taskflow_api_virtualenv.py
[2023-04-19T03:35:05.466+0000] {processor.py:743} INFO - Processing file /home/airflow/.local/lib/python3.7/site-packages/airflow/example_dags/tutorial_taskflow_api_virtualenv.py for tasks to queue
[2023-04-19T03:35:05.467+0000] {logging_mixin.py:137} INFO - [2023-04-19T03:35:05.466+0000] {dagbag.py:532} INFO - Filling up the DagBag from /home/airflow/.local/lib/python3.7/site-packages/airflow/example_dags/tutorial_taskflow_api_virtualenv.py
[2023-04-19T03:35:05.503+0000] {processor.py:753} INFO - DAG(s) dict_keys(['tutorial_taskflow_api_virtualenv']) retrieved from /home/airflow/.local/lib/python3.7/site-packages/airflow/example_dags/tutorial_taskflow_api_virtualenv.py
[2023-04-19T03:35:05.542+0000] {logging_mixin.py:137} INFO - [2023-04-19T03:35:05.542+0000] {dag.py:2705} INFO - Sync 1 DAGs
[2023-04-19T03:35:05.584+0000] {logging_mixin.py:137} INFO - [2023-04-19T03:35:05.583+0000] {dag.py:3456} INFO - Setting next_dagrun for tutorial_taskflow_api_virtualenv to None, run_after=None
[2023-04-19T03:35:05.618+0000] {processor.py:175} INFO - Processing /home/airflow/.local/lib/python3.7/site-packages/airflow/example_dags/tutorial_taskflow_api_virtualenv.py took 0.159 seconds
[2023-04-19T03:35:35.781+0000] {processor.py:153} INFO - Started process (PID=29755) to work on /home/airflow/.local/lib/python3.7/site-packages/airflow/example_dags/tutorial_taskflow_api_virtualenv.py
[2023-04-19T03:35:35.783+0000] {processor.py:743} INFO - Processing file /home/airflow/.local/lib/python3.7/site-packages/airflow/example_dags/tutorial_taskflow_api_virtualenv.py for tasks to queue
[2023-04-19T03:35:35.784+0000] {logging_mixin.py:137} INFO - [2023-04-19T03:35:35.784+0000] {dagbag.py:532} INFO - Filling up the DagBag from /home/airflow/.local/lib/python3.7/site-packages/airflow/example_dags/tutorial_taskflow_api_virtualenv.py
[2023-04-19T03:35:35.827+0000] {processor.py:753} INFO - DAG(s) dict_keys(['tutorial_taskflow_api_virtualenv']) retrieved from /home/airflow/.local/lib/python3.7/site-packages/airflow/example_dags/tutorial_taskflow_api_virtualenv.py
[2023-04-19T03:35:35.867+0000] {logging_mixin.py:137} INFO - [2023-04-19T03:35:35.867+0000] {dag.py:2705} INFO - Sync 1 DAGs
[2023-04-19T03:35:35.914+0000] {logging_mixin.py:137} INFO - [2023-04-19T03:35:35.913+0000] {dag.py:3456} INFO - Setting next_dagrun for tutorial_taskflow_api_virtualenv to None, run_after=None
[2023-04-19T03:35:35.943+0000] {processor.py:175} INFO - Processing /home/airflow/.local/lib/python3.7/site-packages/airflow/example_dags/tutorial_taskflow_api_virtualenv.py took 0.169 seconds
[2023-04-19T03:36:06.253+0000] {processor.py:153} INFO - Started process (PID=29806) to work on /home/airflow/.local/lib/python3.7/site-packages/airflow/example_dags/tutorial_taskflow_api_virtualenv.py
[2023-04-19T03:36:06.254+0000] {processor.py:743} INFO - Processing file /home/airflow/.local/lib/python3.7/site-packages/airflow/example_dags/tutorial_taskflow_api_virtualenv.py for tasks to queue
[2023-04-19T03:36:06.255+0000] {logging_mixin.py:137} INFO - [2023-04-19T03:36:06.255+0000] {dagbag.py:532} INFO - Filling up the DagBag from /home/airflow/.local/lib/python3.7/site-packages/airflow/example_dags/tutorial_taskflow_api_virtualenv.py
[2023-04-19T03:36:06.288+0000] {processor.py:753} INFO - DAG(s) dict_keys(['tutorial_taskflow_api_virtualenv']) retrieved from /home/airflow/.local/lib/python3.7/site-packages/airflow/example_dags/tutorial_taskflow_api_virtualenv.py
[2023-04-19T03:36:06.325+0000] {logging_mixin.py:137} INFO - [2023-04-19T03:36:06.324+0000] {dag.py:2705} INFO - Sync 1 DAGs
[2023-04-19T03:36:06.365+0000] {logging_mixin.py:137} INFO - [2023-04-19T03:36:06.365+0000] {dag.py:3456} INFO - Setting next_dagrun for tutorial_taskflow_api_virtualenv to None, run_after=None
[2023-04-19T03:36:06.402+0000] {processor.py:175} INFO - Processing /home/airflow/.local/lib/python3.7/site-packages/airflow/example_dags/tutorial_taskflow_api_virtualenv.py took 0.153 seconds
[2023-04-19T03:36:37.844+0000] {processor.py:153} INFO - Started process (PID=29857) to work on /home/airflow/.local/lib/python3.7/site-packages/airflow/example_dags/tutorial_taskflow_api_virtualenv.py
[2023-04-19T03:36:37.952+0000] {processor.py:743} INFO - Processing file /home/airflow/.local/lib/python3.7/site-packages/airflow/example_dags/tutorial_taskflow_api_virtualenv.py for tasks to queue
[2023-04-19T03:36:37.954+0000] {logging_mixin.py:137} INFO - [2023-04-19T03:36:37.953+0000] {dagbag.py:532} INFO - Filling up the DagBag from /home/airflow/.local/lib/python3.7/site-packages/airflow/example_dags/tutorial_taskflow_api_virtualenv.py
[2023-04-19T03:36:38.020+0000] {processor.py:753} INFO - DAG(s) dict_keys(['tutorial_taskflow_api_virtualenv']) retrieved from /home/airflow/.local/lib/python3.7/site-packages/airflow/example_dags/tutorial_taskflow_api_virtualenv.py
[2023-04-19T03:36:38.059+0000] {logging_mixin.py:137} INFO - [2023-04-19T03:36:38.058+0000] {dag.py:2705} INFO - Sync 1 DAGs
[2023-04-19T03:36:38.099+0000] {logging_mixin.py:137} INFO - [2023-04-19T03:36:38.099+0000] {dag.py:3456} INFO - Setting next_dagrun for tutorial_taskflow_api_virtualenv to None, run_after=None
[2023-04-19T03:36:38.239+0000] {processor.py:175} INFO - Processing /home/airflow/.local/lib/python3.7/site-packages/airflow/example_dags/tutorial_taskflow_api_virtualenv.py took 0.400 seconds
[2023-04-19T03:37:08.638+0000] {processor.py:153} INFO - Started process (PID=29908) to work on /home/airflow/.local/lib/python3.7/site-packages/airflow/example_dags/tutorial_taskflow_api_virtualenv.py
[2023-04-19T03:37:08.661+0000] {processor.py:743} INFO - Processing file /home/airflow/.local/lib/python3.7/site-packages/airflow/example_dags/tutorial_taskflow_api_virtualenv.py for tasks to queue
[2023-04-19T03:37:08.662+0000] {logging_mixin.py:137} INFO - [2023-04-19T03:37:08.662+0000] {dagbag.py:532} INFO - Filling up the DagBag from /home/airflow/.local/lib/python3.7/site-packages/airflow/example_dags/tutorial_taskflow_api_virtualenv.py
[2023-04-19T03:37:08.689+0000] {processor.py:753} INFO - DAG(s) dict_keys(['tutorial_taskflow_api_virtualenv']) retrieved from /home/airflow/.local/lib/python3.7/site-packages/airflow/example_dags/tutorial_taskflow_api_virtualenv.py
[2023-04-19T03:37:08.726+0000] {logging_mixin.py:137} INFO - [2023-04-19T03:37:08.725+0000] {dag.py:2705} INFO - Sync 1 DAGs
[2023-04-19T03:37:08.760+0000] {logging_mixin.py:137} INFO - [2023-04-19T03:37:08.760+0000] {dag.py:3456} INFO - Setting next_dagrun for tutorial_taskflow_api_virtualenv to None, run_after=None
[2023-04-19T03:37:08.831+0000] {processor.py:175} INFO - Processing /home/airflow/.local/lib/python3.7/site-packages/airflow/example_dags/tutorial_taskflow_api_virtualenv.py took 0.200 seconds
[2023-04-19T03:37:38.977+0000] {processor.py:153} INFO - Started process (PID=29959) to work on /home/airflow/.local/lib/python3.7/site-packages/airflow/example_dags/tutorial_taskflow_api_virtualenv.py
[2023-04-19T03:37:38.978+0000] {processor.py:743} INFO - Processing file /home/airflow/.local/lib/python3.7/site-packages/airflow/example_dags/tutorial_taskflow_api_virtualenv.py for tasks to queue
[2023-04-19T03:37:38.979+0000] {logging_mixin.py:137} INFO - [2023-04-19T03:37:38.979+0000] {dagbag.py:532} INFO - Filling up the DagBag from /home/airflow/.local/lib/python3.7/site-packages/airflow/example_dags/tutorial_taskflow_api_virtualenv.py
[2023-04-19T03:37:39.009+0000] {processor.py:753} INFO - DAG(s) dict_keys(['tutorial_taskflow_api_virtualenv']) retrieved from /home/airflow/.local/lib/python3.7/site-packages/airflow/example_dags/tutorial_taskflow_api_virtualenv.py
[2023-04-19T03:37:39.044+0000] {logging_mixin.py:137} INFO - [2023-04-19T03:37:39.044+0000] {dag.py:2705} INFO - Sync 1 DAGs
[2023-04-19T03:37:39.084+0000] {logging_mixin.py:137} INFO - [2023-04-19T03:37:39.083+0000] {dag.py:3456} INFO - Setting next_dagrun for tutorial_taskflow_api_virtualenv to None, run_after=None
[2023-04-19T03:37:39.116+0000] {processor.py:175} INFO - Processing /home/airflow/.local/lib/python3.7/site-packages/airflow/example_dags/tutorial_taskflow_api_virtualenv.py took 0.145 seconds
[2023-04-19T03:38:09.780+0000] {processor.py:153} INFO - Started process (PID=30010) to work on /home/airflow/.local/lib/python3.7/site-packages/airflow/example_dags/tutorial_taskflow_api_virtualenv.py
[2023-04-19T03:38:09.781+0000] {processor.py:743} INFO - Processing file /home/airflow/.local/lib/python3.7/site-packages/airflow/example_dags/tutorial_taskflow_api_virtualenv.py for tasks to queue
[2023-04-19T03:38:09.782+0000] {logging_mixin.py:137} INFO - [2023-04-19T03:38:09.782+0000] {dagbag.py:532} INFO - Filling up the DagBag from /home/airflow/.local/lib/python3.7/site-packages/airflow/example_dags/tutorial_taskflow_api_virtualenv.py
[2023-04-19T03:38:09.811+0000] {processor.py:753} INFO - DAG(s) dict_keys(['tutorial_taskflow_api_virtualenv']) retrieved from /home/airflow/.local/lib/python3.7/site-packages/airflow/example_dags/tutorial_taskflow_api_virtualenv.py
[2023-04-19T03:38:09.846+0000] {logging_mixin.py:137} INFO - [2023-04-19T03:38:09.846+0000] {dag.py:2705} INFO - Sync 1 DAGs
[2023-04-19T03:38:09.881+0000] {logging_mixin.py:137} INFO - [2023-04-19T03:38:09.881+0000] {dag.py:3456} INFO - Setting next_dagrun for tutorial_taskflow_api_virtualenv to None, run_after=None
[2023-04-19T03:38:09.905+0000] {processor.py:175} INFO - Processing /home/airflow/.local/lib/python3.7/site-packages/airflow/example_dags/tutorial_taskflow_api_virtualenv.py took 0.129 seconds
[2023-04-19T03:38:40.136+0000] {processor.py:153} INFO - Started process (PID=30061) to work on /home/airflow/.local/lib/python3.7/site-packages/airflow/example_dags/tutorial_taskflow_api_virtualenv.py
[2023-04-19T03:38:40.137+0000] {processor.py:743} INFO - Processing file /home/airflow/.local/lib/python3.7/site-packages/airflow/example_dags/tutorial_taskflow_api_virtualenv.py for tasks to queue
[2023-04-19T03:38:40.137+0000] {logging_mixin.py:137} INFO - [2023-04-19T03:38:40.137+0000] {dagbag.py:532} INFO - Filling up the DagBag from /home/airflow/.local/lib/python3.7/site-packages/airflow/example_dags/tutorial_taskflow_api_virtualenv.py
[2023-04-19T03:38:40.162+0000] {processor.py:753} INFO - DAG(s) dict_keys(['tutorial_taskflow_api_virtualenv']) retrieved from /home/airflow/.local/lib/python3.7/site-packages/airflow/example_dags/tutorial_taskflow_api_virtualenv.py
[2023-04-19T03:38:40.199+0000] {logging_mixin.py:137} INFO - [2023-04-19T03:38:40.198+0000] {dag.py:2705} INFO - Sync 1 DAGs
[2023-04-19T03:38:40.237+0000] {logging_mixin.py:137} INFO - [2023-04-19T03:38:40.236+0000] {dag.py:3456} INFO - Setting next_dagrun for tutorial_taskflow_api_virtualenv to None, run_after=None
[2023-04-19T03:38:40.266+0000] {processor.py:175} INFO - Processing /home/airflow/.local/lib/python3.7/site-packages/airflow/example_dags/tutorial_taskflow_api_virtualenv.py took 0.134 seconds
[2023-04-19T03:39:10.657+0000] {processor.py:153} INFO - Started process (PID=30112) to work on /home/airflow/.local/lib/python3.7/site-packages/airflow/example_dags/tutorial_taskflow_api_virtualenv.py
[2023-04-19T03:39:10.658+0000] {processor.py:743} INFO - Processing file /home/airflow/.local/lib/python3.7/site-packages/airflow/example_dags/tutorial_taskflow_api_virtualenv.py for tasks to queue
[2023-04-19T03:39:10.659+0000] {logging_mixin.py:137} INFO - [2023-04-19T03:39:10.659+0000] {dagbag.py:532} INFO - Filling up the DagBag from /home/airflow/.local/lib/python3.7/site-packages/airflow/example_dags/tutorial_taskflow_api_virtualenv.py
[2023-04-19T03:39:10.688+0000] {processor.py:753} INFO - DAG(s) dict_keys(['tutorial_taskflow_api_virtualenv']) retrieved from /home/airflow/.local/lib/python3.7/site-packages/airflow/example_dags/tutorial_taskflow_api_virtualenv.py
[2023-04-19T03:39:10.728+0000] {logging_mixin.py:137} INFO - [2023-04-19T03:39:10.728+0000] {dag.py:2705} INFO - Sync 1 DAGs
[2023-04-19T03:39:10.777+0000] {logging_mixin.py:137} INFO - [2023-04-19T03:39:10.777+0000] {dag.py:3456} INFO - Setting next_dagrun for tutorial_taskflow_api_virtualenv to None, run_after=None
[2023-04-19T03:39:10.827+0000] {processor.py:175} INFO - Processing /home/airflow/.local/lib/python3.7/site-packages/airflow/example_dags/tutorial_taskflow_api_virtualenv.py took 0.174 seconds
[2023-04-19T03:39:40.975+0000] {processor.py:153} INFO - Started process (PID=30163) to work on /home/airflow/.local/lib/python3.7/site-packages/airflow/example_dags/tutorial_taskflow_api_virtualenv.py
[2023-04-19T03:39:40.976+0000] {processor.py:743} INFO - Processing file /home/airflow/.local/lib/python3.7/site-packages/airflow/example_dags/tutorial_taskflow_api_virtualenv.py for tasks to queue
[2023-04-19T03:39:40.976+0000] {logging_mixin.py:137} INFO - [2023-04-19T03:39:40.976+0000] {dagbag.py:532} INFO - Filling up the DagBag from /home/airflow/.local/lib/python3.7/site-packages/airflow/example_dags/tutorial_taskflow_api_virtualenv.py
[2023-04-19T03:39:41.004+0000] {processor.py:753} INFO - DAG(s) dict_keys(['tutorial_taskflow_api_virtualenv']) retrieved from /home/airflow/.local/lib/python3.7/site-packages/airflow/example_dags/tutorial_taskflow_api_virtualenv.py
[2023-04-19T03:39:41.039+0000] {logging_mixin.py:137} INFO - [2023-04-19T03:39:41.039+0000] {dag.py:2705} INFO - Sync 1 DAGs
[2023-04-19T03:39:41.076+0000] {logging_mixin.py:137} INFO - [2023-04-19T03:39:41.076+0000] {dag.py:3456} INFO - Setting next_dagrun for tutorial_taskflow_api_virtualenv to None, run_after=None
[2023-04-19T03:39:41.102+0000] {processor.py:175} INFO - Processing /home/airflow/.local/lib/python3.7/site-packages/airflow/example_dags/tutorial_taskflow_api_virtualenv.py took 0.133 seconds
[2023-04-19T03:40:11.214+0000] {processor.py:153} INFO - Started process (PID=30214) to work on /home/airflow/.local/lib/python3.7/site-packages/airflow/example_dags/tutorial_taskflow_api_virtualenv.py
[2023-04-19T03:40:11.215+0000] {processor.py:743} INFO - Processing file /home/airflow/.local/lib/python3.7/site-packages/airflow/example_dags/tutorial_taskflow_api_virtualenv.py for tasks to queue
[2023-04-19T03:40:11.217+0000] {logging_mixin.py:137} INFO - [2023-04-19T03:40:11.216+0000] {dagbag.py:532} INFO - Filling up the DagBag from /home/airflow/.local/lib/python3.7/site-packages/airflow/example_dags/tutorial_taskflow_api_virtualenv.py
[2023-04-19T03:40:11.262+0000] {processor.py:753} INFO - DAG(s) dict_keys(['tutorial_taskflow_api_virtualenv']) retrieved from /home/airflow/.local/lib/python3.7/site-packages/airflow/example_dags/tutorial_taskflow_api_virtualenv.py
[2023-04-19T03:40:11.293+0000] {logging_mixin.py:137} INFO - [2023-04-19T03:40:11.293+0000] {dag.py:2705} INFO - Sync 1 DAGs
[2023-04-19T03:40:11.329+0000] {logging_mixin.py:137} INFO - [2023-04-19T03:40:11.329+0000] {dag.py:3456} INFO - Setting next_dagrun for tutorial_taskflow_api_virtualenv to None, run_after=None
[2023-04-19T03:40:11.364+0000] {processor.py:175} INFO - Processing /home/airflow/.local/lib/python3.7/site-packages/airflow/example_dags/tutorial_taskflow_api_virtualenv.py took 0.156 seconds
[2023-04-19T03:40:41.548+0000] {processor.py:153} INFO - Started process (PID=30265) to work on /home/airflow/.local/lib/python3.7/site-packages/airflow/example_dags/tutorial_taskflow_api_virtualenv.py
[2023-04-19T03:40:41.549+0000] {processor.py:743} INFO - Processing file /home/airflow/.local/lib/python3.7/site-packages/airflow/example_dags/tutorial_taskflow_api_virtualenv.py for tasks to queue
[2023-04-19T03:40:41.550+0000] {logging_mixin.py:137} INFO - [2023-04-19T03:40:41.550+0000] {dagbag.py:532} INFO - Filling up the DagBag from /home/airflow/.local/lib/python3.7/site-packages/airflow/example_dags/tutorial_taskflow_api_virtualenv.py
[2023-04-19T03:40:41.576+0000] {processor.py:753} INFO - DAG(s) dict_keys(['tutorial_taskflow_api_virtualenv']) retrieved from /home/airflow/.local/lib/python3.7/site-packages/airflow/example_dags/tutorial_taskflow_api_virtualenv.py
[2023-04-19T03:40:41.606+0000] {logging_mixin.py:137} INFO - [2023-04-19T03:40:41.606+0000] {dag.py:2705} INFO - Sync 1 DAGs
[2023-04-19T03:40:41.645+0000] {logging_mixin.py:137} INFO - [2023-04-19T03:40:41.645+0000] {dag.py:3456} INFO - Setting next_dagrun for tutorial_taskflow_api_virtualenv to None, run_after=None
[2023-04-19T03:40:41.676+0000] {processor.py:175} INFO - Processing /home/airflow/.local/lib/python3.7/site-packages/airflow/example_dags/tutorial_taskflow_api_virtualenv.py took 0.132 seconds
