[2023-04-19T03:34:05.254+0000] {processor.py:153} INFO - Started process (PID=29613) to work on /home/airflow/.local/lib/python3.7/site-packages/airflow/example_dags/tutorial_dag.py
[2023-04-19T03:34:05.255+0000] {processor.py:743} INFO - Processing file /home/airflow/.local/lib/python3.7/site-packages/airflow/example_dags/tutorial_dag.py for tasks to queue
[2023-04-19T03:34:05.257+0000] {logging_mixin.py:137} INFO - [2023-04-19T03:34:05.257+0000] {dagbag.py:532} INFO - Filling up the DagBag from /home/airflow/.local/lib/python3.7/site-packages/airflow/example_dags/tutorial_dag.py
[2023-04-19T03:34:05.281+0000] {processor.py:753} INFO - DAG(s) dict_keys(['tutorial_dag']) retrieved from /home/airflow/.local/lib/python3.7/site-packages/airflow/example_dags/tutorial_dag.py
[2023-04-19T03:34:05.326+0000] {logging_mixin.py:137} INFO - [2023-04-19T03:34:05.325+0000] {dag.py:2705} INFO - Sync 1 DAGs
[2023-04-19T03:34:05.376+0000] {logging_mixin.py:137} INFO - [2023-04-19T03:34:05.376+0000] {dag.py:3456} INFO - Setting next_dagrun for tutorial_dag to None, run_after=None
[2023-04-19T03:34:05.411+0000] {processor.py:175} INFO - Processing /home/airflow/.local/lib/python3.7/site-packages/airflow/example_dags/tutorial_dag.py took 0.164 seconds
[2023-04-19T03:34:35.819+0000] {processor.py:153} INFO - Started process (PID=29664) to work on /home/airflow/.local/lib/python3.7/site-packages/airflow/example_dags/tutorial_dag.py
[2023-04-19T03:34:35.820+0000] {processor.py:743} INFO - Processing file /home/airflow/.local/lib/python3.7/site-packages/airflow/example_dags/tutorial_dag.py for tasks to queue
[2023-04-19T03:34:35.821+0000] {logging_mixin.py:137} INFO - [2023-04-19T03:34:35.821+0000] {dagbag.py:532} INFO - Filling up the DagBag from /home/airflow/.local/lib/python3.7/site-packages/airflow/example_dags/tutorial_dag.py
[2023-04-19T03:34:35.841+0000] {processor.py:753} INFO - DAG(s) dict_keys(['tutorial_dag']) retrieved from /home/airflow/.local/lib/python3.7/site-packages/airflow/example_dags/tutorial_dag.py
[2023-04-19T03:34:35.882+0000] {logging_mixin.py:137} INFO - [2023-04-19T03:34:35.882+0000] {dag.py:2705} INFO - Sync 1 DAGs
[2023-04-19T03:34:35.924+0000] {logging_mixin.py:137} INFO - [2023-04-19T03:34:35.924+0000] {dag.py:3456} INFO - Setting next_dagrun for tutorial_dag to None, run_after=None
[2023-04-19T03:34:35.960+0000] {processor.py:175} INFO - Processing /home/airflow/.local/lib/python3.7/site-packages/airflow/example_dags/tutorial_dag.py took 0.146 seconds
[2023-04-19T03:35:06.713+0000] {processor.py:153} INFO - Started process (PID=29715) to work on /home/airflow/.local/lib/python3.7/site-packages/airflow/example_dags/tutorial_dag.py
[2023-04-19T03:35:06.714+0000] {processor.py:743} INFO - Processing file /home/airflow/.local/lib/python3.7/site-packages/airflow/example_dags/tutorial_dag.py for tasks to queue
[2023-04-19T03:35:06.715+0000] {logging_mixin.py:137} INFO - [2023-04-19T03:35:06.715+0000] {dagbag.py:532} INFO - Filling up the DagBag from /home/airflow/.local/lib/python3.7/site-packages/airflow/example_dags/tutorial_dag.py
[2023-04-19T03:35:06.737+0000] {processor.py:753} INFO - DAG(s) dict_keys(['tutorial_dag']) retrieved from /home/airflow/.local/lib/python3.7/site-packages/airflow/example_dags/tutorial_dag.py
[2023-04-19T03:35:06.777+0000] {logging_mixin.py:137} INFO - [2023-04-19T03:35:06.776+0000] {dag.py:2705} INFO - Sync 1 DAGs
[2023-04-19T03:35:06.818+0000] {logging_mixin.py:137} INFO - [2023-04-19T03:35:06.818+0000] {dag.py:3456} INFO - Setting next_dagrun for tutorial_dag to None, run_after=None
[2023-04-19T03:35:06.845+0000] {processor.py:175} INFO - Processing /home/airflow/.local/lib/python3.7/site-packages/airflow/example_dags/tutorial_dag.py took 0.137 seconds
[2023-04-19T03:35:36.991+0000] {processor.py:153} INFO - Started process (PID=29766) to work on /home/airflow/.local/lib/python3.7/site-packages/airflow/example_dags/tutorial_dag.py
[2023-04-19T03:35:36.992+0000] {processor.py:743} INFO - Processing file /home/airflow/.local/lib/python3.7/site-packages/airflow/example_dags/tutorial_dag.py for tasks to queue
[2023-04-19T03:35:36.993+0000] {logging_mixin.py:137} INFO - [2023-04-19T03:35:36.993+0000] {dagbag.py:532} INFO - Filling up the DagBag from /home/airflow/.local/lib/python3.7/site-packages/airflow/example_dags/tutorial_dag.py
[2023-04-19T03:35:37.010+0000] {processor.py:753} INFO - DAG(s) dict_keys(['tutorial_dag']) retrieved from /home/airflow/.local/lib/python3.7/site-packages/airflow/example_dags/tutorial_dag.py
[2023-04-19T03:35:37.050+0000] {logging_mixin.py:137} INFO - [2023-04-19T03:35:37.050+0000] {dag.py:2705} INFO - Sync 1 DAGs
[2023-04-19T03:35:37.092+0000] {logging_mixin.py:137} INFO - [2023-04-19T03:35:37.092+0000] {dag.py:3456} INFO - Setting next_dagrun for tutorial_dag to None, run_after=None
[2023-04-19T03:35:37.123+0000] {processor.py:175} INFO - Processing /home/airflow/.local/lib/python3.7/site-packages/airflow/example_dags/tutorial_dag.py took 0.135 seconds
[2023-04-19T03:36:07.476+0000] {processor.py:153} INFO - Started process (PID=29817) to work on /home/airflow/.local/lib/python3.7/site-packages/airflow/example_dags/tutorial_dag.py
[2023-04-19T03:36:07.477+0000] {processor.py:743} INFO - Processing file /home/airflow/.local/lib/python3.7/site-packages/airflow/example_dags/tutorial_dag.py for tasks to queue
[2023-04-19T03:36:07.478+0000] {logging_mixin.py:137} INFO - [2023-04-19T03:36:07.478+0000] {dagbag.py:532} INFO - Filling up the DagBag from /home/airflow/.local/lib/python3.7/site-packages/airflow/example_dags/tutorial_dag.py
[2023-04-19T03:36:07.495+0000] {processor.py:753} INFO - DAG(s) dict_keys(['tutorial_dag']) retrieved from /home/airflow/.local/lib/python3.7/site-packages/airflow/example_dags/tutorial_dag.py
[2023-04-19T03:36:07.533+0000] {logging_mixin.py:137} INFO - [2023-04-19T03:36:07.533+0000] {dag.py:2705} INFO - Sync 1 DAGs
[2023-04-19T03:36:07.577+0000] {logging_mixin.py:137} INFO - [2023-04-19T03:36:07.577+0000] {dag.py:3456} INFO - Setting next_dagrun for tutorial_dag to None, run_after=None
[2023-04-19T03:36:07.612+0000] {processor.py:175} INFO - Processing /home/airflow/.local/lib/python3.7/site-packages/airflow/example_dags/tutorial_dag.py took 0.141 seconds
[2023-04-19T03:36:40.469+0000] {processor.py:153} INFO - Started process (PID=29868) to work on /home/airflow/.local/lib/python3.7/site-packages/airflow/example_dags/tutorial_dag.py
[2023-04-19T03:36:40.471+0000] {processor.py:743} INFO - Processing file /home/airflow/.local/lib/python3.7/site-packages/airflow/example_dags/tutorial_dag.py for tasks to queue
[2023-04-19T03:36:40.471+0000] {logging_mixin.py:137} INFO - [2023-04-19T03:36:40.471+0000] {dagbag.py:532} INFO - Filling up the DagBag from /home/airflow/.local/lib/python3.7/site-packages/airflow/example_dags/tutorial_dag.py
[2023-04-19T03:36:40.493+0000] {processor.py:753} INFO - DAG(s) dict_keys(['tutorial_dag']) retrieved from /home/airflow/.local/lib/python3.7/site-packages/airflow/example_dags/tutorial_dag.py
[2023-04-19T03:36:40.535+0000] {logging_mixin.py:137} INFO - [2023-04-19T03:36:40.535+0000] {dag.py:2705} INFO - Sync 1 DAGs
[2023-04-19T03:36:40.575+0000] {logging_mixin.py:137} INFO - [2023-04-19T03:36:40.575+0000] {dag.py:3456} INFO - Setting next_dagrun for tutorial_dag to None, run_after=None
[2023-04-19T03:36:40.603+0000] {processor.py:175} INFO - Processing /home/airflow/.local/lib/python3.7/site-packages/airflow/example_dags/tutorial_dag.py took 0.138 seconds
[2023-04-19T03:37:10.905+0000] {processor.py:153} INFO - Started process (PID=29919) to work on /home/airflow/.local/lib/python3.7/site-packages/airflow/example_dags/tutorial_dag.py
[2023-04-19T03:37:10.938+0000] {processor.py:743} INFO - Processing file /home/airflow/.local/lib/python3.7/site-packages/airflow/example_dags/tutorial_dag.py for tasks to queue
[2023-04-19T03:37:10.939+0000] {logging_mixin.py:137} INFO - [2023-04-19T03:37:10.939+0000] {dagbag.py:532} INFO - Filling up the DagBag from /home/airflow/.local/lib/python3.7/site-packages/airflow/example_dags/tutorial_dag.py
[2023-04-19T03:37:10.954+0000] {processor.py:753} INFO - DAG(s) dict_keys(['tutorial_dag']) retrieved from /home/airflow/.local/lib/python3.7/site-packages/airflow/example_dags/tutorial_dag.py
[2023-04-19T03:37:10.987+0000] {logging_mixin.py:137} INFO - [2023-04-19T03:37:10.987+0000] {dag.py:2705} INFO - Sync 1 DAGs
[2023-04-19T03:37:11.025+0000] {logging_mixin.py:137} INFO - [2023-04-19T03:37:11.025+0000] {dag.py:3456} INFO - Setting next_dagrun for tutorial_dag to None, run_after=None
[2023-04-19T03:37:11.072+0000] {processor.py:175} INFO - Processing /home/airflow/.local/lib/python3.7/site-packages/airflow/example_dags/tutorial_dag.py took 0.171 seconds
[2023-04-19T03:37:41.198+0000] {processor.py:153} INFO - Started process (PID=29970) to work on /home/airflow/.local/lib/python3.7/site-packages/airflow/example_dags/tutorial_dag.py
[2023-04-19T03:37:41.199+0000] {processor.py:743} INFO - Processing file /home/airflow/.local/lib/python3.7/site-packages/airflow/example_dags/tutorial_dag.py for tasks to queue
[2023-04-19T03:37:41.199+0000] {logging_mixin.py:137} INFO - [2023-04-19T03:37:41.199+0000] {dagbag.py:532} INFO - Filling up the DagBag from /home/airflow/.local/lib/python3.7/site-packages/airflow/example_dags/tutorial_dag.py
[2023-04-19T03:37:41.214+0000] {processor.py:753} INFO - DAG(s) dict_keys(['tutorial_dag']) retrieved from /home/airflow/.local/lib/python3.7/site-packages/airflow/example_dags/tutorial_dag.py
[2023-04-19T03:37:41.243+0000] {logging_mixin.py:137} INFO - [2023-04-19T03:37:41.242+0000] {dag.py:2705} INFO - Sync 1 DAGs
[2023-04-19T03:37:41.276+0000] {logging_mixin.py:137} INFO - [2023-04-19T03:37:41.276+0000] {dag.py:3456} INFO - Setting next_dagrun for tutorial_dag to None, run_after=None
[2023-04-19T03:37:41.301+0000] {processor.py:175} INFO - Processing /home/airflow/.local/lib/python3.7/site-packages/airflow/example_dags/tutorial_dag.py took 0.106 seconds
[2023-04-19T03:38:11.743+0000] {processor.py:153} INFO - Started process (PID=30021) to work on /home/airflow/.local/lib/python3.7/site-packages/airflow/example_dags/tutorial_dag.py
[2023-04-19T03:38:11.743+0000] {processor.py:743} INFO - Processing file /home/airflow/.local/lib/python3.7/site-packages/airflow/example_dags/tutorial_dag.py for tasks to queue
[2023-04-19T03:38:11.744+0000] {logging_mixin.py:137} INFO - [2023-04-19T03:38:11.744+0000] {dagbag.py:532} INFO - Filling up the DagBag from /home/airflow/.local/lib/python3.7/site-packages/airflow/example_dags/tutorial_dag.py
[2023-04-19T03:38:11.760+0000] {processor.py:753} INFO - DAG(s) dict_keys(['tutorial_dag']) retrieved from /home/airflow/.local/lib/python3.7/site-packages/airflow/example_dags/tutorial_dag.py
[2023-04-19T03:38:11.802+0000] {logging_mixin.py:137} INFO - [2023-04-19T03:38:11.802+0000] {dag.py:2705} INFO - Sync 1 DAGs
[2023-04-19T03:38:11.838+0000] {logging_mixin.py:137} INFO - [2023-04-19T03:38:11.838+0000] {dag.py:3456} INFO - Setting next_dagrun for tutorial_dag to None, run_after=None
[2023-04-19T03:38:11.869+0000] {processor.py:175} INFO - Processing /home/airflow/.local/lib/python3.7/site-packages/airflow/example_dags/tutorial_dag.py took 0.130 seconds
[2023-04-19T03:38:42.119+0000] {processor.py:153} INFO - Started process (PID=30072) to work on /home/airflow/.local/lib/python3.7/site-packages/airflow/example_dags/tutorial_dag.py
[2023-04-19T03:38:42.120+0000] {processor.py:743} INFO - Processing file /home/airflow/.local/lib/python3.7/site-packages/airflow/example_dags/tutorial_dag.py for tasks to queue
[2023-04-19T03:38:42.120+0000] {logging_mixin.py:137} INFO - [2023-04-19T03:38:42.120+0000] {dagbag.py:532} INFO - Filling up the DagBag from /home/airflow/.local/lib/python3.7/site-packages/airflow/example_dags/tutorial_dag.py
[2023-04-19T03:38:42.134+0000] {processor.py:753} INFO - DAG(s) dict_keys(['tutorial_dag']) retrieved from /home/airflow/.local/lib/python3.7/site-packages/airflow/example_dags/tutorial_dag.py
[2023-04-19T03:38:42.164+0000] {logging_mixin.py:137} INFO - [2023-04-19T03:38:42.164+0000] {dag.py:2705} INFO - Sync 1 DAGs
[2023-04-19T03:38:42.198+0000] {logging_mixin.py:137} INFO - [2023-04-19T03:38:42.197+0000] {dag.py:3456} INFO - Setting next_dagrun for tutorial_dag to None, run_after=None
[2023-04-19T03:38:42.221+0000] {processor.py:175} INFO - Processing /home/airflow/.local/lib/python3.7/site-packages/airflow/example_dags/tutorial_dag.py took 0.106 seconds
[2023-04-19T03:39:12.820+0000] {processor.py:153} INFO - Started process (PID=30123) to work on /home/airflow/.local/lib/python3.7/site-packages/airflow/example_dags/tutorial_dag.py
[2023-04-19T03:39:12.821+0000] {processor.py:743} INFO - Processing file /home/airflow/.local/lib/python3.7/site-packages/airflow/example_dags/tutorial_dag.py for tasks to queue
[2023-04-19T03:39:12.821+0000] {logging_mixin.py:137} INFO - [2023-04-19T03:39:12.821+0000] {dagbag.py:532} INFO - Filling up the DagBag from /home/airflow/.local/lib/python3.7/site-packages/airflow/example_dags/tutorial_dag.py
[2023-04-19T03:39:12.839+0000] {processor.py:753} INFO - DAG(s) dict_keys(['tutorial_dag']) retrieved from /home/airflow/.local/lib/python3.7/site-packages/airflow/example_dags/tutorial_dag.py
[2023-04-19T03:39:12.873+0000] {logging_mixin.py:137} INFO - [2023-04-19T03:39:12.872+0000] {dag.py:2705} INFO - Sync 1 DAGs
[2023-04-19T03:39:12.910+0000] {logging_mixin.py:137} INFO - [2023-04-19T03:39:12.910+0000] {dag.py:3456} INFO - Setting next_dagrun for tutorial_dag to None, run_after=None
[2023-04-19T03:39:12.939+0000] {processor.py:175} INFO - Processing /home/airflow/.local/lib/python3.7/site-packages/airflow/example_dags/tutorial_dag.py took 0.124 seconds
[2023-04-19T03:39:43.159+0000] {processor.py:153} INFO - Started process (PID=30174) to work on /home/airflow/.local/lib/python3.7/site-packages/airflow/example_dags/tutorial_dag.py
[2023-04-19T03:39:43.160+0000] {processor.py:743} INFO - Processing file /home/airflow/.local/lib/python3.7/site-packages/airflow/example_dags/tutorial_dag.py for tasks to queue
[2023-04-19T03:39:43.161+0000] {logging_mixin.py:137} INFO - [2023-04-19T03:39:43.161+0000] {dagbag.py:532} INFO - Filling up the DagBag from /home/airflow/.local/lib/python3.7/site-packages/airflow/example_dags/tutorial_dag.py
[2023-04-19T03:39:43.179+0000] {processor.py:753} INFO - DAG(s) dict_keys(['tutorial_dag']) retrieved from /home/airflow/.local/lib/python3.7/site-packages/airflow/example_dags/tutorial_dag.py
[2023-04-19T03:39:43.216+0000] {logging_mixin.py:137} INFO - [2023-04-19T03:39:43.216+0000] {dag.py:2705} INFO - Sync 1 DAGs
[2023-04-19T03:39:43.261+0000] {logging_mixin.py:137} INFO - [2023-04-19T03:39:43.261+0000] {dag.py:3456} INFO - Setting next_dagrun for tutorial_dag to None, run_after=None
[2023-04-19T03:39:43.291+0000] {processor.py:175} INFO - Processing /home/airflow/.local/lib/python3.7/site-packages/airflow/example_dags/tutorial_dag.py took 0.135 seconds
[2023-04-19T03:40:13.579+0000] {processor.py:153} INFO - Started process (PID=30225) to work on /home/airflow/.local/lib/python3.7/site-packages/airflow/example_dags/tutorial_dag.py
[2023-04-19T03:40:13.580+0000] {processor.py:743} INFO - Processing file /home/airflow/.local/lib/python3.7/site-packages/airflow/example_dags/tutorial_dag.py for tasks to queue
[2023-04-19T03:40:13.581+0000] {logging_mixin.py:137} INFO - [2023-04-19T03:40:13.581+0000] {dagbag.py:532} INFO - Filling up the DagBag from /home/airflow/.local/lib/python3.7/site-packages/airflow/example_dags/tutorial_dag.py
[2023-04-19T03:40:13.611+0000] {processor.py:753} INFO - DAG(s) dict_keys(['tutorial_dag']) retrieved from /home/airflow/.local/lib/python3.7/site-packages/airflow/example_dags/tutorial_dag.py
[2023-04-19T03:40:13.646+0000] {logging_mixin.py:137} INFO - [2023-04-19T03:40:13.645+0000] {dag.py:2705} INFO - Sync 1 DAGs
[2023-04-19T03:40:13.679+0000] {logging_mixin.py:137} INFO - [2023-04-19T03:40:13.679+0000] {dag.py:3456} INFO - Setting next_dagrun for tutorial_dag to None, run_after=None
[2023-04-19T03:40:13.703+0000] {processor.py:175} INFO - Processing /home/airflow/.local/lib/python3.7/site-packages/airflow/example_dags/tutorial_dag.py took 0.130 seconds
[2023-04-19T03:40:43.862+0000] {processor.py:153} INFO - Started process (PID=30276) to work on /home/airflow/.local/lib/python3.7/site-packages/airflow/example_dags/tutorial_dag.py
[2023-04-19T03:40:43.863+0000] {processor.py:743} INFO - Processing file /home/airflow/.local/lib/python3.7/site-packages/airflow/example_dags/tutorial_dag.py for tasks to queue
[2023-04-19T03:40:43.865+0000] {logging_mixin.py:137} INFO - [2023-04-19T03:40:43.864+0000] {dagbag.py:532} INFO - Filling up the DagBag from /home/airflow/.local/lib/python3.7/site-packages/airflow/example_dags/tutorial_dag.py
[2023-04-19T03:40:43.899+0000] {processor.py:753} INFO - DAG(s) dict_keys(['tutorial_dag']) retrieved from /home/airflow/.local/lib/python3.7/site-packages/airflow/example_dags/tutorial_dag.py
[2023-04-19T03:40:43.934+0000] {logging_mixin.py:137} INFO - [2023-04-19T03:40:43.934+0000] {dag.py:2705} INFO - Sync 1 DAGs
[2023-04-19T03:40:43.969+0000] {logging_mixin.py:137} INFO - [2023-04-19T03:40:43.969+0000] {dag.py:3456} INFO - Setting next_dagrun for tutorial_dag to None, run_after=None
[2023-04-19T03:40:43.999+0000] {processor.py:175} INFO - Processing /home/airflow/.local/lib/python3.7/site-packages/airflow/example_dags/tutorial_dag.py took 0.144 seconds
